[2024-11-13T19:48:20.325+0000] {processor.py:186} INFO - Started process (PID=120) to work on /home/airflow/.local/lib/python3.12/site-packages/airflow/example_dags/example_task_group.py
[2024-11-13T19:48:20.327+0000] {processor.py:914} INFO - Processing file /home/airflow/.local/lib/python3.12/site-packages/airflow/example_dags/example_task_group.py for tasks to queue
[2024-11-13T19:48:20.332+0000] {logging_mixin.py:190} INFO - [2024-11-13T19:48:20.331+0000] {dagbag.py:588} INFO - Filling up the DagBag from /home/airflow/.local/lib/python3.12/site-packages/airflow/example_dags/example_task_group.py
[2024-11-13T19:48:20.348+0000] {processor.py:925} INFO - DAG(s) 'example_task_group' retrieved from /home/airflow/.local/lib/python3.12/site-packages/airflow/example_dags/example_task_group.py
[2024-11-13T19:48:20.531+0000] {logging_mixin.py:190} INFO - [2024-11-13T19:48:20.530+0000] {override.py:1911} INFO - Created Permission View: can delete on DAG:example_task_group
[2024-11-13T19:48:20.553+0000] {logging_mixin.py:190} INFO - [2024-11-13T19:48:20.553+0000] {override.py:1911} INFO - Created Permission View: can edit on DAG:example_task_group
[2024-11-13T19:48:20.565+0000] {logging_mixin.py:190} INFO - [2024-11-13T19:48:20.564+0000] {override.py:1911} INFO - Created Permission View: can read on DAG:example_task_group
[2024-11-13T19:48:20.578+0000] {logging_mixin.py:190} INFO - [2024-11-13T19:48:20.577+0000] {override.py:1911} INFO - Created Permission View: can create on DAG Run:example_task_group
[2024-11-13T19:48:20.589+0000] {logging_mixin.py:190} INFO - [2024-11-13T19:48:20.588+0000] {override.py:1911} INFO - Created Permission View: menu access on DAG Run:example_task_group
[2024-11-13T19:48:20.600+0000] {logging_mixin.py:190} INFO - [2024-11-13T19:48:20.600+0000] {override.py:1911} INFO - Created Permission View: can delete on DAG Run:example_task_group
[2024-11-13T19:48:20.610+0000] {logging_mixin.py:190} INFO - [2024-11-13T19:48:20.610+0000] {override.py:1911} INFO - Created Permission View: can read on DAG Run:example_task_group
[2024-11-13T19:48:20.611+0000] {logging_mixin.py:190} INFO - [2024-11-13T19:48:20.611+0000] {dag.py:3239} INFO - Sync 1 DAGs
[2024-11-13T19:48:20.630+0000] {logging_mixin.py:190} INFO - [2024-11-13T19:48:20.629+0000] {dag.py:3262} INFO - Creating ORM DAG for example_task_group
[2024-11-13T19:48:20.631+0000] {logging_mixin.py:190} INFO - [2024-11-13T19:48:20.631+0000] {dag.py:4180} INFO - Setting next_dagrun for example_task_group to None, run_after=None
[2024-11-13T19:48:20.654+0000] {processor.py:208} INFO - Processing /home/airflow/.local/lib/python3.12/site-packages/airflow/example_dags/example_task_group.py took 0.342 seconds
[2024-11-13T19:48:50.796+0000] {processor.py:186} INFO - Started process (PID=184) to work on /home/airflow/.local/lib/python3.12/site-packages/airflow/example_dags/example_task_group.py
[2024-11-13T19:48:50.797+0000] {processor.py:914} INFO - Processing file /home/airflow/.local/lib/python3.12/site-packages/airflow/example_dags/example_task_group.py for tasks to queue
[2024-11-13T19:48:50.800+0000] {logging_mixin.py:190} INFO - [2024-11-13T19:48:50.800+0000] {dagbag.py:588} INFO - Filling up the DagBag from /home/airflow/.local/lib/python3.12/site-packages/airflow/example_dags/example_task_group.py
[2024-11-13T19:48:50.814+0000] {processor.py:925} INFO - DAG(s) 'example_task_group' retrieved from /home/airflow/.local/lib/python3.12/site-packages/airflow/example_dags/example_task_group.py
[2024-11-13T19:48:50.840+0000] {logging_mixin.py:190} INFO - [2024-11-13T19:48:50.839+0000] {dag.py:3239} INFO - Sync 1 DAGs
[2024-11-13T19:48:50.860+0000] {logging_mixin.py:190} INFO - [2024-11-13T19:48:50.860+0000] {dag.py:4180} INFO - Setting next_dagrun for example_task_group to None, run_after=None
[2024-11-13T19:48:50.878+0000] {processor.py:208} INFO - Processing /home/airflow/.local/lib/python3.12/site-packages/airflow/example_dags/example_task_group.py took 0.090 seconds
[2024-11-13T19:49:22.504+0000] {processor.py:186} INFO - Started process (PID=248) to work on /home/airflow/.local/lib/python3.12/site-packages/airflow/example_dags/example_task_group.py
[2024-11-13T19:49:22.505+0000] {processor.py:914} INFO - Processing file /home/airflow/.local/lib/python3.12/site-packages/airflow/example_dags/example_task_group.py for tasks to queue
[2024-11-13T19:49:22.510+0000] {logging_mixin.py:190} INFO - [2024-11-13T19:49:22.509+0000] {dagbag.py:588} INFO - Filling up the DagBag from /home/airflow/.local/lib/python3.12/site-packages/airflow/example_dags/example_task_group.py
[2024-11-13T19:49:22.523+0000] {processor.py:925} INFO - DAG(s) 'example_task_group' retrieved from /home/airflow/.local/lib/python3.12/site-packages/airflow/example_dags/example_task_group.py
[2024-11-13T19:49:22.556+0000] {logging_mixin.py:190} INFO - [2024-11-13T19:49:22.556+0000] {dag.py:3239} INFO - Sync 1 DAGs
[2024-11-13T19:49:22.582+0000] {logging_mixin.py:190} INFO - [2024-11-13T19:49:22.581+0000] {dag.py:4180} INFO - Setting next_dagrun for example_task_group to None, run_after=None
[2024-11-13T19:49:22.605+0000] {processor.py:208} INFO - Processing /home/airflow/.local/lib/python3.12/site-packages/airflow/example_dags/example_task_group.py took 0.111 seconds
[2024-11-13T19:49:53.663+0000] {processor.py:186} INFO - Started process (PID=312) to work on /home/airflow/.local/lib/python3.12/site-packages/airflow/example_dags/example_task_group.py
[2024-11-13T19:49:53.665+0000] {processor.py:914} INFO - Processing file /home/airflow/.local/lib/python3.12/site-packages/airflow/example_dags/example_task_group.py for tasks to queue
[2024-11-13T19:49:53.668+0000] {logging_mixin.py:190} INFO - [2024-11-13T19:49:53.667+0000] {dagbag.py:588} INFO - Filling up the DagBag from /home/airflow/.local/lib/python3.12/site-packages/airflow/example_dags/example_task_group.py
[2024-11-13T19:49:53.680+0000] {processor.py:925} INFO - DAG(s) 'example_task_group' retrieved from /home/airflow/.local/lib/python3.12/site-packages/airflow/example_dags/example_task_group.py
[2024-11-13T19:49:53.712+0000] {logging_mixin.py:190} INFO - [2024-11-13T19:49:53.711+0000] {dag.py:3239} INFO - Sync 1 DAGs
[2024-11-13T19:49:53.730+0000] {logging_mixin.py:190} INFO - [2024-11-13T19:49:53.730+0000] {dag.py:4180} INFO - Setting next_dagrun for example_task_group to None, run_after=None
[2024-11-13T19:49:53.754+0000] {processor.py:208} INFO - Processing /home/airflow/.local/lib/python3.12/site-packages/airflow/example_dags/example_task_group.py took 0.098 seconds
[2024-11-13T19:50:24.789+0000] {processor.py:186} INFO - Started process (PID=376) to work on /home/airflow/.local/lib/python3.12/site-packages/airflow/example_dags/example_task_group.py
[2024-11-13T19:50:24.791+0000] {processor.py:914} INFO - Processing file /home/airflow/.local/lib/python3.12/site-packages/airflow/example_dags/example_task_group.py for tasks to queue
[2024-11-13T19:50:24.793+0000] {logging_mixin.py:190} INFO - [2024-11-13T19:50:24.793+0000] {dagbag.py:588} INFO - Filling up the DagBag from /home/airflow/.local/lib/python3.12/site-packages/airflow/example_dags/example_task_group.py
[2024-11-13T19:50:24.805+0000] {processor.py:925} INFO - DAG(s) 'example_task_group' retrieved from /home/airflow/.local/lib/python3.12/site-packages/airflow/example_dags/example_task_group.py
[2024-11-13T19:50:24.836+0000] {logging_mixin.py:190} INFO - [2024-11-13T19:50:24.836+0000] {dag.py:3239} INFO - Sync 1 DAGs
[2024-11-13T19:50:24.852+0000] {logging_mixin.py:190} INFO - [2024-11-13T19:50:24.852+0000] {dag.py:4180} INFO - Setting next_dagrun for example_task_group to None, run_after=None
[2024-11-13T19:50:24.871+0000] {processor.py:208} INFO - Processing /home/airflow/.local/lib/python3.12/site-packages/airflow/example_dags/example_task_group.py took 0.088 seconds
[2024-11-13T19:50:55.956+0000] {processor.py:186} INFO - Started process (PID=440) to work on /home/airflow/.local/lib/python3.12/site-packages/airflow/example_dags/example_task_group.py
[2024-11-13T19:50:55.958+0000] {processor.py:914} INFO - Processing file /home/airflow/.local/lib/python3.12/site-packages/airflow/example_dags/example_task_group.py for tasks to queue
[2024-11-13T19:50:55.964+0000] {logging_mixin.py:190} INFO - [2024-11-13T19:50:55.964+0000] {dagbag.py:588} INFO - Filling up the DagBag from /home/airflow/.local/lib/python3.12/site-packages/airflow/example_dags/example_task_group.py
[2024-11-13T19:50:55.976+0000] {processor.py:925} INFO - DAG(s) 'example_task_group' retrieved from /home/airflow/.local/lib/python3.12/site-packages/airflow/example_dags/example_task_group.py
[2024-11-13T19:50:56.005+0000] {logging_mixin.py:190} INFO - [2024-11-13T19:50:56.005+0000] {dag.py:3239} INFO - Sync 1 DAGs
[2024-11-13T19:50:56.026+0000] {logging_mixin.py:190} INFO - [2024-11-13T19:50:56.026+0000] {dag.py:4180} INFO - Setting next_dagrun for example_task_group to None, run_after=None
[2024-11-13T19:50:56.048+0000] {processor.py:208} INFO - Processing /home/airflow/.local/lib/python3.12/site-packages/airflow/example_dags/example_task_group.py took 0.102 seconds
[2024-11-13T19:51:26.868+0000] {processor.py:186} INFO - Started process (PID=504) to work on /home/airflow/.local/lib/python3.12/site-packages/airflow/example_dags/example_task_group.py
[2024-11-13T19:51:26.869+0000] {processor.py:914} INFO - Processing file /home/airflow/.local/lib/python3.12/site-packages/airflow/example_dags/example_task_group.py for tasks to queue
[2024-11-13T19:51:26.872+0000] {logging_mixin.py:190} INFO - [2024-11-13T19:51:26.872+0000] {dagbag.py:588} INFO - Filling up the DagBag from /home/airflow/.local/lib/python3.12/site-packages/airflow/example_dags/example_task_group.py
[2024-11-13T19:51:26.884+0000] {processor.py:925} INFO - DAG(s) 'example_task_group' retrieved from /home/airflow/.local/lib/python3.12/site-packages/airflow/example_dags/example_task_group.py
[2024-11-13T19:51:26.911+0000] {logging_mixin.py:190} INFO - [2024-11-13T19:51:26.911+0000] {dag.py:3239} INFO - Sync 1 DAGs
[2024-11-13T19:51:26.930+0000] {logging_mixin.py:190} INFO - [2024-11-13T19:51:26.929+0000] {dag.py:4180} INFO - Setting next_dagrun for example_task_group to None, run_after=None
[2024-11-13T19:51:26.957+0000] {processor.py:208} INFO - Processing /home/airflow/.local/lib/python3.12/site-packages/airflow/example_dags/example_task_group.py took 0.098 seconds
[2024-11-13T19:52:44.276+0000] {processor.py:186} INFO - Started process (PID=120) to work on /home/airflow/.local/lib/python3.12/site-packages/airflow/example_dags/example_task_group.py
[2024-11-13T19:52:44.278+0000] {processor.py:914} INFO - Processing file /home/airflow/.local/lib/python3.12/site-packages/airflow/example_dags/example_task_group.py for tasks to queue
[2024-11-13T19:52:44.281+0000] {logging_mixin.py:190} INFO - [2024-11-13T19:52:44.280+0000] {dagbag.py:588} INFO - Filling up the DagBag from /home/airflow/.local/lib/python3.12/site-packages/airflow/example_dags/example_task_group.py
[2024-11-13T19:52:44.293+0000] {processor.py:925} INFO - DAG(s) 'example_task_group' retrieved from /home/airflow/.local/lib/python3.12/site-packages/airflow/example_dags/example_task_group.py
[2024-11-13T19:52:44.323+0000] {logging_mixin.py:190} INFO - [2024-11-13T19:52:44.323+0000] {dag.py:3239} INFO - Sync 1 DAGs
[2024-11-13T19:52:44.346+0000] {logging_mixin.py:190} INFO - [2024-11-13T19:52:44.345+0000] {dag.py:4180} INFO - Setting next_dagrun for example_task_group to None, run_after=None
[2024-11-13T19:52:44.372+0000] {processor.py:208} INFO - Processing /home/airflow/.local/lib/python3.12/site-packages/airflow/example_dags/example_task_group.py took 0.104 seconds
[2024-11-13T19:53:15.350+0000] {processor.py:186} INFO - Started process (PID=184) to work on /home/airflow/.local/lib/python3.12/site-packages/airflow/example_dags/example_task_group.py
[2024-11-13T19:53:15.351+0000] {processor.py:914} INFO - Processing file /home/airflow/.local/lib/python3.12/site-packages/airflow/example_dags/example_task_group.py for tasks to queue
[2024-11-13T19:53:15.354+0000] {logging_mixin.py:190} INFO - [2024-11-13T19:53:15.354+0000] {dagbag.py:588} INFO - Filling up the DagBag from /home/airflow/.local/lib/python3.12/site-packages/airflow/example_dags/example_task_group.py
[2024-11-13T19:53:15.367+0000] {processor.py:925} INFO - DAG(s) 'example_task_group' retrieved from /home/airflow/.local/lib/python3.12/site-packages/airflow/example_dags/example_task_group.py
[2024-11-13T19:53:15.395+0000] {logging_mixin.py:190} INFO - [2024-11-13T19:53:15.394+0000] {dag.py:3239} INFO - Sync 1 DAGs
[2024-11-13T19:53:15.412+0000] {logging_mixin.py:190} INFO - [2024-11-13T19:53:15.412+0000] {dag.py:4180} INFO - Setting next_dagrun for example_task_group to None, run_after=None
[2024-11-13T19:53:15.434+0000] {processor.py:208} INFO - Processing /home/airflow/.local/lib/python3.12/site-packages/airflow/example_dags/example_task_group.py took 0.093 seconds
[2024-11-13T19:53:46.721+0000] {processor.py:186} INFO - Started process (PID=248) to work on /home/airflow/.local/lib/python3.12/site-packages/airflow/example_dags/example_task_group.py
[2024-11-13T19:53:46.722+0000] {processor.py:914} INFO - Processing file /home/airflow/.local/lib/python3.12/site-packages/airflow/example_dags/example_task_group.py for tasks to queue
[2024-11-13T19:53:46.726+0000] {logging_mixin.py:190} INFO - [2024-11-13T19:53:46.725+0000] {dagbag.py:588} INFO - Filling up the DagBag from /home/airflow/.local/lib/python3.12/site-packages/airflow/example_dags/example_task_group.py
[2024-11-13T19:53:46.738+0000] {processor.py:925} INFO - DAG(s) 'example_task_group' retrieved from /home/airflow/.local/lib/python3.12/site-packages/airflow/example_dags/example_task_group.py
[2024-11-13T19:53:46.765+0000] {logging_mixin.py:190} INFO - [2024-11-13T19:53:46.764+0000] {dag.py:3239} INFO - Sync 1 DAGs
[2024-11-13T19:53:46.785+0000] {logging_mixin.py:190} INFO - [2024-11-13T19:53:46.785+0000] {dag.py:4180} INFO - Setting next_dagrun for example_task_group to None, run_after=None
[2024-11-13T19:53:46.811+0000] {processor.py:208} INFO - Processing /home/airflow/.local/lib/python3.12/site-packages/airflow/example_dags/example_task_group.py took 0.097 seconds
[2024-11-13T19:54:17.886+0000] {processor.py:186} INFO - Started process (PID=312) to work on /home/airflow/.local/lib/python3.12/site-packages/airflow/example_dags/example_task_group.py
[2024-11-13T19:54:17.888+0000] {processor.py:914} INFO - Processing file /home/airflow/.local/lib/python3.12/site-packages/airflow/example_dags/example_task_group.py for tasks to queue
[2024-11-13T19:54:17.891+0000] {logging_mixin.py:190} INFO - [2024-11-13T19:54:17.891+0000] {dagbag.py:588} INFO - Filling up the DagBag from /home/airflow/.local/lib/python3.12/site-packages/airflow/example_dags/example_task_group.py
[2024-11-13T19:54:17.911+0000] {processor.py:925} INFO - DAG(s) 'example_task_group' retrieved from /home/airflow/.local/lib/python3.12/site-packages/airflow/example_dags/example_task_group.py
[2024-11-13T19:54:17.949+0000] {logging_mixin.py:190} INFO - [2024-11-13T19:54:17.949+0000] {dag.py:3239} INFO - Sync 1 DAGs
[2024-11-13T19:54:17.975+0000] {logging_mixin.py:190} INFO - [2024-11-13T19:54:17.974+0000] {dag.py:4180} INFO - Setting next_dagrun for example_task_group to None, run_after=None
[2024-11-13T19:54:18.007+0000] {processor.py:208} INFO - Processing /home/airflow/.local/lib/python3.12/site-packages/airflow/example_dags/example_task_group.py took 0.133 seconds
[2024-11-13T19:59:47.728+0000] {processor.py:186} INFO - Started process (PID=112) to work on /home/airflow/.local/lib/python3.12/site-packages/airflow/example_dags/example_task_group.py
[2024-11-13T19:59:47.730+0000] {processor.py:914} INFO - Processing file /home/airflow/.local/lib/python3.12/site-packages/airflow/example_dags/example_task_group.py for tasks to queue
[2024-11-13T19:59:47.733+0000] {logging_mixin.py:190} INFO - [2024-11-13T19:59:47.732+0000] {dagbag.py:588} INFO - Filling up the DagBag from /home/airflow/.local/lib/python3.12/site-packages/airflow/example_dags/example_task_group.py
[2024-11-13T19:59:47.743+0000] {processor.py:925} INFO - DAG(s) 'example_task_group' retrieved from /home/airflow/.local/lib/python3.12/site-packages/airflow/example_dags/example_task_group.py
[2024-11-13T19:59:47.779+0000] {logging_mixin.py:190} INFO - [2024-11-13T19:59:47.779+0000] {dag.py:3239} INFO - Sync 1 DAGs
[2024-11-13T19:59:47.805+0000] {logging_mixin.py:190} INFO - [2024-11-13T19:59:47.805+0000] {dag.py:4180} INFO - Setting next_dagrun for example_task_group to None, run_after=None
[2024-11-13T19:59:47.840+0000] {processor.py:208} INFO - Processing /home/airflow/.local/lib/python3.12/site-packages/airflow/example_dags/example_task_group.py took 0.119 seconds
[2024-11-13T20:00:18.697+0000] {processor.py:186} INFO - Started process (PID=176) to work on /home/airflow/.local/lib/python3.12/site-packages/airflow/example_dags/example_task_group.py
[2024-11-13T20:00:18.698+0000] {processor.py:914} INFO - Processing file /home/airflow/.local/lib/python3.12/site-packages/airflow/example_dags/example_task_group.py for tasks to queue
[2024-11-13T20:00:18.701+0000] {logging_mixin.py:190} INFO - [2024-11-13T20:00:18.700+0000] {dagbag.py:588} INFO - Filling up the DagBag from /home/airflow/.local/lib/python3.12/site-packages/airflow/example_dags/example_task_group.py
[2024-11-13T20:00:18.711+0000] {processor.py:925} INFO - DAG(s) 'example_task_group' retrieved from /home/airflow/.local/lib/python3.12/site-packages/airflow/example_dags/example_task_group.py
[2024-11-13T20:00:18.737+0000] {logging_mixin.py:190} INFO - [2024-11-13T20:00:18.736+0000] {dag.py:3239} INFO - Sync 1 DAGs
[2024-11-13T20:00:18.754+0000] {logging_mixin.py:190} INFO - [2024-11-13T20:00:18.754+0000] {dag.py:4180} INFO - Setting next_dagrun for example_task_group to None, run_after=None
[2024-11-13T20:00:18.776+0000] {processor.py:208} INFO - Processing /home/airflow/.local/lib/python3.12/site-packages/airflow/example_dags/example_task_group.py took 0.086 seconds
[2024-11-13T20:00:49.852+0000] {processor.py:186} INFO - Started process (PID=240) to work on /home/airflow/.local/lib/python3.12/site-packages/airflow/example_dags/example_task_group.py
[2024-11-13T20:00:49.854+0000] {processor.py:914} INFO - Processing file /home/airflow/.local/lib/python3.12/site-packages/airflow/example_dags/example_task_group.py for tasks to queue
[2024-11-13T20:00:49.858+0000] {logging_mixin.py:190} INFO - [2024-11-13T20:00:49.857+0000] {dagbag.py:588} INFO - Filling up the DagBag from /home/airflow/.local/lib/python3.12/site-packages/airflow/example_dags/example_task_group.py
[2024-11-13T20:00:49.870+0000] {processor.py:925} INFO - DAG(s) 'example_task_group' retrieved from /home/airflow/.local/lib/python3.12/site-packages/airflow/example_dags/example_task_group.py
[2024-11-13T20:00:49.899+0000] {logging_mixin.py:190} INFO - [2024-11-13T20:00:49.899+0000] {dag.py:3239} INFO - Sync 1 DAGs
[2024-11-13T20:00:49.919+0000] {logging_mixin.py:190} INFO - [2024-11-13T20:00:49.919+0000] {dag.py:4180} INFO - Setting next_dagrun for example_task_group to None, run_after=None
[2024-11-13T20:00:49.947+0000] {processor.py:208} INFO - Processing /home/airflow/.local/lib/python3.12/site-packages/airflow/example_dags/example_task_group.py took 0.104 seconds
[2024-11-13T20:01:20.803+0000] {processor.py:186} INFO - Started process (PID=304) to work on /home/airflow/.local/lib/python3.12/site-packages/airflow/example_dags/example_task_group.py
[2024-11-13T20:01:20.804+0000] {processor.py:914} INFO - Processing file /home/airflow/.local/lib/python3.12/site-packages/airflow/example_dags/example_task_group.py for tasks to queue
[2024-11-13T20:01:20.807+0000] {logging_mixin.py:190} INFO - [2024-11-13T20:01:20.806+0000] {dagbag.py:588} INFO - Filling up the DagBag from /home/airflow/.local/lib/python3.12/site-packages/airflow/example_dags/example_task_group.py
[2024-11-13T20:01:20.818+0000] {processor.py:925} INFO - DAG(s) 'example_task_group' retrieved from /home/airflow/.local/lib/python3.12/site-packages/airflow/example_dags/example_task_group.py
[2024-11-13T20:01:20.841+0000] {logging_mixin.py:190} INFO - [2024-11-13T20:01:20.841+0000] {dag.py:3239} INFO - Sync 1 DAGs
[2024-11-13T20:01:20.858+0000] {logging_mixin.py:190} INFO - [2024-11-13T20:01:20.858+0000] {dag.py:4180} INFO - Setting next_dagrun for example_task_group to None, run_after=None
[2024-11-13T20:01:20.878+0000] {processor.py:208} INFO - Processing /home/airflow/.local/lib/python3.12/site-packages/airflow/example_dags/example_task_group.py took 0.082 seconds
[2024-11-13T20:01:51.916+0000] {processor.py:186} INFO - Started process (PID=368) to work on /home/airflow/.local/lib/python3.12/site-packages/airflow/example_dags/example_task_group.py
[2024-11-13T20:01:51.918+0000] {processor.py:914} INFO - Processing file /home/airflow/.local/lib/python3.12/site-packages/airflow/example_dags/example_task_group.py for tasks to queue
[2024-11-13T20:01:51.920+0000] {logging_mixin.py:190} INFO - [2024-11-13T20:01:51.920+0000] {dagbag.py:588} INFO - Filling up the DagBag from /home/airflow/.local/lib/python3.12/site-packages/airflow/example_dags/example_task_group.py
[2024-11-13T20:01:51.936+0000] {processor.py:925} INFO - DAG(s) 'example_task_group' retrieved from /home/airflow/.local/lib/python3.12/site-packages/airflow/example_dags/example_task_group.py
[2024-11-13T20:01:51.967+0000] {logging_mixin.py:190} INFO - [2024-11-13T20:01:51.967+0000] {dag.py:3239} INFO - Sync 1 DAGs
[2024-11-13T20:01:51.985+0000] {logging_mixin.py:190} INFO - [2024-11-13T20:01:51.985+0000] {dag.py:4180} INFO - Setting next_dagrun for example_task_group to None, run_after=None
[2024-11-13T20:01:52.011+0000] {processor.py:208} INFO - Processing /home/airflow/.local/lib/python3.12/site-packages/airflow/example_dags/example_task_group.py took 0.103 seconds
[2024-11-13T20:02:22.922+0000] {processor.py:186} INFO - Started process (PID=432) to work on /home/airflow/.local/lib/python3.12/site-packages/airflow/example_dags/example_task_group.py
[2024-11-13T20:02:22.923+0000] {processor.py:914} INFO - Processing file /home/airflow/.local/lib/python3.12/site-packages/airflow/example_dags/example_task_group.py for tasks to queue
[2024-11-13T20:02:22.927+0000] {logging_mixin.py:190} INFO - [2024-11-13T20:02:22.926+0000] {dagbag.py:588} INFO - Filling up the DagBag from /home/airflow/.local/lib/python3.12/site-packages/airflow/example_dags/example_task_group.py
[2024-11-13T20:02:22.937+0000] {processor.py:925} INFO - DAG(s) 'example_task_group' retrieved from /home/airflow/.local/lib/python3.12/site-packages/airflow/example_dags/example_task_group.py
[2024-11-13T20:02:22.966+0000] {logging_mixin.py:190} INFO - [2024-11-13T20:02:22.966+0000] {dag.py:3239} INFO - Sync 1 DAGs
[2024-11-13T20:02:22.986+0000] {logging_mixin.py:190} INFO - [2024-11-13T20:02:22.986+0000] {dag.py:4180} INFO - Setting next_dagrun for example_task_group to None, run_after=None
[2024-11-13T20:02:23.020+0000] {processor.py:208} INFO - Processing /home/airflow/.local/lib/python3.12/site-packages/airflow/example_dags/example_task_group.py took 0.107 seconds
[2024-11-13T20:02:54.867+0000] {processor.py:186} INFO - Started process (PID=496) to work on /home/airflow/.local/lib/python3.12/site-packages/airflow/example_dags/example_task_group.py
[2024-11-13T20:02:54.868+0000] {processor.py:914} INFO - Processing file /home/airflow/.local/lib/python3.12/site-packages/airflow/example_dags/example_task_group.py for tasks to queue
[2024-11-13T20:02:54.871+0000] {logging_mixin.py:190} INFO - [2024-11-13T20:02:54.871+0000] {dagbag.py:588} INFO - Filling up the DagBag from /home/airflow/.local/lib/python3.12/site-packages/airflow/example_dags/example_task_group.py
[2024-11-13T20:02:54.882+0000] {processor.py:925} INFO - DAG(s) 'example_task_group' retrieved from /home/airflow/.local/lib/python3.12/site-packages/airflow/example_dags/example_task_group.py
[2024-11-13T20:02:54.907+0000] {logging_mixin.py:190} INFO - [2024-11-13T20:02:54.906+0000] {dag.py:3239} INFO - Sync 1 DAGs
[2024-11-13T20:02:54.923+0000] {logging_mixin.py:190} INFO - [2024-11-13T20:02:54.922+0000] {dag.py:4180} INFO - Setting next_dagrun for example_task_group to None, run_after=None
[2024-11-13T20:02:54.954+0000] {processor.py:208} INFO - Processing /home/airflow/.local/lib/python3.12/site-packages/airflow/example_dags/example_task_group.py took 0.095 seconds
[2024-11-13T20:03:25.927+0000] {processor.py:186} INFO - Started process (PID=560) to work on /home/airflow/.local/lib/python3.12/site-packages/airflow/example_dags/example_task_group.py
[2024-11-13T20:03:25.928+0000] {processor.py:914} INFO - Processing file /home/airflow/.local/lib/python3.12/site-packages/airflow/example_dags/example_task_group.py for tasks to queue
[2024-11-13T20:03:25.931+0000] {logging_mixin.py:190} INFO - [2024-11-13T20:03:25.931+0000] {dagbag.py:588} INFO - Filling up the DagBag from /home/airflow/.local/lib/python3.12/site-packages/airflow/example_dags/example_task_group.py
[2024-11-13T20:03:25.942+0000] {processor.py:925} INFO - DAG(s) 'example_task_group' retrieved from /home/airflow/.local/lib/python3.12/site-packages/airflow/example_dags/example_task_group.py
[2024-11-13T20:03:25.971+0000] {logging_mixin.py:190} INFO - [2024-11-13T20:03:25.970+0000] {dag.py:3239} INFO - Sync 1 DAGs
[2024-11-13T20:03:25.990+0000] {logging_mixin.py:190} INFO - [2024-11-13T20:03:25.990+0000] {dag.py:4180} INFO - Setting next_dagrun for example_task_group to None, run_after=None
[2024-11-13T20:03:26.015+0000] {processor.py:208} INFO - Processing /home/airflow/.local/lib/python3.12/site-packages/airflow/example_dags/example_task_group.py took 0.094 seconds
[2024-11-13T20:03:56.962+0000] {processor.py:186} INFO - Started process (PID=624) to work on /home/airflow/.local/lib/python3.12/site-packages/airflow/example_dags/example_task_group.py
[2024-11-13T20:03:56.963+0000] {processor.py:914} INFO - Processing file /home/airflow/.local/lib/python3.12/site-packages/airflow/example_dags/example_task_group.py for tasks to queue
[2024-11-13T20:03:56.966+0000] {logging_mixin.py:190} INFO - [2024-11-13T20:03:56.966+0000] {dagbag.py:588} INFO - Filling up the DagBag from /home/airflow/.local/lib/python3.12/site-packages/airflow/example_dags/example_task_group.py
[2024-11-13T20:03:56.976+0000] {processor.py:925} INFO - DAG(s) 'example_task_group' retrieved from /home/airflow/.local/lib/python3.12/site-packages/airflow/example_dags/example_task_group.py
[2024-11-13T20:03:57.004+0000] {logging_mixin.py:190} INFO - [2024-11-13T20:03:57.003+0000] {dag.py:3239} INFO - Sync 1 DAGs
[2024-11-13T20:03:57.022+0000] {logging_mixin.py:190} INFO - [2024-11-13T20:03:57.021+0000] {dag.py:4180} INFO - Setting next_dagrun for example_task_group to None, run_after=None
[2024-11-13T20:03:57.044+0000] {processor.py:208} INFO - Processing /home/airflow/.local/lib/python3.12/site-packages/airflow/example_dags/example_task_group.py took 0.089 seconds
[2024-11-13T20:04:27.982+0000] {processor.py:186} INFO - Started process (PID=688) to work on /home/airflow/.local/lib/python3.12/site-packages/airflow/example_dags/example_task_group.py
[2024-11-13T20:04:27.984+0000] {processor.py:914} INFO - Processing file /home/airflow/.local/lib/python3.12/site-packages/airflow/example_dags/example_task_group.py for tasks to queue
[2024-11-13T20:04:27.986+0000] {logging_mixin.py:190} INFO - [2024-11-13T20:04:27.986+0000] {dagbag.py:588} INFO - Filling up the DagBag from /home/airflow/.local/lib/python3.12/site-packages/airflow/example_dags/example_task_group.py
[2024-11-13T20:04:27.997+0000] {processor.py:925} INFO - DAG(s) 'example_task_group' retrieved from /home/airflow/.local/lib/python3.12/site-packages/airflow/example_dags/example_task_group.py
[2024-11-13T20:04:28.021+0000] {logging_mixin.py:190} INFO - [2024-11-13T20:04:28.021+0000] {dag.py:3239} INFO - Sync 1 DAGs
[2024-11-13T20:04:28.037+0000] {logging_mixin.py:190} INFO - [2024-11-13T20:04:28.037+0000] {dag.py:4180} INFO - Setting next_dagrun for example_task_group to None, run_after=None
[2024-11-13T20:04:28.056+0000] {processor.py:208} INFO - Processing /home/airflow/.local/lib/python3.12/site-packages/airflow/example_dags/example_task_group.py took 0.081 seconds
[2024-11-13T20:04:58.860+0000] {processor.py:186} INFO - Started process (PID=752) to work on /home/airflow/.local/lib/python3.12/site-packages/airflow/example_dags/example_task_group.py
[2024-11-13T20:04:58.861+0000] {processor.py:914} INFO - Processing file /home/airflow/.local/lib/python3.12/site-packages/airflow/example_dags/example_task_group.py for tasks to queue
[2024-11-13T20:04:58.864+0000] {logging_mixin.py:190} INFO - [2024-11-13T20:04:58.863+0000] {dagbag.py:588} INFO - Filling up the DagBag from /home/airflow/.local/lib/python3.12/site-packages/airflow/example_dags/example_task_group.py
[2024-11-13T20:04:58.873+0000] {processor.py:925} INFO - DAG(s) 'example_task_group' retrieved from /home/airflow/.local/lib/python3.12/site-packages/airflow/example_dags/example_task_group.py
[2024-11-13T20:04:58.902+0000] {logging_mixin.py:190} INFO - [2024-11-13T20:04:58.901+0000] {dag.py:3239} INFO - Sync 1 DAGs
[2024-11-13T20:04:58.922+0000] {logging_mixin.py:190} INFO - [2024-11-13T20:04:58.922+0000] {dag.py:4180} INFO - Setting next_dagrun for example_task_group to None, run_after=None
[2024-11-13T20:04:58.943+0000] {processor.py:208} INFO - Processing /home/airflow/.local/lib/python3.12/site-packages/airflow/example_dags/example_task_group.py took 0.090 seconds
[2024-11-13T20:05:29.806+0000] {processor.py:186} INFO - Started process (PID=816) to work on /home/airflow/.local/lib/python3.12/site-packages/airflow/example_dags/example_task_group.py
[2024-11-13T20:05:29.807+0000] {processor.py:914} INFO - Processing file /home/airflow/.local/lib/python3.12/site-packages/airflow/example_dags/example_task_group.py for tasks to queue
[2024-11-13T20:05:29.810+0000] {logging_mixin.py:190} INFO - [2024-11-13T20:05:29.810+0000] {dagbag.py:588} INFO - Filling up the DagBag from /home/airflow/.local/lib/python3.12/site-packages/airflow/example_dags/example_task_group.py
[2024-11-13T20:05:29.823+0000] {processor.py:925} INFO - DAG(s) 'example_task_group' retrieved from /home/airflow/.local/lib/python3.12/site-packages/airflow/example_dags/example_task_group.py
[2024-11-13T20:05:29.847+0000] {logging_mixin.py:190} INFO - [2024-11-13T20:05:29.847+0000] {dag.py:3239} INFO - Sync 1 DAGs
[2024-11-13T20:05:29.863+0000] {logging_mixin.py:190} INFO - [2024-11-13T20:05:29.863+0000] {dag.py:4180} INFO - Setting next_dagrun for example_task_group to None, run_after=None
[2024-11-13T20:05:29.884+0000] {processor.py:208} INFO - Processing /home/airflow/.local/lib/python3.12/site-packages/airflow/example_dags/example_task_group.py took 0.085 seconds
[2024-11-13T20:06:00.934+0000] {processor.py:186} INFO - Started process (PID=880) to work on /home/airflow/.local/lib/python3.12/site-packages/airflow/example_dags/example_task_group.py
[2024-11-13T20:06:00.935+0000] {processor.py:914} INFO - Processing file /home/airflow/.local/lib/python3.12/site-packages/airflow/example_dags/example_task_group.py for tasks to queue
[2024-11-13T20:06:00.938+0000] {logging_mixin.py:190} INFO - [2024-11-13T20:06:00.938+0000] {dagbag.py:588} INFO - Filling up the DagBag from /home/airflow/.local/lib/python3.12/site-packages/airflow/example_dags/example_task_group.py
[2024-11-13T20:06:00.948+0000] {processor.py:925} INFO - DAG(s) 'example_task_group' retrieved from /home/airflow/.local/lib/python3.12/site-packages/airflow/example_dags/example_task_group.py
[2024-11-13T20:06:00.972+0000] {logging_mixin.py:190} INFO - [2024-11-13T20:06:00.972+0000] {dag.py:3239} INFO - Sync 1 DAGs
[2024-11-13T20:06:00.990+0000] {logging_mixin.py:190} INFO - [2024-11-13T20:06:00.990+0000] {dag.py:4180} INFO - Setting next_dagrun for example_task_group to None, run_after=None
[2024-11-13T20:06:01.014+0000] {processor.py:208} INFO - Processing /home/airflow/.local/lib/python3.12/site-packages/airflow/example_dags/example_task_group.py took 0.087 seconds
[2024-11-13T20:06:31.776+0000] {processor.py:186} INFO - Started process (PID=944) to work on /home/airflow/.local/lib/python3.12/site-packages/airflow/example_dags/example_task_group.py
[2024-11-13T20:06:31.777+0000] {processor.py:914} INFO - Processing file /home/airflow/.local/lib/python3.12/site-packages/airflow/example_dags/example_task_group.py for tasks to queue
[2024-11-13T20:06:31.780+0000] {logging_mixin.py:190} INFO - [2024-11-13T20:06:31.780+0000] {dagbag.py:588} INFO - Filling up the DagBag from /home/airflow/.local/lib/python3.12/site-packages/airflow/example_dags/example_task_group.py
[2024-11-13T20:06:31.790+0000] {processor.py:925} INFO - DAG(s) 'example_task_group' retrieved from /home/airflow/.local/lib/python3.12/site-packages/airflow/example_dags/example_task_group.py
[2024-11-13T20:06:31.816+0000] {logging_mixin.py:190} INFO - [2024-11-13T20:06:31.816+0000] {dag.py:3239} INFO - Sync 1 DAGs
[2024-11-13T20:06:31.833+0000] {logging_mixin.py:190} INFO - [2024-11-13T20:06:31.832+0000] {dag.py:4180} INFO - Setting next_dagrun for example_task_group to None, run_after=None
[2024-11-13T20:06:31.852+0000] {processor.py:208} INFO - Processing /home/airflow/.local/lib/python3.12/site-packages/airflow/example_dags/example_task_group.py took 0.083 seconds
[2024-11-13T20:07:03.355+0000] {processor.py:186} INFO - Started process (PID=1008) to work on /home/airflow/.local/lib/python3.12/site-packages/airflow/example_dags/example_task_group.py
[2024-11-13T20:07:03.356+0000] {processor.py:914} INFO - Processing file /home/airflow/.local/lib/python3.12/site-packages/airflow/example_dags/example_task_group.py for tasks to queue
[2024-11-13T20:07:03.361+0000] {logging_mixin.py:190} INFO - [2024-11-13T20:07:03.360+0000] {dagbag.py:588} INFO - Filling up the DagBag from /home/airflow/.local/lib/python3.12/site-packages/airflow/example_dags/example_task_group.py
[2024-11-13T20:07:03.380+0000] {processor.py:925} INFO - DAG(s) 'example_task_group' retrieved from /home/airflow/.local/lib/python3.12/site-packages/airflow/example_dags/example_task_group.py
[2024-11-13T20:07:03.421+0000] {logging_mixin.py:190} INFO - [2024-11-13T20:07:03.420+0000] {dag.py:3239} INFO - Sync 1 DAGs
[2024-11-13T20:07:03.452+0000] {logging_mixin.py:190} INFO - [2024-11-13T20:07:03.451+0000] {dag.py:4180} INFO - Setting next_dagrun for example_task_group to None, run_after=None
[2024-11-13T20:07:03.491+0000] {processor.py:208} INFO - Processing /home/airflow/.local/lib/python3.12/site-packages/airflow/example_dags/example_task_group.py took 0.146 seconds
[2024-11-13T20:07:34.187+0000] {processor.py:186} INFO - Started process (PID=1071) to work on /home/airflow/.local/lib/python3.12/site-packages/airflow/example_dags/example_task_group.py
[2024-11-13T20:07:34.188+0000] {processor.py:914} INFO - Processing file /home/airflow/.local/lib/python3.12/site-packages/airflow/example_dags/example_task_group.py for tasks to queue
[2024-11-13T20:07:34.191+0000] {logging_mixin.py:190} INFO - [2024-11-13T20:07:34.190+0000] {dagbag.py:588} INFO - Filling up the DagBag from /home/airflow/.local/lib/python3.12/site-packages/airflow/example_dags/example_task_group.py
[2024-11-13T20:07:34.201+0000] {processor.py:925} INFO - DAG(s) 'example_task_group' retrieved from /home/airflow/.local/lib/python3.12/site-packages/airflow/example_dags/example_task_group.py
[2024-11-13T20:07:34.228+0000] {logging_mixin.py:190} INFO - [2024-11-13T20:07:34.228+0000] {dag.py:3239} INFO - Sync 1 DAGs
[2024-11-13T20:07:34.247+0000] {logging_mixin.py:190} INFO - [2024-11-13T20:07:34.246+0000] {dag.py:4180} INFO - Setting next_dagrun for example_task_group to None, run_after=None
[2024-11-13T20:07:34.275+0000] {processor.py:208} INFO - Processing /home/airflow/.local/lib/python3.12/site-packages/airflow/example_dags/example_task_group.py took 0.095 seconds
[2024-11-13T20:08:05.604+0000] {processor.py:186} INFO - Started process (PID=1135) to work on /home/airflow/.local/lib/python3.12/site-packages/airflow/example_dags/example_task_group.py
[2024-11-13T20:08:05.605+0000] {processor.py:914} INFO - Processing file /home/airflow/.local/lib/python3.12/site-packages/airflow/example_dags/example_task_group.py for tasks to queue
[2024-11-13T20:08:05.608+0000] {logging_mixin.py:190} INFO - [2024-11-13T20:08:05.607+0000] {dagbag.py:588} INFO - Filling up the DagBag from /home/airflow/.local/lib/python3.12/site-packages/airflow/example_dags/example_task_group.py
[2024-11-13T20:08:05.618+0000] {processor.py:925} INFO - DAG(s) 'example_task_group' retrieved from /home/airflow/.local/lib/python3.12/site-packages/airflow/example_dags/example_task_group.py
[2024-11-13T20:08:05.641+0000] {logging_mixin.py:190} INFO - [2024-11-13T20:08:05.641+0000] {dag.py:3239} INFO - Sync 1 DAGs
[2024-11-13T20:08:05.657+0000] {logging_mixin.py:190} INFO - [2024-11-13T20:08:05.657+0000] {dag.py:4180} INFO - Setting next_dagrun for example_task_group to None, run_after=None
[2024-11-13T20:08:05.682+0000] {processor.py:208} INFO - Processing /home/airflow/.local/lib/python3.12/site-packages/airflow/example_dags/example_task_group.py took 0.085 seconds
[2024-11-13T20:08:36.686+0000] {processor.py:186} INFO - Started process (PID=1199) to work on /home/airflow/.local/lib/python3.12/site-packages/airflow/example_dags/example_task_group.py
[2024-11-13T20:08:36.687+0000] {processor.py:914} INFO - Processing file /home/airflow/.local/lib/python3.12/site-packages/airflow/example_dags/example_task_group.py for tasks to queue
[2024-11-13T20:08:36.689+0000] {logging_mixin.py:190} INFO - [2024-11-13T20:08:36.689+0000] {dagbag.py:588} INFO - Filling up the DagBag from /home/airflow/.local/lib/python3.12/site-packages/airflow/example_dags/example_task_group.py
[2024-11-13T20:08:36.698+0000] {processor.py:925} INFO - DAG(s) 'example_task_group' retrieved from /home/airflow/.local/lib/python3.12/site-packages/airflow/example_dags/example_task_group.py
[2024-11-13T20:08:36.722+0000] {logging_mixin.py:190} INFO - [2024-11-13T20:08:36.721+0000] {dag.py:3239} INFO - Sync 1 DAGs
[2024-11-13T20:08:36.738+0000] {logging_mixin.py:190} INFO - [2024-11-13T20:08:36.738+0000] {dag.py:4180} INFO - Setting next_dagrun for example_task_group to None, run_after=None
[2024-11-13T20:08:36.768+0000] {processor.py:208} INFO - Processing /home/airflow/.local/lib/python3.12/site-packages/airflow/example_dags/example_task_group.py took 0.088 seconds
[2024-11-13T20:09:07.652+0000] {processor.py:186} INFO - Started process (PID=1263) to work on /home/airflow/.local/lib/python3.12/site-packages/airflow/example_dags/example_task_group.py
[2024-11-13T20:09:07.653+0000] {processor.py:914} INFO - Processing file /home/airflow/.local/lib/python3.12/site-packages/airflow/example_dags/example_task_group.py for tasks to queue
[2024-11-13T20:09:07.659+0000] {logging_mixin.py:190} INFO - [2024-11-13T20:09:07.659+0000] {dagbag.py:588} INFO - Filling up the DagBag from /home/airflow/.local/lib/python3.12/site-packages/airflow/example_dags/example_task_group.py
[2024-11-13T20:09:07.668+0000] {processor.py:925} INFO - DAG(s) 'example_task_group' retrieved from /home/airflow/.local/lib/python3.12/site-packages/airflow/example_dags/example_task_group.py
[2024-11-13T20:09:07.696+0000] {logging_mixin.py:190} INFO - [2024-11-13T20:09:07.696+0000] {dag.py:3239} INFO - Sync 1 DAGs
[2024-11-13T20:09:07.714+0000] {logging_mixin.py:190} INFO - [2024-11-13T20:09:07.713+0000] {dag.py:4180} INFO - Setting next_dagrun for example_task_group to None, run_after=None
[2024-11-13T20:09:07.738+0000] {processor.py:208} INFO - Processing /home/airflow/.local/lib/python3.12/site-packages/airflow/example_dags/example_task_group.py took 0.092 seconds
[2024-11-13T20:09:38.854+0000] {processor.py:186} INFO - Started process (PID=1327) to work on /home/airflow/.local/lib/python3.12/site-packages/airflow/example_dags/example_task_group.py
[2024-11-13T20:09:38.855+0000] {processor.py:914} INFO - Processing file /home/airflow/.local/lib/python3.12/site-packages/airflow/example_dags/example_task_group.py for tasks to queue
[2024-11-13T20:09:38.858+0000] {logging_mixin.py:190} INFO - [2024-11-13T20:09:38.857+0000] {dagbag.py:588} INFO - Filling up the DagBag from /home/airflow/.local/lib/python3.12/site-packages/airflow/example_dags/example_task_group.py
[2024-11-13T20:09:38.870+0000] {processor.py:925} INFO - DAG(s) 'example_task_group' retrieved from /home/airflow/.local/lib/python3.12/site-packages/airflow/example_dags/example_task_group.py
[2024-11-13T20:09:38.896+0000] {logging_mixin.py:190} INFO - [2024-11-13T20:09:38.895+0000] {dag.py:3239} INFO - Sync 1 DAGs
[2024-11-13T20:09:38.911+0000] {logging_mixin.py:190} INFO - [2024-11-13T20:09:38.911+0000] {dag.py:4180} INFO - Setting next_dagrun for example_task_group to None, run_after=None
[2024-11-13T20:09:38.928+0000] {processor.py:208} INFO - Processing /home/airflow/.local/lib/python3.12/site-packages/airflow/example_dags/example_task_group.py took 0.081 seconds
[2024-11-13T20:10:10.645+0000] {processor.py:186} INFO - Started process (PID=1391) to work on /home/airflow/.local/lib/python3.12/site-packages/airflow/example_dags/example_task_group.py
[2024-11-13T20:10:10.649+0000] {processor.py:914} INFO - Processing file /home/airflow/.local/lib/python3.12/site-packages/airflow/example_dags/example_task_group.py for tasks to queue
[2024-11-13T20:10:10.659+0000] {logging_mixin.py:190} INFO - [2024-11-13T20:10:10.657+0000] {dagbag.py:588} INFO - Filling up the DagBag from /home/airflow/.local/lib/python3.12/site-packages/airflow/example_dags/example_task_group.py
[2024-11-13T20:10:10.708+0000] {processor.py:925} INFO - DAG(s) 'example_task_group' retrieved from /home/airflow/.local/lib/python3.12/site-packages/airflow/example_dags/example_task_group.py
[2024-11-13T20:10:10.791+0000] {logging_mixin.py:190} INFO - [2024-11-13T20:10:10.791+0000] {dag.py:3239} INFO - Sync 1 DAGs
[2024-11-13T20:10:10.837+0000] {logging_mixin.py:190} INFO - [2024-11-13T20:10:10.837+0000] {dag.py:4180} INFO - Setting next_dagrun for example_task_group to None, run_after=None
[2024-11-13T20:10:10.883+0000] {processor.py:208} INFO - Processing /home/airflow/.local/lib/python3.12/site-packages/airflow/example_dags/example_task_group.py took 0.265 seconds
[2024-11-13T20:10:42.004+0000] {processor.py:186} INFO - Started process (PID=1455) to work on /home/airflow/.local/lib/python3.12/site-packages/airflow/example_dags/example_task_group.py
[2024-11-13T20:10:42.006+0000] {processor.py:914} INFO - Processing file /home/airflow/.local/lib/python3.12/site-packages/airflow/example_dags/example_task_group.py for tasks to queue
[2024-11-13T20:10:42.009+0000] {logging_mixin.py:190} INFO - [2024-11-13T20:10:42.009+0000] {dagbag.py:588} INFO - Filling up the DagBag from /home/airflow/.local/lib/python3.12/site-packages/airflow/example_dags/example_task_group.py
[2024-11-13T20:10:42.021+0000] {processor.py:925} INFO - DAG(s) 'example_task_group' retrieved from /home/airflow/.local/lib/python3.12/site-packages/airflow/example_dags/example_task_group.py
[2024-11-13T20:10:42.048+0000] {logging_mixin.py:190} INFO - [2024-11-13T20:10:42.047+0000] {dag.py:3239} INFO - Sync 1 DAGs
[2024-11-13T20:10:42.065+0000] {logging_mixin.py:190} INFO - [2024-11-13T20:10:42.065+0000] {dag.py:4180} INFO - Setting next_dagrun for example_task_group to None, run_after=None
[2024-11-13T20:10:42.089+0000] {processor.py:208} INFO - Processing /home/airflow/.local/lib/python3.12/site-packages/airflow/example_dags/example_task_group.py took 0.094 seconds
[2024-11-13T20:11:13.097+0000] {processor.py:186} INFO - Started process (PID=1519) to work on /home/airflow/.local/lib/python3.12/site-packages/airflow/example_dags/example_task_group.py
[2024-11-13T20:11:13.098+0000] {processor.py:914} INFO - Processing file /home/airflow/.local/lib/python3.12/site-packages/airflow/example_dags/example_task_group.py for tasks to queue
[2024-11-13T20:11:13.102+0000] {logging_mixin.py:190} INFO - [2024-11-13T20:11:13.102+0000] {dagbag.py:588} INFO - Filling up the DagBag from /home/airflow/.local/lib/python3.12/site-packages/airflow/example_dags/example_task_group.py
[2024-11-13T20:11:13.114+0000] {processor.py:925} INFO - DAG(s) 'example_task_group' retrieved from /home/airflow/.local/lib/python3.12/site-packages/airflow/example_dags/example_task_group.py
[2024-11-13T20:11:13.149+0000] {logging_mixin.py:190} INFO - [2024-11-13T20:11:13.149+0000] {dag.py:3239} INFO - Sync 1 DAGs
[2024-11-13T20:11:13.173+0000] {logging_mixin.py:190} INFO - [2024-11-13T20:11:13.173+0000] {dag.py:4180} INFO - Setting next_dagrun for example_task_group to None, run_after=None
[2024-11-13T20:11:13.203+0000] {processor.py:208} INFO - Processing /home/airflow/.local/lib/python3.12/site-packages/airflow/example_dags/example_task_group.py took 0.115 seconds
[2024-11-13T20:12:41.711+0000] {processor.py:186} INFO - Started process (PID=127) to work on /home/airflow/.local/lib/python3.12/site-packages/airflow/example_dags/example_task_group.py
[2024-11-13T20:12:41.713+0000] {processor.py:914} INFO - Processing file /home/airflow/.local/lib/python3.12/site-packages/airflow/example_dags/example_task_group.py for tasks to queue
[2024-11-13T20:12:41.720+0000] {logging_mixin.py:190} INFO - [2024-11-13T20:12:41.719+0000] {dagbag.py:588} INFO - Filling up the DagBag from /home/airflow/.local/lib/python3.12/site-packages/airflow/example_dags/example_task_group.py
[2024-11-13T20:12:41.742+0000] {processor.py:925} INFO - DAG(s) 'example_task_group' retrieved from /home/airflow/.local/lib/python3.12/site-packages/airflow/example_dags/example_task_group.py
[2024-11-13T20:12:41.790+0000] {logging_mixin.py:190} INFO - [2024-11-13T20:12:41.789+0000] {dag.py:3239} INFO - Sync 1 DAGs
[2024-11-13T20:12:41.825+0000] {logging_mixin.py:190} INFO - [2024-11-13T20:12:41.825+0000] {dag.py:4180} INFO - Setting next_dagrun for example_task_group to None, run_after=None
[2024-11-13T20:12:41.861+0000] {processor.py:208} INFO - Processing /home/airflow/.local/lib/python3.12/site-packages/airflow/example_dags/example_task_group.py took 0.164 seconds
[2024-11-13T20:13:14.386+0000] {processor.py:186} INFO - Started process (PID=191) to work on /home/airflow/.local/lib/python3.12/site-packages/airflow/example_dags/example_task_group.py
[2024-11-13T20:13:14.388+0000] {processor.py:914} INFO - Processing file /home/airflow/.local/lib/python3.12/site-packages/airflow/example_dags/example_task_group.py for tasks to queue
[2024-11-13T20:13:14.393+0000] {logging_mixin.py:190} INFO - [2024-11-13T20:13:14.392+0000] {dagbag.py:588} INFO - Filling up the DagBag from /home/airflow/.local/lib/python3.12/site-packages/airflow/example_dags/example_task_group.py
[2024-11-13T20:13:14.410+0000] {processor.py:925} INFO - DAG(s) 'example_task_group' retrieved from /home/airflow/.local/lib/python3.12/site-packages/airflow/example_dags/example_task_group.py
[2024-11-13T20:13:14.451+0000] {logging_mixin.py:190} INFO - [2024-11-13T20:13:14.450+0000] {dag.py:3239} INFO - Sync 1 DAGs
[2024-11-13T20:13:14.481+0000] {logging_mixin.py:190} INFO - [2024-11-13T20:13:14.481+0000] {dag.py:4180} INFO - Setting next_dagrun for example_task_group to None, run_after=None
[2024-11-13T20:13:14.516+0000] {processor.py:208} INFO - Processing /home/airflow/.local/lib/python3.12/site-packages/airflow/example_dags/example_task_group.py took 0.143 seconds
[2024-11-13T20:13:45.727+0000] {processor.py:186} INFO - Started process (PID=255) to work on /home/airflow/.local/lib/python3.12/site-packages/airflow/example_dags/example_task_group.py
[2024-11-13T20:13:45.730+0000] {processor.py:914} INFO - Processing file /home/airflow/.local/lib/python3.12/site-packages/airflow/example_dags/example_task_group.py for tasks to queue
[2024-11-13T20:13:45.735+0000] {logging_mixin.py:190} INFO - [2024-11-13T20:13:45.734+0000] {dagbag.py:588} INFO - Filling up the DagBag from /home/airflow/.local/lib/python3.12/site-packages/airflow/example_dags/example_task_group.py
[2024-11-13T20:13:45.755+0000] {processor.py:925} INFO - DAG(s) 'example_task_group' retrieved from /home/airflow/.local/lib/python3.12/site-packages/airflow/example_dags/example_task_group.py
[2024-11-13T20:13:45.795+0000] {logging_mixin.py:190} INFO - [2024-11-13T20:13:45.794+0000] {dag.py:3239} INFO - Sync 1 DAGs
[2024-11-13T20:13:45.825+0000] {logging_mixin.py:190} INFO - [2024-11-13T20:13:45.825+0000] {dag.py:4180} INFO - Setting next_dagrun for example_task_group to None, run_after=None
[2024-11-13T20:13:45.857+0000] {processor.py:208} INFO - Processing /home/airflow/.local/lib/python3.12/site-packages/airflow/example_dags/example_task_group.py took 0.145 seconds
[2024-11-13T20:16:07.477+0000] {processor.py:186} INFO - Started process (PID=114) to work on /home/airflow/.local/lib/python3.12/site-packages/airflow/example_dags/example_task_group.py
[2024-11-13T20:16:07.479+0000] {processor.py:914} INFO - Processing file /home/airflow/.local/lib/python3.12/site-packages/airflow/example_dags/example_task_group.py for tasks to queue
[2024-11-13T20:16:07.482+0000] {logging_mixin.py:190} INFO - [2024-11-13T20:16:07.482+0000] {dagbag.py:588} INFO - Filling up the DagBag from /home/airflow/.local/lib/python3.12/site-packages/airflow/example_dags/example_task_group.py
[2024-11-13T20:16:07.494+0000] {processor.py:925} INFO - DAG(s) 'example_task_group' retrieved from /home/airflow/.local/lib/python3.12/site-packages/airflow/example_dags/example_task_group.py
[2024-11-13T20:16:07.526+0000] {logging_mixin.py:190} INFO - [2024-11-13T20:16:07.525+0000] {dag.py:3239} INFO - Sync 1 DAGs
[2024-11-13T20:16:07.546+0000] {logging_mixin.py:190} INFO - [2024-11-13T20:16:07.546+0000] {dag.py:4180} INFO - Setting next_dagrun for example_task_group to None, run_after=None
[2024-11-13T20:16:07.573+0000] {processor.py:208} INFO - Processing /home/airflow/.local/lib/python3.12/site-packages/airflow/example_dags/example_task_group.py took 0.104 seconds
[2024-11-13T20:16:38.530+0000] {processor.py:186} INFO - Started process (PID=178) to work on /home/airflow/.local/lib/python3.12/site-packages/airflow/example_dags/example_task_group.py
[2024-11-13T20:16:38.532+0000] {processor.py:914} INFO - Processing file /home/airflow/.local/lib/python3.12/site-packages/airflow/example_dags/example_task_group.py for tasks to queue
[2024-11-13T20:16:38.535+0000] {logging_mixin.py:190} INFO - [2024-11-13T20:16:38.534+0000] {dagbag.py:588} INFO - Filling up the DagBag from /home/airflow/.local/lib/python3.12/site-packages/airflow/example_dags/example_task_group.py
[2024-11-13T20:16:38.546+0000] {processor.py:925} INFO - DAG(s) 'example_task_group' retrieved from /home/airflow/.local/lib/python3.12/site-packages/airflow/example_dags/example_task_group.py
[2024-11-13T20:16:38.579+0000] {logging_mixin.py:190} INFO - [2024-11-13T20:16:38.579+0000] {dag.py:3239} INFO - Sync 1 DAGs
[2024-11-13T20:16:38.599+0000] {logging_mixin.py:190} INFO - [2024-11-13T20:16:38.599+0000] {dag.py:4180} INFO - Setting next_dagrun for example_task_group to None, run_after=None
[2024-11-13T20:16:38.623+0000] {processor.py:208} INFO - Processing /home/airflow/.local/lib/python3.12/site-packages/airflow/example_dags/example_task_group.py took 0.100 seconds
[2024-11-13T20:17:09.307+0000] {processor.py:186} INFO - Started process (PID=242) to work on /home/airflow/.local/lib/python3.12/site-packages/airflow/example_dags/example_task_group.py
[2024-11-13T20:17:09.308+0000] {processor.py:914} INFO - Processing file /home/airflow/.local/lib/python3.12/site-packages/airflow/example_dags/example_task_group.py for tasks to queue
[2024-11-13T20:17:09.310+0000] {logging_mixin.py:190} INFO - [2024-11-13T20:17:09.310+0000] {dagbag.py:588} INFO - Filling up the DagBag from /home/airflow/.local/lib/python3.12/site-packages/airflow/example_dags/example_task_group.py
[2024-11-13T20:17:09.320+0000] {processor.py:925} INFO - DAG(s) 'example_task_group' retrieved from /home/airflow/.local/lib/python3.12/site-packages/airflow/example_dags/example_task_group.py
[2024-11-13T20:17:09.342+0000] {logging_mixin.py:190} INFO - [2024-11-13T20:17:09.342+0000] {dag.py:3239} INFO - Sync 1 DAGs
[2024-11-13T20:17:09.358+0000] {logging_mixin.py:190} INFO - [2024-11-13T20:17:09.357+0000] {dag.py:4180} INFO - Setting next_dagrun for example_task_group to None, run_after=None
[2024-11-13T20:17:09.380+0000] {processor.py:208} INFO - Processing /home/airflow/.local/lib/python3.12/site-packages/airflow/example_dags/example_task_group.py took 0.079 seconds
[2024-11-13T20:17:40.022+0000] {processor.py:186} INFO - Started process (PID=305) to work on /home/airflow/.local/lib/python3.12/site-packages/airflow/example_dags/example_task_group.py
[2024-11-13T20:17:40.023+0000] {processor.py:914} INFO - Processing file /home/airflow/.local/lib/python3.12/site-packages/airflow/example_dags/example_task_group.py for tasks to queue
[2024-11-13T20:17:40.025+0000] {logging_mixin.py:190} INFO - [2024-11-13T20:17:40.025+0000] {dagbag.py:588} INFO - Filling up the DagBag from /home/airflow/.local/lib/python3.12/site-packages/airflow/example_dags/example_task_group.py
[2024-11-13T20:17:40.035+0000] {processor.py:925} INFO - DAG(s) 'example_task_group' retrieved from /home/airflow/.local/lib/python3.12/site-packages/airflow/example_dags/example_task_group.py
[2024-11-13T20:17:40.056+0000] {logging_mixin.py:190} INFO - [2024-11-13T20:17:40.056+0000] {dag.py:3239} INFO - Sync 1 DAGs
[2024-11-13T20:17:40.072+0000] {logging_mixin.py:190} INFO - [2024-11-13T20:17:40.072+0000] {dag.py:4180} INFO - Setting next_dagrun for example_task_group to None, run_after=None
[2024-11-13T20:17:40.093+0000] {processor.py:208} INFO - Processing /home/airflow/.local/lib/python3.12/site-packages/airflow/example_dags/example_task_group.py took 0.078 seconds
[2024-11-13T20:18:10.977+0000] {processor.py:186} INFO - Started process (PID=369) to work on /home/airflow/.local/lib/python3.12/site-packages/airflow/example_dags/example_task_group.py
[2024-11-13T20:18:10.978+0000] {processor.py:914} INFO - Processing file /home/airflow/.local/lib/python3.12/site-packages/airflow/example_dags/example_task_group.py for tasks to queue
[2024-11-13T20:18:10.981+0000] {logging_mixin.py:190} INFO - [2024-11-13T20:18:10.981+0000] {dagbag.py:588} INFO - Filling up the DagBag from /home/airflow/.local/lib/python3.12/site-packages/airflow/example_dags/example_task_group.py
[2024-11-13T20:18:10.991+0000] {processor.py:925} INFO - DAG(s) 'example_task_group' retrieved from /home/airflow/.local/lib/python3.12/site-packages/airflow/example_dags/example_task_group.py
[2024-11-13T20:18:11.019+0000] {logging_mixin.py:190} INFO - [2024-11-13T20:18:11.019+0000] {dag.py:3239} INFO - Sync 1 DAGs
[2024-11-13T20:18:11.035+0000] {logging_mixin.py:190} INFO - [2024-11-13T20:18:11.035+0000] {dag.py:4180} INFO - Setting next_dagrun for example_task_group to None, run_after=None
[2024-11-13T20:18:11.058+0000] {processor.py:208} INFO - Processing /home/airflow/.local/lib/python3.12/site-packages/airflow/example_dags/example_task_group.py took 0.089 seconds
[2024-11-13T20:18:42.417+0000] {processor.py:186} INFO - Started process (PID=433) to work on /home/airflow/.local/lib/python3.12/site-packages/airflow/example_dags/example_task_group.py
[2024-11-13T20:18:42.418+0000] {processor.py:914} INFO - Processing file /home/airflow/.local/lib/python3.12/site-packages/airflow/example_dags/example_task_group.py for tasks to queue
[2024-11-13T20:18:42.420+0000] {logging_mixin.py:190} INFO - [2024-11-13T20:18:42.419+0000] {dagbag.py:588} INFO - Filling up the DagBag from /home/airflow/.local/lib/python3.12/site-packages/airflow/example_dags/example_task_group.py
[2024-11-13T20:18:42.429+0000] {processor.py:925} INFO - DAG(s) 'example_task_group' retrieved from /home/airflow/.local/lib/python3.12/site-packages/airflow/example_dags/example_task_group.py
[2024-11-13T20:18:42.452+0000] {logging_mixin.py:190} INFO - [2024-11-13T20:18:42.452+0000] {dag.py:3239} INFO - Sync 1 DAGs
[2024-11-13T20:18:42.469+0000] {logging_mixin.py:190} INFO - [2024-11-13T20:18:42.469+0000] {dag.py:4180} INFO - Setting next_dagrun for example_task_group to None, run_after=None
[2024-11-13T20:18:42.495+0000] {processor.py:208} INFO - Processing /home/airflow/.local/lib/python3.12/site-packages/airflow/example_dags/example_task_group.py took 0.085 seconds
[2024-11-13T20:19:13.618+0000] {processor.py:186} INFO - Started process (PID=498) to work on /home/airflow/.local/lib/python3.12/site-packages/airflow/example_dags/example_task_group.py
[2024-11-13T20:19:13.619+0000] {processor.py:914} INFO - Processing file /home/airflow/.local/lib/python3.12/site-packages/airflow/example_dags/example_task_group.py for tasks to queue
[2024-11-13T20:19:13.622+0000] {logging_mixin.py:190} INFO - [2024-11-13T20:19:13.622+0000] {dagbag.py:588} INFO - Filling up the DagBag from /home/airflow/.local/lib/python3.12/site-packages/airflow/example_dags/example_task_group.py
[2024-11-13T20:19:13.633+0000] {processor.py:925} INFO - DAG(s) 'example_task_group' retrieved from /home/airflow/.local/lib/python3.12/site-packages/airflow/example_dags/example_task_group.py
[2024-11-13T20:19:13.658+0000] {logging_mixin.py:190} INFO - [2024-11-13T20:19:13.658+0000] {dag.py:3239} INFO - Sync 1 DAGs
[2024-11-13T20:19:13.676+0000] {logging_mixin.py:190} INFO - [2024-11-13T20:19:13.676+0000] {dag.py:4180} INFO - Setting next_dagrun for example_task_group to None, run_after=None
[2024-11-13T20:19:13.696+0000] {processor.py:208} INFO - Processing /home/airflow/.local/lib/python3.12/site-packages/airflow/example_dags/example_task_group.py took 0.085 seconds
[2024-11-13T20:19:44.404+0000] {processor.py:186} INFO - Started process (PID=562) to work on /home/airflow/.local/lib/python3.12/site-packages/airflow/example_dags/example_task_group.py
[2024-11-13T20:19:44.405+0000] {processor.py:914} INFO - Processing file /home/airflow/.local/lib/python3.12/site-packages/airflow/example_dags/example_task_group.py for tasks to queue
[2024-11-13T20:19:44.408+0000] {logging_mixin.py:190} INFO - [2024-11-13T20:19:44.407+0000] {dagbag.py:588} INFO - Filling up the DagBag from /home/airflow/.local/lib/python3.12/site-packages/airflow/example_dags/example_task_group.py
[2024-11-13T20:19:44.418+0000] {processor.py:925} INFO - DAG(s) 'example_task_group' retrieved from /home/airflow/.local/lib/python3.12/site-packages/airflow/example_dags/example_task_group.py
[2024-11-13T20:19:44.441+0000] {logging_mixin.py:190} INFO - [2024-11-13T20:19:44.440+0000] {dag.py:3239} INFO - Sync 1 DAGs
[2024-11-13T20:19:44.455+0000] {logging_mixin.py:190} INFO - [2024-11-13T20:19:44.455+0000] {dag.py:4180} INFO - Setting next_dagrun for example_task_group to None, run_after=None
[2024-11-13T20:19:44.479+0000] {processor.py:208} INFO - Processing /home/airflow/.local/lib/python3.12/site-packages/airflow/example_dags/example_task_group.py took 0.081 seconds
[2024-11-13T20:20:15.226+0000] {processor.py:186} INFO - Started process (PID=626) to work on /home/airflow/.local/lib/python3.12/site-packages/airflow/example_dags/example_task_group.py
[2024-11-13T20:20:15.228+0000] {processor.py:914} INFO - Processing file /home/airflow/.local/lib/python3.12/site-packages/airflow/example_dags/example_task_group.py for tasks to queue
[2024-11-13T20:20:15.230+0000] {logging_mixin.py:190} INFO - [2024-11-13T20:20:15.230+0000] {dagbag.py:588} INFO - Filling up the DagBag from /home/airflow/.local/lib/python3.12/site-packages/airflow/example_dags/example_task_group.py
[2024-11-13T20:20:15.241+0000] {processor.py:925} INFO - DAG(s) 'example_task_group' retrieved from /home/airflow/.local/lib/python3.12/site-packages/airflow/example_dags/example_task_group.py
[2024-11-13T20:20:15.265+0000] {logging_mixin.py:190} INFO - [2024-11-13T20:20:15.265+0000] {dag.py:3239} INFO - Sync 1 DAGs
[2024-11-13T20:20:15.282+0000] {logging_mixin.py:190} INFO - [2024-11-13T20:20:15.281+0000] {dag.py:4180} INFO - Setting next_dagrun for example_task_group to None, run_after=None
[2024-11-13T20:20:15.303+0000] {processor.py:208} INFO - Processing /home/airflow/.local/lib/python3.12/site-packages/airflow/example_dags/example_task_group.py took 0.084 seconds
[2024-11-13T20:20:45.575+0000] {processor.py:186} INFO - Started process (PID=689) to work on /home/airflow/.local/lib/python3.12/site-packages/airflow/example_dags/example_task_group.py
[2024-11-13T20:20:45.576+0000] {processor.py:914} INFO - Processing file /home/airflow/.local/lib/python3.12/site-packages/airflow/example_dags/example_task_group.py for tasks to queue
[2024-11-13T20:20:45.578+0000] {logging_mixin.py:190} INFO - [2024-11-13T20:20:45.578+0000] {dagbag.py:588} INFO - Filling up the DagBag from /home/airflow/.local/lib/python3.12/site-packages/airflow/example_dags/example_task_group.py
[2024-11-13T20:20:45.587+0000] {processor.py:925} INFO - DAG(s) 'example_task_group' retrieved from /home/airflow/.local/lib/python3.12/site-packages/airflow/example_dags/example_task_group.py
[2024-11-13T20:20:45.610+0000] {logging_mixin.py:190} INFO - [2024-11-13T20:20:45.609+0000] {dag.py:3239} INFO - Sync 1 DAGs
[2024-11-13T20:20:45.626+0000] {logging_mixin.py:190} INFO - [2024-11-13T20:20:45.625+0000] {dag.py:4180} INFO - Setting next_dagrun for example_task_group to None, run_after=None
[2024-11-13T20:20:45.646+0000] {processor.py:208} INFO - Processing /home/airflow/.local/lib/python3.12/site-packages/airflow/example_dags/example_task_group.py took 0.078 seconds
[2024-11-13T20:21:16.958+0000] {processor.py:186} INFO - Started process (PID=752) to work on /home/airflow/.local/lib/python3.12/site-packages/airflow/example_dags/example_task_group.py
[2024-11-13T20:21:16.959+0000] {processor.py:914} INFO - Processing file /home/airflow/.local/lib/python3.12/site-packages/airflow/example_dags/example_task_group.py for tasks to queue
[2024-11-13T20:21:16.961+0000] {logging_mixin.py:190} INFO - [2024-11-13T20:21:16.961+0000] {dagbag.py:588} INFO - Filling up the DagBag from /home/airflow/.local/lib/python3.12/site-packages/airflow/example_dags/example_task_group.py
[2024-11-13T20:21:16.971+0000] {processor.py:925} INFO - DAG(s) 'example_task_group' retrieved from /home/airflow/.local/lib/python3.12/site-packages/airflow/example_dags/example_task_group.py
[2024-11-13T20:21:16.994+0000] {logging_mixin.py:190} INFO - [2024-11-13T20:21:16.994+0000] {dag.py:3239} INFO - Sync 1 DAGs
[2024-11-13T20:21:17.011+0000] {logging_mixin.py:190} INFO - [2024-11-13T20:21:17.011+0000] {dag.py:4180} INFO - Setting next_dagrun for example_task_group to None, run_after=None
[2024-11-13T20:21:17.032+0000] {processor.py:208} INFO - Processing /home/airflow/.local/lib/python3.12/site-packages/airflow/example_dags/example_task_group.py took 0.080 seconds
[2024-11-13T20:21:48.335+0000] {processor.py:186} INFO - Started process (PID=816) to work on /home/airflow/.local/lib/python3.12/site-packages/airflow/example_dags/example_task_group.py
[2024-11-13T20:21:48.336+0000] {processor.py:914} INFO - Processing file /home/airflow/.local/lib/python3.12/site-packages/airflow/example_dags/example_task_group.py for tasks to queue
[2024-11-13T20:21:48.339+0000] {logging_mixin.py:190} INFO - [2024-11-13T20:21:48.339+0000] {dagbag.py:588} INFO - Filling up the DagBag from /home/airflow/.local/lib/python3.12/site-packages/airflow/example_dags/example_task_group.py
[2024-11-13T20:21:48.350+0000] {processor.py:925} INFO - DAG(s) 'example_task_group' retrieved from /home/airflow/.local/lib/python3.12/site-packages/airflow/example_dags/example_task_group.py
[2024-11-13T20:21:48.377+0000] {logging_mixin.py:190} INFO - [2024-11-13T20:21:48.377+0000] {dag.py:3239} INFO - Sync 1 DAGs
[2024-11-13T20:21:48.394+0000] {logging_mixin.py:190} INFO - [2024-11-13T20:21:48.394+0000] {dag.py:4180} INFO - Setting next_dagrun for example_task_group to None, run_after=None
[2024-11-13T20:21:48.418+0000] {processor.py:208} INFO - Processing /home/airflow/.local/lib/python3.12/site-packages/airflow/example_dags/example_task_group.py took 0.093 seconds
[2024-11-13T20:22:20.349+0000] {processor.py:186} INFO - Started process (PID=880) to work on /home/airflow/.local/lib/python3.12/site-packages/airflow/example_dags/example_task_group.py
[2024-11-13T20:22:20.351+0000] {processor.py:914} INFO - Processing file /home/airflow/.local/lib/python3.12/site-packages/airflow/example_dags/example_task_group.py for tasks to queue
[2024-11-13T20:22:20.353+0000] {logging_mixin.py:190} INFO - [2024-11-13T20:22:20.353+0000] {dagbag.py:588} INFO - Filling up the DagBag from /home/airflow/.local/lib/python3.12/site-packages/airflow/example_dags/example_task_group.py
[2024-11-13T20:22:20.362+0000] {processor.py:925} INFO - DAG(s) 'example_task_group' retrieved from /home/airflow/.local/lib/python3.12/site-packages/airflow/example_dags/example_task_group.py
[2024-11-13T20:22:20.384+0000] {logging_mixin.py:190} INFO - [2024-11-13T20:22:20.383+0000] {dag.py:3239} INFO - Sync 1 DAGs
[2024-11-13T20:22:20.399+0000] {logging_mixin.py:190} INFO - [2024-11-13T20:22:20.399+0000] {dag.py:4180} INFO - Setting next_dagrun for example_task_group to None, run_after=None
[2024-11-13T20:22:20.421+0000] {processor.py:208} INFO - Processing /home/airflow/.local/lib/python3.12/site-packages/airflow/example_dags/example_task_group.py took 0.079 seconds
[2024-11-13T20:25:32.929+0000] {processor.py:186} INFO - Started process (PID=946) to work on /home/airflow/.local/lib/python3.12/site-packages/airflow/example_dags/example_task_group.py
[2024-11-13T20:25:32.931+0000] {processor.py:914} INFO - Processing file /home/airflow/.local/lib/python3.12/site-packages/airflow/example_dags/example_task_group.py for tasks to queue
[2024-11-13T20:25:32.934+0000] {logging_mixin.py:190} INFO - [2024-11-13T20:25:32.934+0000] {dagbag.py:588} INFO - Filling up the DagBag from /home/airflow/.local/lib/python3.12/site-packages/airflow/example_dags/example_task_group.py
[2024-11-13T20:25:32.946+0000] {processor.py:925} INFO - DAG(s) 'example_task_group' retrieved from /home/airflow/.local/lib/python3.12/site-packages/airflow/example_dags/example_task_group.py
[2024-11-13T20:25:32.974+0000] {logging_mixin.py:190} INFO - [2024-11-13T20:25:32.973+0000] {dag.py:3239} INFO - Sync 1 DAGs
[2024-11-13T20:25:32.991+0000] {logging_mixin.py:190} INFO - [2024-11-13T20:25:32.991+0000] {dag.py:4180} INFO - Setting next_dagrun for example_task_group to None, run_after=None
[2024-11-13T20:25:33.015+0000] {processor.py:208} INFO - Processing /home/airflow/.local/lib/python3.12/site-packages/airflow/example_dags/example_task_group.py took 0.094 seconds
[2024-11-13T20:26:05.044+0000] {processor.py:186} INFO - Started process (PID=1010) to work on /home/airflow/.local/lib/python3.12/site-packages/airflow/example_dags/example_task_group.py
[2024-11-13T20:26:05.046+0000] {processor.py:914} INFO - Processing file /home/airflow/.local/lib/python3.12/site-packages/airflow/example_dags/example_task_group.py for tasks to queue
[2024-11-13T20:26:05.051+0000] {logging_mixin.py:190} INFO - [2024-11-13T20:26:05.051+0000] {dagbag.py:588} INFO - Filling up the DagBag from /home/airflow/.local/lib/python3.12/site-packages/airflow/example_dags/example_task_group.py
[2024-11-13T20:26:05.069+0000] {processor.py:925} INFO - DAG(s) 'example_task_group' retrieved from /home/airflow/.local/lib/python3.12/site-packages/airflow/example_dags/example_task_group.py
[2024-11-13T20:26:05.110+0000] {logging_mixin.py:190} INFO - [2024-11-13T20:26:05.110+0000] {dag.py:3239} INFO - Sync 1 DAGs
[2024-11-13T20:26:05.138+0000] {logging_mixin.py:190} INFO - [2024-11-13T20:26:05.137+0000] {dag.py:4180} INFO - Setting next_dagrun for example_task_group to None, run_after=None
[2024-11-13T20:26:05.170+0000] {processor.py:208} INFO - Processing /home/airflow/.local/lib/python3.12/site-packages/airflow/example_dags/example_task_group.py took 0.135 seconds
[2024-11-13T20:26:36.349+0000] {processor.py:186} INFO - Started process (PID=1074) to work on /home/airflow/.local/lib/python3.12/site-packages/airflow/example_dags/example_task_group.py
[2024-11-13T20:26:36.351+0000] {processor.py:914} INFO - Processing file /home/airflow/.local/lib/python3.12/site-packages/airflow/example_dags/example_task_group.py for tasks to queue
[2024-11-13T20:26:36.354+0000] {logging_mixin.py:190} INFO - [2024-11-13T20:26:36.353+0000] {dagbag.py:588} INFO - Filling up the DagBag from /home/airflow/.local/lib/python3.12/site-packages/airflow/example_dags/example_task_group.py
[2024-11-13T20:26:36.366+0000] {processor.py:925} INFO - DAG(s) 'example_task_group' retrieved from /home/airflow/.local/lib/python3.12/site-packages/airflow/example_dags/example_task_group.py
[2024-11-13T20:26:36.392+0000] {logging_mixin.py:190} INFO - [2024-11-13T20:26:36.391+0000] {dag.py:3239} INFO - Sync 1 DAGs
[2024-11-13T20:26:36.410+0000] {logging_mixin.py:190} INFO - [2024-11-13T20:26:36.410+0000] {dag.py:4180} INFO - Setting next_dagrun for example_task_group to None, run_after=None
[2024-11-13T20:26:36.431+0000] {processor.py:208} INFO - Processing /home/airflow/.local/lib/python3.12/site-packages/airflow/example_dags/example_task_group.py took 0.090 seconds
[2024-11-13T20:27:07.879+0000] {processor.py:186} INFO - Started process (PID=1138) to work on /home/airflow/.local/lib/python3.12/site-packages/airflow/example_dags/example_task_group.py
[2024-11-13T20:27:07.882+0000] {processor.py:914} INFO - Processing file /home/airflow/.local/lib/python3.12/site-packages/airflow/example_dags/example_task_group.py for tasks to queue
[2024-11-13T20:27:07.886+0000] {logging_mixin.py:190} INFO - [2024-11-13T20:27:07.885+0000] {dagbag.py:588} INFO - Filling up the DagBag from /home/airflow/.local/lib/python3.12/site-packages/airflow/example_dags/example_task_group.py
[2024-11-13T20:27:07.901+0000] {processor.py:925} INFO - DAG(s) 'example_task_group' retrieved from /home/airflow/.local/lib/python3.12/site-packages/airflow/example_dags/example_task_group.py
[2024-11-13T20:27:07.933+0000] {logging_mixin.py:190} INFO - [2024-11-13T20:27:07.933+0000] {dag.py:3239} INFO - Sync 1 DAGs
[2024-11-13T20:27:07.954+0000] {logging_mixin.py:190} INFO - [2024-11-13T20:27:07.954+0000] {dag.py:4180} INFO - Setting next_dagrun for example_task_group to None, run_after=None
[2024-11-13T20:27:07.981+0000] {processor.py:208} INFO - Processing /home/airflow/.local/lib/python3.12/site-packages/airflow/example_dags/example_task_group.py took 0.113 seconds
[2024-11-13T20:27:38.989+0000] {processor.py:186} INFO - Started process (PID=1202) to work on /home/airflow/.local/lib/python3.12/site-packages/airflow/example_dags/example_task_group.py
[2024-11-13T20:27:38.990+0000] {processor.py:914} INFO - Processing file /home/airflow/.local/lib/python3.12/site-packages/airflow/example_dags/example_task_group.py for tasks to queue
[2024-11-13T20:27:38.993+0000] {logging_mixin.py:190} INFO - [2024-11-13T20:27:38.992+0000] {dagbag.py:588} INFO - Filling up the DagBag from /home/airflow/.local/lib/python3.12/site-packages/airflow/example_dags/example_task_group.py
[2024-11-13T20:27:39.005+0000] {processor.py:925} INFO - DAG(s) 'example_task_group' retrieved from /home/airflow/.local/lib/python3.12/site-packages/airflow/example_dags/example_task_group.py
[2024-11-13T20:27:39.041+0000] {logging_mixin.py:190} INFO - [2024-11-13T20:27:39.040+0000] {dag.py:3239} INFO - Sync 1 DAGs
[2024-11-13T20:27:39.065+0000] {logging_mixin.py:190} INFO - [2024-11-13T20:27:39.065+0000] {dag.py:4180} INFO - Setting next_dagrun for example_task_group to None, run_after=None
[2024-11-13T20:27:39.095+0000] {processor.py:208} INFO - Processing /home/airflow/.local/lib/python3.12/site-packages/airflow/example_dags/example_task_group.py took 0.113 seconds
[2024-11-13T20:28:09.936+0000] {processor.py:186} INFO - Started process (PID=1266) to work on /home/airflow/.local/lib/python3.12/site-packages/airflow/example_dags/example_task_group.py
[2024-11-13T20:28:09.937+0000] {processor.py:914} INFO - Processing file /home/airflow/.local/lib/python3.12/site-packages/airflow/example_dags/example_task_group.py for tasks to queue
[2024-11-13T20:28:09.941+0000] {logging_mixin.py:190} INFO - [2024-11-13T20:28:09.940+0000] {dagbag.py:588} INFO - Filling up the DagBag from /home/airflow/.local/lib/python3.12/site-packages/airflow/example_dags/example_task_group.py
[2024-11-13T20:28:09.952+0000] {processor.py:925} INFO - DAG(s) 'example_task_group' retrieved from /home/airflow/.local/lib/python3.12/site-packages/airflow/example_dags/example_task_group.py
[2024-11-13T20:28:09.978+0000] {logging_mixin.py:190} INFO - [2024-11-13T20:28:09.977+0000] {dag.py:3239} INFO - Sync 1 DAGs
[2024-11-13T20:28:09.995+0000] {logging_mixin.py:190} INFO - [2024-11-13T20:28:09.995+0000] {dag.py:4180} INFO - Setting next_dagrun for example_task_group to None, run_after=None
[2024-11-13T20:28:10.022+0000] {processor.py:208} INFO - Processing /home/airflow/.local/lib/python3.12/site-packages/airflow/example_dags/example_task_group.py took 0.094 seconds
[2024-11-13T20:28:40.918+0000] {processor.py:186} INFO - Started process (PID=1330) to work on /home/airflow/.local/lib/python3.12/site-packages/airflow/example_dags/example_task_group.py
[2024-11-13T20:28:40.920+0000] {processor.py:914} INFO - Processing file /home/airflow/.local/lib/python3.12/site-packages/airflow/example_dags/example_task_group.py for tasks to queue
[2024-11-13T20:28:40.923+0000] {logging_mixin.py:190} INFO - [2024-11-13T20:28:40.922+0000] {dagbag.py:588} INFO - Filling up the DagBag from /home/airflow/.local/lib/python3.12/site-packages/airflow/example_dags/example_task_group.py
[2024-11-13T20:28:40.936+0000] {processor.py:925} INFO - DAG(s) 'example_task_group' retrieved from /home/airflow/.local/lib/python3.12/site-packages/airflow/example_dags/example_task_group.py
[2024-11-13T20:28:40.963+0000] {logging_mixin.py:190} INFO - [2024-11-13T20:28:40.963+0000] {dag.py:3239} INFO - Sync 1 DAGs
[2024-11-13T20:28:40.980+0000] {logging_mixin.py:190} INFO - [2024-11-13T20:28:40.979+0000] {dag.py:4180} INFO - Setting next_dagrun for example_task_group to None, run_after=None
[2024-11-13T20:28:40.999+0000] {processor.py:208} INFO - Processing /home/airflow/.local/lib/python3.12/site-packages/airflow/example_dags/example_task_group.py took 0.087 seconds
[2024-11-13T20:29:12.045+0000] {processor.py:186} INFO - Started process (PID=1394) to work on /home/airflow/.local/lib/python3.12/site-packages/airflow/example_dags/example_task_group.py
[2024-11-13T20:29:12.048+0000] {processor.py:914} INFO - Processing file /home/airflow/.local/lib/python3.12/site-packages/airflow/example_dags/example_task_group.py for tasks to queue
[2024-11-13T20:29:12.051+0000] {logging_mixin.py:190} INFO - [2024-11-13T20:29:12.050+0000] {dagbag.py:588} INFO - Filling up the DagBag from /home/airflow/.local/lib/python3.12/site-packages/airflow/example_dags/example_task_group.py
[2024-11-13T20:29:12.061+0000] {processor.py:925} INFO - DAG(s) 'example_task_group' retrieved from /home/airflow/.local/lib/python3.12/site-packages/airflow/example_dags/example_task_group.py
[2024-11-13T20:29:12.087+0000] {logging_mixin.py:190} INFO - [2024-11-13T20:29:12.086+0000] {dag.py:3239} INFO - Sync 1 DAGs
[2024-11-13T20:29:12.104+0000] {logging_mixin.py:190} INFO - [2024-11-13T20:29:12.104+0000] {dag.py:4180} INFO - Setting next_dagrun for example_task_group to None, run_after=None
[2024-11-13T20:29:12.122+0000] {processor.py:208} INFO - Processing /home/airflow/.local/lib/python3.12/site-packages/airflow/example_dags/example_task_group.py took 0.084 seconds
[2024-11-13T20:48:00.869+0000] {processor.py:186} INFO - Started process (PID=121) to work on /home/airflow/.local/lib/python3.12/site-packages/airflow/example_dags/example_task_group.py
[2024-11-13T20:48:00.874+0000] {processor.py:914} INFO - Processing file /home/airflow/.local/lib/python3.12/site-packages/airflow/example_dags/example_task_group.py for tasks to queue
[2024-11-13T20:48:00.878+0000] {logging_mixin.py:190} INFO - [2024-11-13T20:48:00.877+0000] {dagbag.py:588} INFO - Filling up the DagBag from /home/airflow/.local/lib/python3.12/site-packages/airflow/example_dags/example_task_group.py
[2024-11-13T20:48:00.895+0000] {processor.py:925} INFO - DAG(s) 'example_task_group' retrieved from /home/airflow/.local/lib/python3.12/site-packages/airflow/example_dags/example_task_group.py
[2024-11-13T20:48:00.928+0000] {logging_mixin.py:190} INFO - [2024-11-13T20:48:00.928+0000] {dag.py:3239} INFO - Sync 1 DAGs
[2024-11-13T20:48:00.952+0000] {logging_mixin.py:190} INFO - [2024-11-13T20:48:00.952+0000] {dag.py:4180} INFO - Setting next_dagrun for example_task_group to None, run_after=None
[2024-11-13T20:48:01.021+0000] {processor.py:208} INFO - Processing /home/airflow/.local/lib/python3.12/site-packages/airflow/example_dags/example_task_group.py took 0.176 seconds
[2024-11-13T20:48:32.476+0000] {processor.py:186} INFO - Started process (PID=185) to work on /home/airflow/.local/lib/python3.12/site-packages/airflow/example_dags/example_task_group.py
[2024-11-13T20:48:32.478+0000] {processor.py:914} INFO - Processing file /home/airflow/.local/lib/python3.12/site-packages/airflow/example_dags/example_task_group.py for tasks to queue
[2024-11-13T20:48:32.483+0000] {logging_mixin.py:190} INFO - [2024-11-13T20:48:32.482+0000] {dagbag.py:588} INFO - Filling up the DagBag from /home/airflow/.local/lib/python3.12/site-packages/airflow/example_dags/example_task_group.py
[2024-11-13T20:48:32.505+0000] {processor.py:925} INFO - DAG(s) 'example_task_group' retrieved from /home/airflow/.local/lib/python3.12/site-packages/airflow/example_dags/example_task_group.py
[2024-11-13T20:48:32.553+0000] {logging_mixin.py:190} INFO - [2024-11-13T20:48:32.553+0000] {dag.py:3239} INFO - Sync 1 DAGs
[2024-11-13T20:48:32.582+0000] {logging_mixin.py:190} INFO - [2024-11-13T20:48:32.582+0000] {dag.py:4180} INFO - Setting next_dagrun for example_task_group to None, run_after=None
[2024-11-13T20:48:32.621+0000] {processor.py:208} INFO - Processing /home/airflow/.local/lib/python3.12/site-packages/airflow/example_dags/example_task_group.py took 0.158 seconds
[2024-11-13T20:49:03.658+0000] {processor.py:186} INFO - Started process (PID=249) to work on /home/airflow/.local/lib/python3.12/site-packages/airflow/example_dags/example_task_group.py
[2024-11-13T20:49:03.660+0000] {processor.py:914} INFO - Processing file /home/airflow/.local/lib/python3.12/site-packages/airflow/example_dags/example_task_group.py for tasks to queue
[2024-11-13T20:49:03.671+0000] {logging_mixin.py:190} INFO - [2024-11-13T20:49:03.670+0000] {dagbag.py:588} INFO - Filling up the DagBag from /home/airflow/.local/lib/python3.12/site-packages/airflow/example_dags/example_task_group.py
[2024-11-13T20:49:03.689+0000] {processor.py:925} INFO - DAG(s) 'example_task_group' retrieved from /home/airflow/.local/lib/python3.12/site-packages/airflow/example_dags/example_task_group.py
[2024-11-13T20:49:03.723+0000] {logging_mixin.py:190} INFO - [2024-11-13T20:49:03.723+0000] {dag.py:3239} INFO - Sync 1 DAGs
[2024-11-13T20:49:03.743+0000] {logging_mixin.py:190} INFO - [2024-11-13T20:49:03.743+0000] {dag.py:4180} INFO - Setting next_dagrun for example_task_group to None, run_after=None
[2024-11-13T20:49:03.781+0000] {processor.py:208} INFO - Processing /home/airflow/.local/lib/python3.12/site-packages/airflow/example_dags/example_task_group.py took 0.134 seconds
[2024-11-13T20:49:35.292+0000] {processor.py:186} INFO - Started process (PID=313) to work on /home/airflow/.local/lib/python3.12/site-packages/airflow/example_dags/example_task_group.py
[2024-11-13T20:49:35.294+0000] {processor.py:914} INFO - Processing file /home/airflow/.local/lib/python3.12/site-packages/airflow/example_dags/example_task_group.py for tasks to queue
[2024-11-13T20:49:35.299+0000] {logging_mixin.py:190} INFO - [2024-11-13T20:49:35.299+0000] {dagbag.py:588} INFO - Filling up the DagBag from /home/airflow/.local/lib/python3.12/site-packages/airflow/example_dags/example_task_group.py
[2024-11-13T20:49:35.312+0000] {processor.py:925} INFO - DAG(s) 'example_task_group' retrieved from /home/airflow/.local/lib/python3.12/site-packages/airflow/example_dags/example_task_group.py
[2024-11-13T20:49:35.351+0000] {logging_mixin.py:190} INFO - [2024-11-13T20:49:35.351+0000] {dag.py:3239} INFO - Sync 1 DAGs
[2024-11-13T20:49:35.374+0000] {logging_mixin.py:190} INFO - [2024-11-13T20:49:35.374+0000] {dag.py:4180} INFO - Setting next_dagrun for example_task_group to None, run_after=None
[2024-11-13T20:49:35.400+0000] {processor.py:208} INFO - Processing /home/airflow/.local/lib/python3.12/site-packages/airflow/example_dags/example_task_group.py took 0.117 seconds
[2024-11-13T20:50:06.239+0000] {processor.py:186} INFO - Started process (PID=377) to work on /home/airflow/.local/lib/python3.12/site-packages/airflow/example_dags/example_task_group.py
[2024-11-13T20:50:06.241+0000] {processor.py:914} INFO - Processing file /home/airflow/.local/lib/python3.12/site-packages/airflow/example_dags/example_task_group.py for tasks to queue
[2024-11-13T20:50:06.244+0000] {logging_mixin.py:190} INFO - [2024-11-13T20:50:06.244+0000] {dagbag.py:588} INFO - Filling up the DagBag from /home/airflow/.local/lib/python3.12/site-packages/airflow/example_dags/example_task_group.py
[2024-11-13T20:50:06.255+0000] {processor.py:925} INFO - DAG(s) 'example_task_group' retrieved from /home/airflow/.local/lib/python3.12/site-packages/airflow/example_dags/example_task_group.py
[2024-11-13T20:50:06.284+0000] {logging_mixin.py:190} INFO - [2024-11-13T20:50:06.284+0000] {dag.py:3239} INFO - Sync 1 DAGs
[2024-11-13T20:50:06.304+0000] {logging_mixin.py:190} INFO - [2024-11-13T20:50:06.304+0000] {dag.py:4180} INFO - Setting next_dagrun for example_task_group to None, run_after=None
[2024-11-13T20:50:06.330+0000] {processor.py:208} INFO - Processing /home/airflow/.local/lib/python3.12/site-packages/airflow/example_dags/example_task_group.py took 0.099 seconds
[2024-11-13T20:50:36.451+0000] {processor.py:186} INFO - Started process (PID=440) to work on /home/airflow/.local/lib/python3.12/site-packages/airflow/example_dags/example_task_group.py
[2024-11-13T20:50:36.453+0000] {processor.py:914} INFO - Processing file /home/airflow/.local/lib/python3.12/site-packages/airflow/example_dags/example_task_group.py for tasks to queue
[2024-11-13T20:50:36.456+0000] {logging_mixin.py:190} INFO - [2024-11-13T20:50:36.456+0000] {dagbag.py:588} INFO - Filling up the DagBag from /home/airflow/.local/lib/python3.12/site-packages/airflow/example_dags/example_task_group.py
[2024-11-13T20:50:36.466+0000] {processor.py:925} INFO - DAG(s) 'example_task_group' retrieved from /home/airflow/.local/lib/python3.12/site-packages/airflow/example_dags/example_task_group.py
[2024-11-13T20:50:36.492+0000] {logging_mixin.py:190} INFO - [2024-11-13T20:50:36.492+0000] {dag.py:3239} INFO - Sync 1 DAGs
[2024-11-13T20:50:36.511+0000] {logging_mixin.py:190} INFO - [2024-11-13T20:50:36.510+0000] {dag.py:4180} INFO - Setting next_dagrun for example_task_group to None, run_after=None
[2024-11-13T20:50:36.536+0000] {processor.py:208} INFO - Processing /home/airflow/.local/lib/python3.12/site-packages/airflow/example_dags/example_task_group.py took 0.092 seconds
[2024-11-13T20:51:07.616+0000] {processor.py:186} INFO - Started process (PID=504) to work on /home/airflow/.local/lib/python3.12/site-packages/airflow/example_dags/example_task_group.py
[2024-11-13T20:51:07.618+0000] {processor.py:914} INFO - Processing file /home/airflow/.local/lib/python3.12/site-packages/airflow/example_dags/example_task_group.py for tasks to queue
[2024-11-13T20:51:07.621+0000] {logging_mixin.py:190} INFO - [2024-11-13T20:51:07.621+0000] {dagbag.py:588} INFO - Filling up the DagBag from /home/airflow/.local/lib/python3.12/site-packages/airflow/example_dags/example_task_group.py
[2024-11-13T20:51:07.633+0000] {processor.py:925} INFO - DAG(s) 'example_task_group' retrieved from /home/airflow/.local/lib/python3.12/site-packages/airflow/example_dags/example_task_group.py
[2024-11-13T20:51:07.663+0000] {logging_mixin.py:190} INFO - [2024-11-13T20:51:07.663+0000] {dag.py:3239} INFO - Sync 1 DAGs
[2024-11-13T20:51:07.682+0000] {logging_mixin.py:190} INFO - [2024-11-13T20:51:07.682+0000] {dag.py:4180} INFO - Setting next_dagrun for example_task_group to None, run_after=None
[2024-11-13T20:51:07.705+0000] {processor.py:208} INFO - Processing /home/airflow/.local/lib/python3.12/site-packages/airflow/example_dags/example_task_group.py took 0.098 seconds
[2024-11-13T21:09:00.871+0000] {processor.py:186} INFO - Started process (PID=118) to work on /home/airflow/.local/lib/python3.12/site-packages/airflow/example_dags/example_task_group.py
[2024-11-13T21:09:00.872+0000] {processor.py:914} INFO - Processing file /home/airflow/.local/lib/python3.12/site-packages/airflow/example_dags/example_task_group.py for tasks to queue
[2024-11-13T21:09:00.875+0000] {logging_mixin.py:190} INFO - [2024-11-13T21:09:00.874+0000] {dagbag.py:588} INFO - Filling up the DagBag from /home/airflow/.local/lib/python3.12/site-packages/airflow/example_dags/example_task_group.py
[2024-11-13T21:09:00.886+0000] {processor.py:925} INFO - DAG(s) 'example_task_group' retrieved from /home/airflow/.local/lib/python3.12/site-packages/airflow/example_dags/example_task_group.py
[2024-11-13T21:09:01.025+0000] {logging_mixin.py:190} INFO - [2024-11-13T21:09:01.024+0000] {override.py:1911} INFO - Created Permission View: can delete on DAG:example_task_group
[2024-11-13T21:09:01.035+0000] {logging_mixin.py:190} INFO - [2024-11-13T21:09:01.035+0000] {override.py:1911} INFO - Created Permission View: can edit on DAG:example_task_group
[2024-11-13T21:09:01.047+0000] {logging_mixin.py:190} INFO - [2024-11-13T21:09:01.046+0000] {override.py:1911} INFO - Created Permission View: can read on DAG:example_task_group
[2024-11-13T21:09:01.056+0000] {logging_mixin.py:190} INFO - [2024-11-13T21:09:01.056+0000] {override.py:1911} INFO - Created Permission View: can create on DAG Run:example_task_group
[2024-11-13T21:09:01.063+0000] {logging_mixin.py:190} INFO - [2024-11-13T21:09:01.063+0000] {override.py:1911} INFO - Created Permission View: menu access on DAG Run:example_task_group
[2024-11-13T21:09:01.071+0000] {logging_mixin.py:190} INFO - [2024-11-13T21:09:01.071+0000] {override.py:1911} INFO - Created Permission View: can delete on DAG Run:example_task_group
[2024-11-13T21:09:01.078+0000] {logging_mixin.py:190} INFO - [2024-11-13T21:09:01.078+0000] {override.py:1911} INFO - Created Permission View: can read on DAG Run:example_task_group
[2024-11-13T21:09:01.078+0000] {logging_mixin.py:190} INFO - [2024-11-13T21:09:01.078+0000] {dag.py:3239} INFO - Sync 1 DAGs
[2024-11-13T21:09:01.093+0000] {logging_mixin.py:190} INFO - [2024-11-13T21:09:01.093+0000] {dag.py:3262} INFO - Creating ORM DAG for example_task_group
[2024-11-13T21:09:01.094+0000] {logging_mixin.py:190} INFO - [2024-11-13T21:09:01.093+0000] {dag.py:4180} INFO - Setting next_dagrun for example_task_group to None, run_after=None
[2024-11-13T21:09:01.110+0000] {processor.py:208} INFO - Processing /home/airflow/.local/lib/python3.12/site-packages/airflow/example_dags/example_task_group.py took 0.247 seconds
[2024-11-13T21:09:31.569+0000] {processor.py:186} INFO - Started process (PID=181) to work on /home/airflow/.local/lib/python3.12/site-packages/airflow/example_dags/example_task_group.py
[2024-11-13T21:09:31.570+0000] {processor.py:914} INFO - Processing file /home/airflow/.local/lib/python3.12/site-packages/airflow/example_dags/example_task_group.py for tasks to queue
[2024-11-13T21:09:31.573+0000] {logging_mixin.py:190} INFO - [2024-11-13T21:09:31.573+0000] {dagbag.py:588} INFO - Filling up the DagBag from /home/airflow/.local/lib/python3.12/site-packages/airflow/example_dags/example_task_group.py
[2024-11-13T21:09:31.584+0000] {processor.py:925} INFO - DAG(s) 'example_task_group' retrieved from /home/airflow/.local/lib/python3.12/site-packages/airflow/example_dags/example_task_group.py
[2024-11-13T21:09:31.612+0000] {logging_mixin.py:190} INFO - [2024-11-13T21:09:31.612+0000] {dag.py:3239} INFO - Sync 1 DAGs
[2024-11-13T21:09:31.632+0000] {logging_mixin.py:190} INFO - [2024-11-13T21:09:31.632+0000] {dag.py:4180} INFO - Setting next_dagrun for example_task_group to None, run_after=None
[2024-11-13T21:09:31.658+0000] {processor.py:208} INFO - Processing /home/airflow/.local/lib/python3.12/site-packages/airflow/example_dags/example_task_group.py took 0.097 seconds
[2024-11-13T21:10:02.904+0000] {processor.py:186} INFO - Started process (PID=244) to work on /home/airflow/.local/lib/python3.12/site-packages/airflow/example_dags/example_task_group.py
[2024-11-13T21:10:02.906+0000] {processor.py:914} INFO - Processing file /home/airflow/.local/lib/python3.12/site-packages/airflow/example_dags/example_task_group.py for tasks to queue
[2024-11-13T21:10:02.908+0000] {logging_mixin.py:190} INFO - [2024-11-13T21:10:02.908+0000] {dagbag.py:588} INFO - Filling up the DagBag from /home/airflow/.local/lib/python3.12/site-packages/airflow/example_dags/example_task_group.py
[2024-11-13T21:10:02.919+0000] {processor.py:925} INFO - DAG(s) 'example_task_group' retrieved from /home/airflow/.local/lib/python3.12/site-packages/airflow/example_dags/example_task_group.py
[2024-11-13T21:10:02.954+0000] {logging_mixin.py:190} INFO - [2024-11-13T21:10:02.953+0000] {dag.py:3239} INFO - Sync 1 DAGs
[2024-11-13T21:10:02.976+0000] {logging_mixin.py:190} INFO - [2024-11-13T21:10:02.976+0000] {dag.py:4180} INFO - Setting next_dagrun for example_task_group to None, run_after=None
[2024-11-13T21:10:03.013+0000] {processor.py:208} INFO - Processing /home/airflow/.local/lib/python3.12/site-packages/airflow/example_dags/example_task_group.py took 0.115 seconds
[2024-11-13T21:10:34.705+0000] {processor.py:186} INFO - Started process (PID=307) to work on /home/airflow/.local/lib/python3.12/site-packages/airflow/example_dags/example_task_group.py
[2024-11-13T21:10:34.707+0000] {processor.py:914} INFO - Processing file /home/airflow/.local/lib/python3.12/site-packages/airflow/example_dags/example_task_group.py for tasks to queue
[2024-11-13T21:10:34.713+0000] {logging_mixin.py:190} INFO - [2024-11-13T21:10:34.712+0000] {dagbag.py:588} INFO - Filling up the DagBag from /home/airflow/.local/lib/python3.12/site-packages/airflow/example_dags/example_task_group.py
[2024-11-13T21:10:34.726+0000] {processor.py:925} INFO - DAG(s) 'example_task_group' retrieved from /home/airflow/.local/lib/python3.12/site-packages/airflow/example_dags/example_task_group.py
[2024-11-13T21:10:34.754+0000] {logging_mixin.py:190} INFO - [2024-11-13T21:10:34.753+0000] {dag.py:3239} INFO - Sync 1 DAGs
[2024-11-13T21:10:34.780+0000] {logging_mixin.py:190} INFO - [2024-11-13T21:10:34.780+0000] {dag.py:4180} INFO - Setting next_dagrun for example_task_group to None, run_after=None
[2024-11-13T21:10:34.808+0000] {processor.py:208} INFO - Processing /home/airflow/.local/lib/python3.12/site-packages/airflow/example_dags/example_task_group.py took 0.113 seconds
[2024-11-13T21:11:05.608+0000] {processor.py:186} INFO - Started process (PID=370) to work on /home/airflow/.local/lib/python3.12/site-packages/airflow/example_dags/example_task_group.py
[2024-11-13T21:11:05.609+0000] {processor.py:914} INFO - Processing file /home/airflow/.local/lib/python3.12/site-packages/airflow/example_dags/example_task_group.py for tasks to queue
[2024-11-13T21:11:05.612+0000] {logging_mixin.py:190} INFO - [2024-11-13T21:11:05.612+0000] {dagbag.py:588} INFO - Filling up the DagBag from /home/airflow/.local/lib/python3.12/site-packages/airflow/example_dags/example_task_group.py
[2024-11-13T21:11:05.630+0000] {processor.py:925} INFO - DAG(s) 'example_task_group' retrieved from /home/airflow/.local/lib/python3.12/site-packages/airflow/example_dags/example_task_group.py
[2024-11-13T21:11:05.661+0000] {logging_mixin.py:190} INFO - [2024-11-13T21:11:05.660+0000] {dag.py:3239} INFO - Sync 1 DAGs
[2024-11-13T21:11:05.678+0000] {logging_mixin.py:190} INFO - [2024-11-13T21:11:05.678+0000] {dag.py:4180} INFO - Setting next_dagrun for example_task_group to None, run_after=None
[2024-11-13T21:11:05.699+0000] {processor.py:208} INFO - Processing /home/airflow/.local/lib/python3.12/site-packages/airflow/example_dags/example_task_group.py took 0.099 seconds
[2024-11-13T21:11:36.755+0000] {processor.py:186} INFO - Started process (PID=433) to work on /home/airflow/.local/lib/python3.12/site-packages/airflow/example_dags/example_task_group.py
[2024-11-13T21:11:36.756+0000] {processor.py:914} INFO - Processing file /home/airflow/.local/lib/python3.12/site-packages/airflow/example_dags/example_task_group.py for tasks to queue
[2024-11-13T21:11:36.759+0000] {logging_mixin.py:190} INFO - [2024-11-13T21:11:36.759+0000] {dagbag.py:588} INFO - Filling up the DagBag from /home/airflow/.local/lib/python3.12/site-packages/airflow/example_dags/example_task_group.py
[2024-11-13T21:11:36.771+0000] {processor.py:925} INFO - DAG(s) 'example_task_group' retrieved from /home/airflow/.local/lib/python3.12/site-packages/airflow/example_dags/example_task_group.py
[2024-11-13T21:11:36.801+0000] {logging_mixin.py:190} INFO - [2024-11-13T21:11:36.800+0000] {dag.py:3239} INFO - Sync 1 DAGs
[2024-11-13T21:11:36.827+0000] {logging_mixin.py:190} INFO - [2024-11-13T21:11:36.827+0000] {dag.py:4180} INFO - Setting next_dagrun for example_task_group to None, run_after=None
[2024-11-13T21:11:36.858+0000] {processor.py:208} INFO - Processing /home/airflow/.local/lib/python3.12/site-packages/airflow/example_dags/example_task_group.py took 0.112 seconds
[2024-11-13T21:12:07.896+0000] {processor.py:186} INFO - Started process (PID=496) to work on /home/airflow/.local/lib/python3.12/site-packages/airflow/example_dags/example_task_group.py
[2024-11-13T21:12:07.898+0000] {processor.py:914} INFO - Processing file /home/airflow/.local/lib/python3.12/site-packages/airflow/example_dags/example_task_group.py for tasks to queue
[2024-11-13T21:12:07.900+0000] {logging_mixin.py:190} INFO - [2024-11-13T21:12:07.900+0000] {dagbag.py:588} INFO - Filling up the DagBag from /home/airflow/.local/lib/python3.12/site-packages/airflow/example_dags/example_task_group.py
[2024-11-13T21:12:07.910+0000] {processor.py:925} INFO - DAG(s) 'example_task_group' retrieved from /home/airflow/.local/lib/python3.12/site-packages/airflow/example_dags/example_task_group.py
[2024-11-13T21:12:07.934+0000] {logging_mixin.py:190} INFO - [2024-11-13T21:12:07.934+0000] {dag.py:3239} INFO - Sync 1 DAGs
[2024-11-13T21:12:07.950+0000] {logging_mixin.py:190} INFO - [2024-11-13T21:12:07.950+0000] {dag.py:4180} INFO - Setting next_dagrun for example_task_group to None, run_after=None
[2024-11-13T21:12:07.972+0000] {processor.py:208} INFO - Processing /home/airflow/.local/lib/python3.12/site-packages/airflow/example_dags/example_task_group.py took 0.083 seconds
[2024-11-13T21:12:38.730+0000] {processor.py:186} INFO - Started process (PID=559) to work on /home/airflow/.local/lib/python3.12/site-packages/airflow/example_dags/example_task_group.py
[2024-11-13T21:12:38.732+0000] {processor.py:914} INFO - Processing file /home/airflow/.local/lib/python3.12/site-packages/airflow/example_dags/example_task_group.py for tasks to queue
[2024-11-13T21:12:38.736+0000] {logging_mixin.py:190} INFO - [2024-11-13T21:12:38.735+0000] {dagbag.py:588} INFO - Filling up the DagBag from /home/airflow/.local/lib/python3.12/site-packages/airflow/example_dags/example_task_group.py
[2024-11-13T21:12:38.748+0000] {processor.py:925} INFO - DAG(s) 'example_task_group' retrieved from /home/airflow/.local/lib/python3.12/site-packages/airflow/example_dags/example_task_group.py
[2024-11-13T21:12:38.779+0000] {logging_mixin.py:190} INFO - [2024-11-13T21:12:38.779+0000] {dag.py:3239} INFO - Sync 1 DAGs
[2024-11-13T21:12:38.801+0000] {logging_mixin.py:190} INFO - [2024-11-13T21:12:38.801+0000] {dag.py:4180} INFO - Setting next_dagrun for example_task_group to None, run_after=None
[2024-11-13T21:12:38.827+0000] {processor.py:208} INFO - Processing /home/airflow/.local/lib/python3.12/site-packages/airflow/example_dags/example_task_group.py took 0.105 seconds
[2024-11-13T21:13:09.059+0000] {processor.py:186} INFO - Started process (PID=621) to work on /home/airflow/.local/lib/python3.12/site-packages/airflow/example_dags/example_task_group.py
[2024-11-13T21:13:09.060+0000] {processor.py:914} INFO - Processing file /home/airflow/.local/lib/python3.12/site-packages/airflow/example_dags/example_task_group.py for tasks to queue
[2024-11-13T21:13:09.063+0000] {logging_mixin.py:190} INFO - [2024-11-13T21:13:09.063+0000] {dagbag.py:588} INFO - Filling up the DagBag from /home/airflow/.local/lib/python3.12/site-packages/airflow/example_dags/example_task_group.py
[2024-11-13T21:13:09.074+0000] {processor.py:925} INFO - DAG(s) 'example_task_group' retrieved from /home/airflow/.local/lib/python3.12/site-packages/airflow/example_dags/example_task_group.py
[2024-11-13T21:13:09.101+0000] {logging_mixin.py:190} INFO - [2024-11-13T21:13:09.101+0000] {dag.py:3239} INFO - Sync 1 DAGs
[2024-11-13T21:13:09.127+0000] {logging_mixin.py:190} INFO - [2024-11-13T21:13:09.127+0000] {dag.py:4180} INFO - Setting next_dagrun for example_task_group to None, run_after=None
[2024-11-13T21:13:09.153+0000] {processor.py:208} INFO - Processing /home/airflow/.local/lib/python3.12/site-packages/airflow/example_dags/example_task_group.py took 0.101 seconds
[2024-11-13T21:13:39.938+0000] {processor.py:186} INFO - Started process (PID=684) to work on /home/airflow/.local/lib/python3.12/site-packages/airflow/example_dags/example_task_group.py
[2024-11-13T21:13:39.940+0000] {processor.py:914} INFO - Processing file /home/airflow/.local/lib/python3.12/site-packages/airflow/example_dags/example_task_group.py for tasks to queue
[2024-11-13T21:13:39.942+0000] {logging_mixin.py:190} INFO - [2024-11-13T21:13:39.942+0000] {dagbag.py:588} INFO - Filling up the DagBag from /home/airflow/.local/lib/python3.12/site-packages/airflow/example_dags/example_task_group.py
[2024-11-13T21:13:39.952+0000] {processor.py:925} INFO - DAG(s) 'example_task_group' retrieved from /home/airflow/.local/lib/python3.12/site-packages/airflow/example_dags/example_task_group.py
[2024-11-13T21:13:39.974+0000] {logging_mixin.py:190} INFO - [2024-11-13T21:13:39.973+0000] {dag.py:3239} INFO - Sync 1 DAGs
[2024-11-13T21:13:39.989+0000] {logging_mixin.py:190} INFO - [2024-11-13T21:13:39.988+0000] {dag.py:4180} INFO - Setting next_dagrun for example_task_group to None, run_after=None
[2024-11-13T21:13:40.006+0000] {processor.py:208} INFO - Processing /home/airflow/.local/lib/python3.12/site-packages/airflow/example_dags/example_task_group.py took 0.074 seconds
