[2024-11-13T19:48:20.033+0000] {processor.py:186} INFO - Started process (PID=119) to work on /home/airflow/.local/lib/python3.12/site-packages/airflow/example_dags/example_sensors.py
[2024-11-13T19:48:20.035+0000] {processor.py:914} INFO - Processing file /home/airflow/.local/lib/python3.12/site-packages/airflow/example_dags/example_sensors.py for tasks to queue
[2024-11-13T19:48:20.038+0000] {logging_mixin.py:190} INFO - [2024-11-13T19:48:20.038+0000] {dagbag.py:588} INFO - Filling up the DagBag from /home/airflow/.local/lib/python3.12/site-packages/airflow/example_dags/example_sensors.py
[2024-11-13T19:48:20.054+0000] {processor.py:925} INFO - DAG(s) 'example_sensors' retrieved from /home/airflow/.local/lib/python3.12/site-packages/airflow/example_dags/example_sensors.py
[2024-11-13T19:48:20.193+0000] {logging_mixin.py:190} INFO - [2024-11-13T19:48:20.192+0000] {override.py:1911} INFO - Created Permission View: can delete on DAG:example_sensors
[2024-11-13T19:48:20.212+0000] {logging_mixin.py:190} INFO - [2024-11-13T19:48:20.211+0000] {override.py:1911} INFO - Created Permission View: can edit on DAG:example_sensors
[2024-11-13T19:48:20.226+0000] {logging_mixin.py:190} INFO - [2024-11-13T19:48:20.225+0000] {override.py:1911} INFO - Created Permission View: can read on DAG:example_sensors
[2024-11-13T19:48:20.242+0000] {logging_mixin.py:190} INFO - [2024-11-13T19:48:20.241+0000] {override.py:1911} INFO - Created Permission View: can create on DAG Run:example_sensors
[2024-11-13T19:48:20.258+0000] {logging_mixin.py:190} INFO - [2024-11-13T19:48:20.257+0000] {override.py:1911} INFO - Created Permission View: menu access on DAG Run:example_sensors
[2024-11-13T19:48:20.279+0000] {logging_mixin.py:190} INFO - [2024-11-13T19:48:20.278+0000] {override.py:1911} INFO - Created Permission View: can delete on DAG Run:example_sensors
[2024-11-13T19:48:20.295+0000] {logging_mixin.py:190} INFO - [2024-11-13T19:48:20.294+0000] {override.py:1911} INFO - Created Permission View: can read on DAG Run:example_sensors
[2024-11-13T19:48:20.296+0000] {logging_mixin.py:190} INFO - [2024-11-13T19:48:20.296+0000] {dag.py:3239} INFO - Sync 1 DAGs
[2024-11-13T19:48:20.325+0000] {logging_mixin.py:190} INFO - [2024-11-13T19:48:20.325+0000] {dag.py:3262} INFO - Creating ORM DAG for example_sensors
[2024-11-13T19:48:20.327+0000] {logging_mixin.py:190} INFO - [2024-11-13T19:48:20.327+0000] {dag.py:4180} INFO - Setting next_dagrun for example_sensors to None, run_after=None
[2024-11-13T19:48:20.367+0000] {processor.py:208} INFO - Processing /home/airflow/.local/lib/python3.12/site-packages/airflow/example_dags/example_sensors.py took 0.340 seconds
[2024-11-13T19:48:50.711+0000] {processor.py:186} INFO - Started process (PID=183) to work on /home/airflow/.local/lib/python3.12/site-packages/airflow/example_dags/example_sensors.py
[2024-11-13T19:48:50.714+0000] {processor.py:914} INFO - Processing file /home/airflow/.local/lib/python3.12/site-packages/airflow/example_dags/example_sensors.py for tasks to queue
[2024-11-13T19:48:50.718+0000] {logging_mixin.py:190} INFO - [2024-11-13T19:48:50.717+0000] {dagbag.py:588} INFO - Filling up the DagBag from /home/airflow/.local/lib/python3.12/site-packages/airflow/example_dags/example_sensors.py
[2024-11-13T19:48:50.730+0000] {processor.py:925} INFO - DAG(s) 'example_sensors' retrieved from /home/airflow/.local/lib/python3.12/site-packages/airflow/example_dags/example_sensors.py
[2024-11-13T19:48:50.766+0000] {logging_mixin.py:190} INFO - [2024-11-13T19:48:50.766+0000] {dag.py:3239} INFO - Sync 1 DAGs
[2024-11-13T19:48:50.782+0000] {logging_mixin.py:190} INFO - [2024-11-13T19:48:50.782+0000] {dag.py:4180} INFO - Setting next_dagrun for example_sensors to None, run_after=None
[2024-11-13T19:48:50.806+0000] {processor.py:208} INFO - Processing /home/airflow/.local/lib/python3.12/site-packages/airflow/example_dags/example_sensors.py took 0.102 seconds
[2024-11-13T19:49:22.402+0000] {processor.py:186} INFO - Started process (PID=247) to work on /home/airflow/.local/lib/python3.12/site-packages/airflow/example_dags/example_sensors.py
[2024-11-13T19:49:22.404+0000] {processor.py:914} INFO - Processing file /home/airflow/.local/lib/python3.12/site-packages/airflow/example_dags/example_sensors.py for tasks to queue
[2024-11-13T19:49:22.408+0000] {logging_mixin.py:190} INFO - [2024-11-13T19:49:22.408+0000] {dagbag.py:588} INFO - Filling up the DagBag from /home/airflow/.local/lib/python3.12/site-packages/airflow/example_dags/example_sensors.py
[2024-11-13T19:49:22.422+0000] {processor.py:925} INFO - DAG(s) 'example_sensors' retrieved from /home/airflow/.local/lib/python3.12/site-packages/airflow/example_dags/example_sensors.py
[2024-11-13T19:49:22.456+0000] {logging_mixin.py:190} INFO - [2024-11-13T19:49:22.455+0000] {dag.py:3239} INFO - Sync 1 DAGs
[2024-11-13T19:49:22.479+0000] {logging_mixin.py:190} INFO - [2024-11-13T19:49:22.479+0000] {dag.py:4180} INFO - Setting next_dagrun for example_sensors to None, run_after=None
[2024-11-13T19:49:22.510+0000] {processor.py:208} INFO - Processing /home/airflow/.local/lib/python3.12/site-packages/airflow/example_dags/example_sensors.py took 0.116 seconds
[2024-11-13T19:49:53.611+0000] {processor.py:186} INFO - Started process (PID=311) to work on /home/airflow/.local/lib/python3.12/site-packages/airflow/example_dags/example_sensors.py
[2024-11-13T19:49:53.612+0000] {processor.py:914} INFO - Processing file /home/airflow/.local/lib/python3.12/site-packages/airflow/example_dags/example_sensors.py for tasks to queue
[2024-11-13T19:49:53.615+0000] {logging_mixin.py:190} INFO - [2024-11-13T19:49:53.615+0000] {dagbag.py:588} INFO - Filling up the DagBag from /home/airflow/.local/lib/python3.12/site-packages/airflow/example_dags/example_sensors.py
[2024-11-13T19:49:53.628+0000] {processor.py:925} INFO - DAG(s) 'example_sensors' retrieved from /home/airflow/.local/lib/python3.12/site-packages/airflow/example_dags/example_sensors.py
[2024-11-13T19:49:53.661+0000] {logging_mixin.py:190} INFO - [2024-11-13T19:49:53.660+0000] {dag.py:3239} INFO - Sync 1 DAGs
[2024-11-13T19:49:53.680+0000] {logging_mixin.py:190} INFO - [2024-11-13T19:49:53.680+0000] {dag.py:4180} INFO - Setting next_dagrun for example_sensors to None, run_after=None
[2024-11-13T19:49:53.712+0000] {processor.py:208} INFO - Processing /home/airflow/.local/lib/python3.12/site-packages/airflow/example_dags/example_sensors.py took 0.109 seconds
[2024-11-13T19:50:24.734+0000] {processor.py:186} INFO - Started process (PID=375) to work on /home/airflow/.local/lib/python3.12/site-packages/airflow/example_dags/example_sensors.py
[2024-11-13T19:50:24.735+0000] {processor.py:914} INFO - Processing file /home/airflow/.local/lib/python3.12/site-packages/airflow/example_dags/example_sensors.py for tasks to queue
[2024-11-13T19:50:24.738+0000] {logging_mixin.py:190} INFO - [2024-11-13T19:50:24.737+0000] {dagbag.py:588} INFO - Filling up the DagBag from /home/airflow/.local/lib/python3.12/site-packages/airflow/example_dags/example_sensors.py
[2024-11-13T19:50:24.753+0000] {processor.py:925} INFO - DAG(s) 'example_sensors' retrieved from /home/airflow/.local/lib/python3.12/site-packages/airflow/example_dags/example_sensors.py
[2024-11-13T19:50:24.784+0000] {logging_mixin.py:190} INFO - [2024-11-13T19:50:24.784+0000] {dag.py:3239} INFO - Sync 1 DAGs
[2024-11-13T19:50:24.801+0000] {logging_mixin.py:190} INFO - [2024-11-13T19:50:24.801+0000] {dag.py:4180} INFO - Setting next_dagrun for example_sensors to None, run_after=None
[2024-11-13T19:50:24.820+0000] {processor.py:208} INFO - Processing /home/airflow/.local/lib/python3.12/site-packages/airflow/example_dags/example_sensors.py took 0.093 seconds
[2024-11-13T19:50:55.765+0000] {processor.py:186} INFO - Started process (PID=439) to work on /home/airflow/.local/lib/python3.12/site-packages/airflow/example_dags/example_sensors.py
[2024-11-13T19:50:55.767+0000] {processor.py:914} INFO - Processing file /home/airflow/.local/lib/python3.12/site-packages/airflow/example_dags/example_sensors.py for tasks to queue
[2024-11-13T19:50:55.791+0000] {logging_mixin.py:190} INFO - [2024-11-13T19:50:55.790+0000] {dagbag.py:588} INFO - Filling up the DagBag from /home/airflow/.local/lib/python3.12/site-packages/airflow/example_dags/example_sensors.py
[2024-11-13T19:50:55.816+0000] {processor.py:925} INFO - DAG(s) 'example_sensors' retrieved from /home/airflow/.local/lib/python3.12/site-packages/airflow/example_dags/example_sensors.py
[2024-11-13T19:50:55.865+0000] {logging_mixin.py:190} INFO - [2024-11-13T19:50:55.865+0000] {dag.py:3239} INFO - Sync 1 DAGs
[2024-11-13T19:50:55.892+0000] {logging_mixin.py:190} INFO - [2024-11-13T19:50:55.891+0000] {dag.py:4180} INFO - Setting next_dagrun for example_sensors to None, run_after=None
[2024-11-13T19:50:55.921+0000] {processor.py:208} INFO - Processing /home/airflow/.local/lib/python3.12/site-packages/airflow/example_dags/example_sensors.py took 0.165 seconds
[2024-11-13T19:51:26.736+0000] {processor.py:186} INFO - Started process (PID=503) to work on /home/airflow/.local/lib/python3.12/site-packages/airflow/example_dags/example_sensors.py
[2024-11-13T19:51:26.738+0000] {processor.py:914} INFO - Processing file /home/airflow/.local/lib/python3.12/site-packages/airflow/example_dags/example_sensors.py for tasks to queue
[2024-11-13T19:51:26.741+0000] {logging_mixin.py:190} INFO - [2024-11-13T19:51:26.741+0000] {dagbag.py:588} INFO - Filling up the DagBag from /home/airflow/.local/lib/python3.12/site-packages/airflow/example_dags/example_sensors.py
[2024-11-13T19:51:26.756+0000] {processor.py:925} INFO - DAG(s) 'example_sensors' retrieved from /home/airflow/.local/lib/python3.12/site-packages/airflow/example_dags/example_sensors.py
[2024-11-13T19:51:26.792+0000] {logging_mixin.py:190} INFO - [2024-11-13T19:51:26.792+0000] {dag.py:3239} INFO - Sync 1 DAGs
[2024-11-13T19:51:26.811+0000] {logging_mixin.py:190} INFO - [2024-11-13T19:51:26.811+0000] {dag.py:4180} INFO - Setting next_dagrun for example_sensors to None, run_after=None
[2024-11-13T19:51:26.835+0000] {processor.py:208} INFO - Processing /home/airflow/.local/lib/python3.12/site-packages/airflow/example_dags/example_sensors.py took 0.107 seconds
[2024-11-13T19:52:44.215+0000] {processor.py:186} INFO - Started process (PID=119) to work on /home/airflow/.local/lib/python3.12/site-packages/airflow/example_dags/example_sensors.py
[2024-11-13T19:52:44.216+0000] {processor.py:914} INFO - Processing file /home/airflow/.local/lib/python3.12/site-packages/airflow/example_dags/example_sensors.py for tasks to queue
[2024-11-13T19:52:44.220+0000] {logging_mixin.py:190} INFO - [2024-11-13T19:52:44.219+0000] {dagbag.py:588} INFO - Filling up the DagBag from /home/airflow/.local/lib/python3.12/site-packages/airflow/example_dags/example_sensors.py
[2024-11-13T19:52:44.237+0000] {processor.py:925} INFO - DAG(s) 'example_sensors' retrieved from /home/airflow/.local/lib/python3.12/site-packages/airflow/example_dags/example_sensors.py
[2024-11-13T19:52:44.275+0000] {logging_mixin.py:190} INFO - [2024-11-13T19:52:44.275+0000] {dag.py:3239} INFO - Sync 1 DAGs
[2024-11-13T19:52:44.294+0000] {logging_mixin.py:190} INFO - [2024-11-13T19:52:44.294+0000] {dag.py:4180} INFO - Setting next_dagrun for example_sensors to None, run_after=None
[2024-11-13T19:52:44.323+0000] {processor.py:208} INFO - Processing /home/airflow/.local/lib/python3.12/site-packages/airflow/example_dags/example_sensors.py took 0.116 seconds
[2024-11-13T19:53:15.343+0000] {processor.py:186} INFO - Started process (PID=183) to work on /home/airflow/.local/lib/python3.12/site-packages/airflow/example_dags/example_sensors.py
[2024-11-13T19:53:15.344+0000] {processor.py:914} INFO - Processing file /home/airflow/.local/lib/python3.12/site-packages/airflow/example_dags/example_sensors.py for tasks to queue
[2024-11-13T19:53:15.348+0000] {logging_mixin.py:190} INFO - [2024-11-13T19:53:15.347+0000] {dagbag.py:588} INFO - Filling up the DagBag from /home/airflow/.local/lib/python3.12/site-packages/airflow/example_dags/example_sensors.py
[2024-11-13T19:53:15.364+0000] {processor.py:925} INFO - DAG(s) 'example_sensors' retrieved from /home/airflow/.local/lib/python3.12/site-packages/airflow/example_dags/example_sensors.py
[2024-11-13T19:53:15.398+0000] {logging_mixin.py:190} INFO - [2024-11-13T19:53:15.398+0000] {dag.py:3239} INFO - Sync 1 DAGs
[2024-11-13T19:53:15.416+0000] {logging_mixin.py:190} INFO - [2024-11-13T19:53:15.416+0000] {dag.py:4180} INFO - Setting next_dagrun for example_sensors to None, run_after=None
[2024-11-13T19:53:15.437+0000] {processor.py:208} INFO - Processing /home/airflow/.local/lib/python3.12/site-packages/airflow/example_dags/example_sensors.py took 0.103 seconds
[2024-11-13T19:53:46.639+0000] {processor.py:186} INFO - Started process (PID=247) to work on /home/airflow/.local/lib/python3.12/site-packages/airflow/example_dags/example_sensors.py
[2024-11-13T19:53:46.640+0000] {processor.py:914} INFO - Processing file /home/airflow/.local/lib/python3.12/site-packages/airflow/example_dags/example_sensors.py for tasks to queue
[2024-11-13T19:53:46.642+0000] {logging_mixin.py:190} INFO - [2024-11-13T19:53:46.642+0000] {dagbag.py:588} INFO - Filling up the DagBag from /home/airflow/.local/lib/python3.12/site-packages/airflow/example_dags/example_sensors.py
[2024-11-13T19:53:46.660+0000] {processor.py:925} INFO - DAG(s) 'example_sensors' retrieved from /home/airflow/.local/lib/python3.12/site-packages/airflow/example_dags/example_sensors.py
[2024-11-13T19:53:46.689+0000] {logging_mixin.py:190} INFO - [2024-11-13T19:53:46.688+0000] {dag.py:3239} INFO - Sync 1 DAGs
[2024-11-13T19:53:46.704+0000] {logging_mixin.py:190} INFO - [2024-11-13T19:53:46.703+0000] {dag.py:4180} INFO - Setting next_dagrun for example_sensors to None, run_after=None
[2024-11-13T19:53:46.726+0000] {processor.py:208} INFO - Processing /home/airflow/.local/lib/python3.12/site-packages/airflow/example_dags/example_sensors.py took 0.094 seconds
[2024-11-13T19:54:17.760+0000] {processor.py:186} INFO - Started process (PID=311) to work on /home/airflow/.local/lib/python3.12/site-packages/airflow/example_dags/example_sensors.py
[2024-11-13T19:54:17.762+0000] {processor.py:914} INFO - Processing file /home/airflow/.local/lib/python3.12/site-packages/airflow/example_dags/example_sensors.py for tasks to queue
[2024-11-13T19:54:17.766+0000] {logging_mixin.py:190} INFO - [2024-11-13T19:54:17.766+0000] {dagbag.py:588} INFO - Filling up the DagBag from /home/airflow/.local/lib/python3.12/site-packages/airflow/example_dags/example_sensors.py
[2024-11-13T19:54:17.788+0000] {processor.py:925} INFO - DAG(s) 'example_sensors' retrieved from /home/airflow/.local/lib/python3.12/site-packages/airflow/example_dags/example_sensors.py
[2024-11-13T19:54:17.836+0000] {logging_mixin.py:190} INFO - [2024-11-13T19:54:17.835+0000] {dag.py:3239} INFO - Sync 1 DAGs
[2024-11-13T19:54:17.859+0000] {logging_mixin.py:190} INFO - [2024-11-13T19:54:17.858+0000] {dag.py:4180} INFO - Setting next_dagrun for example_sensors to None, run_after=None
[2024-11-13T19:54:17.896+0000] {processor.py:208} INFO - Processing /home/airflow/.local/lib/python3.12/site-packages/airflow/example_dags/example_sensors.py took 0.146 seconds
[2024-11-13T19:59:47.668+0000] {processor.py:186} INFO - Started process (PID=111) to work on /home/airflow/.local/lib/python3.12/site-packages/airflow/example_dags/example_sensors.py
[2024-11-13T19:59:47.670+0000] {processor.py:914} INFO - Processing file /home/airflow/.local/lib/python3.12/site-packages/airflow/example_dags/example_sensors.py for tasks to queue
[2024-11-13T19:59:47.673+0000] {logging_mixin.py:190} INFO - [2024-11-13T19:59:47.672+0000] {dagbag.py:588} INFO - Filling up the DagBag from /home/airflow/.local/lib/python3.12/site-packages/airflow/example_dags/example_sensors.py
[2024-11-13T19:59:47.687+0000] {processor.py:925} INFO - DAG(s) 'example_sensors' retrieved from /home/airflow/.local/lib/python3.12/site-packages/airflow/example_dags/example_sensors.py
[2024-11-13T19:59:47.724+0000] {logging_mixin.py:190} INFO - [2024-11-13T19:59:47.724+0000] {dag.py:3239} INFO - Sync 1 DAGs
[2024-11-13T19:59:47.742+0000] {logging_mixin.py:190} INFO - [2024-11-13T19:59:47.742+0000] {dag.py:4180} INFO - Setting next_dagrun for example_sensors to None, run_after=None
[2024-11-13T19:59:47.776+0000] {processor.py:208} INFO - Processing /home/airflow/.local/lib/python3.12/site-packages/airflow/example_dags/example_sensors.py took 0.115 seconds
[2024-11-13T20:00:18.671+0000] {processor.py:186} INFO - Started process (PID=175) to work on /home/airflow/.local/lib/python3.12/site-packages/airflow/example_dags/example_sensors.py
[2024-11-13T20:00:18.673+0000] {processor.py:914} INFO - Processing file /home/airflow/.local/lib/python3.12/site-packages/airflow/example_dags/example_sensors.py for tasks to queue
[2024-11-13T20:00:18.679+0000] {logging_mixin.py:190} INFO - [2024-11-13T20:00:18.678+0000] {dagbag.py:588} INFO - Filling up the DagBag from /home/airflow/.local/lib/python3.12/site-packages/airflow/example_dags/example_sensors.py
[2024-11-13T20:00:18.696+0000] {processor.py:925} INFO - DAG(s) 'example_sensors' retrieved from /home/airflow/.local/lib/python3.12/site-packages/airflow/example_dags/example_sensors.py
[2024-11-13T20:00:18.727+0000] {logging_mixin.py:190} INFO - [2024-11-13T20:00:18.727+0000] {dag.py:3239} INFO - Sync 1 DAGs
[2024-11-13T20:00:18.744+0000] {logging_mixin.py:190} INFO - [2024-11-13T20:00:18.744+0000] {dag.py:4180} INFO - Setting next_dagrun for example_sensors to None, run_after=None
[2024-11-13T20:00:18.769+0000] {processor.py:208} INFO - Processing /home/airflow/.local/lib/python3.12/site-packages/airflow/example_dags/example_sensors.py took 0.108 seconds
[2024-11-13T20:00:49.845+0000] {processor.py:186} INFO - Started process (PID=239) to work on /home/airflow/.local/lib/python3.12/site-packages/airflow/example_dags/example_sensors.py
[2024-11-13T20:00:49.847+0000] {processor.py:914} INFO - Processing file /home/airflow/.local/lib/python3.12/site-packages/airflow/example_dags/example_sensors.py for tasks to queue
[2024-11-13T20:00:49.851+0000] {logging_mixin.py:190} INFO - [2024-11-13T20:00:49.851+0000] {dagbag.py:588} INFO - Filling up the DagBag from /home/airflow/.local/lib/python3.12/site-packages/airflow/example_dags/example_sensors.py
[2024-11-13T20:00:49.871+0000] {processor.py:925} INFO - DAG(s) 'example_sensors' retrieved from /home/airflow/.local/lib/python3.12/site-packages/airflow/example_dags/example_sensors.py
[2024-11-13T20:00:49.909+0000] {logging_mixin.py:190} INFO - [2024-11-13T20:00:49.909+0000] {dag.py:3239} INFO - Sync 1 DAGs
[2024-11-13T20:00:49.930+0000] {logging_mixin.py:190} INFO - [2024-11-13T20:00:49.929+0000] {dag.py:4180} INFO - Setting next_dagrun for example_sensors to None, run_after=None
[2024-11-13T20:00:49.958+0000] {processor.py:208} INFO - Processing /home/airflow/.local/lib/python3.12/site-packages/airflow/example_dags/example_sensors.py took 0.122 seconds
[2024-11-13T20:01:20.718+0000] {processor.py:186} INFO - Started process (PID=303) to work on /home/airflow/.local/lib/python3.12/site-packages/airflow/example_dags/example_sensors.py
[2024-11-13T20:01:20.719+0000] {processor.py:914} INFO - Processing file /home/airflow/.local/lib/python3.12/site-packages/airflow/example_dags/example_sensors.py for tasks to queue
[2024-11-13T20:01:20.721+0000] {logging_mixin.py:190} INFO - [2024-11-13T20:01:20.721+0000] {dagbag.py:588} INFO - Filling up the DagBag from /home/airflow/.local/lib/python3.12/site-packages/airflow/example_dags/example_sensors.py
[2024-11-13T20:01:20.733+0000] {processor.py:925} INFO - DAG(s) 'example_sensors' retrieved from /home/airflow/.local/lib/python3.12/site-packages/airflow/example_dags/example_sensors.py
[2024-11-13T20:01:20.762+0000] {logging_mixin.py:190} INFO - [2024-11-13T20:01:20.762+0000] {dag.py:3239} INFO - Sync 1 DAGs
[2024-11-13T20:01:20.779+0000] {logging_mixin.py:190} INFO - [2024-11-13T20:01:20.779+0000] {dag.py:4180} INFO - Setting next_dagrun for example_sensors to None, run_after=None
[2024-11-13T20:01:20.803+0000] {processor.py:208} INFO - Processing /home/airflow/.local/lib/python3.12/site-packages/airflow/example_dags/example_sensors.py took 0.093 seconds
[2024-11-13T20:01:51.837+0000] {processor.py:186} INFO - Started process (PID=367) to work on /home/airflow/.local/lib/python3.12/site-packages/airflow/example_dags/example_sensors.py
[2024-11-13T20:01:51.841+0000] {processor.py:914} INFO - Processing file /home/airflow/.local/lib/python3.12/site-packages/airflow/example_dags/example_sensors.py for tasks to queue
[2024-11-13T20:01:51.844+0000] {logging_mixin.py:190} INFO - [2024-11-13T20:01:51.843+0000] {dagbag.py:588} INFO - Filling up the DagBag from /home/airflow/.local/lib/python3.12/site-packages/airflow/example_dags/example_sensors.py
[2024-11-13T20:01:51.859+0000] {processor.py:925} INFO - DAG(s) 'example_sensors' retrieved from /home/airflow/.local/lib/python3.12/site-packages/airflow/example_dags/example_sensors.py
[2024-11-13T20:01:51.899+0000] {logging_mixin.py:190} INFO - [2024-11-13T20:01:51.898+0000] {dag.py:3239} INFO - Sync 1 DAGs
[2024-11-13T20:01:51.920+0000] {logging_mixin.py:190} INFO - [2024-11-13T20:01:51.920+0000] {dag.py:4180} INFO - Setting next_dagrun for example_sensors to None, run_after=None
[2024-11-13T20:01:51.944+0000] {processor.py:208} INFO - Processing /home/airflow/.local/lib/python3.12/site-packages/airflow/example_dags/example_sensors.py took 0.115 seconds
[2024-11-13T20:02:22.792+0000] {processor.py:186} INFO - Started process (PID=431) to work on /home/airflow/.local/lib/python3.12/site-packages/airflow/example_dags/example_sensors.py
[2024-11-13T20:02:22.794+0000] {processor.py:914} INFO - Processing file /home/airflow/.local/lib/python3.12/site-packages/airflow/example_dags/example_sensors.py for tasks to queue
[2024-11-13T20:02:22.797+0000] {logging_mixin.py:190} INFO - [2024-11-13T20:02:22.796+0000] {dagbag.py:588} INFO - Filling up the DagBag from /home/airflow/.local/lib/python3.12/site-packages/airflow/example_dags/example_sensors.py
[2024-11-13T20:02:22.812+0000] {processor.py:925} INFO - DAG(s) 'example_sensors' retrieved from /home/airflow/.local/lib/python3.12/site-packages/airflow/example_dags/example_sensors.py
[2024-11-13T20:02:22.847+0000] {logging_mixin.py:190} INFO - [2024-11-13T20:02:22.847+0000] {dag.py:3239} INFO - Sync 1 DAGs
[2024-11-13T20:02:22.866+0000] {logging_mixin.py:190} INFO - [2024-11-13T20:02:22.866+0000] {dag.py:4180} INFO - Setting next_dagrun for example_sensors to None, run_after=None
[2024-11-13T20:02:22.891+0000] {processor.py:208} INFO - Processing /home/airflow/.local/lib/python3.12/site-packages/airflow/example_dags/example_sensors.py took 0.107 seconds
[2024-11-13T20:02:54.727+0000] {processor.py:186} INFO - Started process (PID=495) to work on /home/airflow/.local/lib/python3.12/site-packages/airflow/example_dags/example_sensors.py
[2024-11-13T20:02:54.729+0000] {processor.py:914} INFO - Processing file /home/airflow/.local/lib/python3.12/site-packages/airflow/example_dags/example_sensors.py for tasks to queue
[2024-11-13T20:02:54.732+0000] {logging_mixin.py:190} INFO - [2024-11-13T20:02:54.732+0000] {dagbag.py:588} INFO - Filling up the DagBag from /home/airflow/.local/lib/python3.12/site-packages/airflow/example_dags/example_sensors.py
[2024-11-13T20:02:54.748+0000] {processor.py:925} INFO - DAG(s) 'example_sensors' retrieved from /home/airflow/.local/lib/python3.12/site-packages/airflow/example_dags/example_sensors.py
[2024-11-13T20:02:54.790+0000] {logging_mixin.py:190} INFO - [2024-11-13T20:02:54.789+0000] {dag.py:3239} INFO - Sync 1 DAGs
[2024-11-13T20:02:54.812+0000] {logging_mixin.py:190} INFO - [2024-11-13T20:02:54.811+0000] {dag.py:4180} INFO - Setting next_dagrun for example_sensors to None, run_after=None
[2024-11-13T20:02:54.836+0000] {processor.py:208} INFO - Processing /home/airflow/.local/lib/python3.12/site-packages/airflow/example_dags/example_sensors.py took 0.119 seconds
[2024-11-13T20:03:25.843+0000] {processor.py:186} INFO - Started process (PID=559) to work on /home/airflow/.local/lib/python3.12/site-packages/airflow/example_dags/example_sensors.py
[2024-11-13T20:03:25.844+0000] {processor.py:914} INFO - Processing file /home/airflow/.local/lib/python3.12/site-packages/airflow/example_dags/example_sensors.py for tasks to queue
[2024-11-13T20:03:25.847+0000] {logging_mixin.py:190} INFO - [2024-11-13T20:03:25.847+0000] {dagbag.py:588} INFO - Filling up the DagBag from /home/airflow/.local/lib/python3.12/site-packages/airflow/example_dags/example_sensors.py
[2024-11-13T20:03:25.860+0000] {processor.py:925} INFO - DAG(s) 'example_sensors' retrieved from /home/airflow/.local/lib/python3.12/site-packages/airflow/example_dags/example_sensors.py
[2024-11-13T20:03:25.894+0000] {logging_mixin.py:190} INFO - [2024-11-13T20:03:25.893+0000] {dag.py:3239} INFO - Sync 1 DAGs
[2024-11-13T20:03:25.911+0000] {logging_mixin.py:190} INFO - [2024-11-13T20:03:25.910+0000] {dag.py:4180} INFO - Setting next_dagrun for example_sensors to None, run_after=None
[2024-11-13T20:03:25.933+0000] {processor.py:208} INFO - Processing /home/airflow/.local/lib/python3.12/site-packages/airflow/example_dags/example_sensors.py took 0.097 seconds
[2024-11-13T20:03:56.902+0000] {processor.py:186} INFO - Started process (PID=623) to work on /home/airflow/.local/lib/python3.12/site-packages/airflow/example_dags/example_sensors.py
[2024-11-13T20:03:56.903+0000] {processor.py:914} INFO - Processing file /home/airflow/.local/lib/python3.12/site-packages/airflow/example_dags/example_sensors.py for tasks to queue
[2024-11-13T20:03:56.906+0000] {logging_mixin.py:190} INFO - [2024-11-13T20:03:56.906+0000] {dagbag.py:588} INFO - Filling up the DagBag from /home/airflow/.local/lib/python3.12/site-packages/airflow/example_dags/example_sensors.py
[2024-11-13T20:03:56.919+0000] {processor.py:925} INFO - DAG(s) 'example_sensors' retrieved from /home/airflow/.local/lib/python3.12/site-packages/airflow/example_dags/example_sensors.py
[2024-11-13T20:03:56.948+0000] {logging_mixin.py:190} INFO - [2024-11-13T20:03:56.948+0000] {dag.py:3239} INFO - Sync 1 DAGs
[2024-11-13T20:03:56.965+0000] {logging_mixin.py:190} INFO - [2024-11-13T20:03:56.964+0000] {dag.py:4180} INFO - Setting next_dagrun for example_sensors to None, run_after=None
[2024-11-13T20:03:56.990+0000] {processor.py:208} INFO - Processing /home/airflow/.local/lib/python3.12/site-packages/airflow/example_dags/example_sensors.py took 0.095 seconds
[2024-11-13T20:04:27.874+0000] {processor.py:186} INFO - Started process (PID=687) to work on /home/airflow/.local/lib/python3.12/site-packages/airflow/example_dags/example_sensors.py
[2024-11-13T20:04:27.875+0000] {processor.py:914} INFO - Processing file /home/airflow/.local/lib/python3.12/site-packages/airflow/example_dags/example_sensors.py for tasks to queue
[2024-11-13T20:04:27.878+0000] {logging_mixin.py:190} INFO - [2024-11-13T20:04:27.877+0000] {dagbag.py:588} INFO - Filling up the DagBag from /home/airflow/.local/lib/python3.12/site-packages/airflow/example_dags/example_sensors.py
[2024-11-13T20:04:27.892+0000] {processor.py:925} INFO - DAG(s) 'example_sensors' retrieved from /home/airflow/.local/lib/python3.12/site-packages/airflow/example_dags/example_sensors.py
[2024-11-13T20:04:27.923+0000] {logging_mixin.py:190} INFO - [2024-11-13T20:04:27.922+0000] {dag.py:3239} INFO - Sync 1 DAGs
[2024-11-13T20:04:27.938+0000] {logging_mixin.py:190} INFO - [2024-11-13T20:04:27.937+0000] {dag.py:4180} INFO - Setting next_dagrun for example_sensors to None, run_after=None
[2024-11-13T20:04:27.957+0000] {processor.py:208} INFO - Processing /home/airflow/.local/lib/python3.12/site-packages/airflow/example_dags/example_sensors.py took 0.089 seconds
[2024-11-13T20:04:58.810+0000] {processor.py:186} INFO - Started process (PID=751) to work on /home/airflow/.local/lib/python3.12/site-packages/airflow/example_dags/example_sensors.py
[2024-11-13T20:04:58.812+0000] {processor.py:914} INFO - Processing file /home/airflow/.local/lib/python3.12/site-packages/airflow/example_dags/example_sensors.py for tasks to queue
[2024-11-13T20:04:58.815+0000] {logging_mixin.py:190} INFO - [2024-11-13T20:04:58.814+0000] {dagbag.py:588} INFO - Filling up the DagBag from /home/airflow/.local/lib/python3.12/site-packages/airflow/example_dags/example_sensors.py
[2024-11-13T20:04:58.828+0000] {processor.py:925} INFO - DAG(s) 'example_sensors' retrieved from /home/airflow/.local/lib/python3.12/site-packages/airflow/example_dags/example_sensors.py
[2024-11-13T20:04:58.858+0000] {logging_mixin.py:190} INFO - [2024-11-13T20:04:58.858+0000] {dag.py:3239} INFO - Sync 1 DAGs
[2024-11-13T20:04:58.874+0000] {logging_mixin.py:190} INFO - [2024-11-13T20:04:58.873+0000] {dag.py:4180} INFO - Setting next_dagrun for example_sensors to None, run_after=None
[2024-11-13T20:04:58.900+0000] {processor.py:208} INFO - Processing /home/airflow/.local/lib/python3.12/site-packages/airflow/example_dags/example_sensors.py took 0.097 seconds
[2024-11-13T20:05:29.742+0000] {processor.py:186} INFO - Started process (PID=815) to work on /home/airflow/.local/lib/python3.12/site-packages/airflow/example_dags/example_sensors.py
[2024-11-13T20:05:29.743+0000] {processor.py:914} INFO - Processing file /home/airflow/.local/lib/python3.12/site-packages/airflow/example_dags/example_sensors.py for tasks to queue
[2024-11-13T20:05:29.746+0000] {logging_mixin.py:190} INFO - [2024-11-13T20:05:29.745+0000] {dagbag.py:588} INFO - Filling up the DagBag from /home/airflow/.local/lib/python3.12/site-packages/airflow/example_dags/example_sensors.py
[2024-11-13T20:05:29.762+0000] {processor.py:925} INFO - DAG(s) 'example_sensors' retrieved from /home/airflow/.local/lib/python3.12/site-packages/airflow/example_dags/example_sensors.py
[2024-11-13T20:05:29.794+0000] {logging_mixin.py:190} INFO - [2024-11-13T20:05:29.794+0000] {dag.py:3239} INFO - Sync 1 DAGs
[2024-11-13T20:05:29.811+0000] {logging_mixin.py:190} INFO - [2024-11-13T20:05:29.811+0000] {dag.py:4180} INFO - Setting next_dagrun for example_sensors to None, run_after=None
[2024-11-13T20:05:29.833+0000] {processor.py:208} INFO - Processing /home/airflow/.local/lib/python3.12/site-packages/airflow/example_dags/example_sensors.py took 0.098 seconds
[2024-11-13T20:06:00.809+0000] {processor.py:186} INFO - Started process (PID=879) to work on /home/airflow/.local/lib/python3.12/site-packages/airflow/example_dags/example_sensors.py
[2024-11-13T20:06:00.812+0000] {processor.py:914} INFO - Processing file /home/airflow/.local/lib/python3.12/site-packages/airflow/example_dags/example_sensors.py for tasks to queue
[2024-11-13T20:06:00.816+0000] {logging_mixin.py:190} INFO - [2024-11-13T20:06:00.815+0000] {dagbag.py:588} INFO - Filling up the DagBag from /home/airflow/.local/lib/python3.12/site-packages/airflow/example_dags/example_sensors.py
[2024-11-13T20:06:00.830+0000] {processor.py:925} INFO - DAG(s) 'example_sensors' retrieved from /home/airflow/.local/lib/python3.12/site-packages/airflow/example_dags/example_sensors.py
[2024-11-13T20:06:00.864+0000] {logging_mixin.py:190} INFO - [2024-11-13T20:06:00.864+0000] {dag.py:3239} INFO - Sync 1 DAGs
[2024-11-13T20:06:00.882+0000] {logging_mixin.py:190} INFO - [2024-11-13T20:06:00.882+0000] {dag.py:4180} INFO - Setting next_dagrun for example_sensors to None, run_after=None
[2024-11-13T20:06:00.903+0000] {processor.py:208} INFO - Processing /home/airflow/.local/lib/python3.12/site-packages/airflow/example_dags/example_sensors.py took 0.103 seconds
[2024-11-13T20:06:31.655+0000] {processor.py:186} INFO - Started process (PID=943) to work on /home/airflow/.local/lib/python3.12/site-packages/airflow/example_dags/example_sensors.py
[2024-11-13T20:06:31.656+0000] {processor.py:914} INFO - Processing file /home/airflow/.local/lib/python3.12/site-packages/airflow/example_dags/example_sensors.py for tasks to queue
[2024-11-13T20:06:31.659+0000] {logging_mixin.py:190} INFO - [2024-11-13T20:06:31.658+0000] {dagbag.py:588} INFO - Filling up the DagBag from /home/airflow/.local/lib/python3.12/site-packages/airflow/example_dags/example_sensors.py
[2024-11-13T20:06:31.670+0000] {processor.py:925} INFO - DAG(s) 'example_sensors' retrieved from /home/airflow/.local/lib/python3.12/site-packages/airflow/example_dags/example_sensors.py
[2024-11-13T20:06:31.697+0000] {logging_mixin.py:190} INFO - [2024-11-13T20:06:31.697+0000] {dag.py:3239} INFO - Sync 1 DAGs
[2024-11-13T20:06:31.719+0000] {logging_mixin.py:190} INFO - [2024-11-13T20:06:31.719+0000] {dag.py:4180} INFO - Setting next_dagrun for example_sensors to None, run_after=None
[2024-11-13T20:06:31.746+0000] {processor.py:208} INFO - Processing /home/airflow/.local/lib/python3.12/site-packages/airflow/example_dags/example_sensors.py took 0.097 seconds
[2024-11-13T20:07:03.163+0000] {processor.py:186} INFO - Started process (PID=1006) to work on /home/airflow/.local/lib/python3.12/site-packages/airflow/example_dags/example_sensors.py
[2024-11-13T20:07:03.165+0000] {processor.py:914} INFO - Processing file /home/airflow/.local/lib/python3.12/site-packages/airflow/example_dags/example_sensors.py for tasks to queue
[2024-11-13T20:07:03.170+0000] {logging_mixin.py:190} INFO - [2024-11-13T20:07:03.169+0000] {dagbag.py:588} INFO - Filling up the DagBag from /home/airflow/.local/lib/python3.12/site-packages/airflow/example_dags/example_sensors.py
[2024-11-13T20:07:03.190+0000] {processor.py:925} INFO - DAG(s) 'example_sensors' retrieved from /home/airflow/.local/lib/python3.12/site-packages/airflow/example_dags/example_sensors.py
[2024-11-13T20:07:03.237+0000] {logging_mixin.py:190} INFO - [2024-11-13T20:07:03.236+0000] {dag.py:3239} INFO - Sync 1 DAGs
[2024-11-13T20:07:03.265+0000] {logging_mixin.py:190} INFO - [2024-11-13T20:07:03.265+0000] {dag.py:4180} INFO - Setting next_dagrun for example_sensors to None, run_after=None
[2024-11-13T20:07:03.307+0000] {processor.py:208} INFO - Processing /home/airflow/.local/lib/python3.12/site-packages/airflow/example_dags/example_sensors.py took 0.155 seconds
[2024-11-13T20:07:34.103+0000] {processor.py:186} INFO - Started process (PID=1070) to work on /home/airflow/.local/lib/python3.12/site-packages/airflow/example_dags/example_sensors.py
[2024-11-13T20:07:34.104+0000] {processor.py:914} INFO - Processing file /home/airflow/.local/lib/python3.12/site-packages/airflow/example_dags/example_sensors.py for tasks to queue
[2024-11-13T20:07:34.107+0000] {logging_mixin.py:190} INFO - [2024-11-13T20:07:34.107+0000] {dagbag.py:588} INFO - Filling up the DagBag from /home/airflow/.local/lib/python3.12/site-packages/airflow/example_dags/example_sensors.py
[2024-11-13T20:07:34.121+0000] {processor.py:925} INFO - DAG(s) 'example_sensors' retrieved from /home/airflow/.local/lib/python3.12/site-packages/airflow/example_dags/example_sensors.py
[2024-11-13T20:07:34.152+0000] {logging_mixin.py:190} INFO - [2024-11-13T20:07:34.152+0000] {dag.py:3239} INFO - Sync 1 DAGs
[2024-11-13T20:07:34.171+0000] {logging_mixin.py:190} INFO - [2024-11-13T20:07:34.171+0000] {dag.py:4180} INFO - Setting next_dagrun for example_sensors to None, run_after=None
[2024-11-13T20:07:34.193+0000] {processor.py:208} INFO - Processing /home/airflow/.local/lib/python3.12/site-packages/airflow/example_dags/example_sensors.py took 0.097 seconds
[2024-11-13T20:08:05.536+0000] {processor.py:186} INFO - Started process (PID=1134) to work on /home/airflow/.local/lib/python3.12/site-packages/airflow/example_dags/example_sensors.py
[2024-11-13T20:08:05.537+0000] {processor.py:914} INFO - Processing file /home/airflow/.local/lib/python3.12/site-packages/airflow/example_dags/example_sensors.py for tasks to queue
[2024-11-13T20:08:05.539+0000] {logging_mixin.py:190} INFO - [2024-11-13T20:08:05.539+0000] {dagbag.py:588} INFO - Filling up the DagBag from /home/airflow/.local/lib/python3.12/site-packages/airflow/example_dags/example_sensors.py
[2024-11-13T20:08:05.551+0000] {processor.py:925} INFO - DAG(s) 'example_sensors' retrieved from /home/airflow/.local/lib/python3.12/site-packages/airflow/example_dags/example_sensors.py
[2024-11-13T20:08:05.578+0000] {logging_mixin.py:190} INFO - [2024-11-13T20:08:05.578+0000] {dag.py:3239} INFO - Sync 1 DAGs
[2024-11-13T20:08:05.595+0000] {logging_mixin.py:190} INFO - [2024-11-13T20:08:05.594+0000] {dag.py:4180} INFO - Setting next_dagrun for example_sensors to None, run_after=None
[2024-11-13T20:08:05.615+0000] {processor.py:208} INFO - Processing /home/airflow/.local/lib/python3.12/site-packages/airflow/example_dags/example_sensors.py took 0.086 seconds
[2024-11-13T20:08:36.637+0000] {processor.py:186} INFO - Started process (PID=1198) to work on /home/airflow/.local/lib/python3.12/site-packages/airflow/example_dags/example_sensors.py
[2024-11-13T20:08:36.640+0000] {processor.py:914} INFO - Processing file /home/airflow/.local/lib/python3.12/site-packages/airflow/example_dags/example_sensors.py for tasks to queue
[2024-11-13T20:08:36.642+0000] {logging_mixin.py:190} INFO - [2024-11-13T20:08:36.642+0000] {dagbag.py:588} INFO - Filling up the DagBag from /home/airflow/.local/lib/python3.12/site-packages/airflow/example_dags/example_sensors.py
[2024-11-13T20:08:36.654+0000] {processor.py:925} INFO - DAG(s) 'example_sensors' retrieved from /home/airflow/.local/lib/python3.12/site-packages/airflow/example_dags/example_sensors.py
[2024-11-13T20:08:36.682+0000] {logging_mixin.py:190} INFO - [2024-11-13T20:08:36.682+0000] {dag.py:3239} INFO - Sync 1 DAGs
[2024-11-13T20:08:36.696+0000] {logging_mixin.py:190} INFO - [2024-11-13T20:08:36.696+0000] {dag.py:4180} INFO - Setting next_dagrun for example_sensors to None, run_after=None
[2024-11-13T20:08:36.716+0000] {processor.py:208} INFO - Processing /home/airflow/.local/lib/python3.12/site-packages/airflow/example_dags/example_sensors.py took 0.085 seconds
[2024-11-13T20:09:07.601+0000] {processor.py:186} INFO - Started process (PID=1262) to work on /home/airflow/.local/lib/python3.12/site-packages/airflow/example_dags/example_sensors.py
[2024-11-13T20:09:07.602+0000] {processor.py:914} INFO - Processing file /home/airflow/.local/lib/python3.12/site-packages/airflow/example_dags/example_sensors.py for tasks to queue
[2024-11-13T20:09:07.605+0000] {logging_mixin.py:190} INFO - [2024-11-13T20:09:07.605+0000] {dagbag.py:588} INFO - Filling up the DagBag from /home/airflow/.local/lib/python3.12/site-packages/airflow/example_dags/example_sensors.py
[2024-11-13T20:09:07.618+0000] {processor.py:925} INFO - DAG(s) 'example_sensors' retrieved from /home/airflow/.local/lib/python3.12/site-packages/airflow/example_dags/example_sensors.py
[2024-11-13T20:09:07.647+0000] {logging_mixin.py:190} INFO - [2024-11-13T20:09:07.647+0000] {dag.py:3239} INFO - Sync 1 DAGs
[2024-11-13T20:09:07.662+0000] {logging_mixin.py:190} INFO - [2024-11-13T20:09:07.662+0000] {dag.py:4180} INFO - Setting next_dagrun for example_sensors to None, run_after=None
[2024-11-13T20:09:07.684+0000] {processor.py:208} INFO - Processing /home/airflow/.local/lib/python3.12/site-packages/airflow/example_dags/example_sensors.py took 0.089 seconds
[2024-11-13T20:09:38.797+0000] {processor.py:186} INFO - Started process (PID=1326) to work on /home/airflow/.local/lib/python3.12/site-packages/airflow/example_dags/example_sensors.py
[2024-11-13T20:09:38.799+0000] {processor.py:914} INFO - Processing file /home/airflow/.local/lib/python3.12/site-packages/airflow/example_dags/example_sensors.py for tasks to queue
[2024-11-13T20:09:38.801+0000] {logging_mixin.py:190} INFO - [2024-11-13T20:09:38.801+0000] {dagbag.py:588} INFO - Filling up the DagBag from /home/airflow/.local/lib/python3.12/site-packages/airflow/example_dags/example_sensors.py
[2024-11-13T20:09:38.814+0000] {processor.py:925} INFO - DAG(s) 'example_sensors' retrieved from /home/airflow/.local/lib/python3.12/site-packages/airflow/example_dags/example_sensors.py
[2024-11-13T20:09:38.842+0000] {logging_mixin.py:190} INFO - [2024-11-13T20:09:38.842+0000] {dag.py:3239} INFO - Sync 1 DAGs
[2024-11-13T20:09:38.858+0000] {logging_mixin.py:190} INFO - [2024-11-13T20:09:38.858+0000] {dag.py:4180} INFO - Setting next_dagrun for example_sensors to None, run_after=None
[2024-11-13T20:09:38.879+0000] {processor.py:208} INFO - Processing /home/airflow/.local/lib/python3.12/site-packages/airflow/example_dags/example_sensors.py took 0.089 seconds
[2024-11-13T20:10:10.238+0000] {processor.py:186} INFO - Started process (PID=1390) to work on /home/airflow/.local/lib/python3.12/site-packages/airflow/example_dags/example_sensors.py
[2024-11-13T20:10:10.240+0000] {processor.py:914} INFO - Processing file /home/airflow/.local/lib/python3.12/site-packages/airflow/example_dags/example_sensors.py for tasks to queue
[2024-11-13T20:10:10.244+0000] {logging_mixin.py:190} INFO - [2024-11-13T20:10:10.244+0000] {dagbag.py:588} INFO - Filling up the DagBag from /home/airflow/.local/lib/python3.12/site-packages/airflow/example_dags/example_sensors.py
[2024-11-13T20:10:10.270+0000] {processor.py:925} INFO - DAG(s) 'example_sensors' retrieved from /home/airflow/.local/lib/python3.12/site-packages/airflow/example_dags/example_sensors.py
[2024-11-13T20:10:10.413+0000] {logging_mixin.py:190} INFO - [2024-11-13T20:10:10.412+0000] {dag.py:3239} INFO - Sync 1 DAGs
[2024-11-13T20:10:10.473+0000] {logging_mixin.py:190} INFO - [2024-11-13T20:10:10.472+0000] {dag.py:4180} INFO - Setting next_dagrun for example_sensors to None, run_after=None
[2024-11-13T20:10:10.525+0000] {processor.py:208} INFO - Processing /home/airflow/.local/lib/python3.12/site-packages/airflow/example_dags/example_sensors.py took 0.300 seconds
[2024-11-13T20:10:41.849+0000] {processor.py:186} INFO - Started process (PID=1454) to work on /home/airflow/.local/lib/python3.12/site-packages/airflow/example_dags/example_sensors.py
[2024-11-13T20:10:41.851+0000] {processor.py:914} INFO - Processing file /home/airflow/.local/lib/python3.12/site-packages/airflow/example_dags/example_sensors.py for tasks to queue
[2024-11-13T20:10:41.857+0000] {logging_mixin.py:190} INFO - [2024-11-13T20:10:41.857+0000] {dagbag.py:588} INFO - Filling up the DagBag from /home/airflow/.local/lib/python3.12/site-packages/airflow/example_dags/example_sensors.py
[2024-11-13T20:10:41.872+0000] {processor.py:925} INFO - DAG(s) 'example_sensors' retrieved from /home/airflow/.local/lib/python3.12/site-packages/airflow/example_dags/example_sensors.py
[2024-11-13T20:10:41.911+0000] {logging_mixin.py:190} INFO - [2024-11-13T20:10:41.911+0000] {dag.py:3239} INFO - Sync 1 DAGs
[2024-11-13T20:10:41.937+0000] {logging_mixin.py:190} INFO - [2024-11-13T20:10:41.937+0000] {dag.py:4180} INFO - Setting next_dagrun for example_sensors to None, run_after=None
[2024-11-13T20:10:41.971+0000] {processor.py:208} INFO - Processing /home/airflow/.local/lib/python3.12/site-packages/airflow/example_dags/example_sensors.py took 0.131 seconds
[2024-11-13T20:11:12.940+0000] {processor.py:186} INFO - Started process (PID=1517) to work on /home/airflow/.local/lib/python3.12/site-packages/airflow/example_dags/example_sensors.py
[2024-11-13T20:11:12.942+0000] {processor.py:914} INFO - Processing file /home/airflow/.local/lib/python3.12/site-packages/airflow/example_dags/example_sensors.py for tasks to queue
[2024-11-13T20:11:12.945+0000] {logging_mixin.py:190} INFO - [2024-11-13T20:11:12.944+0000] {dagbag.py:588} INFO - Filling up the DagBag from /home/airflow/.local/lib/python3.12/site-packages/airflow/example_dags/example_sensors.py
[2024-11-13T20:11:12.963+0000] {processor.py:925} INFO - DAG(s) 'example_sensors' retrieved from /home/airflow/.local/lib/python3.12/site-packages/airflow/example_dags/example_sensors.py
[2024-11-13T20:11:13.011+0000] {logging_mixin.py:190} INFO - [2024-11-13T20:11:13.010+0000] {dag.py:3239} INFO - Sync 1 DAGs
[2024-11-13T20:11:13.034+0000] {logging_mixin.py:190} INFO - [2024-11-13T20:11:13.034+0000] {dag.py:4180} INFO - Setting next_dagrun for example_sensors to None, run_after=None
[2024-11-13T20:11:13.058+0000] {processor.py:208} INFO - Processing /home/airflow/.local/lib/python3.12/site-packages/airflow/example_dags/example_sensors.py took 0.129 seconds
[2024-11-13T20:12:41.599+0000] {processor.py:186} INFO - Started process (PID=126) to work on /home/airflow/.local/lib/python3.12/site-packages/airflow/example_dags/example_sensors.py
[2024-11-13T20:12:41.601+0000] {processor.py:914} INFO - Processing file /home/airflow/.local/lib/python3.12/site-packages/airflow/example_dags/example_sensors.py for tasks to queue
[2024-11-13T20:12:41.607+0000] {logging_mixin.py:190} INFO - [2024-11-13T20:12:41.606+0000] {dagbag.py:588} INFO - Filling up the DagBag from /home/airflow/.local/lib/python3.12/site-packages/airflow/example_dags/example_sensors.py
[2024-11-13T20:12:41.640+0000] {processor.py:925} INFO - DAG(s) 'example_sensors' retrieved from /home/airflow/.local/lib/python3.12/site-packages/airflow/example_dags/example_sensors.py
[2024-11-13T20:12:41.704+0000] {logging_mixin.py:190} INFO - [2024-11-13T20:12:41.704+0000] {dag.py:3239} INFO - Sync 1 DAGs
[2024-11-13T20:12:41.740+0000] {logging_mixin.py:190} INFO - [2024-11-13T20:12:41.740+0000] {dag.py:4180} INFO - Setting next_dagrun for example_sensors to None, run_after=None
[2024-11-13T20:12:41.780+0000] {processor.py:208} INFO - Processing /home/airflow/.local/lib/python3.12/site-packages/airflow/example_dags/example_sensors.py took 0.195 seconds
[2024-11-13T20:13:14.195+0000] {processor.py:186} INFO - Started process (PID=190) to work on /home/airflow/.local/lib/python3.12/site-packages/airflow/example_dags/example_sensors.py
[2024-11-13T20:13:14.198+0000] {processor.py:914} INFO - Processing file /home/airflow/.local/lib/python3.12/site-packages/airflow/example_dags/example_sensors.py for tasks to queue
[2024-11-13T20:13:14.205+0000] {logging_mixin.py:190} INFO - [2024-11-13T20:13:14.204+0000] {dagbag.py:588} INFO - Filling up the DagBag from /home/airflow/.local/lib/python3.12/site-packages/airflow/example_dags/example_sensors.py
[2024-11-13T20:13:14.233+0000] {processor.py:925} INFO - DAG(s) 'example_sensors' retrieved from /home/airflow/.local/lib/python3.12/site-packages/airflow/example_dags/example_sensors.py
[2024-11-13T20:13:14.295+0000] {logging_mixin.py:190} INFO - [2024-11-13T20:13:14.295+0000] {dag.py:3239} INFO - Sync 1 DAGs
[2024-11-13T20:13:14.328+0000] {logging_mixin.py:190} INFO - [2024-11-13T20:13:14.328+0000] {dag.py:4180} INFO - Setting next_dagrun for example_sensors to None, run_after=None
[2024-11-13T20:13:14.367+0000] {processor.py:208} INFO - Processing /home/airflow/.local/lib/python3.12/site-packages/airflow/example_dags/example_sensors.py took 0.187 seconds
[2024-11-13T20:13:45.595+0000] {processor.py:186} INFO - Started process (PID=254) to work on /home/airflow/.local/lib/python3.12/site-packages/airflow/example_dags/example_sensors.py
[2024-11-13T20:13:45.597+0000] {processor.py:914} INFO - Processing file /home/airflow/.local/lib/python3.12/site-packages/airflow/example_dags/example_sensors.py for tasks to queue
[2024-11-13T20:13:45.600+0000] {logging_mixin.py:190} INFO - [2024-11-13T20:13:45.600+0000] {dagbag.py:588} INFO - Filling up the DagBag from /home/airflow/.local/lib/python3.12/site-packages/airflow/example_dags/example_sensors.py
[2024-11-13T20:13:45.622+0000] {processor.py:925} INFO - DAG(s) 'example_sensors' retrieved from /home/airflow/.local/lib/python3.12/site-packages/airflow/example_dags/example_sensors.py
[2024-11-13T20:13:45.664+0000] {logging_mixin.py:190} INFO - [2024-11-13T20:13:45.664+0000] {dag.py:3239} INFO - Sync 1 DAGs
[2024-11-13T20:13:45.699+0000] {logging_mixin.py:190} INFO - [2024-11-13T20:13:45.699+0000] {dag.py:4180} INFO - Setting next_dagrun for example_sensors to None, run_after=None
[2024-11-13T20:13:45.746+0000] {processor.py:208} INFO - Processing /home/airflow/.local/lib/python3.12/site-packages/airflow/example_dags/example_sensors.py took 0.161 seconds
[2024-11-13T20:16:07.408+0000] {processor.py:186} INFO - Started process (PID=113) to work on /home/airflow/.local/lib/python3.12/site-packages/airflow/example_dags/example_sensors.py
[2024-11-13T20:16:07.410+0000] {processor.py:914} INFO - Processing file /home/airflow/.local/lib/python3.12/site-packages/airflow/example_dags/example_sensors.py for tasks to queue
[2024-11-13T20:16:07.413+0000] {logging_mixin.py:190} INFO - [2024-11-13T20:16:07.412+0000] {dagbag.py:588} INFO - Filling up the DagBag from /home/airflow/.local/lib/python3.12/site-packages/airflow/example_dags/example_sensors.py
[2024-11-13T20:16:07.428+0000] {processor.py:925} INFO - DAG(s) 'example_sensors' retrieved from /home/airflow/.local/lib/python3.12/site-packages/airflow/example_dags/example_sensors.py
[2024-11-13T20:16:07.466+0000] {logging_mixin.py:190} INFO - [2024-11-13T20:16:07.466+0000] {dag.py:3239} INFO - Sync 1 DAGs
[2024-11-13T20:16:07.486+0000] {logging_mixin.py:190} INFO - [2024-11-13T20:16:07.486+0000] {dag.py:4180} INFO - Setting next_dagrun for example_sensors to None, run_after=None
[2024-11-13T20:16:07.515+0000] {processor.py:208} INFO - Processing /home/airflow/.local/lib/python3.12/site-packages/airflow/example_dags/example_sensors.py took 0.115 seconds
[2024-11-13T20:16:38.378+0000] {processor.py:186} INFO - Started process (PID=177) to work on /home/airflow/.local/lib/python3.12/site-packages/airflow/example_dags/example_sensors.py
[2024-11-13T20:16:38.379+0000] {processor.py:914} INFO - Processing file /home/airflow/.local/lib/python3.12/site-packages/airflow/example_dags/example_sensors.py for tasks to queue
[2024-11-13T20:16:38.382+0000] {logging_mixin.py:190} INFO - [2024-11-13T20:16:38.382+0000] {dagbag.py:588} INFO - Filling up the DagBag from /home/airflow/.local/lib/python3.12/site-packages/airflow/example_dags/example_sensors.py
[2024-11-13T20:16:38.404+0000] {processor.py:925} INFO - DAG(s) 'example_sensors' retrieved from /home/airflow/.local/lib/python3.12/site-packages/airflow/example_dags/example_sensors.py
[2024-11-13T20:16:38.445+0000] {logging_mixin.py:190} INFO - [2024-11-13T20:16:38.444+0000] {dag.py:3239} INFO - Sync 1 DAGs
[2024-11-13T20:16:38.466+0000] {logging_mixin.py:190} INFO - [2024-11-13T20:16:38.465+0000] {dag.py:4180} INFO - Setting next_dagrun for example_sensors to None, run_after=None
[2024-11-13T20:16:38.494+0000] {processor.py:208} INFO - Processing /home/airflow/.local/lib/python3.12/site-packages/airflow/example_dags/example_sensors.py took 0.125 seconds
[2024-11-13T20:17:09.208+0000] {processor.py:186} INFO - Started process (PID=241) to work on /home/airflow/.local/lib/python3.12/site-packages/airflow/example_dags/example_sensors.py
[2024-11-13T20:17:09.209+0000] {processor.py:914} INFO - Processing file /home/airflow/.local/lib/python3.12/site-packages/airflow/example_dags/example_sensors.py for tasks to queue
[2024-11-13T20:17:09.212+0000] {logging_mixin.py:190} INFO - [2024-11-13T20:17:09.211+0000] {dagbag.py:588} INFO - Filling up the DagBag from /home/airflow/.local/lib/python3.12/site-packages/airflow/example_dags/example_sensors.py
[2024-11-13T20:17:09.223+0000] {processor.py:925} INFO - DAG(s) 'example_sensors' retrieved from /home/airflow/.local/lib/python3.12/site-packages/airflow/example_dags/example_sensors.py
[2024-11-13T20:17:09.250+0000] {logging_mixin.py:190} INFO - [2024-11-13T20:17:09.250+0000] {dag.py:3239} INFO - Sync 1 DAGs
[2024-11-13T20:17:09.265+0000] {logging_mixin.py:190} INFO - [2024-11-13T20:17:09.265+0000] {dag.py:4180} INFO - Setting next_dagrun for example_sensors to None, run_after=None
[2024-11-13T20:17:09.284+0000] {processor.py:208} INFO - Processing /home/airflow/.local/lib/python3.12/site-packages/airflow/example_dags/example_sensors.py took 0.082 seconds
[2024-11-13T20:17:39.916+0000] {processor.py:186} INFO - Started process (PID=304) to work on /home/airflow/.local/lib/python3.12/site-packages/airflow/example_dags/example_sensors.py
[2024-11-13T20:17:39.917+0000] {processor.py:914} INFO - Processing file /home/airflow/.local/lib/python3.12/site-packages/airflow/example_dags/example_sensors.py for tasks to queue
[2024-11-13T20:17:39.920+0000] {logging_mixin.py:190} INFO - [2024-11-13T20:17:39.920+0000] {dagbag.py:588} INFO - Filling up the DagBag from /home/airflow/.local/lib/python3.12/site-packages/airflow/example_dags/example_sensors.py
[2024-11-13T20:17:39.934+0000] {processor.py:925} INFO - DAG(s) 'example_sensors' retrieved from /home/airflow/.local/lib/python3.12/site-packages/airflow/example_dags/example_sensors.py
[2024-11-13T20:17:39.965+0000] {logging_mixin.py:190} INFO - [2024-11-13T20:17:39.965+0000] {dag.py:3239} INFO - Sync 1 DAGs
[2024-11-13T20:17:39.982+0000] {logging_mixin.py:190} INFO - [2024-11-13T20:17:39.981+0000] {dag.py:4180} INFO - Setting next_dagrun for example_sensors to None, run_after=None
[2024-11-13T20:17:40.004+0000] {processor.py:208} INFO - Processing /home/airflow/.local/lib/python3.12/site-packages/airflow/example_dags/example_sensors.py took 0.096 seconds
[2024-11-13T20:18:10.970+0000] {processor.py:186} INFO - Started process (PID=368) to work on /home/airflow/.local/lib/python3.12/site-packages/airflow/example_dags/example_sensors.py
[2024-11-13T20:18:10.971+0000] {processor.py:914} INFO - Processing file /home/airflow/.local/lib/python3.12/site-packages/airflow/example_dags/example_sensors.py for tasks to queue
[2024-11-13T20:18:10.974+0000] {logging_mixin.py:190} INFO - [2024-11-13T20:18:10.973+0000] {dagbag.py:588} INFO - Filling up the DagBag from /home/airflow/.local/lib/python3.12/site-packages/airflow/example_dags/example_sensors.py
[2024-11-13T20:18:10.987+0000] {processor.py:925} INFO - DAG(s) 'example_sensors' retrieved from /home/airflow/.local/lib/python3.12/site-packages/airflow/example_dags/example_sensors.py
[2024-11-13T20:18:11.018+0000] {logging_mixin.py:190} INFO - [2024-11-13T20:18:11.018+0000] {dag.py:3239} INFO - Sync 1 DAGs
[2024-11-13T20:18:11.034+0000] {logging_mixin.py:190} INFO - [2024-11-13T20:18:11.033+0000] {dag.py:4180} INFO - Setting next_dagrun for example_sensors to None, run_after=None
[2024-11-13T20:18:11.057+0000] {processor.py:208} INFO - Processing /home/airflow/.local/lib/python3.12/site-packages/airflow/example_dags/example_sensors.py took 0.094 seconds
[2024-11-13T20:18:42.411+0000] {processor.py:186} INFO - Started process (PID=432) to work on /home/airflow/.local/lib/python3.12/site-packages/airflow/example_dags/example_sensors.py
[2024-11-13T20:18:42.412+0000] {processor.py:914} INFO - Processing file /home/airflow/.local/lib/python3.12/site-packages/airflow/example_dags/example_sensors.py for tasks to queue
[2024-11-13T20:18:42.415+0000] {logging_mixin.py:190} INFO - [2024-11-13T20:18:42.414+0000] {dagbag.py:588} INFO - Filling up the DagBag from /home/airflow/.local/lib/python3.12/site-packages/airflow/example_dags/example_sensors.py
[2024-11-13T20:18:42.426+0000] {processor.py:925} INFO - DAG(s) 'example_sensors' retrieved from /home/airflow/.local/lib/python3.12/site-packages/airflow/example_dags/example_sensors.py
[2024-11-13T20:18:42.454+0000] {logging_mixin.py:190} INFO - [2024-11-13T20:18:42.454+0000] {dag.py:3239} INFO - Sync 1 DAGs
[2024-11-13T20:18:42.470+0000] {logging_mixin.py:190} INFO - [2024-11-13T20:18:42.470+0000] {dag.py:4180} INFO - Setting next_dagrun for example_sensors to None, run_after=None
[2024-11-13T20:18:42.499+0000] {processor.py:208} INFO - Processing /home/airflow/.local/lib/python3.12/site-packages/airflow/example_dags/example_sensors.py took 0.094 seconds
[2024-11-13T20:19:13.500+0000] {processor.py:186} INFO - Started process (PID=497) to work on /home/airflow/.local/lib/python3.12/site-packages/airflow/example_dags/example_sensors.py
[2024-11-13T20:19:13.501+0000] {processor.py:914} INFO - Processing file /home/airflow/.local/lib/python3.12/site-packages/airflow/example_dags/example_sensors.py for tasks to queue
[2024-11-13T20:19:13.504+0000] {logging_mixin.py:190} INFO - [2024-11-13T20:19:13.503+0000] {dagbag.py:588} INFO - Filling up the DagBag from /home/airflow/.local/lib/python3.12/site-packages/airflow/example_dags/example_sensors.py
[2024-11-13T20:19:13.516+0000] {processor.py:925} INFO - DAG(s) 'example_sensors' retrieved from /home/airflow/.local/lib/python3.12/site-packages/airflow/example_dags/example_sensors.py
[2024-11-13T20:19:13.548+0000] {logging_mixin.py:190} INFO - [2024-11-13T20:19:13.548+0000] {dag.py:3239} INFO - Sync 1 DAGs
[2024-11-13T20:19:13.565+0000] {logging_mixin.py:190} INFO - [2024-11-13T20:19:13.565+0000] {dag.py:4180} INFO - Setting next_dagrun for example_sensors to None, run_after=None
[2024-11-13T20:19:13.590+0000] {processor.py:208} INFO - Processing /home/airflow/.local/lib/python3.12/site-packages/airflow/example_dags/example_sensors.py took 0.097 seconds
[2024-11-13T20:19:44.301+0000] {processor.py:186} INFO - Started process (PID=561) to work on /home/airflow/.local/lib/python3.12/site-packages/airflow/example_dags/example_sensors.py
[2024-11-13T20:19:44.302+0000] {processor.py:914} INFO - Processing file /home/airflow/.local/lib/python3.12/site-packages/airflow/example_dags/example_sensors.py for tasks to queue
[2024-11-13T20:19:44.305+0000] {logging_mixin.py:190} INFO - [2024-11-13T20:19:44.304+0000] {dagbag.py:588} INFO - Filling up the DagBag from /home/airflow/.local/lib/python3.12/site-packages/airflow/example_dags/example_sensors.py
[2024-11-13T20:19:44.317+0000] {processor.py:925} INFO - DAG(s) 'example_sensors' retrieved from /home/airflow/.local/lib/python3.12/site-packages/airflow/example_dags/example_sensors.py
[2024-11-13T20:19:44.344+0000] {logging_mixin.py:190} INFO - [2024-11-13T20:19:44.344+0000] {dag.py:3239} INFO - Sync 1 DAGs
[2024-11-13T20:19:44.359+0000] {logging_mixin.py:190} INFO - [2024-11-13T20:19:44.359+0000] {dag.py:4180} INFO - Setting next_dagrun for example_sensors to None, run_after=None
[2024-11-13T20:19:44.379+0000] {processor.py:208} INFO - Processing /home/airflow/.local/lib/python3.12/site-packages/airflow/example_dags/example_sensors.py took 0.085 seconds
[2024-11-13T20:20:15.113+0000] {processor.py:186} INFO - Started process (PID=625) to work on /home/airflow/.local/lib/python3.12/site-packages/airflow/example_dags/example_sensors.py
[2024-11-13T20:20:15.115+0000] {processor.py:914} INFO - Processing file /home/airflow/.local/lib/python3.12/site-packages/airflow/example_dags/example_sensors.py for tasks to queue
[2024-11-13T20:20:15.118+0000] {logging_mixin.py:190} INFO - [2024-11-13T20:20:15.117+0000] {dagbag.py:588} INFO - Filling up the DagBag from /home/airflow/.local/lib/python3.12/site-packages/airflow/example_dags/example_sensors.py
[2024-11-13T20:20:15.130+0000] {processor.py:925} INFO - DAG(s) 'example_sensors' retrieved from /home/airflow/.local/lib/python3.12/site-packages/airflow/example_dags/example_sensors.py
[2024-11-13T20:20:15.161+0000] {logging_mixin.py:190} INFO - [2024-11-13T20:20:15.161+0000] {dag.py:3239} INFO - Sync 1 DAGs
[2024-11-13T20:20:15.177+0000] {logging_mixin.py:190} INFO - [2024-11-13T20:20:15.176+0000] {dag.py:4180} INFO - Setting next_dagrun for example_sensors to None, run_after=None
[2024-11-13T20:20:15.197+0000] {processor.py:208} INFO - Processing /home/airflow/.local/lib/python3.12/site-packages/airflow/example_dags/example_sensors.py took 0.090 seconds
[2024-11-13T20:20:45.470+0000] {processor.py:186} INFO - Started process (PID=688) to work on /home/airflow/.local/lib/python3.12/site-packages/airflow/example_dags/example_sensors.py
[2024-11-13T20:20:45.471+0000] {processor.py:914} INFO - Processing file /home/airflow/.local/lib/python3.12/site-packages/airflow/example_dags/example_sensors.py for tasks to queue
[2024-11-13T20:20:45.474+0000] {logging_mixin.py:190} INFO - [2024-11-13T20:20:45.473+0000] {dagbag.py:588} INFO - Filling up the DagBag from /home/airflow/.local/lib/python3.12/site-packages/airflow/example_dags/example_sensors.py
[2024-11-13T20:20:45.485+0000] {processor.py:925} INFO - DAG(s) 'example_sensors' retrieved from /home/airflow/.local/lib/python3.12/site-packages/airflow/example_dags/example_sensors.py
[2024-11-13T20:20:45.510+0000] {logging_mixin.py:190} INFO - [2024-11-13T20:20:45.510+0000] {dag.py:3239} INFO - Sync 1 DAGs
[2024-11-13T20:20:45.525+0000] {logging_mixin.py:190} INFO - [2024-11-13T20:20:45.525+0000] {dag.py:4180} INFO - Setting next_dagrun for example_sensors to None, run_after=None
[2024-11-13T20:20:45.548+0000] {processor.py:208} INFO - Processing /home/airflow/.local/lib/python3.12/site-packages/airflow/example_dags/example_sensors.py took 0.084 seconds
[2024-11-13T20:21:16.876+0000] {processor.py:186} INFO - Started process (PID=751) to work on /home/airflow/.local/lib/python3.12/site-packages/airflow/example_dags/example_sensors.py
[2024-11-13T20:21:16.877+0000] {processor.py:914} INFO - Processing file /home/airflow/.local/lib/python3.12/site-packages/airflow/example_dags/example_sensors.py for tasks to queue
[2024-11-13T20:21:16.880+0000] {logging_mixin.py:190} INFO - [2024-11-13T20:21:16.879+0000] {dagbag.py:588} INFO - Filling up the DagBag from /home/airflow/.local/lib/python3.12/site-packages/airflow/example_dags/example_sensors.py
[2024-11-13T20:21:16.891+0000] {processor.py:925} INFO - DAG(s) 'example_sensors' retrieved from /home/airflow/.local/lib/python3.12/site-packages/airflow/example_dags/example_sensors.py
[2024-11-13T20:21:16.918+0000] {logging_mixin.py:190} INFO - [2024-11-13T20:21:16.918+0000] {dag.py:3239} INFO - Sync 1 DAGs
[2024-11-13T20:21:16.934+0000] {logging_mixin.py:190} INFO - [2024-11-13T20:21:16.934+0000] {dag.py:4180} INFO - Setting next_dagrun for example_sensors to None, run_after=None
[2024-11-13T20:21:16.955+0000] {processor.py:208} INFO - Processing /home/airflow/.local/lib/python3.12/site-packages/airflow/example_dags/example_sensors.py took 0.085 seconds
[2024-11-13T20:21:48.224+0000] {processor.py:186} INFO - Started process (PID=815) to work on /home/airflow/.local/lib/python3.12/site-packages/airflow/example_dags/example_sensors.py
[2024-11-13T20:21:48.226+0000] {processor.py:914} INFO - Processing file /home/airflow/.local/lib/python3.12/site-packages/airflow/example_dags/example_sensors.py for tasks to queue
[2024-11-13T20:21:48.230+0000] {logging_mixin.py:190} INFO - [2024-11-13T20:21:48.229+0000] {dagbag.py:588} INFO - Filling up the DagBag from /home/airflow/.local/lib/python3.12/site-packages/airflow/example_dags/example_sensors.py
[2024-11-13T20:21:48.244+0000] {processor.py:925} INFO - DAG(s) 'example_sensors' retrieved from /home/airflow/.local/lib/python3.12/site-packages/airflow/example_dags/example_sensors.py
[2024-11-13T20:21:48.285+0000] {logging_mixin.py:190} INFO - [2024-11-13T20:21:48.285+0000] {dag.py:3239} INFO - Sync 1 DAGs
[2024-11-13T20:21:48.302+0000] {logging_mixin.py:190} INFO - [2024-11-13T20:21:48.302+0000] {dag.py:4180} INFO - Setting next_dagrun for example_sensors to None, run_after=None
[2024-11-13T20:21:48.330+0000] {processor.py:208} INFO - Processing /home/airflow/.local/lib/python3.12/site-packages/airflow/example_dags/example_sensors.py took 0.116 seconds
[2024-11-13T20:22:20.271+0000] {processor.py:186} INFO - Started process (PID=879) to work on /home/airflow/.local/lib/python3.12/site-packages/airflow/example_dags/example_sensors.py
[2024-11-13T20:22:20.272+0000] {processor.py:914} INFO - Processing file /home/airflow/.local/lib/python3.12/site-packages/airflow/example_dags/example_sensors.py for tasks to queue
[2024-11-13T20:22:20.274+0000] {logging_mixin.py:190} INFO - [2024-11-13T20:22:20.274+0000] {dagbag.py:588} INFO - Filling up the DagBag from /home/airflow/.local/lib/python3.12/site-packages/airflow/example_dags/example_sensors.py
[2024-11-13T20:22:20.286+0000] {processor.py:925} INFO - DAG(s) 'example_sensors' retrieved from /home/airflow/.local/lib/python3.12/site-packages/airflow/example_dags/example_sensors.py
[2024-11-13T20:22:20.312+0000] {logging_mixin.py:190} INFO - [2024-11-13T20:22:20.312+0000] {dag.py:3239} INFO - Sync 1 DAGs
[2024-11-13T20:22:20.329+0000] {logging_mixin.py:190} INFO - [2024-11-13T20:22:20.328+0000] {dag.py:4180} INFO - Setting next_dagrun for example_sensors to None, run_after=None
[2024-11-13T20:22:20.347+0000] {processor.py:208} INFO - Processing /home/airflow/.local/lib/python3.12/site-packages/airflow/example_dags/example_sensors.py took 0.083 seconds
[2024-11-13T20:25:32.835+0000] {processor.py:186} INFO - Started process (PID=945) to work on /home/airflow/.local/lib/python3.12/site-packages/airflow/example_dags/example_sensors.py
[2024-11-13T20:25:32.836+0000] {processor.py:914} INFO - Processing file /home/airflow/.local/lib/python3.12/site-packages/airflow/example_dags/example_sensors.py for tasks to queue
[2024-11-13T20:25:32.839+0000] {logging_mixin.py:190} INFO - [2024-11-13T20:25:32.839+0000] {dagbag.py:588} INFO - Filling up the DagBag from /home/airflow/.local/lib/python3.12/site-packages/airflow/example_dags/example_sensors.py
[2024-11-13T20:25:32.861+0000] {processor.py:925} INFO - DAG(s) 'example_sensors' retrieved from /home/airflow/.local/lib/python3.12/site-packages/airflow/example_dags/example_sensors.py
[2024-11-13T20:25:32.901+0000] {logging_mixin.py:190} INFO - [2024-11-13T20:25:32.901+0000] {dag.py:3239} INFO - Sync 1 DAGs
[2024-11-13T20:25:32.920+0000] {logging_mixin.py:190} INFO - [2024-11-13T20:25:32.919+0000] {dag.py:4180} INFO - Setting next_dagrun for example_sensors to None, run_after=None
[2024-11-13T20:25:32.943+0000] {processor.py:208} INFO - Processing /home/airflow/.local/lib/python3.12/site-packages/airflow/example_dags/example_sensors.py took 0.118 seconds
[2024-11-13T20:26:04.955+0000] {processor.py:186} INFO - Started process (PID=1009) to work on /home/airflow/.local/lib/python3.12/site-packages/airflow/example_dags/example_sensors.py
[2024-11-13T20:26:04.957+0000] {processor.py:914} INFO - Processing file /home/airflow/.local/lib/python3.12/site-packages/airflow/example_dags/example_sensors.py for tasks to queue
[2024-11-13T20:26:04.962+0000] {logging_mixin.py:190} INFO - [2024-11-13T20:26:04.961+0000] {dagbag.py:588} INFO - Filling up the DagBag from /home/airflow/.local/lib/python3.12/site-packages/airflow/example_dags/example_sensors.py
[2024-11-13T20:26:04.982+0000] {processor.py:925} INFO - DAG(s) 'example_sensors' retrieved from /home/airflow/.local/lib/python3.12/site-packages/airflow/example_dags/example_sensors.py
[2024-11-13T20:26:05.035+0000] {logging_mixin.py:190} INFO - [2024-11-13T20:26:05.034+0000] {dag.py:3239} INFO - Sync 1 DAGs
[2024-11-13T20:26:05.061+0000] {logging_mixin.py:190} INFO - [2024-11-13T20:26:05.060+0000] {dag.py:4180} INFO - Setting next_dagrun for example_sensors to None, run_after=None
[2024-11-13T20:26:05.093+0000] {processor.py:208} INFO - Processing /home/airflow/.local/lib/python3.12/site-packages/airflow/example_dags/example_sensors.py took 0.150 seconds
[2024-11-13T20:26:36.259+0000] {processor.py:186} INFO - Started process (PID=1073) to work on /home/airflow/.local/lib/python3.12/site-packages/airflow/example_dags/example_sensors.py
[2024-11-13T20:26:36.261+0000] {processor.py:914} INFO - Processing file /home/airflow/.local/lib/python3.12/site-packages/airflow/example_dags/example_sensors.py for tasks to queue
[2024-11-13T20:26:36.264+0000] {logging_mixin.py:190} INFO - [2024-11-13T20:26:36.264+0000] {dagbag.py:588} INFO - Filling up the DagBag from /home/airflow/.local/lib/python3.12/site-packages/airflow/example_dags/example_sensors.py
[2024-11-13T20:26:36.278+0000] {processor.py:925} INFO - DAG(s) 'example_sensors' retrieved from /home/airflow/.local/lib/python3.12/site-packages/airflow/example_dags/example_sensors.py
[2024-11-13T20:26:36.310+0000] {logging_mixin.py:190} INFO - [2024-11-13T20:26:36.310+0000] {dag.py:3239} INFO - Sync 1 DAGs
[2024-11-13T20:26:36.336+0000] {logging_mixin.py:190} INFO - [2024-11-13T20:26:36.336+0000] {dag.py:4180} INFO - Setting next_dagrun for example_sensors to None, run_after=None
[2024-11-13T20:26:36.360+0000] {processor.py:208} INFO - Processing /home/airflow/.local/lib/python3.12/site-packages/airflow/example_dags/example_sensors.py took 0.108 seconds
[2024-11-13T20:27:07.709+0000] {processor.py:186} INFO - Started process (PID=1137) to work on /home/airflow/.local/lib/python3.12/site-packages/airflow/example_dags/example_sensors.py
[2024-11-13T20:27:07.711+0000] {processor.py:914} INFO - Processing file /home/airflow/.local/lib/python3.12/site-packages/airflow/example_dags/example_sensors.py for tasks to queue
[2024-11-13T20:27:07.714+0000] {logging_mixin.py:190} INFO - [2024-11-13T20:27:07.714+0000] {dagbag.py:588} INFO - Filling up the DagBag from /home/airflow/.local/lib/python3.12/site-packages/airflow/example_dags/example_sensors.py
[2024-11-13T20:27:07.730+0000] {processor.py:925} INFO - DAG(s) 'example_sensors' retrieved from /home/airflow/.local/lib/python3.12/site-packages/airflow/example_dags/example_sensors.py
[2024-11-13T20:27:07.819+0000] {logging_mixin.py:190} INFO - [2024-11-13T20:27:07.818+0000] {dag.py:3239} INFO - Sync 1 DAGs
[2024-11-13T20:27:07.862+0000] {logging_mixin.py:190} INFO - [2024-11-13T20:27:07.862+0000] {dag.py:4180} INFO - Setting next_dagrun for example_sensors to None, run_after=None
[2024-11-13T20:27:07.895+0000] {processor.py:208} INFO - Processing /home/airflow/.local/lib/python3.12/site-packages/airflow/example_dags/example_sensors.py took 0.195 seconds
[2024-11-13T20:27:38.929+0000] {processor.py:186} INFO - Started process (PID=1201) to work on /home/airflow/.local/lib/python3.12/site-packages/airflow/example_dags/example_sensors.py
[2024-11-13T20:27:38.931+0000] {processor.py:914} INFO - Processing file /home/airflow/.local/lib/python3.12/site-packages/airflow/example_dags/example_sensors.py for tasks to queue
[2024-11-13T20:27:38.935+0000] {logging_mixin.py:190} INFO - [2024-11-13T20:27:38.935+0000] {dagbag.py:588} INFO - Filling up the DagBag from /home/airflow/.local/lib/python3.12/site-packages/airflow/example_dags/example_sensors.py
[2024-11-13T20:27:38.946+0000] {processor.py:925} INFO - DAG(s) 'example_sensors' retrieved from /home/airflow/.local/lib/python3.12/site-packages/airflow/example_dags/example_sensors.py
[2024-11-13T20:27:38.977+0000] {logging_mixin.py:190} INFO - [2024-11-13T20:27:38.977+0000] {dag.py:3239} INFO - Sync 1 DAGs
[2024-11-13T20:27:38.997+0000] {logging_mixin.py:190} INFO - [2024-11-13T20:27:38.996+0000] {dag.py:4180} INFO - Setting next_dagrun for example_sensors to None, run_after=None
[2024-11-13T20:27:39.022+0000] {processor.py:208} INFO - Processing /home/airflow/.local/lib/python3.12/site-packages/airflow/example_dags/example_sensors.py took 0.099 seconds
[2024-11-13T20:28:09.846+0000] {processor.py:186} INFO - Started process (PID=1265) to work on /home/airflow/.local/lib/python3.12/site-packages/airflow/example_dags/example_sensors.py
[2024-11-13T20:28:09.848+0000] {processor.py:914} INFO - Processing file /home/airflow/.local/lib/python3.12/site-packages/airflow/example_dags/example_sensors.py for tasks to queue
[2024-11-13T20:28:09.851+0000] {logging_mixin.py:190} INFO - [2024-11-13T20:28:09.850+0000] {dagbag.py:588} INFO - Filling up the DagBag from /home/airflow/.local/lib/python3.12/site-packages/airflow/example_dags/example_sensors.py
[2024-11-13T20:28:09.866+0000] {processor.py:925} INFO - DAG(s) 'example_sensors' retrieved from /home/airflow/.local/lib/python3.12/site-packages/airflow/example_dags/example_sensors.py
[2024-11-13T20:28:09.901+0000] {logging_mixin.py:190} INFO - [2024-11-13T20:28:09.901+0000] {dag.py:3239} INFO - Sync 1 DAGs
[2024-11-13T20:28:09.921+0000] {logging_mixin.py:190} INFO - [2024-11-13T20:28:09.921+0000] {dag.py:4180} INFO - Setting next_dagrun for example_sensors to None, run_after=None
[2024-11-13T20:28:09.945+0000] {processor.py:208} INFO - Processing /home/airflow/.local/lib/python3.12/site-packages/airflow/example_dags/example_sensors.py took 0.107 seconds
[2024-11-13T20:28:40.841+0000] {processor.py:186} INFO - Started process (PID=1329) to work on /home/airflow/.local/lib/python3.12/site-packages/airflow/example_dags/example_sensors.py
[2024-11-13T20:28:40.843+0000] {processor.py:914} INFO - Processing file /home/airflow/.local/lib/python3.12/site-packages/airflow/example_dags/example_sensors.py for tasks to queue
[2024-11-13T20:28:40.845+0000] {logging_mixin.py:190} INFO - [2024-11-13T20:28:40.845+0000] {dagbag.py:588} INFO - Filling up the DagBag from /home/airflow/.local/lib/python3.12/site-packages/airflow/example_dags/example_sensors.py
[2024-11-13T20:28:40.857+0000] {processor.py:925} INFO - DAG(s) 'example_sensors' retrieved from /home/airflow/.local/lib/python3.12/site-packages/airflow/example_dags/example_sensors.py
[2024-11-13T20:28:40.885+0000] {logging_mixin.py:190} INFO - [2024-11-13T20:28:40.885+0000] {dag.py:3239} INFO - Sync 1 DAGs
[2024-11-13T20:28:40.902+0000] {logging_mixin.py:190} INFO - [2024-11-13T20:28:40.902+0000] {dag.py:4180} INFO - Setting next_dagrun for example_sensors to None, run_after=None
[2024-11-13T20:28:40.922+0000] {processor.py:208} INFO - Processing /home/airflow/.local/lib/python3.12/site-packages/airflow/example_dags/example_sensors.py took 0.088 seconds
[2024-11-13T20:29:11.955+0000] {processor.py:186} INFO - Started process (PID=1393) to work on /home/airflow/.local/lib/python3.12/site-packages/airflow/example_dags/example_sensors.py
[2024-11-13T20:29:11.956+0000] {processor.py:914} INFO - Processing file /home/airflow/.local/lib/python3.12/site-packages/airflow/example_dags/example_sensors.py for tasks to queue
[2024-11-13T20:29:11.960+0000] {logging_mixin.py:190} INFO - [2024-11-13T20:29:11.959+0000] {dagbag.py:588} INFO - Filling up the DagBag from /home/airflow/.local/lib/python3.12/site-packages/airflow/example_dags/example_sensors.py
[2024-11-13T20:29:11.973+0000] {processor.py:925} INFO - DAG(s) 'example_sensors' retrieved from /home/airflow/.local/lib/python3.12/site-packages/airflow/example_dags/example_sensors.py
[2024-11-13T20:29:12.003+0000] {logging_mixin.py:190} INFO - [2024-11-13T20:29:12.003+0000] {dag.py:3239} INFO - Sync 1 DAGs
[2024-11-13T20:29:12.018+0000] {logging_mixin.py:190} INFO - [2024-11-13T20:29:12.018+0000] {dag.py:4180} INFO - Setting next_dagrun for example_sensors to None, run_after=None
[2024-11-13T20:29:12.038+0000] {processor.py:208} INFO - Processing /home/airflow/.local/lib/python3.12/site-packages/airflow/example_dags/example_sensors.py took 0.091 seconds
[2024-11-13T20:48:00.802+0000] {processor.py:186} INFO - Started process (PID=120) to work on /home/airflow/.local/lib/python3.12/site-packages/airflow/example_dags/example_sensors.py
[2024-11-13T20:48:00.804+0000] {processor.py:914} INFO - Processing file /home/airflow/.local/lib/python3.12/site-packages/airflow/example_dags/example_sensors.py for tasks to queue
[2024-11-13T20:48:00.808+0000] {logging_mixin.py:190} INFO - [2024-11-13T20:48:00.808+0000] {dagbag.py:588} INFO - Filling up the DagBag from /home/airflow/.local/lib/python3.12/site-packages/airflow/example_dags/example_sensors.py
[2024-11-13T20:48:00.825+0000] {processor.py:925} INFO - DAG(s) 'example_sensors' retrieved from /home/airflow/.local/lib/python3.12/site-packages/airflow/example_dags/example_sensors.py
[2024-11-13T20:48:00.884+0000] {logging_mixin.py:190} INFO - [2024-11-13T20:48:00.884+0000] {dag.py:3239} INFO - Sync 1 DAGs
[2024-11-13T20:48:00.910+0000] {logging_mixin.py:190} INFO - [2024-11-13T20:48:00.910+0000] {dag.py:4180} INFO - Setting next_dagrun for example_sensors to None, run_after=None
[2024-11-13T20:48:01.020+0000] {processor.py:208} INFO - Processing /home/airflow/.local/lib/python3.12/site-packages/airflow/example_dags/example_sensors.py took 0.230 seconds
[2024-11-13T20:48:32.298+0000] {processor.py:186} INFO - Started process (PID=184) to work on /home/airflow/.local/lib/python3.12/site-packages/airflow/example_dags/example_sensors.py
[2024-11-13T20:48:32.301+0000] {processor.py:914} INFO - Processing file /home/airflow/.local/lib/python3.12/site-packages/airflow/example_dags/example_sensors.py for tasks to queue
[2024-11-13T20:48:32.306+0000] {logging_mixin.py:190} INFO - [2024-11-13T20:48:32.306+0000] {dagbag.py:588} INFO - Filling up the DagBag from /home/airflow/.local/lib/python3.12/site-packages/airflow/example_dags/example_sensors.py
[2024-11-13T20:48:32.326+0000] {processor.py:925} INFO - DAG(s) 'example_sensors' retrieved from /home/airflow/.local/lib/python3.12/site-packages/airflow/example_dags/example_sensors.py
[2024-11-13T20:48:32.398+0000] {logging_mixin.py:190} INFO - [2024-11-13T20:48:32.397+0000] {dag.py:3239} INFO - Sync 1 DAGs
[2024-11-13T20:48:32.434+0000] {logging_mixin.py:190} INFO - [2024-11-13T20:48:32.434+0000] {dag.py:4180} INFO - Setting next_dagrun for example_sensors to None, run_after=None
[2024-11-13T20:48:32.482+0000] {processor.py:208} INFO - Processing /home/airflow/.local/lib/python3.12/site-packages/airflow/example_dags/example_sensors.py took 0.206 seconds
[2024-11-13T20:49:03.541+0000] {processor.py:186} INFO - Started process (PID=248) to work on /home/airflow/.local/lib/python3.12/site-packages/airflow/example_dags/example_sensors.py
[2024-11-13T20:49:03.543+0000] {processor.py:914} INFO - Processing file /home/airflow/.local/lib/python3.12/site-packages/airflow/example_dags/example_sensors.py for tasks to queue
[2024-11-13T20:49:03.547+0000] {logging_mixin.py:190} INFO - [2024-11-13T20:49:03.547+0000] {dagbag.py:588} INFO - Filling up the DagBag from /home/airflow/.local/lib/python3.12/site-packages/airflow/example_dags/example_sensors.py
[2024-11-13T20:49:03.572+0000] {processor.py:925} INFO - DAG(s) 'example_sensors' retrieved from /home/airflow/.local/lib/python3.12/site-packages/airflow/example_dags/example_sensors.py
[2024-11-13T20:49:03.630+0000] {logging_mixin.py:190} INFO - [2024-11-13T20:49:03.629+0000] {dag.py:3239} INFO - Sync 1 DAGs
[2024-11-13T20:49:03.656+0000] {logging_mixin.py:190} INFO - [2024-11-13T20:49:03.656+0000] {dag.py:4180} INFO - Setting next_dagrun for example_sensors to None, run_after=None
[2024-11-13T20:49:03.689+0000] {processor.py:208} INFO - Processing /home/airflow/.local/lib/python3.12/site-packages/airflow/example_dags/example_sensors.py took 0.160 seconds
[2024-11-13T20:49:35.155+0000] {processor.py:186} INFO - Started process (PID=312) to work on /home/airflow/.local/lib/python3.12/site-packages/airflow/example_dags/example_sensors.py
[2024-11-13T20:49:35.157+0000] {processor.py:914} INFO - Processing file /home/airflow/.local/lib/python3.12/site-packages/airflow/example_dags/example_sensors.py for tasks to queue
[2024-11-13T20:49:35.160+0000] {logging_mixin.py:190} INFO - [2024-11-13T20:49:35.160+0000] {dagbag.py:588} INFO - Filling up the DagBag from /home/airflow/.local/lib/python3.12/site-packages/airflow/example_dags/example_sensors.py
[2024-11-13T20:49:35.179+0000] {processor.py:925} INFO - DAG(s) 'example_sensors' retrieved from /home/airflow/.local/lib/python3.12/site-packages/airflow/example_dags/example_sensors.py
[2024-11-13T20:49:35.214+0000] {logging_mixin.py:190} INFO - [2024-11-13T20:49:35.214+0000] {dag.py:3239} INFO - Sync 1 DAGs
[2024-11-13T20:49:35.231+0000] {logging_mixin.py:190} INFO - [2024-11-13T20:49:35.231+0000] {dag.py:4180} INFO - Setting next_dagrun for example_sensors to None, run_after=None
[2024-11-13T20:49:35.254+0000] {processor.py:208} INFO - Processing /home/airflow/.local/lib/python3.12/site-packages/airflow/example_dags/example_sensors.py took 0.111 seconds
[2024-11-13T20:50:06.126+0000] {processor.py:186} INFO - Started process (PID=376) to work on /home/airflow/.local/lib/python3.12/site-packages/airflow/example_dags/example_sensors.py
[2024-11-13T20:50:06.128+0000] {processor.py:914} INFO - Processing file /home/airflow/.local/lib/python3.12/site-packages/airflow/example_dags/example_sensors.py for tasks to queue
[2024-11-13T20:50:06.130+0000] {logging_mixin.py:190} INFO - [2024-11-13T20:50:06.130+0000] {dagbag.py:588} INFO - Filling up the DagBag from /home/airflow/.local/lib/python3.12/site-packages/airflow/example_dags/example_sensors.py
[2024-11-13T20:50:06.143+0000] {processor.py:925} INFO - DAG(s) 'example_sensors' retrieved from /home/airflow/.local/lib/python3.12/site-packages/airflow/example_dags/example_sensors.py
[2024-11-13T20:50:06.171+0000] {logging_mixin.py:190} INFO - [2024-11-13T20:50:06.170+0000] {dag.py:3239} INFO - Sync 1 DAGs
[2024-11-13T20:50:06.187+0000] {logging_mixin.py:190} INFO - [2024-11-13T20:50:06.187+0000] {dag.py:4180} INFO - Setting next_dagrun for example_sensors to None, run_after=None
[2024-11-13T20:50:06.209+0000] {processor.py:208} INFO - Processing /home/airflow/.local/lib/python3.12/site-packages/airflow/example_dags/example_sensors.py took 0.089 seconds
[2024-11-13T20:50:36.341+0000] {processor.py:186} INFO - Started process (PID=439) to work on /home/airflow/.local/lib/python3.12/site-packages/airflow/example_dags/example_sensors.py
[2024-11-13T20:50:36.342+0000] {processor.py:914} INFO - Processing file /home/airflow/.local/lib/python3.12/site-packages/airflow/example_dags/example_sensors.py for tasks to queue
[2024-11-13T20:50:36.345+0000] {logging_mixin.py:190} INFO - [2024-11-13T20:50:36.345+0000] {dagbag.py:588} INFO - Filling up the DagBag from /home/airflow/.local/lib/python3.12/site-packages/airflow/example_dags/example_sensors.py
[2024-11-13T20:50:36.357+0000] {processor.py:925} INFO - DAG(s) 'example_sensors' retrieved from /home/airflow/.local/lib/python3.12/site-packages/airflow/example_dags/example_sensors.py
[2024-11-13T20:50:36.387+0000] {logging_mixin.py:190} INFO - [2024-11-13T20:50:36.387+0000] {dag.py:3239} INFO - Sync 1 DAGs
[2024-11-13T20:50:36.403+0000] {logging_mixin.py:190} INFO - [2024-11-13T20:50:36.403+0000] {dag.py:4180} INFO - Setting next_dagrun for example_sensors to None, run_after=None
[2024-11-13T20:50:36.423+0000] {processor.py:208} INFO - Processing /home/airflow/.local/lib/python3.12/site-packages/airflow/example_dags/example_sensors.py took 0.089 seconds
[2024-11-13T20:51:07.496+0000] {processor.py:186} INFO - Started process (PID=503) to work on /home/airflow/.local/lib/python3.12/site-packages/airflow/example_dags/example_sensors.py
[2024-11-13T20:51:07.497+0000] {processor.py:914} INFO - Processing file /home/airflow/.local/lib/python3.12/site-packages/airflow/example_dags/example_sensors.py for tasks to queue
[2024-11-13T20:51:07.500+0000] {logging_mixin.py:190} INFO - [2024-11-13T20:51:07.499+0000] {dagbag.py:588} INFO - Filling up the DagBag from /home/airflow/.local/lib/python3.12/site-packages/airflow/example_dags/example_sensors.py
[2024-11-13T20:51:07.513+0000] {processor.py:925} INFO - DAG(s) 'example_sensors' retrieved from /home/airflow/.local/lib/python3.12/site-packages/airflow/example_dags/example_sensors.py
[2024-11-13T20:51:07.543+0000] {logging_mixin.py:190} INFO - [2024-11-13T20:51:07.543+0000] {dag.py:3239} INFO - Sync 1 DAGs
[2024-11-13T20:51:07.559+0000] {logging_mixin.py:190} INFO - [2024-11-13T20:51:07.559+0000] {dag.py:4180} INFO - Setting next_dagrun for example_sensors to None, run_after=None
[2024-11-13T20:51:07.582+0000] {processor.py:208} INFO - Processing /home/airflow/.local/lib/python3.12/site-packages/airflow/example_dags/example_sensors.py took 0.094 seconds
[2024-11-13T21:09:00.777+0000] {processor.py:186} INFO - Started process (PID=117) to work on /home/airflow/.local/lib/python3.12/site-packages/airflow/example_dags/example_sensors.py
[2024-11-13T21:09:00.778+0000] {processor.py:914} INFO - Processing file /home/airflow/.local/lib/python3.12/site-packages/airflow/example_dags/example_sensors.py for tasks to queue
[2024-11-13T21:09:00.781+0000] {logging_mixin.py:190} INFO - [2024-11-13T21:09:00.781+0000] {dagbag.py:588} INFO - Filling up the DagBag from /home/airflow/.local/lib/python3.12/site-packages/airflow/example_dags/example_sensors.py
[2024-11-13T21:09:00.800+0000] {processor.py:925} INFO - DAG(s) 'example_sensors' retrieved from /home/airflow/.local/lib/python3.12/site-packages/airflow/example_dags/example_sensors.py
[2024-11-13T21:09:00.924+0000] {logging_mixin.py:190} INFO - [2024-11-13T21:09:00.924+0000] {override.py:1911} INFO - Created Permission View: can delete on DAG:example_sensors
[2024-11-13T21:09:00.938+0000] {logging_mixin.py:190} INFO - [2024-11-13T21:09:00.938+0000] {override.py:1911} INFO - Created Permission View: can edit on DAG:example_sensors
[2024-11-13T21:09:00.949+0000] {logging_mixin.py:190} INFO - [2024-11-13T21:09:00.949+0000] {override.py:1911} INFO - Created Permission View: can read on DAG:example_sensors
[2024-11-13T21:09:00.961+0000] {logging_mixin.py:190} INFO - [2024-11-13T21:09:00.961+0000] {override.py:1911} INFO - Created Permission View: can create on DAG Run:example_sensors
[2024-11-13T21:09:00.970+0000] {logging_mixin.py:190} INFO - [2024-11-13T21:09:00.970+0000] {override.py:1911} INFO - Created Permission View: menu access on DAG Run:example_sensors
[2024-11-13T21:09:00.979+0000] {logging_mixin.py:190} INFO - [2024-11-13T21:09:00.979+0000] {override.py:1911} INFO - Created Permission View: can delete on DAG Run:example_sensors
[2024-11-13T21:09:00.988+0000] {logging_mixin.py:190} INFO - [2024-11-13T21:09:00.988+0000] {override.py:1911} INFO - Created Permission View: can read on DAG Run:example_sensors
[2024-11-13T21:09:00.989+0000] {logging_mixin.py:190} INFO - [2024-11-13T21:09:00.989+0000] {dag.py:3239} INFO - Sync 1 DAGs
[2024-11-13T21:09:01.006+0000] {logging_mixin.py:190} INFO - [2024-11-13T21:09:01.006+0000] {dag.py:3262} INFO - Creating ORM DAG for example_sensors
[2024-11-13T21:09:01.008+0000] {logging_mixin.py:190} INFO - [2024-11-13T21:09:01.007+0000] {dag.py:4180} INFO - Setting next_dagrun for example_sensors to None, run_after=None
[2024-11-13T21:09:01.027+0000] {processor.py:208} INFO - Processing /home/airflow/.local/lib/python3.12/site-packages/airflow/example_dags/example_sensors.py took 0.257 seconds
[2024-11-13T21:09:31.488+0000] {processor.py:186} INFO - Started process (PID=180) to work on /home/airflow/.local/lib/python3.12/site-packages/airflow/example_dags/example_sensors.py
[2024-11-13T21:09:31.490+0000] {processor.py:914} INFO - Processing file /home/airflow/.local/lib/python3.12/site-packages/airflow/example_dags/example_sensors.py for tasks to queue
[2024-11-13T21:09:31.492+0000] {logging_mixin.py:190} INFO - [2024-11-13T21:09:31.492+0000] {dagbag.py:588} INFO - Filling up the DagBag from /home/airflow/.local/lib/python3.12/site-packages/airflow/example_dags/example_sensors.py
[2024-11-13T21:09:31.505+0000] {processor.py:925} INFO - DAG(s) 'example_sensors' retrieved from /home/airflow/.local/lib/python3.12/site-packages/airflow/example_dags/example_sensors.py
[2024-11-13T21:09:31.533+0000] {logging_mixin.py:190} INFO - [2024-11-13T21:09:31.532+0000] {dag.py:3239} INFO - Sync 1 DAGs
[2024-11-13T21:09:31.548+0000] {logging_mixin.py:190} INFO - [2024-11-13T21:09:31.548+0000] {dag.py:4180} INFO - Setting next_dagrun for example_sensors to None, run_after=None
[2024-11-13T21:09:31.571+0000] {processor.py:208} INFO - Processing /home/airflow/.local/lib/python3.12/site-packages/airflow/example_dags/example_sensors.py took 0.090 seconds
[2024-11-13T21:10:02.833+0000] {processor.py:186} INFO - Started process (PID=243) to work on /home/airflow/.local/lib/python3.12/site-packages/airflow/example_dags/example_sensors.py
[2024-11-13T21:10:02.834+0000] {processor.py:914} INFO - Processing file /home/airflow/.local/lib/python3.12/site-packages/airflow/example_dags/example_sensors.py for tasks to queue
[2024-11-13T21:10:02.837+0000] {logging_mixin.py:190} INFO - [2024-11-13T21:10:02.836+0000] {dagbag.py:588} INFO - Filling up the DagBag from /home/airflow/.local/lib/python3.12/site-packages/airflow/example_dags/example_sensors.py
[2024-11-13T21:10:02.849+0000] {processor.py:925} INFO - DAG(s) 'example_sensors' retrieved from /home/airflow/.local/lib/python3.12/site-packages/airflow/example_dags/example_sensors.py
[2024-11-13T21:10:02.879+0000] {logging_mixin.py:190} INFO - [2024-11-13T21:10:02.879+0000] {dag.py:3239} INFO - Sync 1 DAGs
[2024-11-13T21:10:02.896+0000] {logging_mixin.py:190} INFO - [2024-11-13T21:10:02.896+0000] {dag.py:4180} INFO - Setting next_dagrun for example_sensors to None, run_after=None
[2024-11-13T21:10:02.917+0000] {processor.py:208} INFO - Processing /home/airflow/.local/lib/python3.12/site-packages/airflow/example_dags/example_sensors.py took 0.092 seconds
[2024-11-13T21:10:34.642+0000] {processor.py:186} INFO - Started process (PID=306) to work on /home/airflow/.local/lib/python3.12/site-packages/airflow/example_dags/example_sensors.py
[2024-11-13T21:10:34.645+0000] {processor.py:914} INFO - Processing file /home/airflow/.local/lib/python3.12/site-packages/airflow/example_dags/example_sensors.py for tasks to queue
[2024-11-13T21:10:34.648+0000] {logging_mixin.py:190} INFO - [2024-11-13T21:10:34.648+0000] {dagbag.py:588} INFO - Filling up the DagBag from /home/airflow/.local/lib/python3.12/site-packages/airflow/example_dags/example_sensors.py
[2024-11-13T21:10:34.665+0000] {processor.py:925} INFO - DAG(s) 'example_sensors' retrieved from /home/airflow/.local/lib/python3.12/site-packages/airflow/example_dags/example_sensors.py
[2024-11-13T21:10:34.705+0000] {logging_mixin.py:190} INFO - [2024-11-13T21:10:34.704+0000] {dag.py:3239} INFO - Sync 1 DAGs
[2024-11-13T21:10:34.730+0000] {logging_mixin.py:190} INFO - [2024-11-13T21:10:34.729+0000] {dag.py:4180} INFO - Setting next_dagrun for example_sensors to None, run_after=None
[2024-11-13T21:10:34.753+0000] {processor.py:208} INFO - Processing /home/airflow/.local/lib/python3.12/site-packages/airflow/example_dags/example_sensors.py took 0.119 seconds
[2024-11-13T21:11:05.535+0000] {processor.py:186} INFO - Started process (PID=369) to work on /home/airflow/.local/lib/python3.12/site-packages/airflow/example_dags/example_sensors.py
[2024-11-13T21:11:05.537+0000] {processor.py:914} INFO - Processing file /home/airflow/.local/lib/python3.12/site-packages/airflow/example_dags/example_sensors.py for tasks to queue
[2024-11-13T21:11:05.540+0000] {logging_mixin.py:190} INFO - [2024-11-13T21:11:05.539+0000] {dagbag.py:588} INFO - Filling up the DagBag from /home/airflow/.local/lib/python3.12/site-packages/airflow/example_dags/example_sensors.py
[2024-11-13T21:11:05.554+0000] {processor.py:925} INFO - DAG(s) 'example_sensors' retrieved from /home/airflow/.local/lib/python3.12/site-packages/airflow/example_dags/example_sensors.py
[2024-11-13T21:11:05.584+0000] {logging_mixin.py:190} INFO - [2024-11-13T21:11:05.584+0000] {dag.py:3239} INFO - Sync 1 DAGs
[2024-11-13T21:11:05.601+0000] {logging_mixin.py:190} INFO - [2024-11-13T21:11:05.601+0000] {dag.py:4180} INFO - Setting next_dagrun for example_sensors to None, run_after=None
[2024-11-13T21:11:05.630+0000] {processor.py:208} INFO - Processing /home/airflow/.local/lib/python3.12/site-packages/airflow/example_dags/example_sensors.py took 0.102 seconds
[2024-11-13T21:11:36.674+0000] {processor.py:186} INFO - Started process (PID=432) to work on /home/airflow/.local/lib/python3.12/site-packages/airflow/example_dags/example_sensors.py
[2024-11-13T21:11:36.676+0000] {processor.py:914} INFO - Processing file /home/airflow/.local/lib/python3.12/site-packages/airflow/example_dags/example_sensors.py for tasks to queue
[2024-11-13T21:11:36.679+0000] {logging_mixin.py:190} INFO - [2024-11-13T21:11:36.679+0000] {dagbag.py:588} INFO - Filling up the DagBag from /home/airflow/.local/lib/python3.12/site-packages/airflow/example_dags/example_sensors.py
[2024-11-13T21:11:36.695+0000] {processor.py:925} INFO - DAG(s) 'example_sensors' retrieved from /home/airflow/.local/lib/python3.12/site-packages/airflow/example_dags/example_sensors.py
[2024-11-13T21:11:36.730+0000] {logging_mixin.py:190} INFO - [2024-11-13T21:11:36.729+0000] {dag.py:3239} INFO - Sync 1 DAGs
[2024-11-13T21:11:36.750+0000] {logging_mixin.py:190} INFO - [2024-11-13T21:11:36.750+0000] {dag.py:4180} INFO - Setting next_dagrun for example_sensors to None, run_after=None
[2024-11-13T21:11:36.772+0000] {processor.py:208} INFO - Processing /home/airflow/.local/lib/python3.12/site-packages/airflow/example_dags/example_sensors.py took 0.105 seconds
[2024-11-13T21:12:07.785+0000] {processor.py:186} INFO - Started process (PID=495) to work on /home/airflow/.local/lib/python3.12/site-packages/airflow/example_dags/example_sensors.py
[2024-11-13T21:12:07.787+0000] {processor.py:914} INFO - Processing file /home/airflow/.local/lib/python3.12/site-packages/airflow/example_dags/example_sensors.py for tasks to queue
[2024-11-13T21:12:07.790+0000] {logging_mixin.py:190} INFO - [2024-11-13T21:12:07.790+0000] {dagbag.py:588} INFO - Filling up the DagBag from /home/airflow/.local/lib/python3.12/site-packages/airflow/example_dags/example_sensors.py
[2024-11-13T21:12:07.805+0000] {processor.py:925} INFO - DAG(s) 'example_sensors' retrieved from /home/airflow/.local/lib/python3.12/site-packages/airflow/example_dags/example_sensors.py
[2024-11-13T21:12:07.834+0000] {logging_mixin.py:190} INFO - [2024-11-13T21:12:07.834+0000] {dag.py:3239} INFO - Sync 1 DAGs
[2024-11-13T21:12:07.849+0000] {logging_mixin.py:190} INFO - [2024-11-13T21:12:07.849+0000] {dag.py:4180} INFO - Setting next_dagrun for example_sensors to None, run_after=None
[2024-11-13T21:12:07.869+0000] {processor.py:208} INFO - Processing /home/airflow/.local/lib/python3.12/site-packages/airflow/example_dags/example_sensors.py took 0.091 seconds
[2024-11-13T21:12:38.589+0000] {processor.py:186} INFO - Started process (PID=558) to work on /home/airflow/.local/lib/python3.12/site-packages/airflow/example_dags/example_sensors.py
[2024-11-13T21:12:38.590+0000] {processor.py:914} INFO - Processing file /home/airflow/.local/lib/python3.12/site-packages/airflow/example_dags/example_sensors.py for tasks to queue
[2024-11-13T21:12:38.594+0000] {logging_mixin.py:190} INFO - [2024-11-13T21:12:38.593+0000] {dagbag.py:588} INFO - Filling up the DagBag from /home/airflow/.local/lib/python3.12/site-packages/airflow/example_dags/example_sensors.py
[2024-11-13T21:12:38.609+0000] {processor.py:925} INFO - DAG(s) 'example_sensors' retrieved from /home/airflow/.local/lib/python3.12/site-packages/airflow/example_dags/example_sensors.py
[2024-11-13T21:12:38.648+0000] {logging_mixin.py:190} INFO - [2024-11-13T21:12:38.647+0000] {dag.py:3239} INFO - Sync 1 DAGs
[2024-11-13T21:12:38.674+0000] {logging_mixin.py:190} INFO - [2024-11-13T21:12:38.674+0000] {dag.py:4180} INFO - Setting next_dagrun for example_sensors to None, run_after=None
[2024-11-13T21:12:38.698+0000] {processor.py:208} INFO - Processing /home/airflow/.local/lib/python3.12/site-packages/airflow/example_dags/example_sensors.py took 0.117 seconds
[2024-11-13T21:13:08.937+0000] {processor.py:186} INFO - Started process (PID=620) to work on /home/airflow/.local/lib/python3.12/site-packages/airflow/example_dags/example_sensors.py
[2024-11-13T21:13:08.940+0000] {processor.py:914} INFO - Processing file /home/airflow/.local/lib/python3.12/site-packages/airflow/example_dags/example_sensors.py for tasks to queue
[2024-11-13T21:13:08.943+0000] {logging_mixin.py:190} INFO - [2024-11-13T21:13:08.942+0000] {dagbag.py:588} INFO - Filling up the DagBag from /home/airflow/.local/lib/python3.12/site-packages/airflow/example_dags/example_sensors.py
[2024-11-13T21:13:08.958+0000] {processor.py:925} INFO - DAG(s) 'example_sensors' retrieved from /home/airflow/.local/lib/python3.12/site-packages/airflow/example_dags/example_sensors.py
[2024-11-13T21:13:08.989+0000] {logging_mixin.py:190} INFO - [2024-11-13T21:13:08.989+0000] {dag.py:3239} INFO - Sync 1 DAGs
[2024-11-13T21:13:09.007+0000] {logging_mixin.py:190} INFO - [2024-11-13T21:13:09.007+0000] {dag.py:4180} INFO - Setting next_dagrun for example_sensors to None, run_after=None
[2024-11-13T21:13:09.030+0000] {processor.py:208} INFO - Processing /home/airflow/.local/lib/python3.12/site-packages/airflow/example_dags/example_sensors.py took 0.100 seconds
[2024-11-13T21:13:39.816+0000] {processor.py:186} INFO - Started process (PID=683) to work on /home/airflow/.local/lib/python3.12/site-packages/airflow/example_dags/example_sensors.py
[2024-11-13T21:13:39.818+0000] {processor.py:914} INFO - Processing file /home/airflow/.local/lib/python3.12/site-packages/airflow/example_dags/example_sensors.py for tasks to queue
[2024-11-13T21:13:39.821+0000] {logging_mixin.py:190} INFO - [2024-11-13T21:13:39.821+0000] {dagbag.py:588} INFO - Filling up the DagBag from /home/airflow/.local/lib/python3.12/site-packages/airflow/example_dags/example_sensors.py
[2024-11-13T21:13:39.837+0000] {processor.py:925} INFO - DAG(s) 'example_sensors' retrieved from /home/airflow/.local/lib/python3.12/site-packages/airflow/example_dags/example_sensors.py
[2024-11-13T21:13:39.874+0000] {logging_mixin.py:190} INFO - [2024-11-13T21:13:39.874+0000] {dag.py:3239} INFO - Sync 1 DAGs
[2024-11-13T21:13:39.892+0000] {logging_mixin.py:190} INFO - [2024-11-13T21:13:39.892+0000] {dag.py:4180} INFO - Setting next_dagrun for example_sensors to None, run_after=None
[2024-11-13T21:13:39.913+0000] {processor.py:208} INFO - Processing /home/airflow/.local/lib/python3.12/site-packages/airflow/example_dags/example_sensors.py took 0.105 seconds
