[2024-11-13T19:48:16.709+0000] {processor.py:186} INFO - Started process (PID=112) to work on /home/airflow/.local/lib/python3.12/site-packages/airflow/example_dags/tutorial_dag.py
[2024-11-13T19:48:16.710+0000] {processor.py:914} INFO - Processing file /home/airflow/.local/lib/python3.12/site-packages/airflow/example_dags/tutorial_dag.py for tasks to queue
[2024-11-13T19:48:16.713+0000] {logging_mixin.py:190} INFO - [2024-11-13T19:48:16.713+0000] {dagbag.py:588} INFO - Filling up the DagBag from /home/airflow/.local/lib/python3.12/site-packages/airflow/example_dags/tutorial_dag.py
[2024-11-13T19:48:16.727+0000] {processor.py:925} INFO - DAG(s) 'tutorial_dag' retrieved from /home/airflow/.local/lib/python3.12/site-packages/airflow/example_dags/tutorial_dag.py
[2024-11-13T19:48:16.903+0000] {logging_mixin.py:190} INFO - [2024-11-13T19:48:16.902+0000] {override.py:1911} INFO - Created Permission View: can delete on DAG:tutorial_dag
[2024-11-13T19:48:16.978+0000] {logging_mixin.py:190} INFO - [2024-11-13T19:48:16.977+0000] {override.py:1911} INFO - Created Permission View: can edit on DAG:tutorial_dag
[2024-11-13T19:48:16.993+0000] {logging_mixin.py:190} INFO - [2024-11-13T19:48:16.993+0000] {override.py:1911} INFO - Created Permission View: can read on DAG:tutorial_dag
[2024-11-13T19:48:17.008+0000] {logging_mixin.py:190} INFO - [2024-11-13T19:48:17.007+0000] {override.py:1911} INFO - Created Permission View: can create on DAG Run:tutorial_dag
[2024-11-13T19:48:17.023+0000] {logging_mixin.py:190} INFO - [2024-11-13T19:48:17.022+0000] {override.py:1911} INFO - Created Permission View: menu access on DAG Run:tutorial_dag
[2024-11-13T19:48:17.035+0000] {logging_mixin.py:190} INFO - [2024-11-13T19:48:17.034+0000] {override.py:1911} INFO - Created Permission View: can delete on DAG Run:tutorial_dag
[2024-11-13T19:48:17.047+0000] {logging_mixin.py:190} INFO - [2024-11-13T19:48:17.046+0000] {override.py:1911} INFO - Created Permission View: can read on DAG Run:tutorial_dag
[2024-11-13T19:48:17.048+0000] {logging_mixin.py:190} INFO - [2024-11-13T19:48:17.048+0000] {dag.py:3239} INFO - Sync 1 DAGs
[2024-11-13T19:48:17.068+0000] {logging_mixin.py:190} INFO - [2024-11-13T19:48:17.068+0000] {dag.py:3262} INFO - Creating ORM DAG for tutorial_dag
[2024-11-13T19:48:17.070+0000] {logging_mixin.py:190} INFO - [2024-11-13T19:48:17.070+0000] {dag.py:4180} INFO - Setting next_dagrun for tutorial_dag to None, run_after=None
[2024-11-13T19:48:17.096+0000] {processor.py:208} INFO - Processing /home/airflow/.local/lib/python3.12/site-packages/airflow/example_dags/tutorial_dag.py took 0.395 seconds
[2024-11-13T19:48:47.931+0000] {processor.py:186} INFO - Started process (PID=176) to work on /home/airflow/.local/lib/python3.12/site-packages/airflow/example_dags/tutorial_dag.py
[2024-11-13T19:48:47.933+0000] {processor.py:914} INFO - Processing file /home/airflow/.local/lib/python3.12/site-packages/airflow/example_dags/tutorial_dag.py for tasks to queue
[2024-11-13T19:48:47.935+0000] {logging_mixin.py:190} INFO - [2024-11-13T19:48:47.935+0000] {dagbag.py:588} INFO - Filling up the DagBag from /home/airflow/.local/lib/python3.12/site-packages/airflow/example_dags/tutorial_dag.py
[2024-11-13T19:48:47.946+0000] {processor.py:925} INFO - DAG(s) 'tutorial_dag' retrieved from /home/airflow/.local/lib/python3.12/site-packages/airflow/example_dags/tutorial_dag.py
[2024-11-13T19:48:47.971+0000] {logging_mixin.py:190} INFO - [2024-11-13T19:48:47.971+0000] {dag.py:3239} INFO - Sync 1 DAGs
[2024-11-13T19:48:47.987+0000] {logging_mixin.py:190} INFO - [2024-11-13T19:48:47.987+0000] {dag.py:4180} INFO - Setting next_dagrun for tutorial_dag to None, run_after=None
[2024-11-13T19:48:48.010+0000] {processor.py:208} INFO - Processing /home/airflow/.local/lib/python3.12/site-packages/airflow/example_dags/tutorial_dag.py took 0.086 seconds
[2024-11-13T19:49:18.729+0000] {processor.py:186} INFO - Started process (PID=240) to work on /home/airflow/.local/lib/python3.12/site-packages/airflow/example_dags/tutorial_dag.py
[2024-11-13T19:49:18.732+0000] {processor.py:914} INFO - Processing file /home/airflow/.local/lib/python3.12/site-packages/airflow/example_dags/tutorial_dag.py for tasks to queue
[2024-11-13T19:49:18.735+0000] {logging_mixin.py:190} INFO - [2024-11-13T19:49:18.735+0000] {dagbag.py:588} INFO - Filling up the DagBag from /home/airflow/.local/lib/python3.12/site-packages/airflow/example_dags/tutorial_dag.py
[2024-11-13T19:49:18.745+0000] {processor.py:925} INFO - DAG(s) 'tutorial_dag' retrieved from /home/airflow/.local/lib/python3.12/site-packages/airflow/example_dags/tutorial_dag.py
[2024-11-13T19:49:18.777+0000] {logging_mixin.py:190} INFO - [2024-11-13T19:49:18.777+0000] {dag.py:3239} INFO - Sync 1 DAGs
[2024-11-13T19:49:18.795+0000] {logging_mixin.py:190} INFO - [2024-11-13T19:49:18.795+0000] {dag.py:4180} INFO - Setting next_dagrun for tutorial_dag to None, run_after=None
[2024-11-13T19:49:18.816+0000] {processor.py:208} INFO - Processing /home/airflow/.local/lib/python3.12/site-packages/airflow/example_dags/tutorial_dag.py took 0.097 seconds
[2024-11-13T19:49:49.163+0000] {processor.py:186} INFO - Started process (PID=303) to work on /home/airflow/.local/lib/python3.12/site-packages/airflow/example_dags/tutorial_dag.py
[2024-11-13T19:49:49.164+0000] {processor.py:914} INFO - Processing file /home/airflow/.local/lib/python3.12/site-packages/airflow/example_dags/tutorial_dag.py for tasks to queue
[2024-11-13T19:49:49.167+0000] {logging_mixin.py:190} INFO - [2024-11-13T19:49:49.167+0000] {dagbag.py:588} INFO - Filling up the DagBag from /home/airflow/.local/lib/python3.12/site-packages/airflow/example_dags/tutorial_dag.py
[2024-11-13T19:49:49.176+0000] {processor.py:925} INFO - DAG(s) 'tutorial_dag' retrieved from /home/airflow/.local/lib/python3.12/site-packages/airflow/example_dags/tutorial_dag.py
[2024-11-13T19:49:49.209+0000] {logging_mixin.py:190} INFO - [2024-11-13T19:49:49.206+0000] {dag.py:3239} INFO - Sync 1 DAGs
[2024-11-13T19:49:49.242+0000] {logging_mixin.py:190} INFO - [2024-11-13T19:49:49.242+0000] {dag.py:4180} INFO - Setting next_dagrun for tutorial_dag to None, run_after=None
[2024-11-13T19:49:49.281+0000] {processor.py:208} INFO - Processing /home/airflow/.local/lib/python3.12/site-packages/airflow/example_dags/tutorial_dag.py took 0.125 seconds
[2024-11-13T19:50:19.425+0000] {processor.py:186} INFO - Started process (PID=367) to work on /home/airflow/.local/lib/python3.12/site-packages/airflow/example_dags/tutorial_dag.py
[2024-11-13T19:50:19.426+0000] {processor.py:914} INFO - Processing file /home/airflow/.local/lib/python3.12/site-packages/airflow/example_dags/tutorial_dag.py for tasks to queue
[2024-11-13T19:50:19.429+0000] {logging_mixin.py:190} INFO - [2024-11-13T19:50:19.429+0000] {dagbag.py:588} INFO - Filling up the DagBag from /home/airflow/.local/lib/python3.12/site-packages/airflow/example_dags/tutorial_dag.py
[2024-11-13T19:50:19.440+0000] {processor.py:925} INFO - DAG(s) 'tutorial_dag' retrieved from /home/airflow/.local/lib/python3.12/site-packages/airflow/example_dags/tutorial_dag.py
[2024-11-13T19:50:19.468+0000] {logging_mixin.py:190} INFO - [2024-11-13T19:50:19.468+0000] {dag.py:3239} INFO - Sync 1 DAGs
[2024-11-13T19:50:19.488+0000] {logging_mixin.py:190} INFO - [2024-11-13T19:50:19.488+0000] {dag.py:4180} INFO - Setting next_dagrun for tutorial_dag to None, run_after=None
[2024-11-13T19:50:19.516+0000] {processor.py:208} INFO - Processing /home/airflow/.local/lib/python3.12/site-packages/airflow/example_dags/tutorial_dag.py took 0.100 seconds
[2024-11-13T19:50:49.810+0000] {processor.py:186} INFO - Started process (PID=430) to work on /home/airflow/.local/lib/python3.12/site-packages/airflow/example_dags/tutorial_dag.py
[2024-11-13T19:50:49.811+0000] {processor.py:914} INFO - Processing file /home/airflow/.local/lib/python3.12/site-packages/airflow/example_dags/tutorial_dag.py for tasks to queue
[2024-11-13T19:50:49.818+0000] {logging_mixin.py:190} INFO - [2024-11-13T19:50:49.817+0000] {dagbag.py:588} INFO - Filling up the DagBag from /home/airflow/.local/lib/python3.12/site-packages/airflow/example_dags/tutorial_dag.py
[2024-11-13T19:50:49.835+0000] {processor.py:925} INFO - DAG(s) 'tutorial_dag' retrieved from /home/airflow/.local/lib/python3.12/site-packages/airflow/example_dags/tutorial_dag.py
[2024-11-13T19:50:49.887+0000] {logging_mixin.py:190} INFO - [2024-11-13T19:50:49.886+0000] {dag.py:3239} INFO - Sync 1 DAGs
[2024-11-13T19:50:49.928+0000] {logging_mixin.py:190} INFO - [2024-11-13T19:50:49.928+0000] {dag.py:4180} INFO - Setting next_dagrun for tutorial_dag to None, run_after=None
[2024-11-13T19:50:49.985+0000] {processor.py:208} INFO - Processing /home/airflow/.local/lib/python3.12/site-packages/airflow/example_dags/tutorial_dag.py took 0.189 seconds
[2024-11-13T19:51:20.664+0000] {processor.py:186} INFO - Started process (PID=494) to work on /home/airflow/.local/lib/python3.12/site-packages/airflow/example_dags/tutorial_dag.py
[2024-11-13T19:51:20.665+0000] {processor.py:914} INFO - Processing file /home/airflow/.local/lib/python3.12/site-packages/airflow/example_dags/tutorial_dag.py for tasks to queue
[2024-11-13T19:51:20.668+0000] {logging_mixin.py:190} INFO - [2024-11-13T19:51:20.668+0000] {dagbag.py:588} INFO - Filling up the DagBag from /home/airflow/.local/lib/python3.12/site-packages/airflow/example_dags/tutorial_dag.py
[2024-11-13T19:51:20.678+0000] {processor.py:925} INFO - DAG(s) 'tutorial_dag' retrieved from /home/airflow/.local/lib/python3.12/site-packages/airflow/example_dags/tutorial_dag.py
[2024-11-13T19:51:20.705+0000] {logging_mixin.py:190} INFO - [2024-11-13T19:51:20.705+0000] {dag.py:3239} INFO - Sync 1 DAGs
[2024-11-13T19:51:20.728+0000] {logging_mixin.py:190} INFO - [2024-11-13T19:51:20.728+0000] {dag.py:4180} INFO - Setting next_dagrun for tutorial_dag to None, run_after=None
[2024-11-13T19:51:20.756+0000] {processor.py:208} INFO - Processing /home/airflow/.local/lib/python3.12/site-packages/airflow/example_dags/tutorial_dag.py took 0.098 seconds
[2024-11-13T19:52:42.903+0000] {processor.py:186} INFO - Started process (PID=112) to work on /home/airflow/.local/lib/python3.12/site-packages/airflow/example_dags/tutorial_dag.py
[2024-11-13T19:52:42.905+0000] {processor.py:914} INFO - Processing file /home/airflow/.local/lib/python3.12/site-packages/airflow/example_dags/tutorial_dag.py for tasks to queue
[2024-11-13T19:52:42.909+0000] {logging_mixin.py:190} INFO - [2024-11-13T19:52:42.909+0000] {dagbag.py:588} INFO - Filling up the DagBag from /home/airflow/.local/lib/python3.12/site-packages/airflow/example_dags/tutorial_dag.py
[2024-11-13T19:52:42.921+0000] {processor.py:925} INFO - DAG(s) 'tutorial_dag' retrieved from /home/airflow/.local/lib/python3.12/site-packages/airflow/example_dags/tutorial_dag.py
[2024-11-13T19:52:42.951+0000] {logging_mixin.py:190} INFO - [2024-11-13T19:52:42.951+0000] {dag.py:3239} INFO - Sync 1 DAGs
[2024-11-13T19:52:42.974+0000] {logging_mixin.py:190} INFO - [2024-11-13T19:52:42.974+0000] {dag.py:4180} INFO - Setting next_dagrun for tutorial_dag to None, run_after=None
[2024-11-13T19:52:43.003+0000] {processor.py:208} INFO - Processing /home/airflow/.local/lib/python3.12/site-packages/airflow/example_dags/tutorial_dag.py took 0.111 seconds
[2024-11-13T19:53:13.856+0000] {processor.py:186} INFO - Started process (PID=176) to work on /home/airflow/.local/lib/python3.12/site-packages/airflow/example_dags/tutorial_dag.py
[2024-11-13T19:53:13.858+0000] {processor.py:914} INFO - Processing file /home/airflow/.local/lib/python3.12/site-packages/airflow/example_dags/tutorial_dag.py for tasks to queue
[2024-11-13T19:53:13.862+0000] {logging_mixin.py:190} INFO - [2024-11-13T19:53:13.862+0000] {dagbag.py:588} INFO - Filling up the DagBag from /home/airflow/.local/lib/python3.12/site-packages/airflow/example_dags/tutorial_dag.py
[2024-11-13T19:53:13.873+0000] {processor.py:925} INFO - DAG(s) 'tutorial_dag' retrieved from /home/airflow/.local/lib/python3.12/site-packages/airflow/example_dags/tutorial_dag.py
[2024-11-13T19:53:13.901+0000] {logging_mixin.py:190} INFO - [2024-11-13T19:53:13.901+0000] {dag.py:3239} INFO - Sync 1 DAGs
[2024-11-13T19:53:13.924+0000] {logging_mixin.py:190} INFO - [2024-11-13T19:53:13.924+0000] {dag.py:4180} INFO - Setting next_dagrun for tutorial_dag to None, run_after=None
[2024-11-13T19:53:13.955+0000] {processor.py:208} INFO - Processing /home/airflow/.local/lib/python3.12/site-packages/airflow/example_dags/tutorial_dag.py took 0.110 seconds
[2024-11-13T19:53:44.520+0000] {processor.py:186} INFO - Started process (PID=240) to work on /home/airflow/.local/lib/python3.12/site-packages/airflow/example_dags/tutorial_dag.py
[2024-11-13T19:53:44.522+0000] {processor.py:914} INFO - Processing file /home/airflow/.local/lib/python3.12/site-packages/airflow/example_dags/tutorial_dag.py for tasks to queue
[2024-11-13T19:53:44.525+0000] {logging_mixin.py:190} INFO - [2024-11-13T19:53:44.524+0000] {dagbag.py:588} INFO - Filling up the DagBag from /home/airflow/.local/lib/python3.12/site-packages/airflow/example_dags/tutorial_dag.py
[2024-11-13T19:53:44.535+0000] {processor.py:925} INFO - DAG(s) 'tutorial_dag' retrieved from /home/airflow/.local/lib/python3.12/site-packages/airflow/example_dags/tutorial_dag.py
[2024-11-13T19:53:44.561+0000] {logging_mixin.py:190} INFO - [2024-11-13T19:53:44.561+0000] {dag.py:3239} INFO - Sync 1 DAGs
[2024-11-13T19:53:44.585+0000] {logging_mixin.py:190} INFO - [2024-11-13T19:53:44.584+0000] {dag.py:4180} INFO - Setting next_dagrun for tutorial_dag to None, run_after=None
[2024-11-13T19:53:44.611+0000] {processor.py:208} INFO - Processing /home/airflow/.local/lib/python3.12/site-packages/airflow/example_dags/tutorial_dag.py took 0.098 seconds
[2024-11-13T19:54:15.116+0000] {processor.py:186} INFO - Started process (PID=303) to work on /home/airflow/.local/lib/python3.12/site-packages/airflow/example_dags/tutorial_dag.py
[2024-11-13T19:54:15.117+0000] {processor.py:914} INFO - Processing file /home/airflow/.local/lib/python3.12/site-packages/airflow/example_dags/tutorial_dag.py for tasks to queue
[2024-11-13T19:54:15.121+0000] {logging_mixin.py:190} INFO - [2024-11-13T19:54:15.121+0000] {dagbag.py:588} INFO - Filling up the DagBag from /home/airflow/.local/lib/python3.12/site-packages/airflow/example_dags/tutorial_dag.py
[2024-11-13T19:54:15.132+0000] {processor.py:925} INFO - DAG(s) 'tutorial_dag' retrieved from /home/airflow/.local/lib/python3.12/site-packages/airflow/example_dags/tutorial_dag.py
[2024-11-13T19:54:15.162+0000] {logging_mixin.py:190} INFO - [2024-11-13T19:54:15.161+0000] {dag.py:3239} INFO - Sync 1 DAGs
[2024-11-13T19:54:15.180+0000] {logging_mixin.py:190} INFO - [2024-11-13T19:54:15.179+0000] {dag.py:4180} INFO - Setting next_dagrun for tutorial_dag to None, run_after=None
[2024-11-13T19:54:15.211+0000] {processor.py:208} INFO - Processing /home/airflow/.local/lib/python3.12/site-packages/airflow/example_dags/tutorial_dag.py took 0.105 seconds
[2024-11-13T19:59:46.441+0000] {processor.py:186} INFO - Started process (PID=99) to work on /home/airflow/.local/lib/python3.12/site-packages/airflow/example_dags/tutorial_dag.py
[2024-11-13T19:59:46.442+0000] {processor.py:914} INFO - Processing file /home/airflow/.local/lib/python3.12/site-packages/airflow/example_dags/tutorial_dag.py for tasks to queue
[2024-11-13T19:59:46.445+0000] {logging_mixin.py:190} INFO - [2024-11-13T19:59:46.444+0000] {dagbag.py:588} INFO - Filling up the DagBag from /home/airflow/.local/lib/python3.12/site-packages/airflow/example_dags/tutorial_dag.py
[2024-11-13T19:59:46.454+0000] {processor.py:925} INFO - DAG(s) 'tutorial_dag' retrieved from /home/airflow/.local/lib/python3.12/site-packages/airflow/example_dags/tutorial_dag.py
[2024-11-13T19:59:46.487+0000] {logging_mixin.py:190} INFO - [2024-11-13T19:59:46.486+0000] {dag.py:3239} INFO - Sync 1 DAGs
[2024-11-13T19:59:46.507+0000] {logging_mixin.py:190} INFO - [2024-11-13T19:59:46.507+0000] {dag.py:4180} INFO - Setting next_dagrun for tutorial_dag to None, run_after=None
[2024-11-13T19:59:46.534+0000] {processor.py:208} INFO - Processing /home/airflow/.local/lib/python3.12/site-packages/airflow/example_dags/tutorial_dag.py took 0.100 seconds
[2024-11-13T20:00:17.390+0000] {processor.py:186} INFO - Started process (PID=168) to work on /home/airflow/.local/lib/python3.12/site-packages/airflow/example_dags/tutorial_dag.py
[2024-11-13T20:00:17.391+0000] {processor.py:914} INFO - Processing file /home/airflow/.local/lib/python3.12/site-packages/airflow/example_dags/tutorial_dag.py for tasks to queue
[2024-11-13T20:00:17.394+0000] {logging_mixin.py:190} INFO - [2024-11-13T20:00:17.394+0000] {dagbag.py:588} INFO - Filling up the DagBag from /home/airflow/.local/lib/python3.12/site-packages/airflow/example_dags/tutorial_dag.py
[2024-11-13T20:00:17.404+0000] {processor.py:925} INFO - DAG(s) 'tutorial_dag' retrieved from /home/airflow/.local/lib/python3.12/site-packages/airflow/example_dags/tutorial_dag.py
[2024-11-13T20:00:17.432+0000] {logging_mixin.py:190} INFO - [2024-11-13T20:00:17.432+0000] {dag.py:3239} INFO - Sync 1 DAGs
[2024-11-13T20:00:17.453+0000] {logging_mixin.py:190} INFO - [2024-11-13T20:00:17.452+0000] {dag.py:4180} INFO - Setting next_dagrun for tutorial_dag to None, run_after=None
[2024-11-13T20:00:17.479+0000] {processor.py:208} INFO - Processing /home/airflow/.local/lib/python3.12/site-packages/airflow/example_dags/tutorial_dag.py took 0.098 seconds
[2024-11-13T20:00:48.404+0000] {processor.py:186} INFO - Started process (PID=232) to work on /home/airflow/.local/lib/python3.12/site-packages/airflow/example_dags/tutorial_dag.py
[2024-11-13T20:00:48.406+0000] {processor.py:914} INFO - Processing file /home/airflow/.local/lib/python3.12/site-packages/airflow/example_dags/tutorial_dag.py for tasks to queue
[2024-11-13T20:00:48.409+0000] {logging_mixin.py:190} INFO - [2024-11-13T20:00:48.409+0000] {dagbag.py:588} INFO - Filling up the DagBag from /home/airflow/.local/lib/python3.12/site-packages/airflow/example_dags/tutorial_dag.py
[2024-11-13T20:00:48.421+0000] {processor.py:925} INFO - DAG(s) 'tutorial_dag' retrieved from /home/airflow/.local/lib/python3.12/site-packages/airflow/example_dags/tutorial_dag.py
[2024-11-13T20:00:48.461+0000] {logging_mixin.py:190} INFO - [2024-11-13T20:00:48.460+0000] {dag.py:3239} INFO - Sync 1 DAGs
[2024-11-13T20:00:48.486+0000] {logging_mixin.py:190} INFO - [2024-11-13T20:00:48.486+0000] {dag.py:4180} INFO - Setting next_dagrun for tutorial_dag to None, run_after=None
[2024-11-13T20:00:48.514+0000] {processor.py:208} INFO - Processing /home/airflow/.local/lib/python3.12/site-packages/airflow/example_dags/tutorial_dag.py took 0.119 seconds
[2024-11-13T20:01:18.897+0000] {processor.py:186} INFO - Started process (PID=295) to work on /home/airflow/.local/lib/python3.12/site-packages/airflow/example_dags/tutorial_dag.py
[2024-11-13T20:01:18.899+0000] {processor.py:914} INFO - Processing file /home/airflow/.local/lib/python3.12/site-packages/airflow/example_dags/tutorial_dag.py for tasks to queue
[2024-11-13T20:01:18.902+0000] {logging_mixin.py:190} INFO - [2024-11-13T20:01:18.901+0000] {dagbag.py:588} INFO - Filling up the DagBag from /home/airflow/.local/lib/python3.12/site-packages/airflow/example_dags/tutorial_dag.py
[2024-11-13T20:01:18.911+0000] {processor.py:925} INFO - DAG(s) 'tutorial_dag' retrieved from /home/airflow/.local/lib/python3.12/site-packages/airflow/example_dags/tutorial_dag.py
[2024-11-13T20:01:18.935+0000] {logging_mixin.py:190} INFO - [2024-11-13T20:01:18.934+0000] {dag.py:3239} INFO - Sync 1 DAGs
[2024-11-13T20:01:18.950+0000] {logging_mixin.py:190} INFO - [2024-11-13T20:01:18.949+0000] {dag.py:4180} INFO - Setting next_dagrun for tutorial_dag to None, run_after=None
[2024-11-13T20:01:18.967+0000] {processor.py:208} INFO - Processing /home/airflow/.local/lib/python3.12/site-packages/airflow/example_dags/tutorial_dag.py took 0.077 seconds
[2024-11-13T20:01:49.430+0000] {processor.py:186} INFO - Started process (PID=358) to work on /home/airflow/.local/lib/python3.12/site-packages/airflow/example_dags/tutorial_dag.py
[2024-11-13T20:01:49.432+0000] {processor.py:914} INFO - Processing file /home/airflow/.local/lib/python3.12/site-packages/airflow/example_dags/tutorial_dag.py for tasks to queue
[2024-11-13T20:01:49.437+0000] {logging_mixin.py:190} INFO - [2024-11-13T20:01:49.437+0000] {dagbag.py:588} INFO - Filling up the DagBag from /home/airflow/.local/lib/python3.12/site-packages/airflow/example_dags/tutorial_dag.py
[2024-11-13T20:01:49.450+0000] {processor.py:925} INFO - DAG(s) 'tutorial_dag' retrieved from /home/airflow/.local/lib/python3.12/site-packages/airflow/example_dags/tutorial_dag.py
[2024-11-13T20:01:49.480+0000] {logging_mixin.py:190} INFO - [2024-11-13T20:01:49.480+0000] {dag.py:3239} INFO - Sync 1 DAGs
[2024-11-13T20:01:49.504+0000] {logging_mixin.py:190} INFO - [2024-11-13T20:01:49.503+0000] {dag.py:4180} INFO - Setting next_dagrun for tutorial_dag to None, run_after=None
[2024-11-13T20:01:49.530+0000] {processor.py:208} INFO - Processing /home/airflow/.local/lib/python3.12/site-packages/airflow/example_dags/tutorial_dag.py took 0.108 seconds
[2024-11-13T20:02:20.975+0000] {processor.py:186} INFO - Started process (PID=423) to work on /home/airflow/.local/lib/python3.12/site-packages/airflow/example_dags/tutorial_dag.py
[2024-11-13T20:02:20.976+0000] {processor.py:914} INFO - Processing file /home/airflow/.local/lib/python3.12/site-packages/airflow/example_dags/tutorial_dag.py for tasks to queue
[2024-11-13T20:02:20.979+0000] {logging_mixin.py:190} INFO - [2024-11-13T20:02:20.979+0000] {dagbag.py:588} INFO - Filling up the DagBag from /home/airflow/.local/lib/python3.12/site-packages/airflow/example_dags/tutorial_dag.py
[2024-11-13T20:02:20.989+0000] {processor.py:925} INFO - DAG(s) 'tutorial_dag' retrieved from /home/airflow/.local/lib/python3.12/site-packages/airflow/example_dags/tutorial_dag.py
[2024-11-13T20:02:21.013+0000] {logging_mixin.py:190} INFO - [2024-11-13T20:02:21.013+0000] {dag.py:3239} INFO - Sync 1 DAGs
[2024-11-13T20:02:21.030+0000] {logging_mixin.py:190} INFO - [2024-11-13T20:02:21.030+0000] {dag.py:4180} INFO - Setting next_dagrun for tutorial_dag to None, run_after=None
[2024-11-13T20:02:21.055+0000] {processor.py:208} INFO - Processing /home/airflow/.local/lib/python3.12/site-packages/airflow/example_dags/tutorial_dag.py took 0.088 seconds
[2024-11-13T20:02:52.156+0000] {processor.py:186} INFO - Started process (PID=486) to work on /home/airflow/.local/lib/python3.12/site-packages/airflow/example_dags/tutorial_dag.py
[2024-11-13T20:02:52.158+0000] {processor.py:914} INFO - Processing file /home/airflow/.local/lib/python3.12/site-packages/airflow/example_dags/tutorial_dag.py for tasks to queue
[2024-11-13T20:02:52.165+0000] {logging_mixin.py:190} INFO - [2024-11-13T20:02:52.165+0000] {dagbag.py:588} INFO - Filling up the DagBag from /home/airflow/.local/lib/python3.12/site-packages/airflow/example_dags/tutorial_dag.py
[2024-11-13T20:02:52.179+0000] {processor.py:925} INFO - DAG(s) 'tutorial_dag' retrieved from /home/airflow/.local/lib/python3.12/site-packages/airflow/example_dags/tutorial_dag.py
[2024-11-13T20:02:52.215+0000] {logging_mixin.py:190} INFO - [2024-11-13T20:02:52.214+0000] {dag.py:3239} INFO - Sync 1 DAGs
[2024-11-13T20:02:52.240+0000] {logging_mixin.py:190} INFO - [2024-11-13T20:02:52.239+0000] {dag.py:4180} INFO - Setting next_dagrun for tutorial_dag to None, run_after=None
[2024-11-13T20:02:52.271+0000] {processor.py:208} INFO - Processing /home/airflow/.local/lib/python3.12/site-packages/airflow/example_dags/tutorial_dag.py took 0.128 seconds
[2024-11-13T20:03:22.489+0000] {processor.py:186} INFO - Started process (PID=550) to work on /home/airflow/.local/lib/python3.12/site-packages/airflow/example_dags/tutorial_dag.py
[2024-11-13T20:03:22.490+0000] {processor.py:914} INFO - Processing file /home/airflow/.local/lib/python3.12/site-packages/airflow/example_dags/tutorial_dag.py for tasks to queue
[2024-11-13T20:03:22.493+0000] {logging_mixin.py:190} INFO - [2024-11-13T20:03:22.493+0000] {dagbag.py:588} INFO - Filling up the DagBag from /home/airflow/.local/lib/python3.12/site-packages/airflow/example_dags/tutorial_dag.py
[2024-11-13T20:03:22.504+0000] {processor.py:925} INFO - DAG(s) 'tutorial_dag' retrieved from /home/airflow/.local/lib/python3.12/site-packages/airflow/example_dags/tutorial_dag.py
[2024-11-13T20:03:22.533+0000] {logging_mixin.py:190} INFO - [2024-11-13T20:03:22.532+0000] {dag.py:3239} INFO - Sync 1 DAGs
[2024-11-13T20:03:22.555+0000] {logging_mixin.py:190} INFO - [2024-11-13T20:03:22.555+0000] {dag.py:4180} INFO - Setting next_dagrun for tutorial_dag to None, run_after=None
[2024-11-13T20:03:22.584+0000] {processor.py:208} INFO - Processing /home/airflow/.local/lib/python3.12/site-packages/airflow/example_dags/tutorial_dag.py took 0.102 seconds
[2024-11-13T20:03:53.523+0000] {processor.py:186} INFO - Started process (PID=614) to work on /home/airflow/.local/lib/python3.12/site-packages/airflow/example_dags/tutorial_dag.py
[2024-11-13T20:03:53.525+0000] {processor.py:914} INFO - Processing file /home/airflow/.local/lib/python3.12/site-packages/airflow/example_dags/tutorial_dag.py for tasks to queue
[2024-11-13T20:03:53.529+0000] {logging_mixin.py:190} INFO - [2024-11-13T20:03:53.528+0000] {dagbag.py:588} INFO - Filling up the DagBag from /home/airflow/.local/lib/python3.12/site-packages/airflow/example_dags/tutorial_dag.py
[2024-11-13T20:03:53.538+0000] {processor.py:925} INFO - DAG(s) 'tutorial_dag' retrieved from /home/airflow/.local/lib/python3.12/site-packages/airflow/example_dags/tutorial_dag.py
[2024-11-13T20:03:53.562+0000] {logging_mixin.py:190} INFO - [2024-11-13T20:03:53.562+0000] {dag.py:3239} INFO - Sync 1 DAGs
[2024-11-13T20:03:53.582+0000] {logging_mixin.py:190} INFO - [2024-11-13T20:03:53.582+0000] {dag.py:4180} INFO - Setting next_dagrun for tutorial_dag to None, run_after=None
[2024-11-13T20:03:53.605+0000] {processor.py:208} INFO - Processing /home/airflow/.local/lib/python3.12/site-packages/airflow/example_dags/tutorial_dag.py took 0.090 seconds
[2024-11-13T20:04:24.437+0000] {processor.py:186} INFO - Started process (PID=678) to work on /home/airflow/.local/lib/python3.12/site-packages/airflow/example_dags/tutorial_dag.py
[2024-11-13T20:04:24.438+0000] {processor.py:914} INFO - Processing file /home/airflow/.local/lib/python3.12/site-packages/airflow/example_dags/tutorial_dag.py for tasks to queue
[2024-11-13T20:04:24.441+0000] {logging_mixin.py:190} INFO - [2024-11-13T20:04:24.440+0000] {dagbag.py:588} INFO - Filling up the DagBag from /home/airflow/.local/lib/python3.12/site-packages/airflow/example_dags/tutorial_dag.py
[2024-11-13T20:04:24.449+0000] {processor.py:925} INFO - DAG(s) 'tutorial_dag' retrieved from /home/airflow/.local/lib/python3.12/site-packages/airflow/example_dags/tutorial_dag.py
[2024-11-13T20:04:24.471+0000] {logging_mixin.py:190} INFO - [2024-11-13T20:04:24.471+0000] {dag.py:3239} INFO - Sync 1 DAGs
[2024-11-13T20:04:24.487+0000] {logging_mixin.py:190} INFO - [2024-11-13T20:04:24.486+0000] {dag.py:4180} INFO - Setting next_dagrun for tutorial_dag to None, run_after=None
[2024-11-13T20:04:24.505+0000] {processor.py:208} INFO - Processing /home/airflow/.local/lib/python3.12/site-packages/airflow/example_dags/tutorial_dag.py took 0.075 seconds
[2024-11-13T20:04:54.949+0000] {processor.py:186} INFO - Started process (PID=741) to work on /home/airflow/.local/lib/python3.12/site-packages/airflow/example_dags/tutorial_dag.py
[2024-11-13T20:04:54.950+0000] {processor.py:914} INFO - Processing file /home/airflow/.local/lib/python3.12/site-packages/airflow/example_dags/tutorial_dag.py for tasks to queue
[2024-11-13T20:04:54.953+0000] {logging_mixin.py:190} INFO - [2024-11-13T20:04:54.952+0000] {dagbag.py:588} INFO - Filling up the DagBag from /home/airflow/.local/lib/python3.12/site-packages/airflow/example_dags/tutorial_dag.py
[2024-11-13T20:04:54.961+0000] {processor.py:925} INFO - DAG(s) 'tutorial_dag' retrieved from /home/airflow/.local/lib/python3.12/site-packages/airflow/example_dags/tutorial_dag.py
[2024-11-13T20:04:54.981+0000] {logging_mixin.py:190} INFO - [2024-11-13T20:04:54.980+0000] {dag.py:3239} INFO - Sync 1 DAGs
[2024-11-13T20:04:54.998+0000] {logging_mixin.py:190} INFO - [2024-11-13T20:04:54.998+0000] {dag.py:4180} INFO - Setting next_dagrun for tutorial_dag to None, run_after=None
[2024-11-13T20:04:55.018+0000] {processor.py:208} INFO - Processing /home/airflow/.local/lib/python3.12/site-packages/airflow/example_dags/tutorial_dag.py took 0.075 seconds
[2024-11-13T20:05:25.182+0000] {processor.py:186} INFO - Started process (PID=805) to work on /home/airflow/.local/lib/python3.12/site-packages/airflow/example_dags/tutorial_dag.py
[2024-11-13T20:05:25.184+0000] {processor.py:914} INFO - Processing file /home/airflow/.local/lib/python3.12/site-packages/airflow/example_dags/tutorial_dag.py for tasks to queue
[2024-11-13T20:05:25.187+0000] {logging_mixin.py:190} INFO - [2024-11-13T20:05:25.187+0000] {dagbag.py:588} INFO - Filling up the DagBag from /home/airflow/.local/lib/python3.12/site-packages/airflow/example_dags/tutorial_dag.py
[2024-11-13T20:05:25.197+0000] {processor.py:925} INFO - DAG(s) 'tutorial_dag' retrieved from /home/airflow/.local/lib/python3.12/site-packages/airflow/example_dags/tutorial_dag.py
[2024-11-13T20:05:25.221+0000] {logging_mixin.py:190} INFO - [2024-11-13T20:05:25.221+0000] {dag.py:3239} INFO - Sync 1 DAGs
[2024-11-13T20:05:25.241+0000] {logging_mixin.py:190} INFO - [2024-11-13T20:05:25.241+0000] {dag.py:4180} INFO - Setting next_dagrun for tutorial_dag to None, run_after=None
[2024-11-13T20:05:25.264+0000] {processor.py:208} INFO - Processing /home/airflow/.local/lib/python3.12/site-packages/airflow/example_dags/tutorial_dag.py took 0.089 seconds
[2024-11-13T20:05:56.091+0000] {processor.py:186} INFO - Started process (PID=869) to work on /home/airflow/.local/lib/python3.12/site-packages/airflow/example_dags/tutorial_dag.py
[2024-11-13T20:05:56.093+0000] {processor.py:914} INFO - Processing file /home/airflow/.local/lib/python3.12/site-packages/airflow/example_dags/tutorial_dag.py for tasks to queue
[2024-11-13T20:05:56.097+0000] {logging_mixin.py:190} INFO - [2024-11-13T20:05:56.096+0000] {dagbag.py:588} INFO - Filling up the DagBag from /home/airflow/.local/lib/python3.12/site-packages/airflow/example_dags/tutorial_dag.py
[2024-11-13T20:05:56.106+0000] {processor.py:925} INFO - DAG(s) 'tutorial_dag' retrieved from /home/airflow/.local/lib/python3.12/site-packages/airflow/example_dags/tutorial_dag.py
[2024-11-13T20:05:56.131+0000] {logging_mixin.py:190} INFO - [2024-11-13T20:05:56.130+0000] {dag.py:3239} INFO - Sync 1 DAGs
[2024-11-13T20:05:56.152+0000] {logging_mixin.py:190} INFO - [2024-11-13T20:05:56.152+0000] {dag.py:4180} INFO - Setting next_dagrun for tutorial_dag to None, run_after=None
[2024-11-13T20:05:56.181+0000] {processor.py:208} INFO - Processing /home/airflow/.local/lib/python3.12/site-packages/airflow/example_dags/tutorial_dag.py took 0.097 seconds
[2024-11-13T20:06:26.454+0000] {processor.py:186} INFO - Started process (PID=933) to work on /home/airflow/.local/lib/python3.12/site-packages/airflow/example_dags/tutorial_dag.py
[2024-11-13T20:06:26.455+0000] {processor.py:914} INFO - Processing file /home/airflow/.local/lib/python3.12/site-packages/airflow/example_dags/tutorial_dag.py for tasks to queue
[2024-11-13T20:06:26.458+0000] {logging_mixin.py:190} INFO - [2024-11-13T20:06:26.458+0000] {dagbag.py:588} INFO - Filling up the DagBag from /home/airflow/.local/lib/python3.12/site-packages/airflow/example_dags/tutorial_dag.py
[2024-11-13T20:06:26.467+0000] {processor.py:925} INFO - DAG(s) 'tutorial_dag' retrieved from /home/airflow/.local/lib/python3.12/site-packages/airflow/example_dags/tutorial_dag.py
[2024-11-13T20:06:26.489+0000] {logging_mixin.py:190} INFO - [2024-11-13T20:06:26.489+0000] {dag.py:3239} INFO - Sync 1 DAGs
[2024-11-13T20:06:26.506+0000] {logging_mixin.py:190} INFO - [2024-11-13T20:06:26.506+0000] {dag.py:4180} INFO - Setting next_dagrun for tutorial_dag to None, run_after=None
[2024-11-13T20:06:26.526+0000] {processor.py:208} INFO - Processing /home/airflow/.local/lib/python3.12/site-packages/airflow/example_dags/tutorial_dag.py took 0.079 seconds
[2024-11-13T20:06:57.187+0000] {processor.py:186} INFO - Started process (PID=997) to work on /home/airflow/.local/lib/python3.12/site-packages/airflow/example_dags/tutorial_dag.py
[2024-11-13T20:06:57.191+0000] {processor.py:914} INFO - Processing file /home/airflow/.local/lib/python3.12/site-packages/airflow/example_dags/tutorial_dag.py for tasks to queue
[2024-11-13T20:06:57.198+0000] {logging_mixin.py:190} INFO - [2024-11-13T20:06:57.197+0000] {dagbag.py:588} INFO - Filling up the DagBag from /home/airflow/.local/lib/python3.12/site-packages/airflow/example_dags/tutorial_dag.py
[2024-11-13T20:06:57.220+0000] {processor.py:925} INFO - DAG(s) 'tutorial_dag' retrieved from /home/airflow/.local/lib/python3.12/site-packages/airflow/example_dags/tutorial_dag.py
[2024-11-13T20:06:57.274+0000] {logging_mixin.py:190} INFO - [2024-11-13T20:06:57.273+0000] {dag.py:3239} INFO - Sync 1 DAGs
[2024-11-13T20:06:57.317+0000] {logging_mixin.py:190} INFO - [2024-11-13T20:06:57.317+0000] {dag.py:4180} INFO - Setting next_dagrun for tutorial_dag to None, run_after=None
[2024-11-13T20:06:57.371+0000] {processor.py:208} INFO - Processing /home/airflow/.local/lib/python3.12/site-packages/airflow/example_dags/tutorial_dag.py took 0.194 seconds
[2024-11-13T20:07:27.832+0000] {processor.py:186} INFO - Started process (PID=1061) to work on /home/airflow/.local/lib/python3.12/site-packages/airflow/example_dags/tutorial_dag.py
[2024-11-13T20:07:27.833+0000] {processor.py:914} INFO - Processing file /home/airflow/.local/lib/python3.12/site-packages/airflow/example_dags/tutorial_dag.py for tasks to queue
[2024-11-13T20:07:27.836+0000] {logging_mixin.py:190} INFO - [2024-11-13T20:07:27.836+0000] {dagbag.py:588} INFO - Filling up the DagBag from /home/airflow/.local/lib/python3.12/site-packages/airflow/example_dags/tutorial_dag.py
[2024-11-13T20:07:27.886+0000] {processor.py:925} INFO - DAG(s) 'tutorial_dag' retrieved from /home/airflow/.local/lib/python3.12/site-packages/airflow/example_dags/tutorial_dag.py
[2024-11-13T20:07:27.916+0000] {logging_mixin.py:190} INFO - [2024-11-13T20:07:27.915+0000] {dag.py:3239} INFO - Sync 1 DAGs
[2024-11-13T20:07:27.939+0000] {logging_mixin.py:190} INFO - [2024-11-13T20:07:27.938+0000] {dag.py:4180} INFO - Setting next_dagrun for tutorial_dag to None, run_after=None
[2024-11-13T20:07:27.973+0000] {processor.py:208} INFO - Processing /home/airflow/.local/lib/python3.12/site-packages/airflow/example_dags/tutorial_dag.py took 0.149 seconds
[2024-11-13T20:07:58.128+0000] {processor.py:186} INFO - Started process (PID=1125) to work on /home/airflow/.local/lib/python3.12/site-packages/airflow/example_dags/tutorial_dag.py
[2024-11-13T20:07:58.129+0000] {processor.py:914} INFO - Processing file /home/airflow/.local/lib/python3.12/site-packages/airflow/example_dags/tutorial_dag.py for tasks to queue
[2024-11-13T20:07:58.132+0000] {logging_mixin.py:190} INFO - [2024-11-13T20:07:58.132+0000] {dagbag.py:588} INFO - Filling up the DagBag from /home/airflow/.local/lib/python3.12/site-packages/airflow/example_dags/tutorial_dag.py
[2024-11-13T20:07:58.143+0000] {processor.py:925} INFO - DAG(s) 'tutorial_dag' retrieved from /home/airflow/.local/lib/python3.12/site-packages/airflow/example_dags/tutorial_dag.py
[2024-11-13T20:07:58.166+0000] {logging_mixin.py:190} INFO - [2024-11-13T20:07:58.166+0000] {dag.py:3239} INFO - Sync 1 DAGs
[2024-11-13T20:07:58.182+0000] {logging_mixin.py:190} INFO - [2024-11-13T20:07:58.182+0000] {dag.py:4180} INFO - Setting next_dagrun for tutorial_dag to None, run_after=None
[2024-11-13T20:07:58.201+0000] {processor.py:208} INFO - Processing /home/airflow/.local/lib/python3.12/site-packages/airflow/example_dags/tutorial_dag.py took 0.080 seconds
[2024-11-13T20:08:28.883+0000] {processor.py:186} INFO - Started process (PID=1189) to work on /home/airflow/.local/lib/python3.12/site-packages/airflow/example_dags/tutorial_dag.py
[2024-11-13T20:08:28.885+0000] {processor.py:914} INFO - Processing file /home/airflow/.local/lib/python3.12/site-packages/airflow/example_dags/tutorial_dag.py for tasks to queue
[2024-11-13T20:08:28.888+0000] {logging_mixin.py:190} INFO - [2024-11-13T20:08:28.887+0000] {dagbag.py:588} INFO - Filling up the DagBag from /home/airflow/.local/lib/python3.12/site-packages/airflow/example_dags/tutorial_dag.py
[2024-11-13T20:08:28.898+0000] {processor.py:925} INFO - DAG(s) 'tutorial_dag' retrieved from /home/airflow/.local/lib/python3.12/site-packages/airflow/example_dags/tutorial_dag.py
[2024-11-13T20:08:28.923+0000] {logging_mixin.py:190} INFO - [2024-11-13T20:08:28.923+0000] {dag.py:3239} INFO - Sync 1 DAGs
[2024-11-13T20:08:28.944+0000] {logging_mixin.py:190} INFO - [2024-11-13T20:08:28.944+0000] {dag.py:4180} INFO - Setting next_dagrun for tutorial_dag to None, run_after=None
[2024-11-13T20:08:28.970+0000] {processor.py:208} INFO - Processing /home/airflow/.local/lib/python3.12/site-packages/airflow/example_dags/tutorial_dag.py took 0.094 seconds
[2024-11-13T20:08:59.416+0000] {processor.py:186} INFO - Started process (PID=1253) to work on /home/airflow/.local/lib/python3.12/site-packages/airflow/example_dags/tutorial_dag.py
[2024-11-13T20:08:59.418+0000] {processor.py:914} INFO - Processing file /home/airflow/.local/lib/python3.12/site-packages/airflow/example_dags/tutorial_dag.py for tasks to queue
[2024-11-13T20:08:59.424+0000] {logging_mixin.py:190} INFO - [2024-11-13T20:08:59.423+0000] {dagbag.py:588} INFO - Filling up the DagBag from /home/airflow/.local/lib/python3.12/site-packages/airflow/example_dags/tutorial_dag.py
[2024-11-13T20:08:59.437+0000] {processor.py:925} INFO - DAG(s) 'tutorial_dag' retrieved from /home/airflow/.local/lib/python3.12/site-packages/airflow/example_dags/tutorial_dag.py
[2024-11-13T20:08:59.466+0000] {logging_mixin.py:190} INFO - [2024-11-13T20:08:59.466+0000] {dag.py:3239} INFO - Sync 1 DAGs
[2024-11-13T20:08:59.489+0000] {logging_mixin.py:190} INFO - [2024-11-13T20:08:59.488+0000] {dag.py:4180} INFO - Setting next_dagrun for tutorial_dag to None, run_after=None
[2024-11-13T20:08:59.519+0000] {processor.py:208} INFO - Processing /home/airflow/.local/lib/python3.12/site-packages/airflow/example_dags/tutorial_dag.py took 0.113 seconds
[2024-11-13T20:09:29.586+0000] {processor.py:186} INFO - Started process (PID=1317) to work on /home/airflow/.local/lib/python3.12/site-packages/airflow/example_dags/tutorial_dag.py
[2024-11-13T20:09:29.587+0000] {processor.py:914} INFO - Processing file /home/airflow/.local/lib/python3.12/site-packages/airflow/example_dags/tutorial_dag.py for tasks to queue
[2024-11-13T20:09:29.590+0000] {logging_mixin.py:190} INFO - [2024-11-13T20:09:29.589+0000] {dagbag.py:588} INFO - Filling up the DagBag from /home/airflow/.local/lib/python3.12/site-packages/airflow/example_dags/tutorial_dag.py
[2024-11-13T20:09:29.597+0000] {processor.py:925} INFO - DAG(s) 'tutorial_dag' retrieved from /home/airflow/.local/lib/python3.12/site-packages/airflow/example_dags/tutorial_dag.py
[2024-11-13T20:09:29.616+0000] {logging_mixin.py:190} INFO - [2024-11-13T20:09:29.616+0000] {dag.py:3239} INFO - Sync 1 DAGs
[2024-11-13T20:09:29.632+0000] {logging_mixin.py:190} INFO - [2024-11-13T20:09:29.632+0000] {dag.py:4180} INFO - Setting next_dagrun for tutorial_dag to None, run_after=None
[2024-11-13T20:09:29.667+0000] {processor.py:208} INFO - Processing /home/airflow/.local/lib/python3.12/site-packages/airflow/example_dags/tutorial_dag.py took 0.087 seconds
[2024-11-13T20:10:00.148+0000] {processor.py:186} INFO - Started process (PID=1381) to work on /home/airflow/.local/lib/python3.12/site-packages/airflow/example_dags/tutorial_dag.py
[2024-11-13T20:10:00.151+0000] {processor.py:914} INFO - Processing file /home/airflow/.local/lib/python3.12/site-packages/airflow/example_dags/tutorial_dag.py for tasks to queue
[2024-11-13T20:10:00.155+0000] {logging_mixin.py:190} INFO - [2024-11-13T20:10:00.154+0000] {dagbag.py:588} INFO - Filling up the DagBag from /home/airflow/.local/lib/python3.12/site-packages/airflow/example_dags/tutorial_dag.py
[2024-11-13T20:10:00.174+0000] {processor.py:925} INFO - DAG(s) 'tutorial_dag' retrieved from /home/airflow/.local/lib/python3.12/site-packages/airflow/example_dags/tutorial_dag.py
[2024-11-13T20:10:00.213+0000] {logging_mixin.py:190} INFO - [2024-11-13T20:10:00.211+0000] {dag.py:3239} INFO - Sync 1 DAGs
[2024-11-13T20:10:00.253+0000] {logging_mixin.py:190} INFO - [2024-11-13T20:10:00.253+0000] {dag.py:4180} INFO - Setting next_dagrun for tutorial_dag to None, run_after=None
[2024-11-13T20:10:00.313+0000] {processor.py:208} INFO - Processing /home/airflow/.local/lib/python3.12/site-packages/airflow/example_dags/tutorial_dag.py took 0.178 seconds
[2024-11-13T20:10:30.905+0000] {processor.py:186} INFO - Started process (PID=1445) to work on /home/airflow/.local/lib/python3.12/site-packages/airflow/example_dags/tutorial_dag.py
[2024-11-13T20:10:30.906+0000] {processor.py:914} INFO - Processing file /home/airflow/.local/lib/python3.12/site-packages/airflow/example_dags/tutorial_dag.py for tasks to queue
[2024-11-13T20:10:30.909+0000] {logging_mixin.py:190} INFO - [2024-11-13T20:10:30.909+0000] {dagbag.py:588} INFO - Filling up the DagBag from /home/airflow/.local/lib/python3.12/site-packages/airflow/example_dags/tutorial_dag.py
[2024-11-13T20:10:30.924+0000] {processor.py:925} INFO - DAG(s) 'tutorial_dag' retrieved from /home/airflow/.local/lib/python3.12/site-packages/airflow/example_dags/tutorial_dag.py
[2024-11-13T20:10:30.952+0000] {logging_mixin.py:190} INFO - [2024-11-13T20:10:30.951+0000] {dag.py:3239} INFO - Sync 1 DAGs
[2024-11-13T20:10:30.974+0000] {logging_mixin.py:190} INFO - [2024-11-13T20:10:30.974+0000] {dag.py:4180} INFO - Setting next_dagrun for tutorial_dag to None, run_after=None
[2024-11-13T20:10:31.007+0000] {processor.py:208} INFO - Processing /home/airflow/.local/lib/python3.12/site-packages/airflow/example_dags/tutorial_dag.py took 0.113 seconds
[2024-11-13T20:11:01.817+0000] {processor.py:186} INFO - Started process (PID=1509) to work on /home/airflow/.local/lib/python3.12/site-packages/airflow/example_dags/tutorial_dag.py
[2024-11-13T20:11:01.819+0000] {processor.py:914} INFO - Processing file /home/airflow/.local/lib/python3.12/site-packages/airflow/example_dags/tutorial_dag.py for tasks to queue
[2024-11-13T20:11:01.825+0000] {logging_mixin.py:190} INFO - [2024-11-13T20:11:01.824+0000] {dagbag.py:588} INFO - Filling up the DagBag from /home/airflow/.local/lib/python3.12/site-packages/airflow/example_dags/tutorial_dag.py
[2024-11-13T20:11:01.843+0000] {processor.py:925} INFO - DAG(s) 'tutorial_dag' retrieved from /home/airflow/.local/lib/python3.12/site-packages/airflow/example_dags/tutorial_dag.py
[2024-11-13T20:11:01.878+0000] {logging_mixin.py:190} INFO - [2024-11-13T20:11:01.877+0000] {dag.py:3239} INFO - Sync 1 DAGs
[2024-11-13T20:11:01.915+0000] {logging_mixin.py:190} INFO - [2024-11-13T20:11:01.914+0000] {dag.py:4180} INFO - Setting next_dagrun for tutorial_dag to None, run_after=None
[2024-11-13T20:11:01.961+0000] {processor.py:208} INFO - Processing /home/airflow/.local/lib/python3.12/site-packages/airflow/example_dags/tutorial_dag.py took 0.155 seconds
[2024-11-13T20:12:39.659+0000] {processor.py:186} INFO - Started process (PID=119) to work on /home/airflow/.local/lib/python3.12/site-packages/airflow/example_dags/tutorial_dag.py
[2024-11-13T20:12:39.661+0000] {processor.py:914} INFO - Processing file /home/airflow/.local/lib/python3.12/site-packages/airflow/example_dags/tutorial_dag.py for tasks to queue
[2024-11-13T20:12:39.666+0000] {logging_mixin.py:190} INFO - [2024-11-13T20:12:39.665+0000] {dagbag.py:588} INFO - Filling up the DagBag from /home/airflow/.local/lib/python3.12/site-packages/airflow/example_dags/tutorial_dag.py
[2024-11-13T20:12:39.684+0000] {processor.py:925} INFO - DAG(s) 'tutorial_dag' retrieved from /home/airflow/.local/lib/python3.12/site-packages/airflow/example_dags/tutorial_dag.py
[2024-11-13T20:12:39.726+0000] {logging_mixin.py:190} INFO - [2024-11-13T20:12:39.725+0000] {dag.py:3239} INFO - Sync 1 DAGs
[2024-11-13T20:12:39.753+0000] {logging_mixin.py:190} INFO - [2024-11-13T20:12:39.753+0000] {dag.py:4180} INFO - Setting next_dagrun for tutorial_dag to None, run_after=None
[2024-11-13T20:12:39.787+0000] {processor.py:208} INFO - Processing /home/airflow/.local/lib/python3.12/site-packages/airflow/example_dags/tutorial_dag.py took 0.139 seconds
[2024-11-13T20:13:12.042+0000] {processor.py:186} INFO - Started process (PID=183) to work on /home/airflow/.local/lib/python3.12/site-packages/airflow/example_dags/tutorial_dag.py
[2024-11-13T20:13:12.045+0000] {processor.py:914} INFO - Processing file /home/airflow/.local/lib/python3.12/site-packages/airflow/example_dags/tutorial_dag.py for tasks to queue
[2024-11-13T20:13:12.051+0000] {logging_mixin.py:190} INFO - [2024-11-13T20:13:12.050+0000] {dagbag.py:588} INFO - Filling up the DagBag from /home/airflow/.local/lib/python3.12/site-packages/airflow/example_dags/tutorial_dag.py
[2024-11-13T20:13:12.070+0000] {processor.py:925} INFO - DAG(s) 'tutorial_dag' retrieved from /home/airflow/.local/lib/python3.12/site-packages/airflow/example_dags/tutorial_dag.py
[2024-11-13T20:13:12.112+0000] {logging_mixin.py:190} INFO - [2024-11-13T20:13:12.112+0000] {dag.py:3239} INFO - Sync 1 DAGs
[2024-11-13T20:13:12.144+0000] {logging_mixin.py:190} INFO - [2024-11-13T20:13:12.143+0000] {dag.py:4180} INFO - Setting next_dagrun for tutorial_dag to None, run_after=None
[2024-11-13T20:13:12.191+0000] {processor.py:208} INFO - Processing /home/airflow/.local/lib/python3.12/site-packages/airflow/example_dags/tutorial_dag.py took 0.162 seconds
[2024-11-13T20:13:43.270+0000] {processor.py:186} INFO - Started process (PID=247) to work on /home/airflow/.local/lib/python3.12/site-packages/airflow/example_dags/tutorial_dag.py
[2024-11-13T20:13:43.272+0000] {processor.py:914} INFO - Processing file /home/airflow/.local/lib/python3.12/site-packages/airflow/example_dags/tutorial_dag.py for tasks to queue
[2024-11-13T20:13:43.275+0000] {logging_mixin.py:190} INFO - [2024-11-13T20:13:43.274+0000] {dagbag.py:588} INFO - Filling up the DagBag from /home/airflow/.local/lib/python3.12/site-packages/airflow/example_dags/tutorial_dag.py
[2024-11-13T20:13:43.284+0000] {processor.py:925} INFO - DAG(s) 'tutorial_dag' retrieved from /home/airflow/.local/lib/python3.12/site-packages/airflow/example_dags/tutorial_dag.py
[2024-11-13T20:13:43.308+0000] {logging_mixin.py:190} INFO - [2024-11-13T20:13:43.308+0000] {dag.py:3239} INFO - Sync 1 DAGs
[2024-11-13T20:13:43.326+0000] {logging_mixin.py:190} INFO - [2024-11-13T20:13:43.326+0000] {dag.py:4180} INFO - Setting next_dagrun for tutorial_dag to None, run_after=None
[2024-11-13T20:13:43.350+0000] {processor.py:208} INFO - Processing /home/airflow/.local/lib/python3.12/site-packages/airflow/example_dags/tutorial_dag.py took 0.088 seconds
[2024-11-13T20:16:06.225+0000] {processor.py:186} INFO - Started process (PID=106) to work on /home/airflow/.local/lib/python3.12/site-packages/airflow/example_dags/tutorial_dag.py
[2024-11-13T20:16:06.226+0000] {processor.py:914} INFO - Processing file /home/airflow/.local/lib/python3.12/site-packages/airflow/example_dags/tutorial_dag.py for tasks to queue
[2024-11-13T20:16:06.229+0000] {logging_mixin.py:190} INFO - [2024-11-13T20:16:06.229+0000] {dagbag.py:588} INFO - Filling up the DagBag from /home/airflow/.local/lib/python3.12/site-packages/airflow/example_dags/tutorial_dag.py
[2024-11-13T20:16:06.238+0000] {processor.py:925} INFO - DAG(s) 'tutorial_dag' retrieved from /home/airflow/.local/lib/python3.12/site-packages/airflow/example_dags/tutorial_dag.py
[2024-11-13T20:16:06.263+0000] {logging_mixin.py:190} INFO - [2024-11-13T20:16:06.262+0000] {dag.py:3239} INFO - Sync 1 DAGs
[2024-11-13T20:16:06.281+0000] {logging_mixin.py:190} INFO - [2024-11-13T20:16:06.281+0000] {dag.py:4180} INFO - Setting next_dagrun for tutorial_dag to None, run_after=None
[2024-11-13T20:16:06.309+0000] {processor.py:208} INFO - Processing /home/airflow/.local/lib/python3.12/site-packages/airflow/example_dags/tutorial_dag.py took 0.091 seconds
[2024-11-13T20:16:36.884+0000] {processor.py:186} INFO - Started process (PID=170) to work on /home/airflow/.local/lib/python3.12/site-packages/airflow/example_dags/tutorial_dag.py
[2024-11-13T20:16:36.885+0000] {processor.py:914} INFO - Processing file /home/airflow/.local/lib/python3.12/site-packages/airflow/example_dags/tutorial_dag.py for tasks to queue
[2024-11-13T20:16:36.889+0000] {logging_mixin.py:190} INFO - [2024-11-13T20:16:36.888+0000] {dagbag.py:588} INFO - Filling up the DagBag from /home/airflow/.local/lib/python3.12/site-packages/airflow/example_dags/tutorial_dag.py
[2024-11-13T20:16:36.898+0000] {processor.py:925} INFO - DAG(s) 'tutorial_dag' retrieved from /home/airflow/.local/lib/python3.12/site-packages/airflow/example_dags/tutorial_dag.py
[2024-11-13T20:16:36.926+0000] {logging_mixin.py:190} INFO - [2024-11-13T20:16:36.926+0000] {dag.py:3239} INFO - Sync 1 DAGs
[2024-11-13T20:16:36.947+0000] {logging_mixin.py:190} INFO - [2024-11-13T20:16:36.947+0000] {dag.py:4180} INFO - Setting next_dagrun for tutorial_dag to None, run_after=None
[2024-11-13T20:16:36.973+0000] {processor.py:208} INFO - Processing /home/airflow/.local/lib/python3.12/site-packages/airflow/example_dags/tutorial_dag.py took 0.098 seconds
[2024-11-13T20:17:08.038+0000] {processor.py:186} INFO - Started process (PID=234) to work on /home/airflow/.local/lib/python3.12/site-packages/airflow/example_dags/tutorial_dag.py
[2024-11-13T20:17:08.039+0000] {processor.py:914} INFO - Processing file /home/airflow/.local/lib/python3.12/site-packages/airflow/example_dags/tutorial_dag.py for tasks to queue
[2024-11-13T20:17:08.042+0000] {logging_mixin.py:190} INFO - [2024-11-13T20:17:08.041+0000] {dagbag.py:588} INFO - Filling up the DagBag from /home/airflow/.local/lib/python3.12/site-packages/airflow/example_dags/tutorial_dag.py
[2024-11-13T20:17:08.050+0000] {processor.py:925} INFO - DAG(s) 'tutorial_dag' retrieved from /home/airflow/.local/lib/python3.12/site-packages/airflow/example_dags/tutorial_dag.py
[2024-11-13T20:17:08.072+0000] {logging_mixin.py:190} INFO - [2024-11-13T20:17:08.072+0000] {dag.py:3239} INFO - Sync 1 DAGs
[2024-11-13T20:17:08.091+0000] {logging_mixin.py:190} INFO - [2024-11-13T20:17:08.091+0000] {dag.py:4180} INFO - Setting next_dagrun for tutorial_dag to None, run_after=None
[2024-11-13T20:17:08.114+0000] {processor.py:208} INFO - Processing /home/airflow/.local/lib/python3.12/site-packages/airflow/example_dags/tutorial_dag.py took 0.083 seconds
[2024-11-13T20:17:38.286+0000] {processor.py:186} INFO - Started process (PID=297) to work on /home/airflow/.local/lib/python3.12/site-packages/airflow/example_dags/tutorial_dag.py
[2024-11-13T20:17:38.288+0000] {processor.py:914} INFO - Processing file /home/airflow/.local/lib/python3.12/site-packages/airflow/example_dags/tutorial_dag.py for tasks to queue
[2024-11-13T20:17:38.290+0000] {logging_mixin.py:190} INFO - [2024-11-13T20:17:38.290+0000] {dagbag.py:588} INFO - Filling up the DagBag from /home/airflow/.local/lib/python3.12/site-packages/airflow/example_dags/tutorial_dag.py
[2024-11-13T20:17:38.298+0000] {processor.py:925} INFO - DAG(s) 'tutorial_dag' retrieved from /home/airflow/.local/lib/python3.12/site-packages/airflow/example_dags/tutorial_dag.py
[2024-11-13T20:17:38.321+0000] {logging_mixin.py:190} INFO - [2024-11-13T20:17:38.320+0000] {dag.py:3239} INFO - Sync 1 DAGs
[2024-11-13T20:17:38.337+0000] {logging_mixin.py:190} INFO - [2024-11-13T20:17:38.337+0000] {dag.py:4180} INFO - Setting next_dagrun for tutorial_dag to None, run_after=None
[2024-11-13T20:17:38.358+0000] {processor.py:208} INFO - Processing /home/airflow/.local/lib/python3.12/site-packages/airflow/example_dags/tutorial_dag.py took 0.078 seconds
[2024-11-13T20:18:09.650+0000] {processor.py:186} INFO - Started process (PID=361) to work on /home/airflow/.local/lib/python3.12/site-packages/airflow/example_dags/tutorial_dag.py
[2024-11-13T20:18:09.652+0000] {processor.py:914} INFO - Processing file /home/airflow/.local/lib/python3.12/site-packages/airflow/example_dags/tutorial_dag.py for tasks to queue
[2024-11-13T20:18:09.654+0000] {logging_mixin.py:190} INFO - [2024-11-13T20:18:09.654+0000] {dagbag.py:588} INFO - Filling up the DagBag from /home/airflow/.local/lib/python3.12/site-packages/airflow/example_dags/tutorial_dag.py
[2024-11-13T20:18:09.664+0000] {processor.py:925} INFO - DAG(s) 'tutorial_dag' retrieved from /home/airflow/.local/lib/python3.12/site-packages/airflow/example_dags/tutorial_dag.py
[2024-11-13T20:18:09.691+0000] {logging_mixin.py:190} INFO - [2024-11-13T20:18:09.690+0000] {dag.py:3239} INFO - Sync 1 DAGs
[2024-11-13T20:18:09.710+0000] {logging_mixin.py:190} INFO - [2024-11-13T20:18:09.710+0000] {dag.py:4180} INFO - Setting next_dagrun for tutorial_dag to None, run_after=None
[2024-11-13T20:18:09.734+0000] {processor.py:208} INFO - Processing /home/airflow/.local/lib/python3.12/site-packages/airflow/example_dags/tutorial_dag.py took 0.091 seconds
[2024-11-13T20:18:41.284+0000] {processor.py:186} INFO - Started process (PID=426) to work on /home/airflow/.local/lib/python3.12/site-packages/airflow/example_dags/tutorial_dag.py
[2024-11-13T20:18:41.286+0000] {processor.py:914} INFO - Processing file /home/airflow/.local/lib/python3.12/site-packages/airflow/example_dags/tutorial_dag.py for tasks to queue
[2024-11-13T20:18:41.289+0000] {logging_mixin.py:190} INFO - [2024-11-13T20:18:41.289+0000] {dagbag.py:588} INFO - Filling up the DagBag from /home/airflow/.local/lib/python3.12/site-packages/airflow/example_dags/tutorial_dag.py
[2024-11-13T20:18:41.297+0000] {processor.py:925} INFO - DAG(s) 'tutorial_dag' retrieved from /home/airflow/.local/lib/python3.12/site-packages/airflow/example_dags/tutorial_dag.py
[2024-11-13T20:18:41.319+0000] {logging_mixin.py:190} INFO - [2024-11-13T20:18:41.318+0000] {dag.py:3239} INFO - Sync 1 DAGs
[2024-11-13T20:18:41.334+0000] {logging_mixin.py:190} INFO - [2024-11-13T20:18:41.334+0000] {dag.py:4180} INFO - Setting next_dagrun for tutorial_dag to None, run_after=None
[2024-11-13T20:18:41.355+0000] {processor.py:208} INFO - Processing /home/airflow/.local/lib/python3.12/site-packages/airflow/example_dags/tutorial_dag.py took 0.077 seconds
[2024-11-13T20:19:11.986+0000] {processor.py:186} INFO - Started process (PID=490) to work on /home/airflow/.local/lib/python3.12/site-packages/airflow/example_dags/tutorial_dag.py
[2024-11-13T20:19:11.987+0000] {processor.py:914} INFO - Processing file /home/airflow/.local/lib/python3.12/site-packages/airflow/example_dags/tutorial_dag.py for tasks to queue
[2024-11-13T20:19:11.994+0000] {logging_mixin.py:190} INFO - [2024-11-13T20:19:11.993+0000] {dagbag.py:588} INFO - Filling up the DagBag from /home/airflow/.local/lib/python3.12/site-packages/airflow/example_dags/tutorial_dag.py
[2024-11-13T20:19:12.003+0000] {processor.py:925} INFO - DAG(s) 'tutorial_dag' retrieved from /home/airflow/.local/lib/python3.12/site-packages/airflow/example_dags/tutorial_dag.py
[2024-11-13T20:19:12.034+0000] {logging_mixin.py:190} INFO - [2024-11-13T20:19:12.033+0000] {dag.py:3239} INFO - Sync 1 DAGs
[2024-11-13T20:19:12.055+0000] {logging_mixin.py:190} INFO - [2024-11-13T20:19:12.055+0000] {dag.py:4180} INFO - Setting next_dagrun for tutorial_dag to None, run_after=None
[2024-11-13T20:19:12.082+0000] {processor.py:208} INFO - Processing /home/airflow/.local/lib/python3.12/site-packages/airflow/example_dags/tutorial_dag.py took 0.105 seconds
[2024-11-13T20:19:42.811+0000] {processor.py:186} INFO - Started process (PID=554) to work on /home/airflow/.local/lib/python3.12/site-packages/airflow/example_dags/tutorial_dag.py
[2024-11-13T20:19:42.813+0000] {processor.py:914} INFO - Processing file /home/airflow/.local/lib/python3.12/site-packages/airflow/example_dags/tutorial_dag.py for tasks to queue
[2024-11-13T20:19:42.816+0000] {logging_mixin.py:190} INFO - [2024-11-13T20:19:42.816+0000] {dagbag.py:588} INFO - Filling up the DagBag from /home/airflow/.local/lib/python3.12/site-packages/airflow/example_dags/tutorial_dag.py
[2024-11-13T20:19:42.827+0000] {processor.py:925} INFO - DAG(s) 'tutorial_dag' retrieved from /home/airflow/.local/lib/python3.12/site-packages/airflow/example_dags/tutorial_dag.py
[2024-11-13T20:19:42.848+0000] {logging_mixin.py:190} INFO - [2024-11-13T20:19:42.848+0000] {dag.py:3239} INFO - Sync 1 DAGs
[2024-11-13T20:19:42.867+0000] {logging_mixin.py:190} INFO - [2024-11-13T20:19:42.866+0000] {dag.py:4180} INFO - Setting next_dagrun for tutorial_dag to None, run_after=None
[2024-11-13T20:19:42.888+0000] {processor.py:208} INFO - Processing /home/airflow/.local/lib/python3.12/site-packages/airflow/example_dags/tutorial_dag.py took 0.083 seconds
[2024-11-13T20:20:13.552+0000] {processor.py:186} INFO - Started process (PID=618) to work on /home/airflow/.local/lib/python3.12/site-packages/airflow/example_dags/tutorial_dag.py
[2024-11-13T20:20:13.555+0000] {processor.py:914} INFO - Processing file /home/airflow/.local/lib/python3.12/site-packages/airflow/example_dags/tutorial_dag.py for tasks to queue
[2024-11-13T20:20:13.560+0000] {logging_mixin.py:190} INFO - [2024-11-13T20:20:13.559+0000] {dagbag.py:588} INFO - Filling up the DagBag from /home/airflow/.local/lib/python3.12/site-packages/airflow/example_dags/tutorial_dag.py
[2024-11-13T20:20:13.571+0000] {processor.py:925} INFO - DAG(s) 'tutorial_dag' retrieved from /home/airflow/.local/lib/python3.12/site-packages/airflow/example_dags/tutorial_dag.py
[2024-11-13T20:20:13.597+0000] {logging_mixin.py:190} INFO - [2024-11-13T20:20:13.596+0000] {dag.py:3239} INFO - Sync 1 DAGs
[2024-11-13T20:20:13.617+0000] {logging_mixin.py:190} INFO - [2024-11-13T20:20:13.616+0000] {dag.py:4180} INFO - Setting next_dagrun for tutorial_dag to None, run_after=None
[2024-11-13T20:20:13.641+0000] {processor.py:208} INFO - Processing /home/airflow/.local/lib/python3.12/site-packages/airflow/example_dags/tutorial_dag.py took 0.098 seconds
[2024-11-13T20:20:43.679+0000] {processor.py:186} INFO - Started process (PID=681) to work on /home/airflow/.local/lib/python3.12/site-packages/airflow/example_dags/tutorial_dag.py
[2024-11-13T20:20:43.680+0000] {processor.py:914} INFO - Processing file /home/airflow/.local/lib/python3.12/site-packages/airflow/example_dags/tutorial_dag.py for tasks to queue
[2024-11-13T20:20:43.683+0000] {logging_mixin.py:190} INFO - [2024-11-13T20:20:43.683+0000] {dagbag.py:588} INFO - Filling up the DagBag from /home/airflow/.local/lib/python3.12/site-packages/airflow/example_dags/tutorial_dag.py
[2024-11-13T20:20:43.691+0000] {processor.py:925} INFO - DAG(s) 'tutorial_dag' retrieved from /home/airflow/.local/lib/python3.12/site-packages/airflow/example_dags/tutorial_dag.py
[2024-11-13T20:20:43.711+0000] {logging_mixin.py:190} INFO - [2024-11-13T20:20:43.711+0000] {dag.py:3239} INFO - Sync 1 DAGs
[2024-11-13T20:20:43.726+0000] {logging_mixin.py:190} INFO - [2024-11-13T20:20:43.725+0000] {dag.py:4180} INFO - Setting next_dagrun for tutorial_dag to None, run_after=None
[2024-11-13T20:20:43.742+0000] {processor.py:208} INFO - Processing /home/airflow/.local/lib/python3.12/site-packages/airflow/example_dags/tutorial_dag.py took 0.070 seconds
[2024-11-13T20:21:13.946+0000] {processor.py:186} INFO - Started process (PID=744) to work on /home/airflow/.local/lib/python3.12/site-packages/airflow/example_dags/tutorial_dag.py
[2024-11-13T20:21:13.947+0000] {processor.py:914} INFO - Processing file /home/airflow/.local/lib/python3.12/site-packages/airflow/example_dags/tutorial_dag.py for tasks to queue
[2024-11-13T20:21:13.951+0000] {logging_mixin.py:190} INFO - [2024-11-13T20:21:13.950+0000] {dagbag.py:588} INFO - Filling up the DagBag from /home/airflow/.local/lib/python3.12/site-packages/airflow/example_dags/tutorial_dag.py
[2024-11-13T20:21:13.961+0000] {processor.py:925} INFO - DAG(s) 'tutorial_dag' retrieved from /home/airflow/.local/lib/python3.12/site-packages/airflow/example_dags/tutorial_dag.py
[2024-11-13T20:21:13.987+0000] {logging_mixin.py:190} INFO - [2024-11-13T20:21:13.987+0000] {dag.py:3239} INFO - Sync 1 DAGs
[2024-11-13T20:21:14.006+0000] {logging_mixin.py:190} INFO - [2024-11-13T20:21:14.006+0000] {dag.py:4180} INFO - Setting next_dagrun for tutorial_dag to None, run_after=None
[2024-11-13T20:21:14.032+0000] {processor.py:208} INFO - Processing /home/airflow/.local/lib/python3.12/site-packages/airflow/example_dags/tutorial_dag.py took 0.094 seconds
[2024-11-13T20:21:44.201+0000] {processor.py:186} INFO - Started process (PID=807) to work on /home/airflow/.local/lib/python3.12/site-packages/airflow/example_dags/tutorial_dag.py
[2024-11-13T20:21:44.202+0000] {processor.py:914} INFO - Processing file /home/airflow/.local/lib/python3.12/site-packages/airflow/example_dags/tutorial_dag.py for tasks to queue
[2024-11-13T20:21:44.205+0000] {logging_mixin.py:190} INFO - [2024-11-13T20:21:44.204+0000] {dagbag.py:588} INFO - Filling up the DagBag from /home/airflow/.local/lib/python3.12/site-packages/airflow/example_dags/tutorial_dag.py
[2024-11-13T20:21:44.213+0000] {processor.py:925} INFO - DAG(s) 'tutorial_dag' retrieved from /home/airflow/.local/lib/python3.12/site-packages/airflow/example_dags/tutorial_dag.py
[2024-11-13T20:21:44.234+0000] {logging_mixin.py:190} INFO - [2024-11-13T20:21:44.233+0000] {dag.py:3239} INFO - Sync 1 DAGs
[2024-11-13T20:21:44.249+0000] {logging_mixin.py:190} INFO - [2024-11-13T20:21:44.249+0000] {dag.py:4180} INFO - Setting next_dagrun for tutorial_dag to None, run_after=None
[2024-11-13T20:21:44.272+0000] {processor.py:208} INFO - Processing /home/airflow/.local/lib/python3.12/site-packages/airflow/example_dags/tutorial_dag.py took 0.077 seconds
[2024-11-13T20:22:14.985+0000] {processor.py:186} INFO - Started process (PID=871) to work on /home/airflow/.local/lib/python3.12/site-packages/airflow/example_dags/tutorial_dag.py
[2024-11-13T20:22:14.986+0000] {processor.py:914} INFO - Processing file /home/airflow/.local/lib/python3.12/site-packages/airflow/example_dags/tutorial_dag.py for tasks to queue
[2024-11-13T20:22:14.988+0000] {logging_mixin.py:190} INFO - [2024-11-13T20:22:14.988+0000] {dagbag.py:588} INFO - Filling up the DagBag from /home/airflow/.local/lib/python3.12/site-packages/airflow/example_dags/tutorial_dag.py
[2024-11-13T20:22:14.997+0000] {processor.py:925} INFO - DAG(s) 'tutorial_dag' retrieved from /home/airflow/.local/lib/python3.12/site-packages/airflow/example_dags/tutorial_dag.py
[2024-11-13T20:22:15.019+0000] {logging_mixin.py:190} INFO - [2024-11-13T20:22:15.019+0000] {dag.py:3239} INFO - Sync 1 DAGs
[2024-11-13T20:22:15.034+0000] {logging_mixin.py:190} INFO - [2024-11-13T20:22:15.034+0000] {dag.py:4180} INFO - Setting next_dagrun for tutorial_dag to None, run_after=None
[2024-11-13T20:22:15.055+0000] {processor.py:208} INFO - Processing /home/airflow/.local/lib/python3.12/site-packages/airflow/example_dags/tutorial_dag.py took 0.076 seconds
[2024-11-13T20:25:31.676+0000] {processor.py:186} INFO - Started process (PID=932) to work on /home/airflow/.local/lib/python3.12/site-packages/airflow/example_dags/tutorial_dag.py
[2024-11-13T20:25:31.678+0000] {processor.py:914} INFO - Processing file /home/airflow/.local/lib/python3.12/site-packages/airflow/example_dags/tutorial_dag.py for tasks to queue
[2024-11-13T20:25:31.680+0000] {logging_mixin.py:190} INFO - [2024-11-13T20:25:31.680+0000] {dagbag.py:588} INFO - Filling up the DagBag from /home/airflow/.local/lib/python3.12/site-packages/airflow/example_dags/tutorial_dag.py
[2024-11-13T20:25:31.690+0000] {processor.py:925} INFO - DAG(s) 'tutorial_dag' retrieved from /home/airflow/.local/lib/python3.12/site-packages/airflow/example_dags/tutorial_dag.py
[2024-11-13T20:25:31.714+0000] {logging_mixin.py:190} INFO - [2024-11-13T20:25:31.713+0000] {dag.py:3239} INFO - Sync 1 DAGs
[2024-11-13T20:25:31.737+0000] {logging_mixin.py:190} INFO - [2024-11-13T20:25:31.737+0000] {dag.py:4180} INFO - Setting next_dagrun for tutorial_dag to None, run_after=None
[2024-11-13T20:25:31.760+0000] {processor.py:208} INFO - Processing /home/airflow/.local/lib/python3.12/site-packages/airflow/example_dags/tutorial_dag.py took 0.091 seconds
[2024-11-13T20:26:03.301+0000] {processor.py:186} INFO - Started process (PID=1002) to work on /home/airflow/.local/lib/python3.12/site-packages/airflow/example_dags/tutorial_dag.py
[2024-11-13T20:26:03.302+0000] {processor.py:914} INFO - Processing file /home/airflow/.local/lib/python3.12/site-packages/airflow/example_dags/tutorial_dag.py for tasks to queue
[2024-11-13T20:26:03.305+0000] {logging_mixin.py:190} INFO - [2024-11-13T20:26:03.305+0000] {dagbag.py:588} INFO - Filling up the DagBag from /home/airflow/.local/lib/python3.12/site-packages/airflow/example_dags/tutorial_dag.py
[2024-11-13T20:26:03.314+0000] {processor.py:925} INFO - DAG(s) 'tutorial_dag' retrieved from /home/airflow/.local/lib/python3.12/site-packages/airflow/example_dags/tutorial_dag.py
[2024-11-13T20:26:03.335+0000] {logging_mixin.py:190} INFO - [2024-11-13T20:26:03.335+0000] {dag.py:3239} INFO - Sync 1 DAGs
[2024-11-13T20:26:03.350+0000] {logging_mixin.py:190} INFO - [2024-11-13T20:26:03.350+0000] {dag.py:4180} INFO - Setting next_dagrun for tutorial_dag to None, run_after=None
[2024-11-13T20:26:03.372+0000] {processor.py:208} INFO - Processing /home/airflow/.local/lib/python3.12/site-packages/airflow/example_dags/tutorial_dag.py took 0.077 seconds
[2024-11-13T20:26:34.074+0000] {processor.py:186} INFO - Started process (PID=1066) to work on /home/airflow/.local/lib/python3.12/site-packages/airflow/example_dags/tutorial_dag.py
[2024-11-13T20:26:34.076+0000] {processor.py:914} INFO - Processing file /home/airflow/.local/lib/python3.12/site-packages/airflow/example_dags/tutorial_dag.py for tasks to queue
[2024-11-13T20:26:34.081+0000] {logging_mixin.py:190} INFO - [2024-11-13T20:26:34.080+0000] {dagbag.py:588} INFO - Filling up the DagBag from /home/airflow/.local/lib/python3.12/site-packages/airflow/example_dags/tutorial_dag.py
[2024-11-13T20:26:34.094+0000] {processor.py:925} INFO - DAG(s) 'tutorial_dag' retrieved from /home/airflow/.local/lib/python3.12/site-packages/airflow/example_dags/tutorial_dag.py
[2024-11-13T20:26:34.135+0000] {logging_mixin.py:190} INFO - [2024-11-13T20:26:34.135+0000] {dag.py:3239} INFO - Sync 1 DAGs
[2024-11-13T20:26:34.167+0000] {logging_mixin.py:190} INFO - [2024-11-13T20:26:34.166+0000] {dag.py:4180} INFO - Setting next_dagrun for tutorial_dag to None, run_after=None
[2024-11-13T20:26:34.209+0000] {processor.py:208} INFO - Processing /home/airflow/.local/lib/python3.12/site-packages/airflow/example_dags/tutorial_dag.py took 0.146 seconds
[2024-11-13T20:27:04.523+0000] {processor.py:186} INFO - Started process (PID=1129) to work on /home/airflow/.local/lib/python3.12/site-packages/airflow/example_dags/tutorial_dag.py
[2024-11-13T20:27:04.525+0000] {processor.py:914} INFO - Processing file /home/airflow/.local/lib/python3.12/site-packages/airflow/example_dags/tutorial_dag.py for tasks to queue
[2024-11-13T20:27:04.527+0000] {logging_mixin.py:190} INFO - [2024-11-13T20:27:04.527+0000] {dagbag.py:588} INFO - Filling up the DagBag from /home/airflow/.local/lib/python3.12/site-packages/airflow/example_dags/tutorial_dag.py
[2024-11-13T20:27:04.535+0000] {processor.py:925} INFO - DAG(s) 'tutorial_dag' retrieved from /home/airflow/.local/lib/python3.12/site-packages/airflow/example_dags/tutorial_dag.py
[2024-11-13T20:27:04.555+0000] {logging_mixin.py:190} INFO - [2024-11-13T20:27:04.555+0000] {dag.py:3239} INFO - Sync 1 DAGs
[2024-11-13T20:27:04.571+0000] {logging_mixin.py:190} INFO - [2024-11-13T20:27:04.571+0000] {dag.py:4180} INFO - Setting next_dagrun for tutorial_dag to None, run_after=None
[2024-11-13T20:27:04.591+0000] {processor.py:208} INFO - Processing /home/airflow/.local/lib/python3.12/site-packages/airflow/example_dags/tutorial_dag.py took 0.075 seconds
[2024-11-13T20:27:35.213+0000] {processor.py:186} INFO - Started process (PID=1193) to work on /home/airflow/.local/lib/python3.12/site-packages/airflow/example_dags/tutorial_dag.py
[2024-11-13T20:27:35.214+0000] {processor.py:914} INFO - Processing file /home/airflow/.local/lib/python3.12/site-packages/airflow/example_dags/tutorial_dag.py for tasks to queue
[2024-11-13T20:27:35.217+0000] {logging_mixin.py:190} INFO - [2024-11-13T20:27:35.217+0000] {dagbag.py:588} INFO - Filling up the DagBag from /home/airflow/.local/lib/python3.12/site-packages/airflow/example_dags/tutorial_dag.py
[2024-11-13T20:27:35.225+0000] {processor.py:925} INFO - DAG(s) 'tutorial_dag' retrieved from /home/airflow/.local/lib/python3.12/site-packages/airflow/example_dags/tutorial_dag.py
[2024-11-13T20:27:35.245+0000] {logging_mixin.py:190} INFO - [2024-11-13T20:27:35.245+0000] {dag.py:3239} INFO - Sync 1 DAGs
[2024-11-13T20:27:35.260+0000] {logging_mixin.py:190} INFO - [2024-11-13T20:27:35.259+0000] {dag.py:4180} INFO - Setting next_dagrun for tutorial_dag to None, run_after=None
[2024-11-13T20:27:35.278+0000] {processor.py:208} INFO - Processing /home/airflow/.local/lib/python3.12/site-packages/airflow/example_dags/tutorial_dag.py took 0.071 seconds
[2024-11-13T20:28:05.936+0000] {processor.py:186} INFO - Started process (PID=1257) to work on /home/airflow/.local/lib/python3.12/site-packages/airflow/example_dags/tutorial_dag.py
[2024-11-13T20:28:05.938+0000] {processor.py:914} INFO - Processing file /home/airflow/.local/lib/python3.12/site-packages/airflow/example_dags/tutorial_dag.py for tasks to queue
[2024-11-13T20:28:05.941+0000] {logging_mixin.py:190} INFO - [2024-11-13T20:28:05.940+0000] {dagbag.py:588} INFO - Filling up the DagBag from /home/airflow/.local/lib/python3.12/site-packages/airflow/example_dags/tutorial_dag.py
[2024-11-13T20:28:05.950+0000] {processor.py:925} INFO - DAG(s) 'tutorial_dag' retrieved from /home/airflow/.local/lib/python3.12/site-packages/airflow/example_dags/tutorial_dag.py
[2024-11-13T20:28:05.976+0000] {logging_mixin.py:190} INFO - [2024-11-13T20:28:05.976+0000] {dag.py:3239} INFO - Sync 1 DAGs
[2024-11-13T20:28:05.994+0000] {logging_mixin.py:190} INFO - [2024-11-13T20:28:05.994+0000] {dag.py:4180} INFO - Setting next_dagrun for tutorial_dag to None, run_after=None
[2024-11-13T20:28:06.020+0000] {processor.py:208} INFO - Processing /home/airflow/.local/lib/python3.12/site-packages/airflow/example_dags/tutorial_dag.py took 0.092 seconds
[2024-11-13T20:28:36.594+0000] {processor.py:186} INFO - Started process (PID=1321) to work on /home/airflow/.local/lib/python3.12/site-packages/airflow/example_dags/tutorial_dag.py
[2024-11-13T20:28:36.596+0000] {processor.py:914} INFO - Processing file /home/airflow/.local/lib/python3.12/site-packages/airflow/example_dags/tutorial_dag.py for tasks to queue
[2024-11-13T20:28:36.600+0000] {logging_mixin.py:190} INFO - [2024-11-13T20:28:36.599+0000] {dagbag.py:588} INFO - Filling up the DagBag from /home/airflow/.local/lib/python3.12/site-packages/airflow/example_dags/tutorial_dag.py
[2024-11-13T20:28:36.610+0000] {processor.py:925} INFO - DAG(s) 'tutorial_dag' retrieved from /home/airflow/.local/lib/python3.12/site-packages/airflow/example_dags/tutorial_dag.py
[2024-11-13T20:28:36.636+0000] {logging_mixin.py:190} INFO - [2024-11-13T20:28:36.635+0000] {dag.py:3239} INFO - Sync 1 DAGs
[2024-11-13T20:28:36.654+0000] {logging_mixin.py:190} INFO - [2024-11-13T20:28:36.654+0000] {dag.py:4180} INFO - Setting next_dagrun for tutorial_dag to None, run_after=None
[2024-11-13T20:28:36.677+0000] {processor.py:208} INFO - Processing /home/airflow/.local/lib/python3.12/site-packages/airflow/example_dags/tutorial_dag.py took 0.090 seconds
[2024-11-13T20:29:07.693+0000] {processor.py:186} INFO - Started process (PID=1385) to work on /home/airflow/.local/lib/python3.12/site-packages/airflow/example_dags/tutorial_dag.py
[2024-11-13T20:29:07.695+0000] {processor.py:914} INFO - Processing file /home/airflow/.local/lib/python3.12/site-packages/airflow/example_dags/tutorial_dag.py for tasks to queue
[2024-11-13T20:29:07.698+0000] {logging_mixin.py:190} INFO - [2024-11-13T20:29:07.698+0000] {dagbag.py:588} INFO - Filling up the DagBag from /home/airflow/.local/lib/python3.12/site-packages/airflow/example_dags/tutorial_dag.py
[2024-11-13T20:29:07.710+0000] {processor.py:925} INFO - DAG(s) 'tutorial_dag' retrieved from /home/airflow/.local/lib/python3.12/site-packages/airflow/example_dags/tutorial_dag.py
[2024-11-13T20:29:07.742+0000] {logging_mixin.py:190} INFO - [2024-11-13T20:29:07.742+0000] {dag.py:3239} INFO - Sync 1 DAGs
[2024-11-13T20:29:07.764+0000] {logging_mixin.py:190} INFO - [2024-11-13T20:29:07.763+0000] {dag.py:4180} INFO - Setting next_dagrun for tutorial_dag to None, run_after=None
[2024-11-13T20:29:07.788+0000] {processor.py:208} INFO - Processing /home/airflow/.local/lib/python3.12/site-packages/airflow/example_dags/tutorial_dag.py took 0.103 seconds
[2024-11-13T20:47:59.553+0000] {processor.py:186} INFO - Started process (PID=113) to work on /home/airflow/.local/lib/python3.12/site-packages/airflow/example_dags/tutorial_dag.py
[2024-11-13T20:47:59.554+0000] {processor.py:914} INFO - Processing file /home/airflow/.local/lib/python3.12/site-packages/airflow/example_dags/tutorial_dag.py for tasks to queue
[2024-11-13T20:47:59.557+0000] {logging_mixin.py:190} INFO - [2024-11-13T20:47:59.557+0000] {dagbag.py:588} INFO - Filling up the DagBag from /home/airflow/.local/lib/python3.12/site-packages/airflow/example_dags/tutorial_dag.py
[2024-11-13T20:47:59.568+0000] {processor.py:925} INFO - DAG(s) 'tutorial_dag' retrieved from /home/airflow/.local/lib/python3.12/site-packages/airflow/example_dags/tutorial_dag.py
[2024-11-13T20:47:59.595+0000] {logging_mixin.py:190} INFO - [2024-11-13T20:47:59.595+0000] {dag.py:3239} INFO - Sync 1 DAGs
[2024-11-13T20:47:59.616+0000] {logging_mixin.py:190} INFO - [2024-11-13T20:47:59.616+0000] {dag.py:4180} INFO - Setting next_dagrun for tutorial_dag to None, run_after=None
[2024-11-13T20:47:59.643+0000] {processor.py:208} INFO - Processing /home/airflow/.local/lib/python3.12/site-packages/airflow/example_dags/tutorial_dag.py took 0.098 seconds
[2024-11-13T20:48:30.689+0000] {processor.py:186} INFO - Started process (PID=177) to work on /home/airflow/.local/lib/python3.12/site-packages/airflow/example_dags/tutorial_dag.py
[2024-11-13T20:48:30.691+0000] {processor.py:914} INFO - Processing file /home/airflow/.local/lib/python3.12/site-packages/airflow/example_dags/tutorial_dag.py for tasks to queue
[2024-11-13T20:48:30.695+0000] {logging_mixin.py:190} INFO - [2024-11-13T20:48:30.695+0000] {dagbag.py:588} INFO - Filling up the DagBag from /home/airflow/.local/lib/python3.12/site-packages/airflow/example_dags/tutorial_dag.py
[2024-11-13T20:48:30.707+0000] {processor.py:925} INFO - DAG(s) 'tutorial_dag' retrieved from /home/airflow/.local/lib/python3.12/site-packages/airflow/example_dags/tutorial_dag.py
[2024-11-13T20:48:30.733+0000] {logging_mixin.py:190} INFO - [2024-11-13T20:48:30.733+0000] {dag.py:3239} INFO - Sync 1 DAGs
[2024-11-13T20:48:30.756+0000] {logging_mixin.py:190} INFO - [2024-11-13T20:48:30.756+0000] {dag.py:4180} INFO - Setting next_dagrun for tutorial_dag to None, run_after=None
[2024-11-13T20:48:30.781+0000] {processor.py:208} INFO - Processing /home/airflow/.local/lib/python3.12/site-packages/airflow/example_dags/tutorial_dag.py took 0.103 seconds
[2024-11-13T20:49:02.318+0000] {processor.py:186} INFO - Started process (PID=241) to work on /home/airflow/.local/lib/python3.12/site-packages/airflow/example_dags/tutorial_dag.py
[2024-11-13T20:49:02.320+0000] {processor.py:914} INFO - Processing file /home/airflow/.local/lib/python3.12/site-packages/airflow/example_dags/tutorial_dag.py for tasks to queue
[2024-11-13T20:49:02.324+0000] {logging_mixin.py:190} INFO - [2024-11-13T20:49:02.324+0000] {dagbag.py:588} INFO - Filling up the DagBag from /home/airflow/.local/lib/python3.12/site-packages/airflow/example_dags/tutorial_dag.py
[2024-11-13T20:49:02.335+0000] {processor.py:925} INFO - DAG(s) 'tutorial_dag' retrieved from /home/airflow/.local/lib/python3.12/site-packages/airflow/example_dags/tutorial_dag.py
[2024-11-13T20:49:02.360+0000] {logging_mixin.py:190} INFO - [2024-11-13T20:49:02.360+0000] {dag.py:3239} INFO - Sync 1 DAGs
[2024-11-13T20:49:02.379+0000] {logging_mixin.py:190} INFO - [2024-11-13T20:49:02.379+0000] {dag.py:4180} INFO - Setting next_dagrun for tutorial_dag to None, run_after=None
[2024-11-13T20:49:02.405+0000] {processor.py:208} INFO - Processing /home/airflow/.local/lib/python3.12/site-packages/airflow/example_dags/tutorial_dag.py took 0.095 seconds
[2024-11-13T20:49:33.340+0000] {processor.py:186} INFO - Started process (PID=305) to work on /home/airflow/.local/lib/python3.12/site-packages/airflow/example_dags/tutorial_dag.py
[2024-11-13T20:49:33.343+0000] {processor.py:914} INFO - Processing file /home/airflow/.local/lib/python3.12/site-packages/airflow/example_dags/tutorial_dag.py for tasks to queue
[2024-11-13T20:49:33.348+0000] {logging_mixin.py:190} INFO - [2024-11-13T20:49:33.347+0000] {dagbag.py:588} INFO - Filling up the DagBag from /home/airflow/.local/lib/python3.12/site-packages/airflow/example_dags/tutorial_dag.py
[2024-11-13T20:49:33.359+0000] {processor.py:925} INFO - DAG(s) 'tutorial_dag' retrieved from /home/airflow/.local/lib/python3.12/site-packages/airflow/example_dags/tutorial_dag.py
[2024-11-13T20:49:33.387+0000] {logging_mixin.py:190} INFO - [2024-11-13T20:49:33.386+0000] {dag.py:3239} INFO - Sync 1 DAGs
[2024-11-13T20:49:33.405+0000] {logging_mixin.py:190} INFO - [2024-11-13T20:49:33.405+0000] {dag.py:4180} INFO - Setting next_dagrun for tutorial_dag to None, run_after=None
[2024-11-13T20:49:33.425+0000] {processor.py:208} INFO - Processing /home/airflow/.local/lib/python3.12/site-packages/airflow/example_dags/tutorial_dag.py took 0.096 seconds
[2024-11-13T20:50:05.134+0000] {processor.py:186} INFO - Started process (PID=369) to work on /home/airflow/.local/lib/python3.12/site-packages/airflow/example_dags/tutorial_dag.py
[2024-11-13T20:50:05.137+0000] {processor.py:914} INFO - Processing file /home/airflow/.local/lib/python3.12/site-packages/airflow/example_dags/tutorial_dag.py for tasks to queue
[2024-11-13T20:50:05.141+0000] {logging_mixin.py:190} INFO - [2024-11-13T20:50:05.141+0000] {dagbag.py:588} INFO - Filling up the DagBag from /home/airflow/.local/lib/python3.12/site-packages/airflow/example_dags/tutorial_dag.py
[2024-11-13T20:50:05.153+0000] {processor.py:925} INFO - DAG(s) 'tutorial_dag' retrieved from /home/airflow/.local/lib/python3.12/site-packages/airflow/example_dags/tutorial_dag.py
[2024-11-13T20:50:05.177+0000] {logging_mixin.py:190} INFO - [2024-11-13T20:50:05.177+0000] {dag.py:3239} INFO - Sync 1 DAGs
[2024-11-13T20:50:05.196+0000] {logging_mixin.py:190} INFO - [2024-11-13T20:50:05.195+0000] {dag.py:4180} INFO - Setting next_dagrun for tutorial_dag to None, run_after=None
[2024-11-13T20:50:05.218+0000] {processor.py:208} INFO - Processing /home/airflow/.local/lib/python3.12/site-packages/airflow/example_dags/tutorial_dag.py took 0.093 seconds
[2024-11-13T20:50:35.909+0000] {processor.py:186} INFO - Started process (PID=433) to work on /home/airflow/.local/lib/python3.12/site-packages/airflow/example_dags/tutorial_dag.py
[2024-11-13T20:50:35.911+0000] {processor.py:914} INFO - Processing file /home/airflow/.local/lib/python3.12/site-packages/airflow/example_dags/tutorial_dag.py for tasks to queue
[2024-11-13T20:50:35.913+0000] {logging_mixin.py:190} INFO - [2024-11-13T20:50:35.913+0000] {dagbag.py:588} INFO - Filling up the DagBag from /home/airflow/.local/lib/python3.12/site-packages/airflow/example_dags/tutorial_dag.py
[2024-11-13T20:50:35.921+0000] {processor.py:925} INFO - DAG(s) 'tutorial_dag' retrieved from /home/airflow/.local/lib/python3.12/site-packages/airflow/example_dags/tutorial_dag.py
[2024-11-13T20:50:35.942+0000] {logging_mixin.py:190} INFO - [2024-11-13T20:50:35.941+0000] {dag.py:3239} INFO - Sync 1 DAGs
[2024-11-13T20:50:35.957+0000] {logging_mixin.py:190} INFO - [2024-11-13T20:50:35.957+0000] {dag.py:4180} INFO - Setting next_dagrun for tutorial_dag to None, run_after=None
[2024-11-13T20:50:35.978+0000] {processor.py:208} INFO - Processing /home/airflow/.local/lib/python3.12/site-packages/airflow/example_dags/tutorial_dag.py took 0.075 seconds
[2024-11-13T20:51:06.876+0000] {processor.py:186} INFO - Started process (PID=497) to work on /home/airflow/.local/lib/python3.12/site-packages/airflow/example_dags/tutorial_dag.py
[2024-11-13T20:51:06.878+0000] {processor.py:914} INFO - Processing file /home/airflow/.local/lib/python3.12/site-packages/airflow/example_dags/tutorial_dag.py for tasks to queue
[2024-11-13T20:51:06.881+0000] {logging_mixin.py:190} INFO - [2024-11-13T20:51:06.880+0000] {dagbag.py:588} INFO - Filling up the DagBag from /home/airflow/.local/lib/python3.12/site-packages/airflow/example_dags/tutorial_dag.py
[2024-11-13T20:51:06.889+0000] {processor.py:925} INFO - DAG(s) 'tutorial_dag' retrieved from /home/airflow/.local/lib/python3.12/site-packages/airflow/example_dags/tutorial_dag.py
[2024-11-13T20:51:06.912+0000] {logging_mixin.py:190} INFO - [2024-11-13T20:51:06.912+0000] {dag.py:3239} INFO - Sync 1 DAGs
[2024-11-13T20:51:06.928+0000] {logging_mixin.py:190} INFO - [2024-11-13T20:51:06.928+0000] {dag.py:4180} INFO - Setting next_dagrun for tutorial_dag to None, run_after=None
[2024-11-13T20:51:06.956+0000] {processor.py:208} INFO - Processing /home/airflow/.local/lib/python3.12/site-packages/airflow/example_dags/tutorial_dag.py took 0.087 seconds
[2024-11-13T21:08:58.367+0000] {processor.py:186} INFO - Started process (PID=110) to work on /home/airflow/.local/lib/python3.12/site-packages/airflow/example_dags/tutorial_dag.py
[2024-11-13T21:08:58.369+0000] {processor.py:914} INFO - Processing file /home/airflow/.local/lib/python3.12/site-packages/airflow/example_dags/tutorial_dag.py for tasks to queue
[2024-11-13T21:08:58.373+0000] {logging_mixin.py:190} INFO - [2024-11-13T21:08:58.373+0000] {dagbag.py:588} INFO - Filling up the DagBag from /home/airflow/.local/lib/python3.12/site-packages/airflow/example_dags/tutorial_dag.py
[2024-11-13T21:08:58.388+0000] {processor.py:925} INFO - DAG(s) 'tutorial_dag' retrieved from /home/airflow/.local/lib/python3.12/site-packages/airflow/example_dags/tutorial_dag.py
[2024-11-13T21:08:58.525+0000] {logging_mixin.py:190} INFO - [2024-11-13T21:08:58.525+0000] {override.py:1911} INFO - Created Permission View: can delete on DAG:tutorial_dag
[2024-11-13T21:08:58.540+0000] {logging_mixin.py:190} INFO - [2024-11-13T21:08:58.540+0000] {override.py:1911} INFO - Created Permission View: can edit on DAG:tutorial_dag
[2024-11-13T21:08:58.549+0000] {logging_mixin.py:190} INFO - [2024-11-13T21:08:58.549+0000] {override.py:1911} INFO - Created Permission View: can read on DAG:tutorial_dag
[2024-11-13T21:08:58.557+0000] {logging_mixin.py:190} INFO - [2024-11-13T21:08:58.557+0000] {override.py:1911} INFO - Created Permission View: can create on DAG Run:tutorial_dag
[2024-11-13T21:08:58.566+0000] {logging_mixin.py:190} INFO - [2024-11-13T21:08:58.565+0000] {override.py:1911} INFO - Created Permission View: menu access on DAG Run:tutorial_dag
[2024-11-13T21:08:58.572+0000] {logging_mixin.py:190} INFO - [2024-11-13T21:08:58.572+0000] {override.py:1911} INFO - Created Permission View: can delete on DAG Run:tutorial_dag
[2024-11-13T21:08:58.582+0000] {logging_mixin.py:190} INFO - [2024-11-13T21:08:58.581+0000] {override.py:1911} INFO - Created Permission View: can read on DAG Run:tutorial_dag
[2024-11-13T21:08:58.582+0000] {logging_mixin.py:190} INFO - [2024-11-13T21:08:58.582+0000] {dag.py:3239} INFO - Sync 1 DAGs
[2024-11-13T21:08:58.599+0000] {logging_mixin.py:190} INFO - [2024-11-13T21:08:58.599+0000] {dag.py:3262} INFO - Creating ORM DAG for tutorial_dag
[2024-11-13T21:08:58.600+0000] {logging_mixin.py:190} INFO - [2024-11-13T21:08:58.600+0000] {dag.py:4180} INFO - Setting next_dagrun for tutorial_dag to None, run_after=None
[2024-11-13T21:08:58.621+0000] {processor.py:208} INFO - Processing /home/airflow/.local/lib/python3.12/site-packages/airflow/example_dags/tutorial_dag.py took 0.264 seconds
[2024-11-13T21:09:29.327+0000] {processor.py:186} INFO - Started process (PID=173) to work on /home/airflow/.local/lib/python3.12/site-packages/airflow/example_dags/tutorial_dag.py
[2024-11-13T21:09:29.330+0000] {processor.py:914} INFO - Processing file /home/airflow/.local/lib/python3.12/site-packages/airflow/example_dags/tutorial_dag.py for tasks to queue
[2024-11-13T21:09:29.333+0000] {logging_mixin.py:190} INFO - [2024-11-13T21:09:29.333+0000] {dagbag.py:588} INFO - Filling up the DagBag from /home/airflow/.local/lib/python3.12/site-packages/airflow/example_dags/tutorial_dag.py
[2024-11-13T21:09:29.345+0000] {processor.py:925} INFO - DAG(s) 'tutorial_dag' retrieved from /home/airflow/.local/lib/python3.12/site-packages/airflow/example_dags/tutorial_dag.py
[2024-11-13T21:09:29.377+0000] {logging_mixin.py:190} INFO - [2024-11-13T21:09:29.377+0000] {dag.py:3239} INFO - Sync 1 DAGs
[2024-11-13T21:09:29.398+0000] {logging_mixin.py:190} INFO - [2024-11-13T21:09:29.397+0000] {dag.py:4180} INFO - Setting next_dagrun for tutorial_dag to None, run_after=None
[2024-11-13T21:09:29.425+0000] {processor.py:208} INFO - Processing /home/airflow/.local/lib/python3.12/site-packages/airflow/example_dags/tutorial_dag.py took 0.108 seconds
[2024-11-13T21:09:59.509+0000] {processor.py:186} INFO - Started process (PID=235) to work on /home/airflow/.local/lib/python3.12/site-packages/airflow/example_dags/tutorial_dag.py
[2024-11-13T21:09:59.513+0000] {processor.py:914} INFO - Processing file /home/airflow/.local/lib/python3.12/site-packages/airflow/example_dags/tutorial_dag.py for tasks to queue
[2024-11-13T21:09:59.518+0000] {logging_mixin.py:190} INFO - [2024-11-13T21:09:59.517+0000] {dagbag.py:588} INFO - Filling up the DagBag from /home/airflow/.local/lib/python3.12/site-packages/airflow/example_dags/tutorial_dag.py
[2024-11-13T21:09:59.533+0000] {processor.py:925} INFO - DAG(s) 'tutorial_dag' retrieved from /home/airflow/.local/lib/python3.12/site-packages/airflow/example_dags/tutorial_dag.py
[2024-11-13T21:09:59.564+0000] {logging_mixin.py:190} INFO - [2024-11-13T21:09:59.564+0000] {dag.py:3239} INFO - Sync 1 DAGs
[2024-11-13T21:09:59.589+0000] {logging_mixin.py:190} INFO - [2024-11-13T21:09:59.589+0000] {dag.py:4180} INFO - Setting next_dagrun for tutorial_dag to None, run_after=None
[2024-11-13T21:09:59.616+0000] {processor.py:208} INFO - Processing /home/airflow/.local/lib/python3.12/site-packages/airflow/example_dags/tutorial_dag.py took 0.134 seconds
[2024-11-13T21:10:30.603+0000] {processor.py:186} INFO - Started process (PID=298) to work on /home/airflow/.local/lib/python3.12/site-packages/airflow/example_dags/tutorial_dag.py
[2024-11-13T21:10:30.607+0000] {processor.py:914} INFO - Processing file /home/airflow/.local/lib/python3.12/site-packages/airflow/example_dags/tutorial_dag.py for tasks to queue
[2024-11-13T21:10:30.611+0000] {logging_mixin.py:190} INFO - [2024-11-13T21:10:30.610+0000] {dagbag.py:588} INFO - Filling up the DagBag from /home/airflow/.local/lib/python3.12/site-packages/airflow/example_dags/tutorial_dag.py
[2024-11-13T21:10:30.626+0000] {processor.py:925} INFO - DAG(s) 'tutorial_dag' retrieved from /home/airflow/.local/lib/python3.12/site-packages/airflow/example_dags/tutorial_dag.py
[2024-11-13T21:10:30.658+0000] {logging_mixin.py:190} INFO - [2024-11-13T21:10:30.658+0000] {dag.py:3239} INFO - Sync 1 DAGs
[2024-11-13T21:10:30.682+0000] {logging_mixin.py:190} INFO - [2024-11-13T21:10:30.682+0000] {dag.py:4180} INFO - Setting next_dagrun for tutorial_dag to None, run_after=None
[2024-11-13T21:10:30.718+0000] {processor.py:208} INFO - Processing /home/airflow/.local/lib/python3.12/site-packages/airflow/example_dags/tutorial_dag.py took 0.126 seconds
[2024-11-13T21:11:01.196+0000] {processor.py:186} INFO - Started process (PID=360) to work on /home/airflow/.local/lib/python3.12/site-packages/airflow/example_dags/tutorial_dag.py
[2024-11-13T21:11:01.197+0000] {processor.py:914} INFO - Processing file /home/airflow/.local/lib/python3.12/site-packages/airflow/example_dags/tutorial_dag.py for tasks to queue
[2024-11-13T21:11:01.199+0000] {logging_mixin.py:190} INFO - [2024-11-13T21:11:01.199+0000] {dagbag.py:588} INFO - Filling up the DagBag from /home/airflow/.local/lib/python3.12/site-packages/airflow/example_dags/tutorial_dag.py
[2024-11-13T21:11:01.208+0000] {processor.py:925} INFO - DAG(s) 'tutorial_dag' retrieved from /home/airflow/.local/lib/python3.12/site-packages/airflow/example_dags/tutorial_dag.py
[2024-11-13T21:11:01.230+0000] {logging_mixin.py:190} INFO - [2024-11-13T21:11:01.230+0000] {dag.py:3239} INFO - Sync 1 DAGs
[2024-11-13T21:11:01.247+0000] {logging_mixin.py:190} INFO - [2024-11-13T21:11:01.246+0000] {dag.py:4180} INFO - Setting next_dagrun for tutorial_dag to None, run_after=None
[2024-11-13T21:11:01.268+0000] {processor.py:208} INFO - Processing /home/airflow/.local/lib/python3.12/site-packages/airflow/example_dags/tutorial_dag.py took 0.078 seconds
[2024-11-13T21:11:32.123+0000] {processor.py:186} INFO - Started process (PID=423) to work on /home/airflow/.local/lib/python3.12/site-packages/airflow/example_dags/tutorial_dag.py
[2024-11-13T21:11:32.125+0000] {processor.py:914} INFO - Processing file /home/airflow/.local/lib/python3.12/site-packages/airflow/example_dags/tutorial_dag.py for tasks to queue
[2024-11-13T21:11:32.128+0000] {logging_mixin.py:190} INFO - [2024-11-13T21:11:32.128+0000] {dagbag.py:588} INFO - Filling up the DagBag from /home/airflow/.local/lib/python3.12/site-packages/airflow/example_dags/tutorial_dag.py
[2024-11-13T21:11:32.137+0000] {processor.py:925} INFO - DAG(s) 'tutorial_dag' retrieved from /home/airflow/.local/lib/python3.12/site-packages/airflow/example_dags/tutorial_dag.py
[2024-11-13T21:11:32.160+0000] {logging_mixin.py:190} INFO - [2024-11-13T21:11:32.160+0000] {dag.py:3239} INFO - Sync 1 DAGs
[2024-11-13T21:11:32.175+0000] {logging_mixin.py:190} INFO - [2024-11-13T21:11:32.175+0000] {dag.py:4180} INFO - Setting next_dagrun for tutorial_dag to None, run_after=None
[2024-11-13T21:11:32.205+0000] {processor.py:208} INFO - Processing /home/airflow/.local/lib/python3.12/site-packages/airflow/example_dags/tutorial_dag.py took 0.089 seconds
[2024-11-13T21:12:02.786+0000] {processor.py:186} INFO - Started process (PID=486) to work on /home/airflow/.local/lib/python3.12/site-packages/airflow/example_dags/tutorial_dag.py
[2024-11-13T21:12:02.787+0000] {processor.py:914} INFO - Processing file /home/airflow/.local/lib/python3.12/site-packages/airflow/example_dags/tutorial_dag.py for tasks to queue
[2024-11-13T21:12:02.790+0000] {logging_mixin.py:190} INFO - [2024-11-13T21:12:02.790+0000] {dagbag.py:588} INFO - Filling up the DagBag from /home/airflow/.local/lib/python3.12/site-packages/airflow/example_dags/tutorial_dag.py
[2024-11-13T21:12:02.799+0000] {processor.py:925} INFO - DAG(s) 'tutorial_dag' retrieved from /home/airflow/.local/lib/python3.12/site-packages/airflow/example_dags/tutorial_dag.py
[2024-11-13T21:12:02.820+0000] {logging_mixin.py:190} INFO - [2024-11-13T21:12:02.820+0000] {dag.py:3239} INFO - Sync 1 DAGs
[2024-11-13T21:12:02.835+0000] {logging_mixin.py:190} INFO - [2024-11-13T21:12:02.835+0000] {dag.py:4180} INFO - Setting next_dagrun for tutorial_dag to None, run_after=None
[2024-11-13T21:12:02.854+0000] {processor.py:208} INFO - Processing /home/airflow/.local/lib/python3.12/site-packages/airflow/example_dags/tutorial_dag.py took 0.074 seconds
[2024-11-13T21:12:32.894+0000] {processor.py:186} INFO - Started process (PID=549) to work on /home/airflow/.local/lib/python3.12/site-packages/airflow/example_dags/tutorial_dag.py
[2024-11-13T21:12:32.895+0000] {processor.py:914} INFO - Processing file /home/airflow/.local/lib/python3.12/site-packages/airflow/example_dags/tutorial_dag.py for tasks to queue
[2024-11-13T21:12:32.897+0000] {logging_mixin.py:190} INFO - [2024-11-13T21:12:32.897+0000] {dagbag.py:588} INFO - Filling up the DagBag from /home/airflow/.local/lib/python3.12/site-packages/airflow/example_dags/tutorial_dag.py
[2024-11-13T21:12:32.906+0000] {processor.py:925} INFO - DAG(s) 'tutorial_dag' retrieved from /home/airflow/.local/lib/python3.12/site-packages/airflow/example_dags/tutorial_dag.py
[2024-11-13T21:12:32.931+0000] {logging_mixin.py:190} INFO - [2024-11-13T21:12:32.931+0000] {dag.py:3239} INFO - Sync 1 DAGs
[2024-11-13T21:12:32.953+0000] {logging_mixin.py:190} INFO - [2024-11-13T21:12:32.953+0000] {dag.py:4180} INFO - Setting next_dagrun for tutorial_dag to None, run_after=None
[2024-11-13T21:12:32.979+0000] {processor.py:208} INFO - Processing /home/airflow/.local/lib/python3.12/site-packages/airflow/example_dags/tutorial_dag.py took 0.091 seconds
[2024-11-13T21:13:03.378+0000] {processor.py:186} INFO - Started process (PID=612) to work on /home/airflow/.local/lib/python3.12/site-packages/airflow/example_dags/tutorial_dag.py
[2024-11-13T21:13:03.380+0000] {processor.py:914} INFO - Processing file /home/airflow/.local/lib/python3.12/site-packages/airflow/example_dags/tutorial_dag.py for tasks to queue
[2024-11-13T21:13:03.382+0000] {logging_mixin.py:190} INFO - [2024-11-13T21:13:03.382+0000] {dagbag.py:588} INFO - Filling up the DagBag from /home/airflow/.local/lib/python3.12/site-packages/airflow/example_dags/tutorial_dag.py
[2024-11-13T21:13:03.390+0000] {processor.py:925} INFO - DAG(s) 'tutorial_dag' retrieved from /home/airflow/.local/lib/python3.12/site-packages/airflow/example_dags/tutorial_dag.py
[2024-11-13T21:13:03.409+0000] {logging_mixin.py:190} INFO - [2024-11-13T21:13:03.409+0000] {dag.py:3239} INFO - Sync 1 DAGs
[2024-11-13T21:13:03.424+0000] {logging_mixin.py:190} INFO - [2024-11-13T21:13:03.424+0000] {dag.py:4180} INFO - Setting next_dagrun for tutorial_dag to None, run_after=None
[2024-11-13T21:13:03.445+0000] {processor.py:208} INFO - Processing /home/airflow/.local/lib/python3.12/site-packages/airflow/example_dags/tutorial_dag.py took 0.074 seconds
[2024-11-13T21:13:34.502+0000] {processor.py:186} INFO - Started process (PID=675) to work on /home/airflow/.local/lib/python3.12/site-packages/airflow/example_dags/tutorial_dag.py
[2024-11-13T21:13:34.505+0000] {processor.py:914} INFO - Processing file /home/airflow/.local/lib/python3.12/site-packages/airflow/example_dags/tutorial_dag.py for tasks to queue
[2024-11-13T21:13:34.508+0000] {logging_mixin.py:190} INFO - [2024-11-13T21:13:34.508+0000] {dagbag.py:588} INFO - Filling up the DagBag from /home/airflow/.local/lib/python3.12/site-packages/airflow/example_dags/tutorial_dag.py
[2024-11-13T21:13:34.518+0000] {processor.py:925} INFO - DAG(s) 'tutorial_dag' retrieved from /home/airflow/.local/lib/python3.12/site-packages/airflow/example_dags/tutorial_dag.py
[2024-11-13T21:13:34.543+0000] {logging_mixin.py:190} INFO - [2024-11-13T21:13:34.542+0000] {dag.py:3239} INFO - Sync 1 DAGs
[2024-11-13T21:13:34.562+0000] {logging_mixin.py:190} INFO - [2024-11-13T21:13:34.562+0000] {dag.py:4180} INFO - Setting next_dagrun for tutorial_dag to None, run_after=None
[2024-11-13T21:13:34.584+0000] {processor.py:208} INFO - Processing /home/airflow/.local/lib/python3.12/site-packages/airflow/example_dags/tutorial_dag.py took 0.089 seconds
[2024-11-13T21:14:04.753+0000] {processor.py:186} INFO - Started process (PID=738) to work on /home/airflow/.local/lib/python3.12/site-packages/airflow/example_dags/tutorial_dag.py
[2024-11-13T21:14:04.754+0000] {processor.py:914} INFO - Processing file /home/airflow/.local/lib/python3.12/site-packages/airflow/example_dags/tutorial_dag.py for tasks to queue
[2024-11-13T21:14:04.758+0000] {logging_mixin.py:190} INFO - [2024-11-13T21:14:04.758+0000] {dagbag.py:588} INFO - Filling up the DagBag from /home/airflow/.local/lib/python3.12/site-packages/airflow/example_dags/tutorial_dag.py
[2024-11-13T21:14:04.767+0000] {processor.py:925} INFO - DAG(s) 'tutorial_dag' retrieved from /home/airflow/.local/lib/python3.12/site-packages/airflow/example_dags/tutorial_dag.py
[2024-11-13T21:14:04.787+0000] {logging_mixin.py:190} INFO - [2024-11-13T21:14:04.787+0000] {dag.py:3239} INFO - Sync 1 DAGs
[2024-11-13T21:14:04.801+0000] {logging_mixin.py:190} INFO - [2024-11-13T21:14:04.801+0000] {dag.py:4180} INFO - Setting next_dagrun for tutorial_dag to None, run_after=None
[2024-11-13T21:14:04.820+0000] {processor.py:208} INFO - Processing /home/airflow/.local/lib/python3.12/site-packages/airflow/example_dags/tutorial_dag.py took 0.075 seconds
