[2024-11-13T19:48:12.190+0000] {processor.py:186} INFO - Started process (PID=92) to work on /home/airflow/.local/lib/python3.12/site-packages/airflow/example_dags/tutorial.py
[2024-11-13T19:48:12.191+0000] {processor.py:914} INFO - Processing file /home/airflow/.local/lib/python3.12/site-packages/airflow/example_dags/tutorial.py for tasks to queue
[2024-11-13T19:48:12.194+0000] {logging_mixin.py:190} INFO - [2024-11-13T19:48:12.194+0000] {dagbag.py:588} INFO - Filling up the DagBag from /home/airflow/.local/lib/python3.12/site-packages/airflow/example_dags/tutorial.py
[2024-11-13T19:48:12.209+0000] {processor.py:925} INFO - DAG(s) 'tutorial' retrieved from /home/airflow/.local/lib/python3.12/site-packages/airflow/example_dags/tutorial.py
[2024-11-13T19:48:12.351+0000] {logging_mixin.py:190} INFO - [2024-11-13T19:48:12.350+0000] {override.py:1911} INFO - Created Permission View: can delete on DAG:tutorial
[2024-11-13T19:48:12.367+0000] {logging_mixin.py:190} INFO - [2024-11-13T19:48:12.366+0000] {override.py:1911} INFO - Created Permission View: can edit on DAG:tutorial
[2024-11-13T19:48:12.378+0000] {logging_mixin.py:190} INFO - [2024-11-13T19:48:12.378+0000] {override.py:1911} INFO - Created Permission View: can read on DAG:tutorial
[2024-11-13T19:48:12.394+0000] {logging_mixin.py:190} INFO - [2024-11-13T19:48:12.393+0000] {override.py:1911} INFO - Created Permission View: can create on DAG Run:tutorial
[2024-11-13T19:48:12.407+0000] {logging_mixin.py:190} INFO - [2024-11-13T19:48:12.407+0000] {override.py:1911} INFO - Created Permission View: menu access on DAG Run:tutorial
[2024-11-13T19:48:12.416+0000] {logging_mixin.py:190} INFO - [2024-11-13T19:48:12.416+0000] {override.py:1911} INFO - Created Permission View: can delete on DAG Run:tutorial
[2024-11-13T19:48:12.425+0000] {logging_mixin.py:190} INFO - [2024-11-13T19:48:12.425+0000] {override.py:1911} INFO - Created Permission View: can read on DAG Run:tutorial
[2024-11-13T19:48:12.426+0000] {logging_mixin.py:190} INFO - [2024-11-13T19:48:12.426+0000] {dag.py:3239} INFO - Sync 1 DAGs
[2024-11-13T19:48:12.443+0000] {logging_mixin.py:190} INFO - [2024-11-13T19:48:12.443+0000] {dag.py:3262} INFO - Creating ORM DAG for tutorial
[2024-11-13T19:48:12.459+0000] {logging_mixin.py:190} INFO - [2024-11-13T19:48:12.458+0000] {dag.py:4180} INFO - Setting next_dagrun for tutorial to 2024-11-12 00:00:00+00:00, run_after=2024-11-13 00:00:00+00:00
[2024-11-13T19:48:12.485+0000] {processor.py:208} INFO - Processing /home/airflow/.local/lib/python3.12/site-packages/airflow/example_dags/tutorial.py took 0.303 seconds
[2024-11-13T19:48:42.867+0000] {processor.py:186} INFO - Started process (PID=156) to work on /home/airflow/.local/lib/python3.12/site-packages/airflow/example_dags/tutorial.py
[2024-11-13T19:48:42.868+0000] {processor.py:914} INFO - Processing file /home/airflow/.local/lib/python3.12/site-packages/airflow/example_dags/tutorial.py for tasks to queue
[2024-11-13T19:48:42.872+0000] {logging_mixin.py:190} INFO - [2024-11-13T19:48:42.871+0000] {dagbag.py:588} INFO - Filling up the DagBag from /home/airflow/.local/lib/python3.12/site-packages/airflow/example_dags/tutorial.py
[2024-11-13T19:48:42.882+0000] {processor.py:925} INFO - DAG(s) 'tutorial' retrieved from /home/airflow/.local/lib/python3.12/site-packages/airflow/example_dags/tutorial.py
[2024-11-13T19:48:42.909+0000] {logging_mixin.py:190} INFO - [2024-11-13T19:48:42.909+0000] {dag.py:3239} INFO - Sync 1 DAGs
[2024-11-13T19:48:42.947+0000] {logging_mixin.py:190} INFO - [2024-11-13T19:48:42.946+0000] {dag.py:4180} INFO - Setting next_dagrun for tutorial to 2024-11-12 00:00:00+00:00, run_after=2024-11-13 00:00:00+00:00
[2024-11-13T19:48:42.985+0000] {processor.py:208} INFO - Processing /home/airflow/.local/lib/python3.12/site-packages/airflow/example_dags/tutorial.py took 0.126 seconds
[2024-11-13T19:49:13.372+0000] {processor.py:186} INFO - Started process (PID=220) to work on /home/airflow/.local/lib/python3.12/site-packages/airflow/example_dags/tutorial.py
[2024-11-13T19:49:13.374+0000] {processor.py:914} INFO - Processing file /home/airflow/.local/lib/python3.12/site-packages/airflow/example_dags/tutorial.py for tasks to queue
[2024-11-13T19:49:13.377+0000] {logging_mixin.py:190} INFO - [2024-11-13T19:49:13.377+0000] {dagbag.py:588} INFO - Filling up the DagBag from /home/airflow/.local/lib/python3.12/site-packages/airflow/example_dags/tutorial.py
[2024-11-13T19:49:13.388+0000] {processor.py:925} INFO - DAG(s) 'tutorial' retrieved from /home/airflow/.local/lib/python3.12/site-packages/airflow/example_dags/tutorial.py
[2024-11-13T19:49:13.414+0000] {logging_mixin.py:190} INFO - [2024-11-13T19:49:13.414+0000] {dag.py:3239} INFO - Sync 1 DAGs
[2024-11-13T19:49:13.447+0000] {logging_mixin.py:190} INFO - [2024-11-13T19:49:13.446+0000] {dag.py:4180} INFO - Setting next_dagrun for tutorial to 2024-11-12 00:00:00+00:00, run_after=2024-11-13 00:00:00+00:00
[2024-11-13T19:49:13.472+0000] {processor.py:208} INFO - Processing /home/airflow/.local/lib/python3.12/site-packages/airflow/example_dags/tutorial.py took 0.108 seconds
[2024-11-13T19:49:44.476+0000] {processor.py:186} INFO - Started process (PID=284) to work on /home/airflow/.local/lib/python3.12/site-packages/airflow/example_dags/tutorial.py
[2024-11-13T19:49:44.478+0000] {processor.py:914} INFO - Processing file /home/airflow/.local/lib/python3.12/site-packages/airflow/example_dags/tutorial.py for tasks to queue
[2024-11-13T19:49:44.481+0000] {logging_mixin.py:190} INFO - [2024-11-13T19:49:44.481+0000] {dagbag.py:588} INFO - Filling up the DagBag from /home/airflow/.local/lib/python3.12/site-packages/airflow/example_dags/tutorial.py
[2024-11-13T19:49:44.491+0000] {processor.py:925} INFO - DAG(s) 'tutorial' retrieved from /home/airflow/.local/lib/python3.12/site-packages/airflow/example_dags/tutorial.py
[2024-11-13T19:49:44.518+0000] {logging_mixin.py:190} INFO - [2024-11-13T19:49:44.518+0000] {dag.py:3239} INFO - Sync 1 DAGs
[2024-11-13T19:49:44.551+0000] {logging_mixin.py:190} INFO - [2024-11-13T19:49:44.551+0000] {dag.py:4180} INFO - Setting next_dagrun for tutorial to 2024-11-12 00:00:00+00:00, run_after=2024-11-13 00:00:00+00:00
[2024-11-13T19:49:44.578+0000] {processor.py:208} INFO - Processing /home/airflow/.local/lib/python3.12/site-packages/airflow/example_dags/tutorial.py took 0.109 seconds
[2024-11-13T19:50:14.637+0000] {processor.py:186} INFO - Started process (PID=347) to work on /home/airflow/.local/lib/python3.12/site-packages/airflow/example_dags/tutorial.py
[2024-11-13T19:50:14.638+0000] {processor.py:914} INFO - Processing file /home/airflow/.local/lib/python3.12/site-packages/airflow/example_dags/tutorial.py for tasks to queue
[2024-11-13T19:50:14.641+0000] {logging_mixin.py:190} INFO - [2024-11-13T19:50:14.641+0000] {dagbag.py:588} INFO - Filling up the DagBag from /home/airflow/.local/lib/python3.12/site-packages/airflow/example_dags/tutorial.py
[2024-11-13T19:50:14.655+0000] {processor.py:925} INFO - DAG(s) 'tutorial' retrieved from /home/airflow/.local/lib/python3.12/site-packages/airflow/example_dags/tutorial.py
[2024-11-13T19:50:14.678+0000] {logging_mixin.py:190} INFO - [2024-11-13T19:50:14.678+0000] {dag.py:3239} INFO - Sync 1 DAGs
[2024-11-13T19:50:14.704+0000] {logging_mixin.py:190} INFO - [2024-11-13T19:50:14.704+0000] {dag.py:4180} INFO - Setting next_dagrun for tutorial to 2024-11-12 00:00:00+00:00, run_after=2024-11-13 00:00:00+00:00
[2024-11-13T19:50:14.723+0000] {processor.py:208} INFO - Processing /home/airflow/.local/lib/python3.12/site-packages/airflow/example_dags/tutorial.py took 0.092 seconds
[2024-11-13T19:50:45.310+0000] {processor.py:186} INFO - Started process (PID=411) to work on /home/airflow/.local/lib/python3.12/site-packages/airflow/example_dags/tutorial.py
[2024-11-13T19:50:45.312+0000] {processor.py:914} INFO - Processing file /home/airflow/.local/lib/python3.12/site-packages/airflow/example_dags/tutorial.py for tasks to queue
[2024-11-13T19:50:45.320+0000] {logging_mixin.py:190} INFO - [2024-11-13T19:50:45.319+0000] {dagbag.py:588} INFO - Filling up the DagBag from /home/airflow/.local/lib/python3.12/site-packages/airflow/example_dags/tutorial.py
[2024-11-13T19:50:45.336+0000] {processor.py:925} INFO - DAG(s) 'tutorial' retrieved from /home/airflow/.local/lib/python3.12/site-packages/airflow/example_dags/tutorial.py
[2024-11-13T19:50:45.377+0000] {logging_mixin.py:190} INFO - [2024-11-13T19:50:45.377+0000] {dag.py:3239} INFO - Sync 1 DAGs
[2024-11-13T19:50:45.442+0000] {logging_mixin.py:190} INFO - [2024-11-13T19:50:45.441+0000] {dag.py:4180} INFO - Setting next_dagrun for tutorial to 2024-11-12 00:00:00+00:00, run_after=2024-11-13 00:00:00+00:00
[2024-11-13T19:50:45.488+0000] {processor.py:208} INFO - Processing /home/airflow/.local/lib/python3.12/site-packages/airflow/example_dags/tutorial.py took 0.188 seconds
[2024-11-13T19:51:15.712+0000] {processor.py:186} INFO - Started process (PID=475) to work on /home/airflow/.local/lib/python3.12/site-packages/airflow/example_dags/tutorial.py
[2024-11-13T19:51:15.713+0000] {processor.py:914} INFO - Processing file /home/airflow/.local/lib/python3.12/site-packages/airflow/example_dags/tutorial.py for tasks to queue
[2024-11-13T19:51:15.716+0000] {logging_mixin.py:190} INFO - [2024-11-13T19:51:15.716+0000] {dagbag.py:588} INFO - Filling up the DagBag from /home/airflow/.local/lib/python3.12/site-packages/airflow/example_dags/tutorial.py
[2024-11-13T19:51:15.726+0000] {processor.py:925} INFO - DAG(s) 'tutorial' retrieved from /home/airflow/.local/lib/python3.12/site-packages/airflow/example_dags/tutorial.py
[2024-11-13T19:51:15.749+0000] {logging_mixin.py:190} INFO - [2024-11-13T19:51:15.749+0000] {dag.py:3239} INFO - Sync 1 DAGs
[2024-11-13T19:51:15.780+0000] {logging_mixin.py:190} INFO - [2024-11-13T19:51:15.779+0000] {dag.py:4180} INFO - Setting next_dagrun for tutorial to 2024-11-12 00:00:00+00:00, run_after=2024-11-13 00:00:00+00:00
[2024-11-13T19:51:15.806+0000] {processor.py:208} INFO - Processing /home/airflow/.local/lib/python3.12/site-packages/airflow/example_dags/tutorial.py took 0.103 seconds
[2024-11-13T19:52:40.389+0000] {processor.py:186} INFO - Started process (PID=86) to work on /home/airflow/.local/lib/python3.12/site-packages/airflow/example_dags/tutorial.py
[2024-11-13T19:52:40.391+0000] {processor.py:914} INFO - Processing file /home/airflow/.local/lib/python3.12/site-packages/airflow/example_dags/tutorial.py for tasks to queue
[2024-11-13T19:52:40.397+0000] {logging_mixin.py:190} INFO - [2024-11-13T19:52:40.397+0000] {dagbag.py:588} INFO - Filling up the DagBag from /home/airflow/.local/lib/python3.12/site-packages/airflow/example_dags/tutorial.py
[2024-11-13T19:52:40.408+0000] {processor.py:925} INFO - DAG(s) 'tutorial' retrieved from /home/airflow/.local/lib/python3.12/site-packages/airflow/example_dags/tutorial.py
[2024-11-13T19:52:40.437+0000] {logging_mixin.py:190} INFO - [2024-11-13T19:52:40.437+0000] {dag.py:3239} INFO - Sync 1 DAGs
[2024-11-13T19:52:40.469+0000] {logging_mixin.py:190} INFO - [2024-11-13T19:52:40.469+0000] {dag.py:4180} INFO - Setting next_dagrun for tutorial to 2024-11-12 00:00:00+00:00, run_after=2024-11-13 00:00:00+00:00
[2024-11-13T19:52:40.495+0000] {processor.py:208} INFO - Processing /home/airflow/.local/lib/python3.12/site-packages/airflow/example_dags/tutorial.py took 0.114 seconds
[2024-11-13T19:53:11.456+0000] {processor.py:186} INFO - Started process (PID=150) to work on /home/airflow/.local/lib/python3.12/site-packages/airflow/example_dags/tutorial.py
[2024-11-13T19:53:11.458+0000] {processor.py:914} INFO - Processing file /home/airflow/.local/lib/python3.12/site-packages/airflow/example_dags/tutorial.py for tasks to queue
[2024-11-13T19:53:11.461+0000] {logging_mixin.py:190} INFO - [2024-11-13T19:53:11.461+0000] {dagbag.py:588} INFO - Filling up the DagBag from /home/airflow/.local/lib/python3.12/site-packages/airflow/example_dags/tutorial.py
[2024-11-13T19:53:11.471+0000] {processor.py:925} INFO - DAG(s) 'tutorial' retrieved from /home/airflow/.local/lib/python3.12/site-packages/airflow/example_dags/tutorial.py
[2024-11-13T19:53:11.503+0000] {logging_mixin.py:190} INFO - [2024-11-13T19:53:11.502+0000] {dag.py:3239} INFO - Sync 1 DAGs
[2024-11-13T19:53:11.538+0000] {logging_mixin.py:190} INFO - [2024-11-13T19:53:11.537+0000] {dag.py:4180} INFO - Setting next_dagrun for tutorial to 2024-11-12 00:00:00+00:00, run_after=2024-11-13 00:00:00+00:00
[2024-11-13T19:53:11.572+0000] {processor.py:208} INFO - Processing /home/airflow/.local/lib/python3.12/site-packages/airflow/example_dags/tutorial.py took 0.123 seconds
[2024-11-13T19:53:42.357+0000] {processor.py:186} INFO - Started process (PID=220) to work on /home/airflow/.local/lib/python3.12/site-packages/airflow/example_dags/tutorial.py
[2024-11-13T19:53:42.358+0000] {processor.py:914} INFO - Processing file /home/airflow/.local/lib/python3.12/site-packages/airflow/example_dags/tutorial.py for tasks to queue
[2024-11-13T19:53:42.363+0000] {logging_mixin.py:190} INFO - [2024-11-13T19:53:42.363+0000] {dagbag.py:588} INFO - Filling up the DagBag from /home/airflow/.local/lib/python3.12/site-packages/airflow/example_dags/tutorial.py
[2024-11-13T19:53:42.376+0000] {processor.py:925} INFO - DAG(s) 'tutorial' retrieved from /home/airflow/.local/lib/python3.12/site-packages/airflow/example_dags/tutorial.py
[2024-11-13T19:53:42.407+0000] {logging_mixin.py:190} INFO - [2024-11-13T19:53:42.406+0000] {dag.py:3239} INFO - Sync 1 DAGs
[2024-11-13T19:53:42.435+0000] {logging_mixin.py:190} INFO - [2024-11-13T19:53:42.435+0000] {dag.py:4180} INFO - Setting next_dagrun for tutorial to 2024-11-12 00:00:00+00:00, run_after=2024-11-13 00:00:00+00:00
[2024-11-13T19:53:42.466+0000] {processor.py:208} INFO - Processing /home/airflow/.local/lib/python3.12/site-packages/airflow/example_dags/tutorial.py took 0.118 seconds
[2024-11-13T19:54:13.290+0000] {processor.py:186} INFO - Started process (PID=284) to work on /home/airflow/.local/lib/python3.12/site-packages/airflow/example_dags/tutorial.py
[2024-11-13T19:54:13.291+0000] {processor.py:914} INFO - Processing file /home/airflow/.local/lib/python3.12/site-packages/airflow/example_dags/tutorial.py for tasks to queue
[2024-11-13T19:54:13.294+0000] {logging_mixin.py:190} INFO - [2024-11-13T19:54:13.293+0000] {dagbag.py:588} INFO - Filling up the DagBag from /home/airflow/.local/lib/python3.12/site-packages/airflow/example_dags/tutorial.py
[2024-11-13T19:54:13.305+0000] {processor.py:925} INFO - DAG(s) 'tutorial' retrieved from /home/airflow/.local/lib/python3.12/site-packages/airflow/example_dags/tutorial.py
[2024-11-13T19:54:13.337+0000] {logging_mixin.py:190} INFO - [2024-11-13T19:54:13.337+0000] {dag.py:3239} INFO - Sync 1 DAGs
[2024-11-13T19:54:13.374+0000] {logging_mixin.py:190} INFO - [2024-11-13T19:54:13.374+0000] {dag.py:4180} INFO - Setting next_dagrun for tutorial to 2024-11-12 00:00:00+00:00, run_after=2024-11-13 00:00:00+00:00
[2024-11-13T19:54:13.413+0000] {processor.py:208} INFO - Processing /home/airflow/.local/lib/python3.12/site-packages/airflow/example_dags/tutorial.py took 0.131 seconds
[2024-11-13T19:59:44.461+0000] {processor.py:186} INFO - Started process (PID=79) to work on /home/airflow/.local/lib/python3.12/site-packages/airflow/example_dags/tutorial.py
[2024-11-13T19:59:44.464+0000] {processor.py:914} INFO - Processing file /home/airflow/.local/lib/python3.12/site-packages/airflow/example_dags/tutorial.py for tasks to queue
[2024-11-13T19:59:44.468+0000] {logging_mixin.py:190} INFO - [2024-11-13T19:59:44.467+0000] {dagbag.py:588} INFO - Filling up the DagBag from /home/airflow/.local/lib/python3.12/site-packages/airflow/example_dags/tutorial.py
[2024-11-13T19:59:44.478+0000] {processor.py:925} INFO - DAG(s) 'tutorial' retrieved from /home/airflow/.local/lib/python3.12/site-packages/airflow/example_dags/tutorial.py
[2024-11-13T19:59:44.501+0000] {logging_mixin.py:190} INFO - [2024-11-13T19:59:44.501+0000] {dag.py:3239} INFO - Sync 1 DAGs
[2024-11-13T19:59:44.526+0000] {logging_mixin.py:190} INFO - [2024-11-13T19:59:44.526+0000] {dag.py:4180} INFO - Setting next_dagrun for tutorial to 2024-11-12 00:00:00+00:00, run_after=2024-11-13 00:00:00+00:00
[2024-11-13T19:59:44.547+0000] {processor.py:208} INFO - Processing /home/airflow/.local/lib/python3.12/site-packages/airflow/example_dags/tutorial.py took 0.094 seconds
[2024-11-13T20:00:15.542+0000] {processor.py:186} INFO - Started process (PID=142) to work on /home/airflow/.local/lib/python3.12/site-packages/airflow/example_dags/tutorial.py
[2024-11-13T20:00:15.544+0000] {processor.py:914} INFO - Processing file /home/airflow/.local/lib/python3.12/site-packages/airflow/example_dags/tutorial.py for tasks to queue
[2024-11-13T20:00:15.548+0000] {logging_mixin.py:190} INFO - [2024-11-13T20:00:15.547+0000] {dagbag.py:588} INFO - Filling up the DagBag from /home/airflow/.local/lib/python3.12/site-packages/airflow/example_dags/tutorial.py
[2024-11-13T20:00:15.558+0000] {processor.py:925} INFO - DAG(s) 'tutorial' retrieved from /home/airflow/.local/lib/python3.12/site-packages/airflow/example_dags/tutorial.py
[2024-11-13T20:00:15.583+0000] {logging_mixin.py:190} INFO - [2024-11-13T20:00:15.583+0000] {dag.py:3239} INFO - Sync 1 DAGs
[2024-11-13T20:00:15.614+0000] {logging_mixin.py:190} INFO - [2024-11-13T20:00:15.613+0000] {dag.py:4180} INFO - Setting next_dagrun for tutorial to 2024-11-12 00:00:00+00:00, run_after=2024-11-13 00:00:00+00:00
[2024-11-13T20:00:15.637+0000] {processor.py:208} INFO - Processing /home/airflow/.local/lib/python3.12/site-packages/airflow/example_dags/tutorial.py took 0.108 seconds
[2024-11-13T20:00:46.041+0000] {processor.py:186} INFO - Started process (PID=206) to work on /home/airflow/.local/lib/python3.12/site-packages/airflow/example_dags/tutorial.py
[2024-11-13T20:00:46.043+0000] {processor.py:914} INFO - Processing file /home/airflow/.local/lib/python3.12/site-packages/airflow/example_dags/tutorial.py for tasks to queue
[2024-11-13T20:00:46.047+0000] {logging_mixin.py:190} INFO - [2024-11-13T20:00:46.047+0000] {dagbag.py:588} INFO - Filling up the DagBag from /home/airflow/.local/lib/python3.12/site-packages/airflow/example_dags/tutorial.py
[2024-11-13T20:00:46.057+0000] {processor.py:925} INFO - DAG(s) 'tutorial' retrieved from /home/airflow/.local/lib/python3.12/site-packages/airflow/example_dags/tutorial.py
[2024-11-13T20:00:46.080+0000] {logging_mixin.py:190} INFO - [2024-11-13T20:00:46.080+0000] {dag.py:3239} INFO - Sync 1 DAGs
[2024-11-13T20:00:46.108+0000] {logging_mixin.py:190} INFO - [2024-11-13T20:00:46.108+0000] {dag.py:4180} INFO - Setting next_dagrun for tutorial to 2024-11-12 00:00:00+00:00, run_after=2024-11-13 00:00:00+00:00
[2024-11-13T20:00:46.141+0000] {processor.py:208} INFO - Processing /home/airflow/.local/lib/python3.12/site-packages/airflow/example_dags/tutorial.py took 0.106 seconds
[2024-11-13T20:01:17.144+0000] {processor.py:186} INFO - Started process (PID=276) to work on /home/airflow/.local/lib/python3.12/site-packages/airflow/example_dags/tutorial.py
[2024-11-13T20:01:17.146+0000] {processor.py:914} INFO - Processing file /home/airflow/.local/lib/python3.12/site-packages/airflow/example_dags/tutorial.py for tasks to queue
[2024-11-13T20:01:17.148+0000] {logging_mixin.py:190} INFO - [2024-11-13T20:01:17.148+0000] {dagbag.py:588} INFO - Filling up the DagBag from /home/airflow/.local/lib/python3.12/site-packages/airflow/example_dags/tutorial.py
[2024-11-13T20:01:17.158+0000] {processor.py:925} INFO - DAG(s) 'tutorial' retrieved from /home/airflow/.local/lib/python3.12/site-packages/airflow/example_dags/tutorial.py
[2024-11-13T20:01:17.184+0000] {logging_mixin.py:190} INFO - [2024-11-13T20:01:17.184+0000] {dag.py:3239} INFO - Sync 1 DAGs
[2024-11-13T20:01:17.218+0000] {logging_mixin.py:190} INFO - [2024-11-13T20:01:17.217+0000] {dag.py:4180} INFO - Setting next_dagrun for tutorial to 2024-11-12 00:00:00+00:00, run_after=2024-11-13 00:00:00+00:00
[2024-11-13T20:01:17.243+0000] {processor.py:208} INFO - Processing /home/airflow/.local/lib/python3.12/site-packages/airflow/example_dags/tutorial.py took 0.107 seconds
[2024-11-13T20:01:47.677+0000] {processor.py:186} INFO - Started process (PID=339) to work on /home/airflow/.local/lib/python3.12/site-packages/airflow/example_dags/tutorial.py
[2024-11-13T20:01:47.679+0000] {processor.py:914} INFO - Processing file /home/airflow/.local/lib/python3.12/site-packages/airflow/example_dags/tutorial.py for tasks to queue
[2024-11-13T20:01:47.682+0000] {logging_mixin.py:190} INFO - [2024-11-13T20:01:47.682+0000] {dagbag.py:588} INFO - Filling up the DagBag from /home/airflow/.local/lib/python3.12/site-packages/airflow/example_dags/tutorial.py
[2024-11-13T20:01:47.693+0000] {processor.py:925} INFO - DAG(s) 'tutorial' retrieved from /home/airflow/.local/lib/python3.12/site-packages/airflow/example_dags/tutorial.py
[2024-11-13T20:01:47.721+0000] {logging_mixin.py:190} INFO - [2024-11-13T20:01:47.721+0000] {dag.py:3239} INFO - Sync 1 DAGs
[2024-11-13T20:01:47.752+0000] {logging_mixin.py:190} INFO - [2024-11-13T20:01:47.752+0000] {dag.py:4180} INFO - Setting next_dagrun for tutorial to 2024-11-12 00:00:00+00:00, run_after=2024-11-13 00:00:00+00:00
[2024-11-13T20:01:47.779+0000] {processor.py:208} INFO - Processing /home/airflow/.local/lib/python3.12/site-packages/airflow/example_dags/tutorial.py took 0.111 seconds
[2024-11-13T20:02:17.864+0000] {processor.py:186} INFO - Started process (PID=403) to work on /home/airflow/.local/lib/python3.12/site-packages/airflow/example_dags/tutorial.py
[2024-11-13T20:02:17.865+0000] {processor.py:914} INFO - Processing file /home/airflow/.local/lib/python3.12/site-packages/airflow/example_dags/tutorial.py for tasks to queue
[2024-11-13T20:02:17.868+0000] {logging_mixin.py:190} INFO - [2024-11-13T20:02:17.867+0000] {dagbag.py:588} INFO - Filling up the DagBag from /home/airflow/.local/lib/python3.12/site-packages/airflow/example_dags/tutorial.py
[2024-11-13T20:02:17.882+0000] {processor.py:925} INFO - DAG(s) 'tutorial' retrieved from /home/airflow/.local/lib/python3.12/site-packages/airflow/example_dags/tutorial.py
[2024-11-13T20:02:17.908+0000] {logging_mixin.py:190} INFO - [2024-11-13T20:02:17.908+0000] {dag.py:3239} INFO - Sync 1 DAGs
[2024-11-13T20:02:17.941+0000] {logging_mixin.py:190} INFO - [2024-11-13T20:02:17.941+0000] {dag.py:4180} INFO - Setting next_dagrun for tutorial to 2024-11-12 00:00:00+00:00, run_after=2024-11-13 00:00:00+00:00
[2024-11-13T20:02:17.968+0000] {processor.py:208} INFO - Processing /home/airflow/.local/lib/python3.12/site-packages/airflow/example_dags/tutorial.py took 0.112 seconds
[2024-11-13T20:02:48.121+0000] {processor.py:186} INFO - Started process (PID=467) to work on /home/airflow/.local/lib/python3.12/site-packages/airflow/example_dags/tutorial.py
[2024-11-13T20:02:48.123+0000] {processor.py:914} INFO - Processing file /home/airflow/.local/lib/python3.12/site-packages/airflow/example_dags/tutorial.py for tasks to queue
[2024-11-13T20:02:48.129+0000] {logging_mixin.py:190} INFO - [2024-11-13T20:02:48.129+0000] {dagbag.py:588} INFO - Filling up the DagBag from /home/airflow/.local/lib/python3.12/site-packages/airflow/example_dags/tutorial.py
[2024-11-13T20:02:48.147+0000] {processor.py:925} INFO - DAG(s) 'tutorial' retrieved from /home/airflow/.local/lib/python3.12/site-packages/airflow/example_dags/tutorial.py
[2024-11-13T20:02:48.182+0000] {logging_mixin.py:190} INFO - [2024-11-13T20:02:48.182+0000] {dag.py:3239} INFO - Sync 1 DAGs
[2024-11-13T20:02:48.213+0000] {logging_mixin.py:190} INFO - [2024-11-13T20:02:48.213+0000] {dag.py:4180} INFO - Setting next_dagrun for tutorial to 2024-11-12 00:00:00+00:00, run_after=2024-11-13 00:00:00+00:00
[2024-11-13T20:02:48.232+0000] {processor.py:208} INFO - Processing /home/airflow/.local/lib/python3.12/site-packages/airflow/example_dags/tutorial.py took 0.119 seconds
[2024-11-13T20:03:18.558+0000] {processor.py:186} INFO - Started process (PID=531) to work on /home/airflow/.local/lib/python3.12/site-packages/airflow/example_dags/tutorial.py
[2024-11-13T20:03:18.559+0000] {processor.py:914} INFO - Processing file /home/airflow/.local/lib/python3.12/site-packages/airflow/example_dags/tutorial.py for tasks to queue
[2024-11-13T20:03:18.562+0000] {logging_mixin.py:190} INFO - [2024-11-13T20:03:18.561+0000] {dagbag.py:588} INFO - Filling up the DagBag from /home/airflow/.local/lib/python3.12/site-packages/airflow/example_dags/tutorial.py
[2024-11-13T20:03:18.571+0000] {processor.py:925} INFO - DAG(s) 'tutorial' retrieved from /home/airflow/.local/lib/python3.12/site-packages/airflow/example_dags/tutorial.py
[2024-11-13T20:03:18.594+0000] {logging_mixin.py:190} INFO - [2024-11-13T20:03:18.594+0000] {dag.py:3239} INFO - Sync 1 DAGs
[2024-11-13T20:03:18.620+0000] {logging_mixin.py:190} INFO - [2024-11-13T20:03:18.620+0000] {dag.py:4180} INFO - Setting next_dagrun for tutorial to 2024-11-12 00:00:00+00:00, run_after=2024-11-13 00:00:00+00:00
[2024-11-13T20:03:18.642+0000] {processor.py:208} INFO - Processing /home/airflow/.local/lib/python3.12/site-packages/airflow/example_dags/tutorial.py took 0.091 seconds
[2024-11-13T20:03:49.086+0000] {processor.py:186} INFO - Started process (PID=595) to work on /home/airflow/.local/lib/python3.12/site-packages/airflow/example_dags/tutorial.py
[2024-11-13T20:03:49.088+0000] {processor.py:914} INFO - Processing file /home/airflow/.local/lib/python3.12/site-packages/airflow/example_dags/tutorial.py for tasks to queue
[2024-11-13T20:03:49.091+0000] {logging_mixin.py:190} INFO - [2024-11-13T20:03:49.091+0000] {dagbag.py:588} INFO - Filling up the DagBag from /home/airflow/.local/lib/python3.12/site-packages/airflow/example_dags/tutorial.py
[2024-11-13T20:03:49.101+0000] {processor.py:925} INFO - DAG(s) 'tutorial' retrieved from /home/airflow/.local/lib/python3.12/site-packages/airflow/example_dags/tutorial.py
[2024-11-13T20:03:49.131+0000] {logging_mixin.py:190} INFO - [2024-11-13T20:03:49.131+0000] {dag.py:3239} INFO - Sync 1 DAGs
[2024-11-13T20:03:49.163+0000] {logging_mixin.py:190} INFO - [2024-11-13T20:03:49.163+0000] {dag.py:4180} INFO - Setting next_dagrun for tutorial to 2024-11-12 00:00:00+00:00, run_after=2024-11-13 00:00:00+00:00
[2024-11-13T20:03:49.188+0000] {processor.py:208} INFO - Processing /home/airflow/.local/lib/python3.12/site-packages/airflow/example_dags/tutorial.py took 0.109 seconds
[2024-11-13T20:04:19.296+0000] {processor.py:186} INFO - Started process (PID=659) to work on /home/airflow/.local/lib/python3.12/site-packages/airflow/example_dags/tutorial.py
[2024-11-13T20:04:19.297+0000] {processor.py:914} INFO - Processing file /home/airflow/.local/lib/python3.12/site-packages/airflow/example_dags/tutorial.py for tasks to queue
[2024-11-13T20:04:19.300+0000] {logging_mixin.py:190} INFO - [2024-11-13T20:04:19.299+0000] {dagbag.py:588} INFO - Filling up the DagBag from /home/airflow/.local/lib/python3.12/site-packages/airflow/example_dags/tutorial.py
[2024-11-13T20:04:19.309+0000] {processor.py:925} INFO - DAG(s) 'tutorial' retrieved from /home/airflow/.local/lib/python3.12/site-packages/airflow/example_dags/tutorial.py
[2024-11-13T20:04:19.333+0000] {logging_mixin.py:190} INFO - [2024-11-13T20:04:19.333+0000] {dag.py:3239} INFO - Sync 1 DAGs
[2024-11-13T20:04:19.359+0000] {logging_mixin.py:190} INFO - [2024-11-13T20:04:19.359+0000] {dag.py:4180} INFO - Setting next_dagrun for tutorial to 2024-11-12 00:00:00+00:00, run_after=2024-11-13 00:00:00+00:00
[2024-11-13T20:04:19.381+0000] {processor.py:208} INFO - Processing /home/airflow/.local/lib/python3.12/site-packages/airflow/example_dags/tutorial.py took 0.092 seconds
[2024-11-13T20:04:49.833+0000] {processor.py:186} INFO - Started process (PID=723) to work on /home/airflow/.local/lib/python3.12/site-packages/airflow/example_dags/tutorial.py
[2024-11-13T20:04:49.836+0000] {processor.py:914} INFO - Processing file /home/airflow/.local/lib/python3.12/site-packages/airflow/example_dags/tutorial.py for tasks to queue
[2024-11-13T20:04:49.839+0000] {logging_mixin.py:190} INFO - [2024-11-13T20:04:49.838+0000] {dagbag.py:588} INFO - Filling up the DagBag from /home/airflow/.local/lib/python3.12/site-packages/airflow/example_dags/tutorial.py
[2024-11-13T20:04:49.848+0000] {processor.py:925} INFO - DAG(s) 'tutorial' retrieved from /home/airflow/.local/lib/python3.12/site-packages/airflow/example_dags/tutorial.py
[2024-11-13T20:04:49.870+0000] {logging_mixin.py:190} INFO - [2024-11-13T20:04:49.870+0000] {dag.py:3239} INFO - Sync 1 DAGs
[2024-11-13T20:04:49.895+0000] {logging_mixin.py:190} INFO - [2024-11-13T20:04:49.895+0000] {dag.py:4180} INFO - Setting next_dagrun for tutorial to 2024-11-12 00:00:00+00:00, run_after=2024-11-13 00:00:00+00:00
[2024-11-13T20:04:49.914+0000] {processor.py:208} INFO - Processing /home/airflow/.local/lib/python3.12/site-packages/airflow/example_dags/tutorial.py took 0.089 seconds
[2024-11-13T20:05:20.793+0000] {processor.py:186} INFO - Started process (PID=787) to work on /home/airflow/.local/lib/python3.12/site-packages/airflow/example_dags/tutorial.py
[2024-11-13T20:05:20.794+0000] {processor.py:914} INFO - Processing file /home/airflow/.local/lib/python3.12/site-packages/airflow/example_dags/tutorial.py for tasks to queue
[2024-11-13T20:05:20.797+0000] {logging_mixin.py:190} INFO - [2024-11-13T20:05:20.796+0000] {dagbag.py:588} INFO - Filling up the DagBag from /home/airflow/.local/lib/python3.12/site-packages/airflow/example_dags/tutorial.py
[2024-11-13T20:05:20.805+0000] {processor.py:925} INFO - DAG(s) 'tutorial' retrieved from /home/airflow/.local/lib/python3.12/site-packages/airflow/example_dags/tutorial.py
[2024-11-13T20:05:20.826+0000] {logging_mixin.py:190} INFO - [2024-11-13T20:05:20.826+0000] {dag.py:3239} INFO - Sync 1 DAGs
[2024-11-13T20:05:20.849+0000] {logging_mixin.py:190} INFO - [2024-11-13T20:05:20.849+0000] {dag.py:4180} INFO - Setting next_dagrun for tutorial to 2024-11-12 00:00:00+00:00, run_after=2024-11-13 00:00:00+00:00
[2024-11-13T20:05:20.867+0000] {processor.py:208} INFO - Processing /home/airflow/.local/lib/python3.12/site-packages/airflow/example_dags/tutorial.py took 0.081 seconds
[2024-11-13T20:05:51.829+0000] {processor.py:186} INFO - Started process (PID=851) to work on /home/airflow/.local/lib/python3.12/site-packages/airflow/example_dags/tutorial.py
[2024-11-13T20:05:51.830+0000] {processor.py:914} INFO - Processing file /home/airflow/.local/lib/python3.12/site-packages/airflow/example_dags/tutorial.py for tasks to queue
[2024-11-13T20:05:51.833+0000] {logging_mixin.py:190} INFO - [2024-11-13T20:05:51.833+0000] {dagbag.py:588} INFO - Filling up the DagBag from /home/airflow/.local/lib/python3.12/site-packages/airflow/example_dags/tutorial.py
[2024-11-13T20:05:51.842+0000] {processor.py:925} INFO - DAG(s) 'tutorial' retrieved from /home/airflow/.local/lib/python3.12/site-packages/airflow/example_dags/tutorial.py
[2024-11-13T20:05:51.865+0000] {logging_mixin.py:190} INFO - [2024-11-13T20:05:51.864+0000] {dag.py:3239} INFO - Sync 1 DAGs
[2024-11-13T20:05:51.890+0000] {logging_mixin.py:190} INFO - [2024-11-13T20:05:51.890+0000] {dag.py:4180} INFO - Setting next_dagrun for tutorial to 2024-11-12 00:00:00+00:00, run_after=2024-11-13 00:00:00+00:00
[2024-11-13T20:05:51.912+0000] {processor.py:208} INFO - Processing /home/airflow/.local/lib/python3.12/site-packages/airflow/example_dags/tutorial.py took 0.090 seconds
[2024-11-13T20:06:22.185+0000] {processor.py:186} INFO - Started process (PID=915) to work on /home/airflow/.local/lib/python3.12/site-packages/airflow/example_dags/tutorial.py
[2024-11-13T20:06:22.187+0000] {processor.py:914} INFO - Processing file /home/airflow/.local/lib/python3.12/site-packages/airflow/example_dags/tutorial.py for tasks to queue
[2024-11-13T20:06:22.190+0000] {logging_mixin.py:190} INFO - [2024-11-13T20:06:22.190+0000] {dagbag.py:588} INFO - Filling up the DagBag from /home/airflow/.local/lib/python3.12/site-packages/airflow/example_dags/tutorial.py
[2024-11-13T20:06:22.200+0000] {processor.py:925} INFO - DAG(s) 'tutorial' retrieved from /home/airflow/.local/lib/python3.12/site-packages/airflow/example_dags/tutorial.py
[2024-11-13T20:06:22.227+0000] {logging_mixin.py:190} INFO - [2024-11-13T20:06:22.227+0000] {dag.py:3239} INFO - Sync 1 DAGs
[2024-11-13T20:06:22.258+0000] {logging_mixin.py:190} INFO - [2024-11-13T20:06:22.258+0000] {dag.py:4180} INFO - Setting next_dagrun for tutorial to 2024-11-12 00:00:00+00:00, run_after=2024-11-13 00:00:00+00:00
[2024-11-13T20:06:22.284+0000] {processor.py:208} INFO - Processing /home/airflow/.local/lib/python3.12/site-packages/airflow/example_dags/tutorial.py took 0.107 seconds
[2024-11-13T20:06:53.303+0000] {processor.py:186} INFO - Started process (PID=979) to work on /home/airflow/.local/lib/python3.12/site-packages/airflow/example_dags/tutorial.py
[2024-11-13T20:06:53.305+0000] {processor.py:914} INFO - Processing file /home/airflow/.local/lib/python3.12/site-packages/airflow/example_dags/tutorial.py for tasks to queue
[2024-11-13T20:06:53.311+0000] {logging_mixin.py:190} INFO - [2024-11-13T20:06:53.310+0000] {dagbag.py:588} INFO - Filling up the DagBag from /home/airflow/.local/lib/python3.12/site-packages/airflow/example_dags/tutorial.py
[2024-11-13T20:06:53.327+0000] {processor.py:925} INFO - DAG(s) 'tutorial' retrieved from /home/airflow/.local/lib/python3.12/site-packages/airflow/example_dags/tutorial.py
[2024-11-13T20:06:53.369+0000] {logging_mixin.py:190} INFO - [2024-11-13T20:06:53.369+0000] {dag.py:3239} INFO - Sync 1 DAGs
[2024-11-13T20:06:53.413+0000] {logging_mixin.py:190} INFO - [2024-11-13T20:06:53.412+0000] {dag.py:4180} INFO - Setting next_dagrun for tutorial to 2024-11-12 00:00:00+00:00, run_after=2024-11-13 00:00:00+00:00
[2024-11-13T20:06:53.459+0000] {processor.py:208} INFO - Processing /home/airflow/.local/lib/python3.12/site-packages/airflow/example_dags/tutorial.py took 0.168 seconds
[2024-11-13T20:07:23.621+0000] {processor.py:186} INFO - Started process (PID=1043) to work on /home/airflow/.local/lib/python3.12/site-packages/airflow/example_dags/tutorial.py
[2024-11-13T20:07:23.623+0000] {processor.py:914} INFO - Processing file /home/airflow/.local/lib/python3.12/site-packages/airflow/example_dags/tutorial.py for tasks to queue
[2024-11-13T20:07:23.625+0000] {logging_mixin.py:190} INFO - [2024-11-13T20:07:23.625+0000] {dagbag.py:588} INFO - Filling up the DagBag from /home/airflow/.local/lib/python3.12/site-packages/airflow/example_dags/tutorial.py
[2024-11-13T20:07:23.636+0000] {processor.py:925} INFO - DAG(s) 'tutorial' retrieved from /home/airflow/.local/lib/python3.12/site-packages/airflow/example_dags/tutorial.py
[2024-11-13T20:07:23.661+0000] {logging_mixin.py:190} INFO - [2024-11-13T20:07:23.661+0000] {dag.py:3239} INFO - Sync 1 DAGs
[2024-11-13T20:07:23.688+0000] {logging_mixin.py:190} INFO - [2024-11-13T20:07:23.687+0000] {dag.py:4180} INFO - Setting next_dagrun for tutorial to 2024-11-12 00:00:00+00:00, run_after=2024-11-13 00:00:00+00:00
[2024-11-13T20:07:23.709+0000] {processor.py:208} INFO - Processing /home/airflow/.local/lib/python3.12/site-packages/airflow/example_dags/tutorial.py took 0.094 seconds
[2024-11-13T20:07:54.722+0000] {processor.py:186} INFO - Started process (PID=1107) to work on /home/airflow/.local/lib/python3.12/site-packages/airflow/example_dags/tutorial.py
[2024-11-13T20:07:54.724+0000] {processor.py:914} INFO - Processing file /home/airflow/.local/lib/python3.12/site-packages/airflow/example_dags/tutorial.py for tasks to queue
[2024-11-13T20:07:54.728+0000] {logging_mixin.py:190} INFO - [2024-11-13T20:07:54.728+0000] {dagbag.py:588} INFO - Filling up the DagBag from /home/airflow/.local/lib/python3.12/site-packages/airflow/example_dags/tutorial.py
[2024-11-13T20:07:54.737+0000] {processor.py:925} INFO - DAG(s) 'tutorial' retrieved from /home/airflow/.local/lib/python3.12/site-packages/airflow/example_dags/tutorial.py
[2024-11-13T20:07:54.763+0000] {logging_mixin.py:190} INFO - [2024-11-13T20:07:54.762+0000] {dag.py:3239} INFO - Sync 1 DAGs
[2024-11-13T20:07:54.790+0000] {logging_mixin.py:190} INFO - [2024-11-13T20:07:54.790+0000] {dag.py:4180} INFO - Setting next_dagrun for tutorial to 2024-11-12 00:00:00+00:00, run_after=2024-11-13 00:00:00+00:00
[2024-11-13T20:07:54.814+0000] {processor.py:208} INFO - Processing /home/airflow/.local/lib/python3.12/site-packages/airflow/example_dags/tutorial.py took 0.098 seconds
[2024-11-13T20:08:25.611+0000] {processor.py:186} INFO - Started process (PID=1171) to work on /home/airflow/.local/lib/python3.12/site-packages/airflow/example_dags/tutorial.py
[2024-11-13T20:08:25.612+0000] {processor.py:914} INFO - Processing file /home/airflow/.local/lib/python3.12/site-packages/airflow/example_dags/tutorial.py for tasks to queue
[2024-11-13T20:08:25.615+0000] {logging_mixin.py:190} INFO - [2024-11-13T20:08:25.615+0000] {dagbag.py:588} INFO - Filling up the DagBag from /home/airflow/.local/lib/python3.12/site-packages/airflow/example_dags/tutorial.py
[2024-11-13T20:08:25.625+0000] {processor.py:925} INFO - DAG(s) 'tutorial' retrieved from /home/airflow/.local/lib/python3.12/site-packages/airflow/example_dags/tutorial.py
[2024-11-13T20:08:25.648+0000] {logging_mixin.py:190} INFO - [2024-11-13T20:08:25.647+0000] {dag.py:3239} INFO - Sync 1 DAGs
[2024-11-13T20:08:25.675+0000] {logging_mixin.py:190} INFO - [2024-11-13T20:08:25.675+0000] {dag.py:4180} INFO - Setting next_dagrun for tutorial to 2024-11-12 00:00:00+00:00, run_after=2024-11-13 00:00:00+00:00
[2024-11-13T20:08:25.698+0000] {processor.py:208} INFO - Processing /home/airflow/.local/lib/python3.12/site-packages/airflow/example_dags/tutorial.py took 0.095 seconds
[2024-11-13T20:08:55.995+0000] {processor.py:186} INFO - Started process (PID=1235) to work on /home/airflow/.local/lib/python3.12/site-packages/airflow/example_dags/tutorial.py
[2024-11-13T20:08:55.996+0000] {processor.py:914} INFO - Processing file /home/airflow/.local/lib/python3.12/site-packages/airflow/example_dags/tutorial.py for tasks to queue
[2024-11-13T20:08:55.999+0000] {logging_mixin.py:190} INFO - [2024-11-13T20:08:55.999+0000] {dagbag.py:588} INFO - Filling up the DagBag from /home/airflow/.local/lib/python3.12/site-packages/airflow/example_dags/tutorial.py
[2024-11-13T20:08:56.008+0000] {processor.py:925} INFO - DAG(s) 'tutorial' retrieved from /home/airflow/.local/lib/python3.12/site-packages/airflow/example_dags/tutorial.py
[2024-11-13T20:08:56.033+0000] {logging_mixin.py:190} INFO - [2024-11-13T20:08:56.032+0000] {dag.py:3239} INFO - Sync 1 DAGs
[2024-11-13T20:08:56.062+0000] {logging_mixin.py:190} INFO - [2024-11-13T20:08:56.061+0000] {dag.py:4180} INFO - Setting next_dagrun for tutorial to 2024-11-12 00:00:00+00:00, run_after=2024-11-13 00:00:00+00:00
[2024-11-13T20:08:56.085+0000] {processor.py:208} INFO - Processing /home/airflow/.local/lib/python3.12/site-packages/airflow/example_dags/tutorial.py took 0.097 seconds
[2024-11-13T20:09:26.228+0000] {processor.py:186} INFO - Started process (PID=1299) to work on /home/airflow/.local/lib/python3.12/site-packages/airflow/example_dags/tutorial.py
[2024-11-13T20:09:26.229+0000] {processor.py:914} INFO - Processing file /home/airflow/.local/lib/python3.12/site-packages/airflow/example_dags/tutorial.py for tasks to queue
[2024-11-13T20:09:26.232+0000] {logging_mixin.py:190} INFO - [2024-11-13T20:09:26.231+0000] {dagbag.py:588} INFO - Filling up the DagBag from /home/airflow/.local/lib/python3.12/site-packages/airflow/example_dags/tutorial.py
[2024-11-13T20:09:26.240+0000] {processor.py:925} INFO - DAG(s) 'tutorial' retrieved from /home/airflow/.local/lib/python3.12/site-packages/airflow/example_dags/tutorial.py
[2024-11-13T20:09:26.262+0000] {logging_mixin.py:190} INFO - [2024-11-13T20:09:26.261+0000] {dag.py:3239} INFO - Sync 1 DAGs
[2024-11-13T20:09:26.287+0000] {logging_mixin.py:190} INFO - [2024-11-13T20:09:26.287+0000] {dag.py:4180} INFO - Setting next_dagrun for tutorial to 2024-11-12 00:00:00+00:00, run_after=2024-11-13 00:00:00+00:00
[2024-11-13T20:09:26.305+0000] {processor.py:208} INFO - Processing /home/airflow/.local/lib/python3.12/site-packages/airflow/example_dags/tutorial.py took 0.086 seconds
[2024-11-13T20:09:56.831+0000] {processor.py:186} INFO - Started process (PID=1363) to work on /home/airflow/.local/lib/python3.12/site-packages/airflow/example_dags/tutorial.py
[2024-11-13T20:09:56.835+0000] {processor.py:914} INFO - Processing file /home/airflow/.local/lib/python3.12/site-packages/airflow/example_dags/tutorial.py for tasks to queue
[2024-11-13T20:09:56.839+0000] {logging_mixin.py:190} INFO - [2024-11-13T20:09:56.838+0000] {dagbag.py:588} INFO - Filling up the DagBag from /home/airflow/.local/lib/python3.12/site-packages/airflow/example_dags/tutorial.py
[2024-11-13T20:09:56.853+0000] {processor.py:925} INFO - DAG(s) 'tutorial' retrieved from /home/airflow/.local/lib/python3.12/site-packages/airflow/example_dags/tutorial.py
[2024-11-13T20:09:56.888+0000] {logging_mixin.py:190} INFO - [2024-11-13T20:09:56.887+0000] {dag.py:3239} INFO - Sync 1 DAGs
[2024-11-13T20:09:56.929+0000] {logging_mixin.py:190} INFO - [2024-11-13T20:09:56.928+0000] {dag.py:4180} INFO - Setting next_dagrun for tutorial to 2024-11-12 00:00:00+00:00, run_after=2024-11-13 00:00:00+00:00
[2024-11-13T20:09:56.967+0000] {processor.py:208} INFO - Processing /home/airflow/.local/lib/python3.12/site-packages/airflow/example_dags/tutorial.py took 0.147 seconds
[2024-11-13T20:10:27.194+0000] {processor.py:186} INFO - Started process (PID=1426) to work on /home/airflow/.local/lib/python3.12/site-packages/airflow/example_dags/tutorial.py
[2024-11-13T20:10:27.196+0000] {processor.py:914} INFO - Processing file /home/airflow/.local/lib/python3.12/site-packages/airflow/example_dags/tutorial.py for tasks to queue
[2024-11-13T20:10:27.200+0000] {logging_mixin.py:190} INFO - [2024-11-13T20:10:27.199+0000] {dagbag.py:588} INFO - Filling up the DagBag from /home/airflow/.local/lib/python3.12/site-packages/airflow/example_dags/tutorial.py
[2024-11-13T20:10:27.214+0000] {processor.py:925} INFO - DAG(s) 'tutorial' retrieved from /home/airflow/.local/lib/python3.12/site-packages/airflow/example_dags/tutorial.py
[2024-11-13T20:10:27.260+0000] {logging_mixin.py:190} INFO - [2024-11-13T20:10:27.260+0000] {dag.py:3239} INFO - Sync 1 DAGs
[2024-11-13T20:10:27.310+0000] {logging_mixin.py:190} INFO - [2024-11-13T20:10:27.310+0000] {dag.py:4180} INFO - Setting next_dagrun for tutorial to 2024-11-12 00:00:00+00:00, run_after=2024-11-13 00:00:00+00:00
[2024-11-13T20:10:27.346+0000] {processor.py:208} INFO - Processing /home/airflow/.local/lib/python3.12/site-packages/airflow/example_dags/tutorial.py took 0.159 seconds
[2024-11-13T20:10:58.620+0000] {processor.py:186} INFO - Started process (PID=1491) to work on /home/airflow/.local/lib/python3.12/site-packages/airflow/example_dags/tutorial.py
[2024-11-13T20:10:58.622+0000] {processor.py:914} INFO - Processing file /home/airflow/.local/lib/python3.12/site-packages/airflow/example_dags/tutorial.py for tasks to queue
[2024-11-13T20:10:58.626+0000] {logging_mixin.py:190} INFO - [2024-11-13T20:10:58.625+0000] {dagbag.py:588} INFO - Filling up the DagBag from /home/airflow/.local/lib/python3.12/site-packages/airflow/example_dags/tutorial.py
[2024-11-13T20:10:58.639+0000] {processor.py:925} INFO - DAG(s) 'tutorial' retrieved from /home/airflow/.local/lib/python3.12/site-packages/airflow/example_dags/tutorial.py
[2024-11-13T20:10:58.673+0000] {logging_mixin.py:190} INFO - [2024-11-13T20:10:58.673+0000] {dag.py:3239} INFO - Sync 1 DAGs
[2024-11-13T20:10:58.712+0000] {logging_mixin.py:190} INFO - [2024-11-13T20:10:58.712+0000] {dag.py:4180} INFO - Setting next_dagrun for tutorial to 2024-11-12 00:00:00+00:00, run_after=2024-11-13 00:00:00+00:00
[2024-11-13T20:10:58.739+0000] {processor.py:208} INFO - Processing /home/airflow/.local/lib/python3.12/site-packages/airflow/example_dags/tutorial.py took 0.131 seconds
[2024-11-13T20:12:36.493+0000] {processor.py:186} INFO - Started process (PID=99) to work on /home/airflow/.local/lib/python3.12/site-packages/airflow/example_dags/tutorial.py
[2024-11-13T20:12:36.495+0000] {processor.py:914} INFO - Processing file /home/airflow/.local/lib/python3.12/site-packages/airflow/example_dags/tutorial.py for tasks to queue
[2024-11-13T20:12:36.499+0000] {logging_mixin.py:190} INFO - [2024-11-13T20:12:36.499+0000] {dagbag.py:588} INFO - Filling up the DagBag from /home/airflow/.local/lib/python3.12/site-packages/airflow/example_dags/tutorial.py
[2024-11-13T20:12:36.513+0000] {processor.py:925} INFO - DAG(s) 'tutorial' retrieved from /home/airflow/.local/lib/python3.12/site-packages/airflow/example_dags/tutorial.py
[2024-11-13T20:12:36.545+0000] {logging_mixin.py:190} INFO - [2024-11-13T20:12:36.545+0000] {dag.py:3239} INFO - Sync 1 DAGs
[2024-11-13T20:12:36.583+0000] {logging_mixin.py:190} INFO - [2024-11-13T20:12:36.582+0000] {dag.py:4180} INFO - Setting next_dagrun for tutorial to 2024-11-12 00:00:00+00:00, run_after=2024-11-13 00:00:00+00:00
[2024-11-13T20:12:36.616+0000] {processor.py:208} INFO - Processing /home/airflow/.local/lib/python3.12/site-packages/airflow/example_dags/tutorial.py took 0.133 seconds
[2024-11-13T20:13:07.704+0000] {processor.py:186} INFO - Started process (PID=163) to work on /home/airflow/.local/lib/python3.12/site-packages/airflow/example_dags/tutorial.py
[2024-11-13T20:13:07.707+0000] {processor.py:914} INFO - Processing file /home/airflow/.local/lib/python3.12/site-packages/airflow/example_dags/tutorial.py for tasks to queue
[2024-11-13T20:13:07.714+0000] {logging_mixin.py:190} INFO - [2024-11-13T20:13:07.713+0000] {dagbag.py:588} INFO - Filling up the DagBag from /home/airflow/.local/lib/python3.12/site-packages/airflow/example_dags/tutorial.py
[2024-11-13T20:13:07.750+0000] {processor.py:925} INFO - DAG(s) 'tutorial' retrieved from /home/airflow/.local/lib/python3.12/site-packages/airflow/example_dags/tutorial.py
[2024-11-13T20:13:07.823+0000] {logging_mixin.py:190} INFO - [2024-11-13T20:13:07.823+0000] {dag.py:3239} INFO - Sync 1 DAGs
[2024-11-13T20:13:07.881+0000] {logging_mixin.py:190} INFO - [2024-11-13T20:13:07.881+0000] {dag.py:4180} INFO - Setting next_dagrun for tutorial to 2024-11-12 00:00:00+00:00, run_after=2024-11-13 00:00:00+00:00
[2024-11-13T20:13:07.930+0000] {processor.py:208} INFO - Processing /home/airflow/.local/lib/python3.12/site-packages/airflow/example_dags/tutorial.py took 0.246 seconds
[2024-11-13T20:13:37.994+0000] {processor.py:186} INFO - Started process (PID=226) to work on /home/airflow/.local/lib/python3.12/site-packages/airflow/example_dags/tutorial.py
[2024-11-13T20:13:37.995+0000] {processor.py:914} INFO - Processing file /home/airflow/.local/lib/python3.12/site-packages/airflow/example_dags/tutorial.py for tasks to queue
[2024-11-13T20:13:37.998+0000] {logging_mixin.py:190} INFO - [2024-11-13T20:13:37.998+0000] {dagbag.py:588} INFO - Filling up the DagBag from /home/airflow/.local/lib/python3.12/site-packages/airflow/example_dags/tutorial.py
[2024-11-13T20:13:38.013+0000] {processor.py:925} INFO - DAG(s) 'tutorial' retrieved from /home/airflow/.local/lib/python3.12/site-packages/airflow/example_dags/tutorial.py
[2024-11-13T20:13:38.039+0000] {logging_mixin.py:190} INFO - [2024-11-13T20:13:38.038+0000] {dag.py:3239} INFO - Sync 1 DAGs
[2024-11-13T20:13:38.072+0000] {logging_mixin.py:190} INFO - [2024-11-13T20:13:38.072+0000] {dag.py:4180} INFO - Setting next_dagrun for tutorial to 2024-11-12 00:00:00+00:00, run_after=2024-11-13 00:00:00+00:00
[2024-11-13T20:13:38.099+0000] {processor.py:208} INFO - Processing /home/airflow/.local/lib/python3.12/site-packages/airflow/example_dags/tutorial.py took 0.114 seconds
[2024-11-13T20:16:04.150+0000] {processor.py:186} INFO - Started process (PID=80) to work on /home/airflow/.local/lib/python3.12/site-packages/airflow/example_dags/tutorial.py
[2024-11-13T20:16:04.151+0000] {processor.py:914} INFO - Processing file /home/airflow/.local/lib/python3.12/site-packages/airflow/example_dags/tutorial.py for tasks to queue
[2024-11-13T20:16:04.154+0000] {logging_mixin.py:190} INFO - [2024-11-13T20:16:04.153+0000] {dagbag.py:588} INFO - Filling up the DagBag from /home/airflow/.local/lib/python3.12/site-packages/airflow/example_dags/tutorial.py
[2024-11-13T20:16:04.162+0000] {processor.py:925} INFO - DAG(s) 'tutorial' retrieved from /home/airflow/.local/lib/python3.12/site-packages/airflow/example_dags/tutorial.py
[2024-11-13T20:16:04.183+0000] {logging_mixin.py:190} INFO - [2024-11-13T20:16:04.183+0000] {dag.py:3239} INFO - Sync 1 DAGs
[2024-11-13T20:16:04.207+0000] {logging_mixin.py:190} INFO - [2024-11-13T20:16:04.207+0000] {dag.py:4180} INFO - Setting next_dagrun for tutorial to 2024-11-12 00:00:00+00:00, run_after=2024-11-13 00:00:00+00:00
[2024-11-13T20:16:04.228+0000] {processor.py:208} INFO - Processing /home/airflow/.local/lib/python3.12/site-packages/airflow/example_dags/tutorial.py took 0.085 seconds
[2024-11-13T20:16:35.026+0000] {processor.py:186} INFO - Started process (PID=144) to work on /home/airflow/.local/lib/python3.12/site-packages/airflow/example_dags/tutorial.py
[2024-11-13T20:16:35.028+0000] {processor.py:914} INFO - Processing file /home/airflow/.local/lib/python3.12/site-packages/airflow/example_dags/tutorial.py for tasks to queue
[2024-11-13T20:16:35.031+0000] {logging_mixin.py:190} INFO - [2024-11-13T20:16:35.031+0000] {dagbag.py:588} INFO - Filling up the DagBag from /home/airflow/.local/lib/python3.12/site-packages/airflow/example_dags/tutorial.py
[2024-11-13T20:16:35.040+0000] {processor.py:925} INFO - DAG(s) 'tutorial' retrieved from /home/airflow/.local/lib/python3.12/site-packages/airflow/example_dags/tutorial.py
[2024-11-13T20:16:35.059+0000] {logging_mixin.py:190} INFO - [2024-11-13T20:16:35.059+0000] {dag.py:3239} INFO - Sync 1 DAGs
[2024-11-13T20:16:35.084+0000] {logging_mixin.py:190} INFO - [2024-11-13T20:16:35.084+0000] {dag.py:4180} INFO - Setting next_dagrun for tutorial to 2024-11-12 00:00:00+00:00, run_after=2024-11-13 00:00:00+00:00
[2024-11-13T20:16:35.103+0000] {processor.py:208} INFO - Processing /home/airflow/.local/lib/python3.12/site-packages/airflow/example_dags/tutorial.py took 0.084 seconds
[2024-11-13T20:17:06.007+0000] {processor.py:186} INFO - Started process (PID=214) to work on /home/airflow/.local/lib/python3.12/site-packages/airflow/example_dags/tutorial.py
[2024-11-13T20:17:06.009+0000] {processor.py:914} INFO - Processing file /home/airflow/.local/lib/python3.12/site-packages/airflow/example_dags/tutorial.py for tasks to queue
[2024-11-13T20:17:06.018+0000] {logging_mixin.py:190} INFO - [2024-11-13T20:17:06.018+0000] {dagbag.py:588} INFO - Filling up the DagBag from /home/airflow/.local/lib/python3.12/site-packages/airflow/example_dags/tutorial.py
[2024-11-13T20:17:06.028+0000] {processor.py:925} INFO - DAG(s) 'tutorial' retrieved from /home/airflow/.local/lib/python3.12/site-packages/airflow/example_dags/tutorial.py
[2024-11-13T20:17:06.052+0000] {logging_mixin.py:190} INFO - [2024-11-13T20:17:06.052+0000] {dag.py:3239} INFO - Sync 1 DAGs
[2024-11-13T20:17:06.081+0000] {logging_mixin.py:190} INFO - [2024-11-13T20:17:06.081+0000] {dag.py:4180} INFO - Setting next_dagrun for tutorial to 2024-11-12 00:00:00+00:00, run_after=2024-11-13 00:00:00+00:00
[2024-11-13T20:17:06.105+0000] {processor.py:208} INFO - Processing /home/airflow/.local/lib/python3.12/site-packages/airflow/example_dags/tutorial.py took 0.104 seconds
[2024-11-13T20:17:36.809+0000] {processor.py:186} INFO - Started process (PID=278) to work on /home/airflow/.local/lib/python3.12/site-packages/airflow/example_dags/tutorial.py
[2024-11-13T20:17:36.812+0000] {processor.py:914} INFO - Processing file /home/airflow/.local/lib/python3.12/site-packages/airflow/example_dags/tutorial.py for tasks to queue
[2024-11-13T20:17:36.817+0000] {logging_mixin.py:190} INFO - [2024-11-13T20:17:36.816+0000] {dagbag.py:588} INFO - Filling up the DagBag from /home/airflow/.local/lib/python3.12/site-packages/airflow/example_dags/tutorial.py
[2024-11-13T20:17:36.833+0000] {processor.py:925} INFO - DAG(s) 'tutorial' retrieved from /home/airflow/.local/lib/python3.12/site-packages/airflow/example_dags/tutorial.py
[2024-11-13T20:17:36.877+0000] {logging_mixin.py:190} INFO - [2024-11-13T20:17:36.877+0000] {dag.py:3239} INFO - Sync 1 DAGs
[2024-11-13T20:17:36.923+0000] {logging_mixin.py:190} INFO - [2024-11-13T20:17:36.923+0000] {dag.py:4180} INFO - Setting next_dagrun for tutorial to 2024-11-12 00:00:00+00:00, run_after=2024-11-13 00:00:00+00:00
[2024-11-13T20:17:36.950+0000] {processor.py:208} INFO - Processing /home/airflow/.local/lib/python3.12/site-packages/airflow/example_dags/tutorial.py took 0.151 seconds
[2024-11-13T20:18:08.015+0000] {processor.py:186} INFO - Started process (PID=342) to work on /home/airflow/.local/lib/python3.12/site-packages/airflow/example_dags/tutorial.py
[2024-11-13T20:18:08.017+0000] {processor.py:914} INFO - Processing file /home/airflow/.local/lib/python3.12/site-packages/airflow/example_dags/tutorial.py for tasks to queue
[2024-11-13T20:18:08.019+0000] {logging_mixin.py:190} INFO - [2024-11-13T20:18:08.019+0000] {dagbag.py:588} INFO - Filling up the DagBag from /home/airflow/.local/lib/python3.12/site-packages/airflow/example_dags/tutorial.py
[2024-11-13T20:18:08.028+0000] {processor.py:925} INFO - DAG(s) 'tutorial' retrieved from /home/airflow/.local/lib/python3.12/site-packages/airflow/example_dags/tutorial.py
[2024-11-13T20:18:08.050+0000] {logging_mixin.py:190} INFO - [2024-11-13T20:18:08.049+0000] {dag.py:3239} INFO - Sync 1 DAGs
[2024-11-13T20:18:08.075+0000] {logging_mixin.py:190} INFO - [2024-11-13T20:18:08.075+0000] {dag.py:4180} INFO - Setting next_dagrun for tutorial to 2024-11-12 00:00:00+00:00, run_after=2024-11-13 00:00:00+00:00
[2024-11-13T20:18:08.095+0000] {processor.py:208} INFO - Processing /home/airflow/.local/lib/python3.12/site-packages/airflow/example_dags/tutorial.py took 0.086 seconds
[2024-11-13T20:18:39.091+0000] {processor.py:186} INFO - Started process (PID=406) to work on /home/airflow/.local/lib/python3.12/site-packages/airflow/example_dags/tutorial.py
[2024-11-13T20:18:39.092+0000] {processor.py:914} INFO - Processing file /home/airflow/.local/lib/python3.12/site-packages/airflow/example_dags/tutorial.py for tasks to queue
[2024-11-13T20:18:39.095+0000] {logging_mixin.py:190} INFO - [2024-11-13T20:18:39.095+0000] {dagbag.py:588} INFO - Filling up the DagBag from /home/airflow/.local/lib/python3.12/site-packages/airflow/example_dags/tutorial.py
[2024-11-13T20:18:39.103+0000] {processor.py:925} INFO - DAG(s) 'tutorial' retrieved from /home/airflow/.local/lib/python3.12/site-packages/airflow/example_dags/tutorial.py
[2024-11-13T20:18:39.124+0000] {logging_mixin.py:190} INFO - [2024-11-13T20:18:39.123+0000] {dag.py:3239} INFO - Sync 1 DAGs
[2024-11-13T20:18:39.150+0000] {logging_mixin.py:190} INFO - [2024-11-13T20:18:39.150+0000] {dag.py:4180} INFO - Setting next_dagrun for tutorial to 2024-11-12 00:00:00+00:00, run_after=2024-11-13 00:00:00+00:00
[2024-11-13T20:18:39.173+0000] {processor.py:208} INFO - Processing /home/airflow/.local/lib/python3.12/site-packages/airflow/example_dags/tutorial.py took 0.088 seconds
[2024-11-13T20:19:09.297+0000] {processor.py:186} INFO - Started process (PID=470) to work on /home/airflow/.local/lib/python3.12/site-packages/airflow/example_dags/tutorial.py
[2024-11-13T20:19:09.298+0000] {processor.py:914} INFO - Processing file /home/airflow/.local/lib/python3.12/site-packages/airflow/example_dags/tutorial.py for tasks to queue
[2024-11-13T20:19:09.300+0000] {logging_mixin.py:190} INFO - [2024-11-13T20:19:09.300+0000] {dagbag.py:588} INFO - Filling up the DagBag from /home/airflow/.local/lib/python3.12/site-packages/airflow/example_dags/tutorial.py
[2024-11-13T20:19:09.309+0000] {processor.py:925} INFO - DAG(s) 'tutorial' retrieved from /home/airflow/.local/lib/python3.12/site-packages/airflow/example_dags/tutorial.py
[2024-11-13T20:19:09.330+0000] {logging_mixin.py:190} INFO - [2024-11-13T20:19:09.330+0000] {dag.py:3239} INFO - Sync 1 DAGs
[2024-11-13T20:19:09.353+0000] {logging_mixin.py:190} INFO - [2024-11-13T20:19:09.353+0000] {dag.py:4180} INFO - Setting next_dagrun for tutorial to 2024-11-12 00:00:00+00:00, run_after=2024-11-13 00:00:00+00:00
[2024-11-13T20:19:09.372+0000] {processor.py:208} INFO - Processing /home/airflow/.local/lib/python3.12/site-packages/airflow/example_dags/tutorial.py took 0.081 seconds
[2024-11-13T20:19:39.486+0000] {processor.py:186} INFO - Started process (PID=534) to work on /home/airflow/.local/lib/python3.12/site-packages/airflow/example_dags/tutorial.py
[2024-11-13T20:19:39.488+0000] {processor.py:914} INFO - Processing file /home/airflow/.local/lib/python3.12/site-packages/airflow/example_dags/tutorial.py for tasks to queue
[2024-11-13T20:19:39.491+0000] {logging_mixin.py:190} INFO - [2024-11-13T20:19:39.490+0000] {dagbag.py:588} INFO - Filling up the DagBag from /home/airflow/.local/lib/python3.12/site-packages/airflow/example_dags/tutorial.py
[2024-11-13T20:19:39.501+0000] {processor.py:925} INFO - DAG(s) 'tutorial' retrieved from /home/airflow/.local/lib/python3.12/site-packages/airflow/example_dags/tutorial.py
[2024-11-13T20:19:39.525+0000] {logging_mixin.py:190} INFO - [2024-11-13T20:19:39.525+0000] {dag.py:3239} INFO - Sync 1 DAGs
[2024-11-13T20:19:39.554+0000] {logging_mixin.py:190} INFO - [2024-11-13T20:19:39.554+0000] {dag.py:4180} INFO - Setting next_dagrun for tutorial to 2024-11-12 00:00:00+00:00, run_after=2024-11-13 00:00:00+00:00
[2024-11-13T20:19:39.574+0000] {processor.py:208} INFO - Processing /home/airflow/.local/lib/python3.12/site-packages/airflow/example_dags/tutorial.py took 0.095 seconds
[2024-11-13T20:20:09.771+0000] {processor.py:186} INFO - Started process (PID=598) to work on /home/airflow/.local/lib/python3.12/site-packages/airflow/example_dags/tutorial.py
[2024-11-13T20:20:09.772+0000] {processor.py:914} INFO - Processing file /home/airflow/.local/lib/python3.12/site-packages/airflow/example_dags/tutorial.py for tasks to queue
[2024-11-13T20:20:09.775+0000] {logging_mixin.py:190} INFO - [2024-11-13T20:20:09.775+0000] {dagbag.py:588} INFO - Filling up the DagBag from /home/airflow/.local/lib/python3.12/site-packages/airflow/example_dags/tutorial.py
[2024-11-13T20:20:09.783+0000] {processor.py:925} INFO - DAG(s) 'tutorial' retrieved from /home/airflow/.local/lib/python3.12/site-packages/airflow/example_dags/tutorial.py
[2024-11-13T20:20:09.804+0000] {logging_mixin.py:190} INFO - [2024-11-13T20:20:09.804+0000] {dag.py:3239} INFO - Sync 1 DAGs
[2024-11-13T20:20:09.830+0000] {logging_mixin.py:190} INFO - [2024-11-13T20:20:09.830+0000] {dag.py:4180} INFO - Setting next_dagrun for tutorial to 2024-11-12 00:00:00+00:00, run_after=2024-11-13 00:00:00+00:00
[2024-11-13T20:20:09.853+0000] {processor.py:208} INFO - Processing /home/airflow/.local/lib/python3.12/site-packages/airflow/example_dags/tutorial.py took 0.088 seconds
[2024-11-13T20:20:40.027+0000] {processor.py:186} INFO - Started process (PID=662) to work on /home/airflow/.local/lib/python3.12/site-packages/airflow/example_dags/tutorial.py
[2024-11-13T20:20:40.028+0000] {processor.py:914} INFO - Processing file /home/airflow/.local/lib/python3.12/site-packages/airflow/example_dags/tutorial.py for tasks to queue
[2024-11-13T20:20:40.031+0000] {logging_mixin.py:190} INFO - [2024-11-13T20:20:40.031+0000] {dagbag.py:588} INFO - Filling up the DagBag from /home/airflow/.local/lib/python3.12/site-packages/airflow/example_dags/tutorial.py
[2024-11-13T20:20:40.041+0000] {processor.py:925} INFO - DAG(s) 'tutorial' retrieved from /home/airflow/.local/lib/python3.12/site-packages/airflow/example_dags/tutorial.py
[2024-11-13T20:20:40.063+0000] {logging_mixin.py:190} INFO - [2024-11-13T20:20:40.062+0000] {dag.py:3239} INFO - Sync 1 DAGs
[2024-11-13T20:20:40.089+0000] {logging_mixin.py:190} INFO - [2024-11-13T20:20:40.089+0000] {dag.py:4180} INFO - Setting next_dagrun for tutorial to 2024-11-12 00:00:00+00:00, run_after=2024-11-13 00:00:00+00:00
[2024-11-13T20:20:40.109+0000] {processor.py:208} INFO - Processing /home/airflow/.local/lib/python3.12/site-packages/airflow/example_dags/tutorial.py took 0.089 seconds
[2024-11-13T20:21:10.652+0000] {processor.py:186} INFO - Started process (PID=725) to work on /home/airflow/.local/lib/python3.12/site-packages/airflow/example_dags/tutorial.py
[2024-11-13T20:21:10.654+0000] {processor.py:914} INFO - Processing file /home/airflow/.local/lib/python3.12/site-packages/airflow/example_dags/tutorial.py for tasks to queue
[2024-11-13T20:21:10.657+0000] {logging_mixin.py:190} INFO - [2024-11-13T20:21:10.656+0000] {dagbag.py:588} INFO - Filling up the DagBag from /home/airflow/.local/lib/python3.12/site-packages/airflow/example_dags/tutorial.py
[2024-11-13T20:21:10.666+0000] {processor.py:925} INFO - DAG(s) 'tutorial' retrieved from /home/airflow/.local/lib/python3.12/site-packages/airflow/example_dags/tutorial.py
[2024-11-13T20:21:10.687+0000] {logging_mixin.py:190} INFO - [2024-11-13T20:21:10.687+0000] {dag.py:3239} INFO - Sync 1 DAGs
[2024-11-13T20:21:10.710+0000] {logging_mixin.py:190} INFO - [2024-11-13T20:21:10.710+0000] {dag.py:4180} INFO - Setting next_dagrun for tutorial to 2024-11-12 00:00:00+00:00, run_after=2024-11-13 00:00:00+00:00
[2024-11-13T20:21:10.730+0000] {processor.py:208} INFO - Processing /home/airflow/.local/lib/python3.12/site-packages/airflow/example_dags/tutorial.py took 0.091 seconds
[2024-11-13T20:21:40.992+0000] {processor.py:186} INFO - Started process (PID=789) to work on /home/airflow/.local/lib/python3.12/site-packages/airflow/example_dags/tutorial.py
[2024-11-13T20:21:40.993+0000] {processor.py:914} INFO - Processing file /home/airflow/.local/lib/python3.12/site-packages/airflow/example_dags/tutorial.py for tasks to queue
[2024-11-13T20:21:40.996+0000] {logging_mixin.py:190} INFO - [2024-11-13T20:21:40.996+0000] {dagbag.py:588} INFO - Filling up the DagBag from /home/airflow/.local/lib/python3.12/site-packages/airflow/example_dags/tutorial.py
[2024-11-13T20:21:41.004+0000] {processor.py:925} INFO - DAG(s) 'tutorial' retrieved from /home/airflow/.local/lib/python3.12/site-packages/airflow/example_dags/tutorial.py
[2024-11-13T20:21:41.024+0000] {logging_mixin.py:190} INFO - [2024-11-13T20:21:41.024+0000] {dag.py:3239} INFO - Sync 1 DAGs
[2024-11-13T20:21:41.048+0000] {logging_mixin.py:190} INFO - [2024-11-13T20:21:41.048+0000] {dag.py:4180} INFO - Setting next_dagrun for tutorial to 2024-11-12 00:00:00+00:00, run_after=2024-11-13 00:00:00+00:00
[2024-11-13T20:21:41.068+0000] {processor.py:208} INFO - Processing /home/airflow/.local/lib/python3.12/site-packages/airflow/example_dags/tutorial.py took 0.081 seconds
[2024-11-13T20:22:11.839+0000] {processor.py:186} INFO - Started process (PID=853) to work on /home/airflow/.local/lib/python3.12/site-packages/airflow/example_dags/tutorial.py
[2024-11-13T20:22:11.840+0000] {processor.py:914} INFO - Processing file /home/airflow/.local/lib/python3.12/site-packages/airflow/example_dags/tutorial.py for tasks to queue
[2024-11-13T20:22:11.842+0000] {logging_mixin.py:190} INFO - [2024-11-13T20:22:11.842+0000] {dagbag.py:588} INFO - Filling up the DagBag from /home/airflow/.local/lib/python3.12/site-packages/airflow/example_dags/tutorial.py
[2024-11-13T20:22:11.851+0000] {processor.py:925} INFO - DAG(s) 'tutorial' retrieved from /home/airflow/.local/lib/python3.12/site-packages/airflow/example_dags/tutorial.py
[2024-11-13T20:22:11.872+0000] {logging_mixin.py:190} INFO - [2024-11-13T20:22:11.872+0000] {dag.py:3239} INFO - Sync 1 DAGs
[2024-11-13T20:22:11.896+0000] {logging_mixin.py:190} INFO - [2024-11-13T20:22:11.896+0000] {dag.py:4180} INFO - Setting next_dagrun for tutorial to 2024-11-12 00:00:00+00:00, run_after=2024-11-13 00:00:00+00:00
[2024-11-13T20:22:11.916+0000] {processor.py:208} INFO - Processing /home/airflow/.local/lib/python3.12/site-packages/airflow/example_dags/tutorial.py took 0.084 seconds
[2024-11-13T20:25:29.292+0000] {processor.py:186} INFO - Started process (PID=912) to work on /home/airflow/.local/lib/python3.12/site-packages/airflow/example_dags/tutorial.py
[2024-11-13T20:25:29.294+0000] {processor.py:914} INFO - Processing file /home/airflow/.local/lib/python3.12/site-packages/airflow/example_dags/tutorial.py for tasks to queue
[2024-11-13T20:25:29.299+0000] {logging_mixin.py:190} INFO - [2024-11-13T20:25:29.298+0000] {dagbag.py:588} INFO - Filling up the DagBag from /home/airflow/.local/lib/python3.12/site-packages/airflow/example_dags/tutorial.py
[2024-11-13T20:25:29.308+0000] {processor.py:925} INFO - DAG(s) 'tutorial' retrieved from /home/airflow/.local/lib/python3.12/site-packages/airflow/example_dags/tutorial.py
[2024-11-13T20:25:29.330+0000] {logging_mixin.py:190} INFO - [2024-11-13T20:25:29.330+0000] {dag.py:3239} INFO - Sync 1 DAGs
[2024-11-13T20:25:29.357+0000] {logging_mixin.py:190} INFO - [2024-11-13T20:25:29.357+0000] {dag.py:4180} INFO - Setting next_dagrun for tutorial to 2024-11-12 00:00:00+00:00, run_after=2024-11-13 00:00:00+00:00
[2024-11-13T20:25:29.381+0000] {processor.py:208} INFO - Processing /home/airflow/.local/lib/python3.12/site-packages/airflow/example_dags/tutorial.py took 0.104 seconds
[2024-11-13T20:26:00.400+0000] {processor.py:186} INFO - Started process (PID=976) to work on /home/airflow/.local/lib/python3.12/site-packages/airflow/example_dags/tutorial.py
[2024-11-13T20:26:00.402+0000] {processor.py:914} INFO - Processing file /home/airflow/.local/lib/python3.12/site-packages/airflow/example_dags/tutorial.py for tasks to queue
[2024-11-13T20:26:00.405+0000] {logging_mixin.py:190} INFO - [2024-11-13T20:26:00.404+0000] {dagbag.py:588} INFO - Filling up the DagBag from /home/airflow/.local/lib/python3.12/site-packages/airflow/example_dags/tutorial.py
[2024-11-13T20:26:00.415+0000] {processor.py:925} INFO - DAG(s) 'tutorial' retrieved from /home/airflow/.local/lib/python3.12/site-packages/airflow/example_dags/tutorial.py
[2024-11-13T20:26:00.439+0000] {logging_mixin.py:190} INFO - [2024-11-13T20:26:00.439+0000] {dag.py:3239} INFO - Sync 1 DAGs
[2024-11-13T20:26:00.465+0000] {logging_mixin.py:190} INFO - [2024-11-13T20:26:00.465+0000] {dag.py:4180} INFO - Setting next_dagrun for tutorial to 2024-11-12 00:00:00+00:00, run_after=2024-11-13 00:00:00+00:00
[2024-11-13T20:26:00.487+0000] {processor.py:208} INFO - Processing /home/airflow/.local/lib/python3.12/site-packages/airflow/example_dags/tutorial.py took 0.094 seconds
[2024-11-13T20:26:31.712+0000] {processor.py:186} INFO - Started process (PID=1040) to work on /home/airflow/.local/lib/python3.12/site-packages/airflow/example_dags/tutorial.py
[2024-11-13T20:26:31.713+0000] {processor.py:914} INFO - Processing file /home/airflow/.local/lib/python3.12/site-packages/airflow/example_dags/tutorial.py for tasks to queue
[2024-11-13T20:26:31.716+0000] {logging_mixin.py:190} INFO - [2024-11-13T20:26:31.715+0000] {dagbag.py:588} INFO - Filling up the DagBag from /home/airflow/.local/lib/python3.12/site-packages/airflow/example_dags/tutorial.py
[2024-11-13T20:26:31.726+0000] {processor.py:925} INFO - DAG(s) 'tutorial' retrieved from /home/airflow/.local/lib/python3.12/site-packages/airflow/example_dags/tutorial.py
[2024-11-13T20:26:31.767+0000] {logging_mixin.py:190} INFO - [2024-11-13T20:26:31.766+0000] {dag.py:3239} INFO - Sync 1 DAGs
[2024-11-13T20:26:31.807+0000] {logging_mixin.py:190} INFO - [2024-11-13T20:26:31.807+0000] {dag.py:4180} INFO - Setting next_dagrun for tutorial to 2024-11-12 00:00:00+00:00, run_after=2024-11-13 00:00:00+00:00
[2024-11-13T20:26:31.831+0000] {processor.py:208} INFO - Processing /home/airflow/.local/lib/python3.12/site-packages/airflow/example_dags/tutorial.py took 0.126 seconds
[2024-11-13T20:27:02.567+0000] {processor.py:186} INFO - Started process (PID=1104) to work on /home/airflow/.local/lib/python3.12/site-packages/airflow/example_dags/tutorial.py
[2024-11-13T20:27:02.568+0000] {processor.py:914} INFO - Processing file /home/airflow/.local/lib/python3.12/site-packages/airflow/example_dags/tutorial.py for tasks to queue
[2024-11-13T20:27:02.571+0000] {logging_mixin.py:190} INFO - [2024-11-13T20:27:02.571+0000] {dagbag.py:588} INFO - Filling up the DagBag from /home/airflow/.local/lib/python3.12/site-packages/airflow/example_dags/tutorial.py
[2024-11-13T20:27:02.581+0000] {processor.py:925} INFO - DAG(s) 'tutorial' retrieved from /home/airflow/.local/lib/python3.12/site-packages/airflow/example_dags/tutorial.py
[2024-11-13T20:27:02.606+0000] {logging_mixin.py:190} INFO - [2024-11-13T20:27:02.606+0000] {dag.py:3239} INFO - Sync 1 DAGs
[2024-11-13T20:27:02.632+0000] {logging_mixin.py:190} INFO - [2024-11-13T20:27:02.632+0000] {dag.py:4180} INFO - Setting next_dagrun for tutorial to 2024-11-12 00:00:00+00:00, run_after=2024-11-13 00:00:00+00:00
[2024-11-13T20:27:02.654+0000] {processor.py:208} INFO - Processing /home/airflow/.local/lib/python3.12/site-packages/airflow/example_dags/tutorial.py took 0.095 seconds
[2024-11-13T20:27:32.990+0000] {processor.py:186} INFO - Started process (PID=1174) to work on /home/airflow/.local/lib/python3.12/site-packages/airflow/example_dags/tutorial.py
[2024-11-13T20:27:32.991+0000] {processor.py:914} INFO - Processing file /home/airflow/.local/lib/python3.12/site-packages/airflow/example_dags/tutorial.py for tasks to queue
[2024-11-13T20:27:32.994+0000] {logging_mixin.py:190} INFO - [2024-11-13T20:27:32.993+0000] {dagbag.py:588} INFO - Filling up the DagBag from /home/airflow/.local/lib/python3.12/site-packages/airflow/example_dags/tutorial.py
[2024-11-13T20:27:33.002+0000] {processor.py:925} INFO - DAG(s) 'tutorial' retrieved from /home/airflow/.local/lib/python3.12/site-packages/airflow/example_dags/tutorial.py
[2024-11-13T20:27:33.024+0000] {logging_mixin.py:190} INFO - [2024-11-13T20:27:33.024+0000] {dag.py:3239} INFO - Sync 1 DAGs
[2024-11-13T20:27:33.049+0000] {logging_mixin.py:190} INFO - [2024-11-13T20:27:33.049+0000] {dag.py:4180} INFO - Setting next_dagrun for tutorial to 2024-11-12 00:00:00+00:00, run_after=2024-11-13 00:00:00+00:00
[2024-11-13T20:27:33.066+0000] {processor.py:208} INFO - Processing /home/airflow/.local/lib/python3.12/site-packages/airflow/example_dags/tutorial.py took 0.083 seconds
[2024-11-13T20:28:03.367+0000] {processor.py:186} INFO - Started process (PID=1237) to work on /home/airflow/.local/lib/python3.12/site-packages/airflow/example_dags/tutorial.py
[2024-11-13T20:28:03.368+0000] {processor.py:914} INFO - Processing file /home/airflow/.local/lib/python3.12/site-packages/airflow/example_dags/tutorial.py for tasks to queue
[2024-11-13T20:28:03.371+0000] {logging_mixin.py:190} INFO - [2024-11-13T20:28:03.371+0000] {dagbag.py:588} INFO - Filling up the DagBag from /home/airflow/.local/lib/python3.12/site-packages/airflow/example_dags/tutorial.py
[2024-11-13T20:28:03.380+0000] {processor.py:925} INFO - DAG(s) 'tutorial' retrieved from /home/airflow/.local/lib/python3.12/site-packages/airflow/example_dags/tutorial.py
[2024-11-13T20:28:03.402+0000] {logging_mixin.py:190} INFO - [2024-11-13T20:28:03.402+0000] {dag.py:3239} INFO - Sync 1 DAGs
[2024-11-13T20:28:03.426+0000] {logging_mixin.py:190} INFO - [2024-11-13T20:28:03.426+0000] {dag.py:4180} INFO - Setting next_dagrun for tutorial to 2024-11-12 00:00:00+00:00, run_after=2024-11-13 00:00:00+00:00
[2024-11-13T20:28:03.444+0000] {processor.py:208} INFO - Processing /home/airflow/.local/lib/python3.12/site-packages/airflow/example_dags/tutorial.py took 0.085 seconds
[2024-11-13T20:28:33.794+0000] {processor.py:186} INFO - Started process (PID=1301) to work on /home/airflow/.local/lib/python3.12/site-packages/airflow/example_dags/tutorial.py
[2024-11-13T20:28:33.796+0000] {processor.py:914} INFO - Processing file /home/airflow/.local/lib/python3.12/site-packages/airflow/example_dags/tutorial.py for tasks to queue
[2024-11-13T20:28:33.799+0000] {logging_mixin.py:190} INFO - [2024-11-13T20:28:33.799+0000] {dagbag.py:588} INFO - Filling up the DagBag from /home/airflow/.local/lib/python3.12/site-packages/airflow/example_dags/tutorial.py
[2024-11-13T20:28:33.810+0000] {processor.py:925} INFO - DAG(s) 'tutorial' retrieved from /home/airflow/.local/lib/python3.12/site-packages/airflow/example_dags/tutorial.py
[2024-11-13T20:28:33.834+0000] {logging_mixin.py:190} INFO - [2024-11-13T20:28:33.834+0000] {dag.py:3239} INFO - Sync 1 DAGs
[2024-11-13T20:28:33.861+0000] {logging_mixin.py:190} INFO - [2024-11-13T20:28:33.860+0000] {dag.py:4180} INFO - Setting next_dagrun for tutorial to 2024-11-12 00:00:00+00:00, run_after=2024-11-13 00:00:00+00:00
[2024-11-13T20:28:33.884+0000] {processor.py:208} INFO - Processing /home/airflow/.local/lib/python3.12/site-packages/airflow/example_dags/tutorial.py took 0.097 seconds
[2024-11-13T20:29:04.755+0000] {processor.py:186} INFO - Started process (PID=1365) to work on /home/airflow/.local/lib/python3.12/site-packages/airflow/example_dags/tutorial.py
[2024-11-13T20:29:04.757+0000] {processor.py:914} INFO - Processing file /home/airflow/.local/lib/python3.12/site-packages/airflow/example_dags/tutorial.py for tasks to queue
[2024-11-13T20:29:04.760+0000] {logging_mixin.py:190} INFO - [2024-11-13T20:29:04.760+0000] {dagbag.py:588} INFO - Filling up the DagBag from /home/airflow/.local/lib/python3.12/site-packages/airflow/example_dags/tutorial.py
[2024-11-13T20:29:04.770+0000] {processor.py:925} INFO - DAG(s) 'tutorial' retrieved from /home/airflow/.local/lib/python3.12/site-packages/airflow/example_dags/tutorial.py
[2024-11-13T20:29:04.795+0000] {logging_mixin.py:190} INFO - [2024-11-13T20:29:04.795+0000] {dag.py:3239} INFO - Sync 1 DAGs
[2024-11-13T20:29:04.820+0000] {logging_mixin.py:190} INFO - [2024-11-13T20:29:04.820+0000] {dag.py:4180} INFO - Setting next_dagrun for tutorial to 2024-11-12 00:00:00+00:00, run_after=2024-11-13 00:00:00+00:00
[2024-11-13T20:29:04.841+0000] {processor.py:208} INFO - Processing /home/airflow/.local/lib/python3.12/site-packages/airflow/example_dags/tutorial.py took 0.092 seconds
[2024-11-13T20:47:56.932+0000] {processor.py:186} INFO - Started process (PID=93) to work on /home/airflow/.local/lib/python3.12/site-packages/airflow/example_dags/tutorial.py
[2024-11-13T20:47:56.935+0000] {processor.py:914} INFO - Processing file /home/airflow/.local/lib/python3.12/site-packages/airflow/example_dags/tutorial.py for tasks to queue
[2024-11-13T20:47:56.940+0000] {logging_mixin.py:190} INFO - [2024-11-13T20:47:56.939+0000] {dagbag.py:588} INFO - Filling up the DagBag from /home/airflow/.local/lib/python3.12/site-packages/airflow/example_dags/tutorial.py
[2024-11-13T20:47:56.949+0000] {processor.py:925} INFO - DAG(s) 'tutorial' retrieved from /home/airflow/.local/lib/python3.12/site-packages/airflow/example_dags/tutorial.py
[2024-11-13T20:47:56.971+0000] {logging_mixin.py:190} INFO - [2024-11-13T20:47:56.970+0000] {dag.py:3239} INFO - Sync 1 DAGs
[2024-11-13T20:47:56.999+0000] {logging_mixin.py:190} INFO - [2024-11-13T20:47:56.999+0000] {dag.py:4180} INFO - Setting next_dagrun for tutorial to 2024-11-12 00:00:00+00:00, run_after=2024-11-13 00:00:00+00:00
[2024-11-13T20:47:57.020+0000] {processor.py:208} INFO - Processing /home/airflow/.local/lib/python3.12/site-packages/airflow/example_dags/tutorial.py took 0.095 seconds
[2024-11-13T20:48:27.062+0000] {processor.py:186} INFO - Started process (PID=156) to work on /home/airflow/.local/lib/python3.12/site-packages/airflow/example_dags/tutorial.py
[2024-11-13T20:48:27.063+0000] {processor.py:914} INFO - Processing file /home/airflow/.local/lib/python3.12/site-packages/airflow/example_dags/tutorial.py for tasks to queue
[2024-11-13T20:48:27.066+0000] {logging_mixin.py:190} INFO - [2024-11-13T20:48:27.065+0000] {dagbag.py:588} INFO - Filling up the DagBag from /home/airflow/.local/lib/python3.12/site-packages/airflow/example_dags/tutorial.py
[2024-11-13T20:48:27.074+0000] {processor.py:925} INFO - DAG(s) 'tutorial' retrieved from /home/airflow/.local/lib/python3.12/site-packages/airflow/example_dags/tutorial.py
[2024-11-13T20:48:27.096+0000] {logging_mixin.py:190} INFO - [2024-11-13T20:48:27.095+0000] {dag.py:3239} INFO - Sync 1 DAGs
[2024-11-13T20:48:27.120+0000] {logging_mixin.py:190} INFO - [2024-11-13T20:48:27.120+0000] {dag.py:4180} INFO - Setting next_dagrun for tutorial to 2024-11-12 00:00:00+00:00, run_after=2024-11-13 00:00:00+00:00
[2024-11-13T20:48:27.145+0000] {processor.py:208} INFO - Processing /home/airflow/.local/lib/python3.12/site-packages/airflow/example_dags/tutorial.py took 0.090 seconds
[2024-11-13T20:48:57.761+0000] {processor.py:186} INFO - Started process (PID=220) to work on /home/airflow/.local/lib/python3.12/site-packages/airflow/example_dags/tutorial.py
[2024-11-13T20:48:57.762+0000] {processor.py:914} INFO - Processing file /home/airflow/.local/lib/python3.12/site-packages/airflow/example_dags/tutorial.py for tasks to queue
[2024-11-13T20:48:57.766+0000] {logging_mixin.py:190} INFO - [2024-11-13T20:48:57.765+0000] {dagbag.py:588} INFO - Filling up the DagBag from /home/airflow/.local/lib/python3.12/site-packages/airflow/example_dags/tutorial.py
[2024-11-13T20:48:57.777+0000] {processor.py:925} INFO - DAG(s) 'tutorial' retrieved from /home/airflow/.local/lib/python3.12/site-packages/airflow/example_dags/tutorial.py
[2024-11-13T20:48:57.807+0000] {logging_mixin.py:190} INFO - [2024-11-13T20:48:57.806+0000] {dag.py:3239} INFO - Sync 1 DAGs
[2024-11-13T20:48:57.842+0000] {logging_mixin.py:190} INFO - [2024-11-13T20:48:57.842+0000] {dag.py:4180} INFO - Setting next_dagrun for tutorial to 2024-11-12 00:00:00+00:00, run_after=2024-11-13 00:00:00+00:00
[2024-11-13T20:48:57.864+0000] {processor.py:208} INFO - Processing /home/airflow/.local/lib/python3.12/site-packages/airflow/example_dags/tutorial.py took 0.113 seconds
[2024-11-13T20:49:28.238+0000] {processor.py:186} INFO - Started process (PID=284) to work on /home/airflow/.local/lib/python3.12/site-packages/airflow/example_dags/tutorial.py
[2024-11-13T20:49:28.240+0000] {processor.py:914} INFO - Processing file /home/airflow/.local/lib/python3.12/site-packages/airflow/example_dags/tutorial.py for tasks to queue
[2024-11-13T20:49:28.243+0000] {logging_mixin.py:190} INFO - [2024-11-13T20:49:28.243+0000] {dagbag.py:588} INFO - Filling up the DagBag from /home/airflow/.local/lib/python3.12/site-packages/airflow/example_dags/tutorial.py
[2024-11-13T20:49:28.254+0000] {processor.py:925} INFO - DAG(s) 'tutorial' retrieved from /home/airflow/.local/lib/python3.12/site-packages/airflow/example_dags/tutorial.py
[2024-11-13T20:49:28.280+0000] {logging_mixin.py:190} INFO - [2024-11-13T20:49:28.280+0000] {dag.py:3239} INFO - Sync 1 DAGs
[2024-11-13T20:49:28.315+0000] {logging_mixin.py:190} INFO - [2024-11-13T20:49:28.315+0000] {dag.py:4180} INFO - Setting next_dagrun for tutorial to 2024-11-12 00:00:00+00:00, run_after=2024-11-13 00:00:00+00:00
[2024-11-13T20:49:28.339+0000] {processor.py:208} INFO - Processing /home/airflow/.local/lib/python3.12/site-packages/airflow/example_dags/tutorial.py took 0.110 seconds
[2024-11-13T20:49:59.023+0000] {processor.py:186} INFO - Started process (PID=348) to work on /home/airflow/.local/lib/python3.12/site-packages/airflow/example_dags/tutorial.py
[2024-11-13T20:49:59.025+0000] {processor.py:914} INFO - Processing file /home/airflow/.local/lib/python3.12/site-packages/airflow/example_dags/tutorial.py for tasks to queue
[2024-11-13T20:49:59.027+0000] {logging_mixin.py:190} INFO - [2024-11-13T20:49:59.027+0000] {dagbag.py:588} INFO - Filling up the DagBag from /home/airflow/.local/lib/python3.12/site-packages/airflow/example_dags/tutorial.py
[2024-11-13T20:49:59.038+0000] {processor.py:925} INFO - DAG(s) 'tutorial' retrieved from /home/airflow/.local/lib/python3.12/site-packages/airflow/example_dags/tutorial.py
[2024-11-13T20:49:59.061+0000] {logging_mixin.py:190} INFO - [2024-11-13T20:49:59.061+0000] {dag.py:3239} INFO - Sync 1 DAGs
[2024-11-13T20:49:59.094+0000] {logging_mixin.py:190} INFO - [2024-11-13T20:49:59.094+0000] {dag.py:4180} INFO - Setting next_dagrun for tutorial to 2024-11-12 00:00:00+00:00, run_after=2024-11-13 00:00:00+00:00
[2024-11-13T20:49:59.116+0000] {processor.py:208} INFO - Processing /home/airflow/.local/lib/python3.12/site-packages/airflow/example_dags/tutorial.py took 0.101 seconds
[2024-11-13T20:50:29.275+0000] {processor.py:186} INFO - Started process (PID=412) to work on /home/airflow/.local/lib/python3.12/site-packages/airflow/example_dags/tutorial.py
[2024-11-13T20:50:29.276+0000] {processor.py:914} INFO - Processing file /home/airflow/.local/lib/python3.12/site-packages/airflow/example_dags/tutorial.py for tasks to queue
[2024-11-13T20:50:29.279+0000] {logging_mixin.py:190} INFO - [2024-11-13T20:50:29.278+0000] {dagbag.py:588} INFO - Filling up the DagBag from /home/airflow/.local/lib/python3.12/site-packages/airflow/example_dags/tutorial.py
[2024-11-13T20:50:29.287+0000] {processor.py:925} INFO - DAG(s) 'tutorial' retrieved from /home/airflow/.local/lib/python3.12/site-packages/airflow/example_dags/tutorial.py
[2024-11-13T20:50:29.310+0000] {logging_mixin.py:190} INFO - [2024-11-13T20:50:29.310+0000] {dag.py:3239} INFO - Sync 1 DAGs
[2024-11-13T20:50:29.344+0000] {logging_mixin.py:190} INFO - [2024-11-13T20:50:29.344+0000] {dag.py:4180} INFO - Setting next_dagrun for tutorial to 2024-11-12 00:00:00+00:00, run_after=2024-11-13 00:00:00+00:00
[2024-11-13T20:50:29.370+0000] {processor.py:208} INFO - Processing /home/airflow/.local/lib/python3.12/site-packages/airflow/example_dags/tutorial.py took 0.102 seconds
[2024-11-13T20:51:00.042+0000] {processor.py:186} INFO - Started process (PID=476) to work on /home/airflow/.local/lib/python3.12/site-packages/airflow/example_dags/tutorial.py
[2024-11-13T20:51:00.043+0000] {processor.py:914} INFO - Processing file /home/airflow/.local/lib/python3.12/site-packages/airflow/example_dags/tutorial.py for tasks to queue
[2024-11-13T20:51:00.048+0000] {logging_mixin.py:190} INFO - [2024-11-13T20:51:00.047+0000] {dagbag.py:588} INFO - Filling up the DagBag from /home/airflow/.local/lib/python3.12/site-packages/airflow/example_dags/tutorial.py
[2024-11-13T20:51:00.059+0000] {processor.py:925} INFO - DAG(s) 'tutorial' retrieved from /home/airflow/.local/lib/python3.12/site-packages/airflow/example_dags/tutorial.py
[2024-11-13T20:51:00.087+0000] {logging_mixin.py:190} INFO - [2024-11-13T20:51:00.086+0000] {dag.py:3239} INFO - Sync 1 DAGs
[2024-11-13T20:51:00.117+0000] {logging_mixin.py:190} INFO - [2024-11-13T20:51:00.116+0000] {dag.py:4180} INFO - Setting next_dagrun for tutorial to 2024-11-12 00:00:00+00:00, run_after=2024-11-13 00:00:00+00:00
[2024-11-13T20:51:00.140+0000] {processor.py:208} INFO - Processing /home/airflow/.local/lib/python3.12/site-packages/airflow/example_dags/tutorial.py took 0.106 seconds
[2024-11-13T20:51:30.280+0000] {processor.py:186} INFO - Started process (PID=539) to work on /home/airflow/.local/lib/python3.12/site-packages/airflow/example_dags/tutorial.py
[2024-11-13T20:51:30.282+0000] {processor.py:914} INFO - Processing file /home/airflow/.local/lib/python3.12/site-packages/airflow/example_dags/tutorial.py for tasks to queue
[2024-11-13T20:51:30.285+0000] {logging_mixin.py:190} INFO - [2024-11-13T20:51:30.284+0000] {dagbag.py:588} INFO - Filling up the DagBag from /home/airflow/.local/lib/python3.12/site-packages/airflow/example_dags/tutorial.py
[2024-11-13T20:51:30.298+0000] {processor.py:925} INFO - DAG(s) 'tutorial' retrieved from /home/airflow/.local/lib/python3.12/site-packages/airflow/example_dags/tutorial.py
[2024-11-13T20:51:30.326+0000] {logging_mixin.py:190} INFO - [2024-11-13T20:51:30.326+0000] {dag.py:3239} INFO - Sync 1 DAGs
[2024-11-13T20:51:30.361+0000] {logging_mixin.py:190} INFO - [2024-11-13T20:51:30.361+0000] {dag.py:4180} INFO - Setting next_dagrun for tutorial to 2024-11-12 00:00:00+00:00, run_after=2024-11-13 00:00:00+00:00
[2024-11-13T20:51:30.390+0000] {processor.py:208} INFO - Processing /home/airflow/.local/lib/python3.12/site-packages/airflow/example_dags/tutorial.py took 0.118 seconds
[2024-11-13T21:08:53.428+0000] {processor.py:186} INFO - Started process (PID=90) to work on /home/airflow/.local/lib/python3.12/site-packages/airflow/example_dags/tutorial.py
[2024-11-13T21:08:53.429+0000] {processor.py:914} INFO - Processing file /home/airflow/.local/lib/python3.12/site-packages/airflow/example_dags/tutorial.py for tasks to queue
[2024-11-13T21:08:53.433+0000] {logging_mixin.py:190} INFO - [2024-11-13T21:08:53.432+0000] {dagbag.py:588} INFO - Filling up the DagBag from /home/airflow/.local/lib/python3.12/site-packages/airflow/example_dags/tutorial.py
[2024-11-13T21:08:53.445+0000] {processor.py:925} INFO - DAG(s) 'tutorial' retrieved from /home/airflow/.local/lib/python3.12/site-packages/airflow/example_dags/tutorial.py
[2024-11-13T21:08:53.582+0000] {logging_mixin.py:190} INFO - [2024-11-13T21:08:53.581+0000] {override.py:1911} INFO - Created Permission View: can delete on DAG:tutorial
[2024-11-13T21:08:53.617+0000] {logging_mixin.py:190} INFO - [2024-11-13T21:08:53.617+0000] {override.py:1911} INFO - Created Permission View: can edit on DAG:tutorial
[2024-11-13T21:08:53.631+0000] {logging_mixin.py:190} INFO - [2024-11-13T21:08:53.630+0000] {override.py:1911} INFO - Created Permission View: can read on DAG:tutorial
[2024-11-13T21:08:53.643+0000] {logging_mixin.py:190} INFO - [2024-11-13T21:08:53.642+0000] {override.py:1911} INFO - Created Permission View: can create on DAG Run:tutorial
[2024-11-13T21:08:53.654+0000] {logging_mixin.py:190} INFO - [2024-11-13T21:08:53.654+0000] {override.py:1911} INFO - Created Permission View: menu access on DAG Run:tutorial
[2024-11-13T21:08:53.665+0000] {logging_mixin.py:190} INFO - [2024-11-13T21:08:53.665+0000] {override.py:1911} INFO - Created Permission View: can delete on DAG Run:tutorial
[2024-11-13T21:08:53.688+0000] {logging_mixin.py:190} INFO - [2024-11-13T21:08:53.688+0000] {override.py:1911} INFO - Created Permission View: can read on DAG Run:tutorial
[2024-11-13T21:08:53.690+0000] {logging_mixin.py:190} INFO - [2024-11-13T21:08:53.689+0000] {dag.py:3239} INFO - Sync 1 DAGs
[2024-11-13T21:08:54.005+0000] {logging_mixin.py:190} INFO - [2024-11-13T21:08:54.001+0000] {dag.py:3262} INFO - Creating ORM DAG for tutorial
[2024-11-13T21:08:54.088+0000] {logging_mixin.py:190} INFO - [2024-11-13T21:08:54.087+0000] {dag.py:4180} INFO - Setting next_dagrun for tutorial to 2024-11-12 00:00:00+00:00, run_after=2024-11-13 00:00:00+00:00
[2024-11-13T21:08:54.121+0000] {processor.py:208} INFO - Processing /home/airflow/.local/lib/python3.12/site-packages/airflow/example_dags/tutorial.py took 0.702 seconds
[2024-11-13T21:09:24.731+0000] {processor.py:186} INFO - Started process (PID=153) to work on /home/airflow/.local/lib/python3.12/site-packages/airflow/example_dags/tutorial.py
[2024-11-13T21:09:24.734+0000] {processor.py:914} INFO - Processing file /home/airflow/.local/lib/python3.12/site-packages/airflow/example_dags/tutorial.py for tasks to queue
[2024-11-13T21:09:24.737+0000] {logging_mixin.py:190} INFO - [2024-11-13T21:09:24.736+0000] {dagbag.py:588} INFO - Filling up the DagBag from /home/airflow/.local/lib/python3.12/site-packages/airflow/example_dags/tutorial.py
[2024-11-13T21:09:24.749+0000] {processor.py:925} INFO - DAG(s) 'tutorial' retrieved from /home/airflow/.local/lib/python3.12/site-packages/airflow/example_dags/tutorial.py
[2024-11-13T21:09:24.781+0000] {logging_mixin.py:190} INFO - [2024-11-13T21:09:24.781+0000] {dag.py:3239} INFO - Sync 1 DAGs
[2024-11-13T21:09:24.809+0000] {logging_mixin.py:190} INFO - [2024-11-13T21:09:24.809+0000] {dag.py:4180} INFO - Setting next_dagrun for tutorial to 2024-11-12 00:00:00+00:00, run_after=2024-11-13 00:00:00+00:00
[2024-11-13T21:09:24.854+0000] {processor.py:208} INFO - Processing /home/airflow/.local/lib/python3.12/site-packages/airflow/example_dags/tutorial.py took 0.130 seconds
[2024-11-13T21:09:55.756+0000] {processor.py:186} INFO - Started process (PID=216) to work on /home/airflow/.local/lib/python3.12/site-packages/airflow/example_dags/tutorial.py
[2024-11-13T21:09:55.757+0000] {processor.py:914} INFO - Processing file /home/airflow/.local/lib/python3.12/site-packages/airflow/example_dags/tutorial.py for tasks to queue
[2024-11-13T21:09:55.760+0000] {logging_mixin.py:190} INFO - [2024-11-13T21:09:55.760+0000] {dagbag.py:588} INFO - Filling up the DagBag from /home/airflow/.local/lib/python3.12/site-packages/airflow/example_dags/tutorial.py
[2024-11-13T21:09:55.770+0000] {processor.py:925} INFO - DAG(s) 'tutorial' retrieved from /home/airflow/.local/lib/python3.12/site-packages/airflow/example_dags/tutorial.py
[2024-11-13T21:09:55.796+0000] {logging_mixin.py:190} INFO - [2024-11-13T21:09:55.796+0000] {dag.py:3239} INFO - Sync 1 DAGs
[2024-11-13T21:09:55.829+0000] {logging_mixin.py:190} INFO - [2024-11-13T21:09:55.829+0000] {dag.py:4180} INFO - Setting next_dagrun for tutorial to 2024-11-12 00:00:00+00:00, run_after=2024-11-13 00:00:00+00:00
[2024-11-13T21:09:55.858+0000] {processor.py:208} INFO - Processing /home/airflow/.local/lib/python3.12/site-packages/airflow/example_dags/tutorial.py took 0.109 seconds
[2024-11-13T21:10:26.161+0000] {processor.py:186} INFO - Started process (PID=279) to work on /home/airflow/.local/lib/python3.12/site-packages/airflow/example_dags/tutorial.py
[2024-11-13T21:10:26.163+0000] {processor.py:914} INFO - Processing file /home/airflow/.local/lib/python3.12/site-packages/airflow/example_dags/tutorial.py for tasks to queue
[2024-11-13T21:10:26.167+0000] {logging_mixin.py:190} INFO - [2024-11-13T21:10:26.166+0000] {dagbag.py:588} INFO - Filling up the DagBag from /home/airflow/.local/lib/python3.12/site-packages/airflow/example_dags/tutorial.py
[2024-11-13T21:10:26.180+0000] {processor.py:925} INFO - DAG(s) 'tutorial' retrieved from /home/airflow/.local/lib/python3.12/site-packages/airflow/example_dags/tutorial.py
[2024-11-13T21:10:26.209+0000] {logging_mixin.py:190} INFO - [2024-11-13T21:10:26.209+0000] {dag.py:3239} INFO - Sync 1 DAGs
[2024-11-13T21:10:26.237+0000] {logging_mixin.py:190} INFO - [2024-11-13T21:10:26.237+0000] {dag.py:4180} INFO - Setting next_dagrun for tutorial to 2024-11-12 00:00:00+00:00, run_after=2024-11-13 00:00:00+00:00
[2024-11-13T21:10:26.261+0000] {processor.py:208} INFO - Processing /home/airflow/.local/lib/python3.12/site-packages/airflow/example_dags/tutorial.py took 0.114 seconds
[2024-11-13T21:10:56.704+0000] {processor.py:186} INFO - Started process (PID=342) to work on /home/airflow/.local/lib/python3.12/site-packages/airflow/example_dags/tutorial.py
[2024-11-13T21:10:56.705+0000] {processor.py:914} INFO - Processing file /home/airflow/.local/lib/python3.12/site-packages/airflow/example_dags/tutorial.py for tasks to queue
[2024-11-13T21:10:56.709+0000] {logging_mixin.py:190} INFO - [2024-11-13T21:10:56.708+0000] {dagbag.py:588} INFO - Filling up the DagBag from /home/airflow/.local/lib/python3.12/site-packages/airflow/example_dags/tutorial.py
[2024-11-13T21:10:56.720+0000] {processor.py:925} INFO - DAG(s) 'tutorial' retrieved from /home/airflow/.local/lib/python3.12/site-packages/airflow/example_dags/tutorial.py
[2024-11-13T21:10:56.743+0000] {logging_mixin.py:190} INFO - [2024-11-13T21:10:56.743+0000] {dag.py:3239} INFO - Sync 1 DAGs
[2024-11-13T21:10:56.766+0000] {logging_mixin.py:190} INFO - [2024-11-13T21:10:56.766+0000] {dag.py:4180} INFO - Setting next_dagrun for tutorial to 2024-11-12 00:00:00+00:00, run_after=2024-11-13 00:00:00+00:00
[2024-11-13T21:10:56.787+0000] {processor.py:208} INFO - Processing /home/airflow/.local/lib/python3.12/site-packages/airflow/example_dags/tutorial.py took 0.093 seconds
[2024-11-13T21:11:27.632+0000] {processor.py:186} INFO - Started process (PID=405) to work on /home/airflow/.local/lib/python3.12/site-packages/airflow/example_dags/tutorial.py
[2024-11-13T21:11:27.634+0000] {processor.py:914} INFO - Processing file /home/airflow/.local/lib/python3.12/site-packages/airflow/example_dags/tutorial.py for tasks to queue
[2024-11-13T21:11:27.637+0000] {logging_mixin.py:190} INFO - [2024-11-13T21:11:27.637+0000] {dagbag.py:588} INFO - Filling up the DagBag from /home/airflow/.local/lib/python3.12/site-packages/airflow/example_dags/tutorial.py
[2024-11-13T21:11:27.649+0000] {processor.py:925} INFO - DAG(s) 'tutorial' retrieved from /home/airflow/.local/lib/python3.12/site-packages/airflow/example_dags/tutorial.py
[2024-11-13T21:11:27.677+0000] {logging_mixin.py:190} INFO - [2024-11-13T21:11:27.677+0000] {dag.py:3239} INFO - Sync 1 DAGs
[2024-11-13T21:11:27.706+0000] {logging_mixin.py:190} INFO - [2024-11-13T21:11:27.706+0000] {dag.py:4180} INFO - Setting next_dagrun for tutorial to 2024-11-12 00:00:00+00:00, run_after=2024-11-13 00:00:00+00:00
[2024-11-13T21:11:27.729+0000] {processor.py:208} INFO - Processing /home/airflow/.local/lib/python3.12/site-packages/airflow/example_dags/tutorial.py took 0.106 seconds
[2024-11-13T21:11:57.822+0000] {processor.py:186} INFO - Started process (PID=467) to work on /home/airflow/.local/lib/python3.12/site-packages/airflow/example_dags/tutorial.py
[2024-11-13T21:11:57.824+0000] {processor.py:914} INFO - Processing file /home/airflow/.local/lib/python3.12/site-packages/airflow/example_dags/tutorial.py for tasks to queue
[2024-11-13T21:11:57.827+0000] {logging_mixin.py:190} INFO - [2024-11-13T21:11:57.827+0000] {dagbag.py:588} INFO - Filling up the DagBag from /home/airflow/.local/lib/python3.12/site-packages/airflow/example_dags/tutorial.py
[2024-11-13T21:11:57.839+0000] {processor.py:925} INFO - DAG(s) 'tutorial' retrieved from /home/airflow/.local/lib/python3.12/site-packages/airflow/example_dags/tutorial.py
[2024-11-13T21:11:57.870+0000] {logging_mixin.py:190} INFO - [2024-11-13T21:11:57.870+0000] {dag.py:3239} INFO - Sync 1 DAGs
[2024-11-13T21:11:57.900+0000] {logging_mixin.py:190} INFO - [2024-11-13T21:11:57.900+0000] {dag.py:4180} INFO - Setting next_dagrun for tutorial to 2024-11-12 00:00:00+00:00, run_after=2024-11-13 00:00:00+00:00
[2024-11-13T21:11:57.927+0000] {processor.py:208} INFO - Processing /home/airflow/.local/lib/python3.12/site-packages/airflow/example_dags/tutorial.py took 0.112 seconds
[2024-11-13T21:12:28.011+0000] {processor.py:186} INFO - Started process (PID=530) to work on /home/airflow/.local/lib/python3.12/site-packages/airflow/example_dags/tutorial.py
[2024-11-13T21:12:28.013+0000] {processor.py:914} INFO - Processing file /home/airflow/.local/lib/python3.12/site-packages/airflow/example_dags/tutorial.py for tasks to queue
[2024-11-13T21:12:28.017+0000] {logging_mixin.py:190} INFO - [2024-11-13T21:12:28.017+0000] {dagbag.py:588} INFO - Filling up the DagBag from /home/airflow/.local/lib/python3.12/site-packages/airflow/example_dags/tutorial.py
[2024-11-13T21:12:28.028+0000] {processor.py:925} INFO - DAG(s) 'tutorial' retrieved from /home/airflow/.local/lib/python3.12/site-packages/airflow/example_dags/tutorial.py
[2024-11-13T21:12:28.058+0000] {logging_mixin.py:190} INFO - [2024-11-13T21:12:28.057+0000] {dag.py:3239} INFO - Sync 1 DAGs
[2024-11-13T21:12:28.095+0000] {logging_mixin.py:190} INFO - [2024-11-13T21:12:28.095+0000] {dag.py:4180} INFO - Setting next_dagrun for tutorial to 2024-11-12 00:00:00+00:00, run_after=2024-11-13 00:00:00+00:00
[2024-11-13T21:12:28.122+0000] {processor.py:208} INFO - Processing /home/airflow/.local/lib/python3.12/site-packages/airflow/example_dags/tutorial.py took 0.120 seconds
[2024-11-13T21:12:58.552+0000] {processor.py:186} INFO - Started process (PID=593) to work on /home/airflow/.local/lib/python3.12/site-packages/airflow/example_dags/tutorial.py
[2024-11-13T21:12:58.554+0000] {processor.py:914} INFO - Processing file /home/airflow/.local/lib/python3.12/site-packages/airflow/example_dags/tutorial.py for tasks to queue
[2024-11-13T21:12:58.558+0000] {logging_mixin.py:190} INFO - [2024-11-13T21:12:58.557+0000] {dagbag.py:588} INFO - Filling up the DagBag from /home/airflow/.local/lib/python3.12/site-packages/airflow/example_dags/tutorial.py
[2024-11-13T21:12:58.568+0000] {processor.py:925} INFO - DAG(s) 'tutorial' retrieved from /home/airflow/.local/lib/python3.12/site-packages/airflow/example_dags/tutorial.py
[2024-11-13T21:12:58.595+0000] {logging_mixin.py:190} INFO - [2024-11-13T21:12:58.594+0000] {dag.py:3239} INFO - Sync 1 DAGs
[2024-11-13T21:12:58.624+0000] {logging_mixin.py:190} INFO - [2024-11-13T21:12:58.624+0000] {dag.py:4180} INFO - Setting next_dagrun for tutorial to 2024-11-12 00:00:00+00:00, run_after=2024-11-13 00:00:00+00:00
[2024-11-13T21:12:58.647+0000] {processor.py:208} INFO - Processing /home/airflow/.local/lib/python3.12/site-packages/airflow/example_dags/tutorial.py took 0.103 seconds
[2024-11-13T21:13:28.963+0000] {processor.py:186} INFO - Started process (PID=656) to work on /home/airflow/.local/lib/python3.12/site-packages/airflow/example_dags/tutorial.py
[2024-11-13T21:13:28.964+0000] {processor.py:914} INFO - Processing file /home/airflow/.local/lib/python3.12/site-packages/airflow/example_dags/tutorial.py for tasks to queue
[2024-11-13T21:13:28.968+0000] {logging_mixin.py:190} INFO - [2024-11-13T21:13:28.967+0000] {dagbag.py:588} INFO - Filling up the DagBag from /home/airflow/.local/lib/python3.12/site-packages/airflow/example_dags/tutorial.py
[2024-11-13T21:13:28.979+0000] {processor.py:925} INFO - DAG(s) 'tutorial' retrieved from /home/airflow/.local/lib/python3.12/site-packages/airflow/example_dags/tutorial.py
[2024-11-13T21:13:29.006+0000] {logging_mixin.py:190} INFO - [2024-11-13T21:13:29.005+0000] {dag.py:3239} INFO - Sync 1 DAGs
[2024-11-13T21:13:29.035+0000] {logging_mixin.py:190} INFO - [2024-11-13T21:13:29.035+0000] {dag.py:4180} INFO - Setting next_dagrun for tutorial to 2024-11-12 00:00:00+00:00, run_after=2024-11-13 00:00:00+00:00
[2024-11-13T21:13:29.066+0000] {processor.py:208} INFO - Processing /home/airflow/.local/lib/python3.12/site-packages/airflow/example_dags/tutorial.py took 0.113 seconds
[2024-11-13T21:13:59.383+0000] {processor.py:186} INFO - Started process (PID=719) to work on /home/airflow/.local/lib/python3.12/site-packages/airflow/example_dags/tutorial.py
[2024-11-13T21:13:59.385+0000] {processor.py:914} INFO - Processing file /home/airflow/.local/lib/python3.12/site-packages/airflow/example_dags/tutorial.py for tasks to queue
[2024-11-13T21:13:59.389+0000] {logging_mixin.py:190} INFO - [2024-11-13T21:13:59.388+0000] {dagbag.py:588} INFO - Filling up the DagBag from /home/airflow/.local/lib/python3.12/site-packages/airflow/example_dags/tutorial.py
[2024-11-13T21:13:59.399+0000] {processor.py:925} INFO - DAG(s) 'tutorial' retrieved from /home/airflow/.local/lib/python3.12/site-packages/airflow/example_dags/tutorial.py
[2024-11-13T21:13:59.426+0000] {logging_mixin.py:190} INFO - [2024-11-13T21:13:59.426+0000] {dag.py:3239} INFO - Sync 1 DAGs
[2024-11-13T21:13:59.453+0000] {logging_mixin.py:190} INFO - [2024-11-13T21:13:59.453+0000] {dag.py:4180} INFO - Setting next_dagrun for tutorial to 2024-11-12 00:00:00+00:00, run_after=2024-11-13 00:00:00+00:00
[2024-11-13T21:13:59.477+0000] {processor.py:208} INFO - Processing /home/airflow/.local/lib/python3.12/site-packages/airflow/example_dags/tutorial.py took 0.103 seconds
